

================================================================
== Vivado HLS Report for 'PE26'
================================================================
* Date:           Sun Feb 28 21:28:43 2021

* Version:        2020.1 (Build 2897737 on Wed May 27 20:21:37 MDT 2020)
* Project:        conv_v1.prj
* Solution:       solution2
* Product family: zynquplus
* Target device:  xczu7ev-ffvc1156-2-e


================================================================
== Performance Estimates
================================================================
+ Timing: 
    * Summary: 
    +--------+----------+-----------+------------+
    |  Clock |  Target  | Estimated | Uncertainty|
    +--------+----------+-----------+------------+
    |ap_clk  | 10.00 ns | 13.323 ns |   1.25 ns  |
    +--------+----------+-----------+------------+

+ Latency: 
    * Summary: 
    +---------+---------+----------+----------+-----+-------+---------+
    |  Latency (cycles) |  Latency (absolute) |   Interval  | Pipeline|
    |   min   |   max   |    min   |    max   | min |  max  |   Type  |
    +---------+---------+----------+----------+-----+-------+---------+
    |       12|    30072| 0.160 us | 0.401 ms |   12|  30072|   none  |
    +---------+---------+----------+----------+-----+-------+---------+

    + Detail: 
        * Instance: 
        N/A

        * Loop: 
        +--------------+---------+---------+-----------+-----------+-----------+----------+----------+
        |              |  Latency (cycles) | Iteration |  Initiation Interval  |   Trip   |          |
        |   Loop Name  |   min   |   max   |  Latency  |  achieved |   target  |   Count  | Pipelined|
        +--------------+---------+---------+-----------+-----------+-----------+----------+----------+
        |- Loop 1      |       10|    30070| 10 ~ 3007 |          -|          -|  1 ~ 10  |    no    |
        | + L_L_Inner  |        7|     3004|          8|          3|          1| 1 ~ 1000 |    yes   |
        +--------------+---------+---------+-----------+-----------+-----------+----------+----------+



================================================================
== Utilization Estimates
================================================================
* Summary: 
+-----------------+---------+-------+--------+--------+-----+
|       Name      | BRAM_18K| DSP48E|   FF   |   LUT  | URAM|
+-----------------+---------+-------+--------+--------+-----+
|DSP              |        -|      -|       -|       -|    -|
|Expression       |        -|      6|       0|     359|    -|
|FIFO             |        -|      -|       -|       -|    -|
|Instance         |        -|      5|     355|     349|    -|
|Memory           |        -|      -|       -|       -|    -|
|Multiplexer      |        -|      -|       -|     266|    -|
|Register         |        0|      -|     651|      32|    -|
+-----------------+---------+-------+--------+--------+-----+
|Total            |        0|     11|    1006|    1006|    0|
+-----------------+---------+-------+--------+--------+-----+
|Available        |      624|   1728|  460800|  230400|   96|
+-----------------+---------+-------+--------+--------+-----+
|Utilization (%)  |        0|   ~0  |   ~0   |   ~0   |    0|
+-----------------+---------+-------+--------+--------+-----+

+ Detail: 
    * Instance: 
    +---------------------------+----------------------+---------+-------+-----+-----+-----+
    |          Instance         |        Module        | BRAM_18K| DSP48E|  FF | LUT | URAM|
    +---------------------------+----------------------+---------+-------+-----+-----+-----+
    |Systolic_Array_Cocud_U200  |Systolic_Array_Cocud  |        0|      2|  227|  214|    0|
    |Systolic_Array_CodEe_U201  |Systolic_Array_CodEe  |        0|      3|  128|  135|    0|
    +---------------------------+----------------------+---------+-------+-----+-----+-----+
    |Total                      |                      |        0|      5|  355|  349|    0|
    +---------------------------+----------------------+---------+-------+-----+-----+-----+

    * DSP48E: 
    N/A

    * Memory: 
    N/A

    * FIFO: 
    N/A

    * Expression: 
    +----------------------------------+----------+-------+---+-----+------------+------------+
    |           Variable Name          | Operation| DSP48E| FF| LUT | Bitwidth P0| Bitwidth P1|
    +----------------------------------+----------+-------+---+-----+------------+------------+
    |bound4_fu_303_p2                  |     *    |      3|  0|   46|          64|          32|
    |bound_fu_290_p2                   |     *    |      3|  0|   20|          32|          32|
    |add_ln119_fu_318_p2               |     +    |      0|  0|   38|          31|           1|
    |add_ln122_fu_329_p2               |     +    |      0|  0|  103|          96|           1|
    |and_ln130_fu_281_p2               |    and   |      0|  0|    2|           1|           1|
    |ap_block_pp0_stage1_01001         |    and   |      0|  0|    2|           1|           1|
    |icmp_ln119_fu_313_p2              |   icmp   |      0|  0|   20|          32|          32|
    |icmp_ln122_fu_324_p2              |   icmp   |      0|  0|   50|          96|          96|
    |icmp_ln130_11_fu_275_p2           |   icmp   |      0|  0|   20|          32|          32|
    |icmp_ln130_fu_269_p2              |   icmp   |      0|  0|   20|          32|          32|
    |ap_block_state1                   |    or    |      0|  0|    2|           1|           1|
    |ap_block_state5_pp0_stage1_iter0  |    or    |      0|  0|    2|           1|           1|
    |O_temp_11_fu_335_p3               |  select  |      0|  0|   32|           1|          32|
    |ap_enable_pp0                     |    xor   |      0|  0|    2|           1|           2|
    +----------------------------------+----------+-------+---+-----+------------+------------+
    |Total                             |          |      6|  0|  359|         421|         296|
    +----------------------------------+----------+-------+---+-----+------------+------------+

    * Multiplexer: 
    +-------------------------------------------+----+-----------+-----+-----------+
    |                    Name                   | LUT| Input Size| Bits| Total Bits|
    +-------------------------------------------+----+-----------+-----+-----------+
    |In_inter_1_1_blk_n                         |   9|          2|    1|          2|
    |In_inter_1_2_blk_n                         |   9|          2|    1|          2|
    |O_inter_1_1_blk_n                          |   9|          2|    1|          2|
    |W_inter_1_1_blk_n                          |   9|          2|    1|          2|
    |W_inter_2_1_blk_n                          |   9|          2|    1|          2|
    |add_ln207_3_loc_blk_n                      |   9|          2|    1|          2|
    |add_ln207_loc_blk_n                        |   9|          2|    1|          2|
    |add_ln207_loc_out_blk_n                    |   9|          2|    1|          2|
    |ap_NS_fsm                                  |  41|          8|    1|          8|
    |ap_done                                    |   9|          2|    1|          2|
    |ap_enable_reg_pp0_iter2                    |   9|          2|    1|          2|
    |ap_phi_mux_indvar_flatten13_phi_fu_240_p4  |   9|          2|   96|        192|
    |ap_phi_mux_tmp_phi_fu_252_p4               |   9|          2|   32|         64|
    |col_0_i_i_i_reg_225                        |   9|          2|   31|         62|
    |indvar_flatten13_reg_236                   |   9|          2|   96|        192|
    |p_c_out_blk_n                              |   9|          2|    1|          2|
    |p_c_s_blk_n                                |   9|          2|    1|          2|
    |p_chin_out_blk_n                           |   9|          2|    1|          2|
    |p_chin_s_blk_n                             |   9|          2|    1|          2|
    |p_chout_out_blk_n                          |   9|          2|    1|          2|
    |p_chout_s_blk_n                            |   9|          2|    1|          2|
    |p_k_out_blk_n                              |   9|          2|    1|          2|
    |p_k_s_blk_n                                |   9|          2|    1|          2|
    |p_r_out_blk_n                              |   9|          2|    1|          2|
    |p_r_s_blk_n                                |   9|          2|    1|          2|
    |tmp_reg_247                                |   9|          2|   32|         64|
    +-------------------------------------------+----+-----------+-----+-----------+
    |Total                                      | 266|         58|  308|        622|
    +-------------------------------------------+----+-----------+-----+-----------+

    * Register: 
    +--------------------------+----+----+-----+-----------+
    |           Name           | FF | LUT| Bits| Const Bits|
    +--------------------------+----+----+-----+-----------+
    |add_ln119_reg_371         |  31|   0|   31|          0|
    |add_ln122_reg_380         |  96|   0|   96|          0|
    |and_ln130_reg_357         |   1|   0|    1|          0|
    |ap_CS_fsm                 |   7|   0|    7|          0|
    |ap_done_reg               |   1|   0|    1|          0|
    |ap_enable_reg_pp0_iter0   |   1|   0|    1|          0|
    |ap_enable_reg_pp0_iter1   |   1|   0|    1|          0|
    |ap_enable_reg_pp0_iter2   |   1|   0|    1|          0|
    |bound4_reg_362            |  96|   0|   96|          0|
    |col_0_i_i_i_reg_225       |  31|   0|   31|          0|
    |icmp_ln122_reg_376        |   1|   0|    1|          0|
    |indvar_flatten13_reg_236  |  96|   0|   96|          0|
    |p_c_read_reg_342          |  32|   0|   32|          0|
    |p_chin_read_reg_347       |  32|   0|   32|          0|
    |p_k_read_reg_352          |  32|   0|   32|          0|
    |tmp_4_i_i_i_reg_395       |  32|   0|   32|          0|
    |tmp_51_reg_390            |  32|   0|   32|          0|
    |tmp_52_reg_385            |  32|   0|   32|          0|
    |tmp_reg_247               |  32|   0|   32|          0|
    |icmp_ln122_reg_376        |  64|  32|    1|          0|
    +--------------------------+----+----+-----+-----------+
    |Total                     | 651|  32|  588|          0|
    +--------------------------+----+----+-----+-----------+



================================================================
== Interface
================================================================
* Summary: 
+--------------------------+-----+-----+------------+-------------------+--------------+
|         RTL Ports        | Dir | Bits|  Protocol  |   Source Object   |    C Type    |
+--------------------------+-----+-----+------------+-------------------+--------------+
|ap_clk                    |  in |    1| ap_ctrl_hs |        PE26       | return value |
|ap_rst                    |  in |    1| ap_ctrl_hs |        PE26       | return value |
|ap_start                  |  in |    1| ap_ctrl_hs |        PE26       | return value |
|ap_done                   | out |    1| ap_ctrl_hs |        PE26       | return value |
|ap_continue               |  in |    1| ap_ctrl_hs |        PE26       | return value |
|ap_idle                   | out |    1| ap_ctrl_hs |        PE26       | return value |
|ap_ready                  | out |    1| ap_ctrl_hs |        PE26       | return value |
|W_inter_1_1_dout          |  in |   32|   ap_fifo  |    W_inter_1_1    |    pointer   |
|W_inter_1_1_empty_n       |  in |    1|   ap_fifo  |    W_inter_1_1    |    pointer   |
|W_inter_1_1_read          | out |    1|   ap_fifo  |    W_inter_1_1    |    pointer   |
|In_inter_1_1_dout         |  in |   32|   ap_fifo  |    In_inter_1_1   |    pointer   |
|In_inter_1_1_empty_n      |  in |    1|   ap_fifo  |    In_inter_1_1   |    pointer   |
|In_inter_1_1_read         | out |    1|   ap_fifo  |    In_inter_1_1   |    pointer   |
|W_inter_2_1_din           | out |   32|   ap_fifo  |    W_inter_2_1    |    pointer   |
|W_inter_2_1_full_n        |  in |    1|   ap_fifo  |    W_inter_2_1    |    pointer   |
|W_inter_2_1_write         | out |    1|   ap_fifo  |    W_inter_2_1    |    pointer   |
|In_inter_1_2_din          | out |   32|   ap_fifo  |    In_inter_1_2   |    pointer   |
|In_inter_1_2_full_n       |  in |    1|   ap_fifo  |    In_inter_1_2   |    pointer   |
|In_inter_1_2_write        | out |    1|   ap_fifo  |    In_inter_1_2   |    pointer   |
|add_ln207_3_loc_dout      |  in |   32|   ap_fifo  |  add_ln207_3_loc  |    pointer   |
|add_ln207_3_loc_empty_n   |  in |    1|   ap_fifo  |  add_ln207_3_loc  |    pointer   |
|add_ln207_3_loc_read      | out |    1|   ap_fifo  |  add_ln207_3_loc  |    pointer   |
|add_ln207_loc_dout        |  in |   32|   ap_fifo  |   add_ln207_loc   |    pointer   |
|add_ln207_loc_empty_n     |  in |    1|   ap_fifo  |   add_ln207_loc   |    pointer   |
|add_ln207_loc_read        | out |    1|   ap_fifo  |   add_ln207_loc   |    pointer   |
|O_inter_1_1_din           | out |   32|   ap_fifo  |    O_inter_1_1    |    pointer   |
|O_inter_1_1_full_n        |  in |    1|   ap_fifo  |    O_inter_1_1    |    pointer   |
|O_inter_1_1_write         | out |    1|   ap_fifo  |    O_inter_1_1    |    pointer   |
|p_c_s_dout                |  in |   32|   ap_fifo  |       p_c_s       |    pointer   |
|p_c_s_empty_n             |  in |    1|   ap_fifo  |       p_c_s       |    pointer   |
|p_c_s_read                | out |    1|   ap_fifo  |       p_c_s       |    pointer   |
|p_chin_s_dout             |  in |   32|   ap_fifo  |      p_chin_s     |    pointer   |
|p_chin_s_empty_n          |  in |    1|   ap_fifo  |      p_chin_s     |    pointer   |
|p_chin_s_read             | out |    1|   ap_fifo  |      p_chin_s     |    pointer   |
|p_chout_s_dout            |  in |   32|   ap_fifo  |     p_chout_s     |    pointer   |
|p_chout_s_empty_n         |  in |    1|   ap_fifo  |     p_chout_s     |    pointer   |
|p_chout_s_read            | out |    1|   ap_fifo  |     p_chout_s     |    pointer   |
|p_k_s_dout                |  in |   32|   ap_fifo  |       p_k_s       |    pointer   |
|p_k_s_empty_n             |  in |    1|   ap_fifo  |       p_k_s       |    pointer   |
|p_k_s_read                | out |    1|   ap_fifo  |       p_k_s       |    pointer   |
|p_r_s_dout                |  in |   32|   ap_fifo  |       p_r_s       |    pointer   |
|p_r_s_empty_n             |  in |    1|   ap_fifo  |       p_r_s       |    pointer   |
|p_r_s_read                | out |    1|   ap_fifo  |       p_r_s       |    pointer   |
|add_ln207_loc_out_din     | out |   32|   ap_fifo  | add_ln207_loc_out |    pointer   |
|add_ln207_loc_out_full_n  |  in |    1|   ap_fifo  | add_ln207_loc_out |    pointer   |
|add_ln207_loc_out_write   | out |    1|   ap_fifo  | add_ln207_loc_out |    pointer   |
|p_c_out_din               | out |   32|   ap_fifo  |      p_c_out      |    pointer   |
|p_c_out_full_n            |  in |    1|   ap_fifo  |      p_c_out      |    pointer   |
|p_c_out_write             | out |    1|   ap_fifo  |      p_c_out      |    pointer   |
|p_chin_out_din            | out |   32|   ap_fifo  |     p_chin_out    |    pointer   |
|p_chin_out_full_n         |  in |    1|   ap_fifo  |     p_chin_out    |    pointer   |
|p_chin_out_write          | out |    1|   ap_fifo  |     p_chin_out    |    pointer   |
|p_chout_out_din           | out |   32|   ap_fifo  |    p_chout_out    |    pointer   |
|p_chout_out_full_n        |  in |    1|   ap_fifo  |    p_chout_out    |    pointer   |
|p_chout_out_write         | out |    1|   ap_fifo  |    p_chout_out    |    pointer   |
|p_k_out_din               | out |   32|   ap_fifo  |      p_k_out      |    pointer   |
|p_k_out_full_n            |  in |    1|   ap_fifo  |      p_k_out      |    pointer   |
|p_k_out_write             | out |    1|   ap_fifo  |      p_k_out      |    pointer   |
|p_r_out_din               | out |   32|   ap_fifo  |      p_r_out      |    pointer   |
|p_r_out_full_n            |  in |    1|   ap_fifo  |      p_r_out      |    pointer   |
|p_r_out_write             | out |    1|   ap_fifo  |      p_r_out      |    pointer   |
+--------------------------+-----+-----+------------+-------------------+--------------+

============================================================
+ Verbose Summary: Synthesis Manager
============================================================
InlineROM: 1
ExposeGlobal: 0
============================================================
+ Verbose Summary: CDFG Model
============================================================
IsTopModel: 0
ResetActiveHigh: 1
IsCombinational: 2
IsDatapathOnly: 0
HasWiredReturn: 1
HasMFsm: 0
HasVarLatency: 1
IsPipeline: 0
IsRtlPipelined: 0
IsInstanceOverlapped: 0
IsDontTouch: 0
HasImplIP: 0
IsGatedGlobalClock: 0

+ Individual pipeline summary: 
  * Pipeline-0: initiation interval (II) = 3, depth = 8


============================================================
+ Verbose Summary: Schedule
============================================================
* Number of FSM states : 12
* Pipeline : 1
  Pipeline-0 : II = 3, D = 8, States = { 4 5 6 7 8 9 10 11 }
* Dataflow Pipeline: 0

* FSM state transitions: 
1 --> 2 
2 --> 3 
3 --> 4 
4 --> 12 5 
5 --> 6 
6 --> 7 
7 --> 8 
8 --> 9 
9 --> 10 
10 --> 11 
11 --> 4 
12 --> 3 

* FSM state operations: 

State 1 <SV = 0> <Delay = 3.67>
ST_1 : Operation 13 [1/1] (1.83ns)   --->   "%add_ln207_loc_read = call i32 @_ssdm_op_Read.ap_fifo.i32P(i32* %add_ln207_loc)" [conv_v1.cpp:207]   --->   Operation 13 'read' 'add_ln207_loc_read' <Predicate = true> <Delay = 1.83> <Core = "FIFO">   --->   Core 32 'FIFO' <Latency = 0> <II = 1> <Delay = 1.83> <Storage> <Opcode : 'read' 'write' 'nbread' 'nbwrite'> <Ports = 0> <Width = 32> <Depth = 2> <FIFO>
ST_1 : Operation 14 [1/1] (1.83ns)   --->   "%p_c_read = call i32 @_ssdm_op_Read.ap_fifo.i32P(i32* %p_c_s)" [conv_v1.cpp:119->conv_v1.cpp:207]   --->   Operation 14 'read' 'p_c_read' <Predicate = true> <Delay = 1.83> <Core = "FIFO">   --->   Core 32 'FIFO' <Latency = 0> <II = 1> <Delay = 1.83> <Storage> <Opcode : 'read' 'write' 'nbread' 'nbwrite'> <Ports = 0> <Width = 32> <Depth = 2> <FIFO>
ST_1 : Operation 15 [1/1] (1.83ns)   --->   "%p_chin_read = call i32 @_ssdm_op_Read.ap_fifo.i32P(i32* %p_chin_s)" [conv_v1.cpp:122->conv_v1.cpp:207]   --->   Operation 15 'read' 'p_chin_read' <Predicate = true> <Delay = 1.83> <Core = "FIFO">   --->   Core 32 'FIFO' <Latency = 0> <II = 1> <Delay = 1.83> <Storage> <Opcode : 'read' 'write' 'nbread' 'nbwrite'> <Ports = 0> <Width = 32> <Depth = 2> <FIFO>
ST_1 : Operation 16 [1/1] (1.83ns)   --->   "%p_chout_read = call i32 @_ssdm_op_Read.ap_fifo.i32P(i32* %p_chout_s)" [conv_v1.cpp:130->conv_v1.cpp:207]   --->   Operation 16 'read' 'p_chout_read' <Predicate = true> <Delay = 1.83> <Core = "FIFO">   --->   Core 32 'FIFO' <Latency = 0> <II = 1> <Delay = 1.83> <Storage> <Opcode : 'read' 'write' 'nbread' 'nbwrite'> <Ports = 0> <Width = 32> <Depth = 2> <FIFO>
ST_1 : Operation 17 [1/1] (1.83ns)   --->   "%p_k_read = call i32 @_ssdm_op_Read.ap_fifo.i32P(i32* %p_k_s)" [conv_v1.cpp:124->conv_v1.cpp:207]   --->   Operation 17 'read' 'p_k_read' <Predicate = true> <Delay = 1.83> <Core = "FIFO">   --->   Core 32 'FIFO' <Latency = 0> <II = 1> <Delay = 1.83> <Storage> <Opcode : 'read' 'write' 'nbread' 'nbwrite'> <Ports = 0> <Width = 32> <Depth = 2> <FIFO>
ST_1 : Operation 18 [1/1] (1.83ns)   --->   "%p_r_read = call i32 @_ssdm_op_Read.ap_fifo.i32P(i32* %p_r_s)" [conv_v1.cpp:130->conv_v1.cpp:207]   --->   Operation 18 'read' 'p_r_read' <Predicate = true> <Delay = 1.83> <Core = "FIFO">   --->   Core 32 'FIFO' <Latency = 0> <II = 1> <Delay = 1.83> <Storage> <Opcode : 'read' 'write' 'nbread' 'nbwrite'> <Ports = 0> <Width = 32> <Depth = 2> <FIFO>
ST_1 : Operation 19 [1/1] (1.83ns)   --->   "call void @_ssdm_op_Write.ap_fifo.i32P(i32* %add_ln207_loc_out, i32 %add_ln207_loc_read)" [conv_v1.cpp:207]   --->   Operation 19 'write' <Predicate = true> <Delay = 1.83> <Core = "FIFO">   --->   Core 32 'FIFO' <Latency = 0> <II = 1> <Delay = 1.83> <Storage> <Opcode : 'read' 'write' 'nbread' 'nbwrite'> <Ports = 0> <Width = 32> <Depth = 2> <FIFO>
ST_1 : Operation 20 [1/1] (1.83ns)   --->   "call void @_ssdm_op_Write.ap_fifo.i32P(i32* %p_c_out, i32 %p_c_read)" [conv_v1.cpp:119->conv_v1.cpp:207]   --->   Operation 20 'write' <Predicate = true> <Delay = 1.83> <Core = "FIFO">   --->   Core 32 'FIFO' <Latency = 0> <II = 1> <Delay = 1.83> <Storage> <Opcode : 'read' 'write' 'nbread' 'nbwrite'> <Ports = 0> <Width = 32> <Depth = 2> <FIFO>
ST_1 : Operation 21 [1/1] (1.83ns)   --->   "call void @_ssdm_op_Write.ap_fifo.i32P(i32* %p_chin_out, i32 %p_chin_read)" [conv_v1.cpp:122->conv_v1.cpp:207]   --->   Operation 21 'write' <Predicate = true> <Delay = 1.83> <Core = "FIFO">   --->   Core 32 'FIFO' <Latency = 0> <II = 1> <Delay = 1.83> <Storage> <Opcode : 'read' 'write' 'nbread' 'nbwrite'> <Ports = 0> <Width = 32> <Depth = 2> <FIFO>
ST_1 : Operation 22 [1/1] (1.83ns)   --->   "call void @_ssdm_op_Write.ap_fifo.i32P(i32* %p_chout_out, i32 %p_chout_read)" [conv_v1.cpp:130->conv_v1.cpp:207]   --->   Operation 22 'write' <Predicate = true> <Delay = 1.83> <Core = "FIFO">   --->   Core 32 'FIFO' <Latency = 0> <II = 1> <Delay = 1.83> <Storage> <Opcode : 'read' 'write' 'nbread' 'nbwrite'> <Ports = 0> <Width = 32> <Depth = 2> <FIFO>
ST_1 : Operation 23 [1/1] (1.83ns)   --->   "call void @_ssdm_op_Write.ap_fifo.i32P(i32* %p_k_out, i32 %p_k_read)" [conv_v1.cpp:124->conv_v1.cpp:207]   --->   Operation 23 'write' <Predicate = true> <Delay = 1.83> <Core = "FIFO">   --->   Core 32 'FIFO' <Latency = 0> <II = 1> <Delay = 1.83> <Storage> <Opcode : 'read' 'write' 'nbread' 'nbwrite'> <Ports = 0> <Width = 32> <Depth = 2> <FIFO>
ST_1 : Operation 24 [1/1] (1.83ns)   --->   "call void @_ssdm_op_Write.ap_fifo.i32P(i32* %p_r_out, i32 %p_r_read)" [conv_v1.cpp:130->conv_v1.cpp:207]   --->   Operation 24 'write' <Predicate = true> <Delay = 1.83> <Core = "FIFO">   --->   Core 32 'FIFO' <Latency = 0> <II = 1> <Delay = 1.83> <Storage> <Opcode : 'read' 'write' 'nbread' 'nbwrite'> <Ports = 0> <Width = 32> <Depth = 2> <FIFO>
ST_1 : Operation 25 [1/1] (1.83ns)   --->   "%add_ln207_3_loc_read = call i32 @_ssdm_op_Read.ap_fifo.i32P(i32* %add_ln207_3_loc)" [conv_v1.cpp:207]   --->   Operation 25 'read' 'add_ln207_3_loc_read' <Predicate = true> <Delay = 1.83> <Core = "FIFO">   --->   Core 32 'FIFO' <Latency = 0> <II = 1> <Delay = 1.83> <Storage> <Opcode : 'read' 'write' 'nbread' 'nbwrite'> <Ports = 0> <Width = 32> <Depth = 2> <FIFO>
ST_1 : Operation 26 [1/1] (0.99ns)   --->   "%icmp_ln130 = icmp sgt i32 %p_r_read, %add_ln207_3_loc_read" [conv_v1.cpp:130->conv_v1.cpp:207]   --->   Operation 26 'icmp' 'icmp_ln130' <Predicate = true> <Delay = 0.99> <Core = "Cmp">   --->   Core 25 'Cmp' <Latency = 0> <II = 1> <Delay = 0.99> <FuncUnit> <Opcode : 'icmp'> <InPorts = 2> <OutPorts = 1>
ST_1 : Operation 27 [1/1] (0.99ns)   --->   "%icmp_ln130_11 = icmp sgt i32 %p_chout_read, %add_ln207_loc_read" [conv_v1.cpp:130->conv_v1.cpp:207]   --->   Operation 27 'icmp' 'icmp_ln130_11' <Predicate = true> <Delay = 0.99> <Core = "Cmp">   --->   Core 25 'Cmp' <Latency = 0> <II = 1> <Delay = 0.99> <FuncUnit> <Opcode : 'icmp'> <InPorts = 2> <OutPorts = 1>
ST_1 : Operation 28 [1/1] (0.28ns)   --->   "%and_ln130 = and i1 %icmp_ln130, %icmp_ln130_11" [conv_v1.cpp:130->conv_v1.cpp:207]   --->   Operation 28 'and' 'and_ln130' <Predicate = true> <Delay = 0.28> <Core = "LogicGate">   --->   Core 27 'LogicGate' <Latency = 0> <II = 1> <Delay = 0.28> <FuncUnit> <Opcode : 'and' 'or' 'xor'> <InPorts = 2> <OutPorts = 1>

State 2 <SV = 1> <Delay = 7.95>
ST_2 : Operation 29 [1/1] (0.00ns)   --->   "call void (...)* @_ssdm_op_SpecInterface(float* %O_inter_1_1, [8 x i8]* @ap_fifo_str, i32 0, i32 0, [1 x i8]* @p_str, i32 0, i32 0, [1 x i8]* @p_str, [1 x i8]* @p_str, [1 x i8]* @p_str, i32 2, i32 2, i32 16, i32 16, [1 x i8]* @p_str, [1 x i8]* @p_str)"   --->   Operation 29 'specinterface' <Predicate = true> <Delay = 0.00>
ST_2 : Operation 30 [1/1] (0.00ns)   --->   "call void (...)* @_ssdm_op_SpecInterface(float* %W_inter_2_1, [8 x i8]* @ap_fifo_str, i32 0, i32 0, [1 x i8]* @p_str, i32 0, i32 0, [1 x i8]* @p_str, [1 x i8]* @p_str, [1 x i8]* @p_str, i32 2, i32 2, i32 16, i32 16, [1 x i8]* @p_str, [1 x i8]* @p_str)"   --->   Operation 30 'specinterface' <Predicate = true> <Delay = 0.00>
ST_2 : Operation 31 [1/1] (0.00ns)   --->   "call void (...)* @_ssdm_op_SpecInterface(float* %W_inter_1_1, [8 x i8]* @ap_fifo_str, i32 0, i32 0, [1 x i8]* @p_str, i32 0, i32 0, [1 x i8]* @p_str, [1 x i8]* @p_str, [1 x i8]* @p_str, i32 2, i32 2, i32 16, i32 16, [1 x i8]* @p_str, [1 x i8]* @p_str)"   --->   Operation 31 'specinterface' <Predicate = true> <Delay = 0.00>
ST_2 : Operation 32 [1/1] (0.00ns)   --->   "call void (...)* @_ssdm_op_SpecInterface(float* %In_inter_1_2, [8 x i8]* @ap_fifo_str, i32 0, i32 0, [1 x i8]* @p_str, i32 0, i32 0, [1 x i8]* @p_str, [1 x i8]* @p_str, [1 x i8]* @p_str, i32 2, i32 2, i32 16, i32 16, [1 x i8]* @p_str, [1 x i8]* @p_str)"   --->   Operation 32 'specinterface' <Predicate = true> <Delay = 0.00>
ST_2 : Operation 33 [1/1] (0.00ns)   --->   "call void (...)* @_ssdm_op_SpecInterface(float* %In_inter_1_1, [8 x i8]* @ap_fifo_str, i32 0, i32 0, [1 x i8]* @p_str, i32 0, i32 0, [1 x i8]* @p_str, [1 x i8]* @p_str, [1 x i8]* @p_str, i32 2, i32 2, i32 16, i32 16, [1 x i8]* @p_str, [1 x i8]* @p_str)"   --->   Operation 33 'specinterface' <Predicate = true> <Delay = 0.00>
ST_2 : Operation 34 [1/1] (0.00ns)   --->   "call void (...)* @_ssdm_op_SpecInterface(i32* %p_r_s, [8 x i8]* @ap_fifo_str, i32 0, i32 0, [1 x i8]* @p_str, i32 0, i32 0, [1 x i8]* @p_str, [1 x i8]* @p_str, [1 x i8]* @p_str, i32 2, i32 2, i32 16, i32 16, [1 x i8]* @p_str, [11 x i8]* @ScalarProp_str)"   --->   Operation 34 'specinterface' <Predicate = true> <Delay = 0.00>
ST_2 : Operation 35 [1/1] (0.00ns)   --->   "call void (...)* @_ssdm_op_SpecInterface(i32* %p_k_s, [8 x i8]* @ap_fifo_str, i32 0, i32 0, [1 x i8]* @p_str, i32 0, i32 0, [1 x i8]* @p_str, [1 x i8]* @p_str, [1 x i8]* @p_str, i32 2, i32 2, i32 16, i32 16, [1 x i8]* @p_str, [11 x i8]* @ScalarProp_str)"   --->   Operation 35 'specinterface' <Predicate = true> <Delay = 0.00>
ST_2 : Operation 36 [1/1] (0.00ns)   --->   "call void (...)* @_ssdm_op_SpecInterface(i32* %p_chout_s, [8 x i8]* @ap_fifo_str, i32 0, i32 0, [1 x i8]* @p_str, i32 0, i32 0, [1 x i8]* @p_str, [1 x i8]* @p_str, [1 x i8]* @p_str, i32 2, i32 2, i32 16, i32 16, [1 x i8]* @p_str, [11 x i8]* @ScalarProp_str)"   --->   Operation 36 'specinterface' <Predicate = true> <Delay = 0.00>
ST_2 : Operation 37 [1/1] (0.00ns)   --->   "call void (...)* @_ssdm_op_SpecInterface(i32* %p_chin_s, [8 x i8]* @ap_fifo_str, i32 0, i32 0, [1 x i8]* @p_str, i32 0, i32 0, [1 x i8]* @p_str, [1 x i8]* @p_str, [1 x i8]* @p_str, i32 2, i32 2, i32 16, i32 16, [1 x i8]* @p_str, [11 x i8]* @ScalarProp_str)"   --->   Operation 37 'specinterface' <Predicate = true> <Delay = 0.00>
ST_2 : Operation 38 [1/1] (0.00ns)   --->   "call void (...)* @_ssdm_op_SpecInterface(i32* %p_c_s, [8 x i8]* @ap_fifo_str, i32 0, i32 0, [1 x i8]* @p_str, i32 0, i32 0, [1 x i8]* @p_str, [1 x i8]* @p_str, [1 x i8]* @p_str, i32 2, i32 2, i32 16, i32 16, [1 x i8]* @p_str, [11 x i8]* @ScalarProp_str)"   --->   Operation 38 'specinterface' <Predicate = true> <Delay = 0.00>
ST_2 : Operation 39 [1/1] (0.00ns)   --->   "call void (...)* @_ssdm_op_SpecInterface(i32* %add_ln207_loc, [8 x i8]* @ap_fifo_str, i32 0, i32 0, [1 x i8]* @p_str, i32 0, i32 0, [1 x i8]* @p_str, [1 x i8]* @p_str, [1 x i8]* @p_str, i32 2, i32 2, i32 16, i32 16, [1 x i8]* @p_str, [11 x i8]* @ScalarProp_str)"   --->   Operation 39 'specinterface' <Predicate = true> <Delay = 0.00>
ST_2 : Operation 40 [1/1] (0.00ns)   --->   "call void (...)* @_ssdm_op_SpecInterface(i32* %add_ln207_3_loc, [8 x i8]* @ap_fifo_str, i32 0, i32 0, [1 x i8]* @p_str, i32 0, i32 0, [1 x i8]* @p_str, [1 x i8]* @p_str, [1 x i8]* @p_str, i32 2, i32 2, i32 16, i32 16, [1 x i8]* @p_str, [11 x i8]* @ScalarProp_str)"   --->   Operation 40 'specinterface' <Predicate = true> <Delay = 0.00>
ST_2 : Operation 41 [1/1] (0.00ns)   --->   "call void (...)* @_ssdm_op_SpecInterface(i32* %add_ln207_loc_out, [8 x i8]* @ap_fifo_str, i32 0, i32 0, [1 x i8]* @p_str, i32 0, i32 0, [1 x i8]* @p_str, [1 x i8]* @p_str, [1 x i8]* @p_str, i32 2, i32 2, i32 16, i32 16, [1 x i8]* @p_str, [11 x i8]* @ScalarProp_str)"   --->   Operation 41 'specinterface' <Predicate = true> <Delay = 0.00>
ST_2 : Operation 42 [1/1] (0.00ns)   --->   "call void (...)* @_ssdm_op_SpecInterface(i32* %p_c_out, [8 x i8]* @ap_fifo_str, i32 0, i32 0, [1 x i8]* @p_str, i32 0, i32 0, [1 x i8]* @p_str, [1 x i8]* @p_str, [1 x i8]* @p_str, i32 2, i32 2, i32 16, i32 16, [1 x i8]* @p_str, [11 x i8]* @ScalarProp_str)"   --->   Operation 42 'specinterface' <Predicate = true> <Delay = 0.00>
ST_2 : Operation 43 [1/1] (0.00ns)   --->   "call void (...)* @_ssdm_op_SpecInterface(i32* %p_chin_out, [8 x i8]* @ap_fifo_str, i32 0, i32 0, [1 x i8]* @p_str, i32 0, i32 0, [1 x i8]* @p_str, [1 x i8]* @p_str, [1 x i8]* @p_str, i32 2, i32 2, i32 16, i32 16, [1 x i8]* @p_str, [11 x i8]* @ScalarProp_str)"   --->   Operation 43 'specinterface' <Predicate = true> <Delay = 0.00>
ST_2 : Operation 44 [1/1] (0.00ns)   --->   "call void (...)* @_ssdm_op_SpecInterface(i32* %p_chout_out, [8 x i8]* @ap_fifo_str, i32 0, i32 0, [1 x i8]* @p_str, i32 0, i32 0, [1 x i8]* @p_str, [1 x i8]* @p_str, [1 x i8]* @p_str, i32 2, i32 2, i32 16, i32 16, [1 x i8]* @p_str, [11 x i8]* @ScalarProp_str)"   --->   Operation 44 'specinterface' <Predicate = true> <Delay = 0.00>
ST_2 : Operation 45 [1/1] (0.00ns)   --->   "call void (...)* @_ssdm_op_SpecInterface(i32* %p_k_out, [8 x i8]* @ap_fifo_str, i32 0, i32 0, [1 x i8]* @p_str, i32 0, i32 0, [1 x i8]* @p_str, [1 x i8]* @p_str, [1 x i8]* @p_str, i32 2, i32 2, i32 16, i32 16, [1 x i8]* @p_str, [11 x i8]* @ScalarProp_str)"   --->   Operation 45 'specinterface' <Predicate = true> <Delay = 0.00>
ST_2 : Operation 46 [1/1] (0.00ns)   --->   "call void (...)* @_ssdm_op_SpecInterface(i32* %p_r_out, [8 x i8]* @ap_fifo_str, i32 0, i32 0, [1 x i8]* @p_str, i32 0, i32 0, [1 x i8]* @p_str, [1 x i8]* @p_str, [1 x i8]* @p_str, i32 2, i32 2, i32 16, i32 16, [1 x i8]* @p_str, [11 x i8]* @ScalarProp_str)"   --->   Operation 46 'specinterface' <Predicate = true> <Delay = 0.00>
ST_2 : Operation 47 [1/1] (0.00ns)   --->   "%cast = zext i32 %p_k_read to i64" [conv_v1.cpp:124->conv_v1.cpp:207]   --->   Operation 47 'zext' 'cast' <Predicate = true> <Delay = 0.00>
ST_2 : Operation 48 [1/1] (3.42ns)   --->   "%bound = mul i64 %cast, %cast" [conv_v1.cpp:124->conv_v1.cpp:207]   --->   Operation 48 'mul' 'bound' <Predicate = true> <Delay = 3.42> <Core = "Mul">   --->   Core 16 'Mul' <Latency = 0> <II = 1> <Delay = 3.42> <FuncUnit> <Opcode : 'mul'> <InPorts = 2> <OutPorts = 1>
ST_2 : Operation 49 [1/1] (0.00ns)   --->   "%cast2 = zext i32 %p_chin_read to i96" [conv_v1.cpp:122->conv_v1.cpp:207]   --->   Operation 49 'zext' 'cast2' <Predicate = true> <Delay = 0.00>
ST_2 : Operation 50 [1/1] (0.00ns)   --->   "%cast3 = zext i64 %bound to i96" [conv_v1.cpp:124->conv_v1.cpp:207]   --->   Operation 50 'zext' 'cast3' <Predicate = true> <Delay = 0.00>
ST_2 : Operation 51 [1/1] (4.53ns)   --->   "%bound4 = mul i96 %cast3, %cast2" [conv_v1.cpp:124->conv_v1.cpp:207]   --->   Operation 51 'mul' 'bound4' <Predicate = true> <Delay = 4.53> <Core = "Mul">   --->   Core 16 'Mul' <Latency = 0> <II = 1> <Delay = 3.42> <FuncUnit> <Opcode : 'mul'> <InPorts = 2> <OutPorts = 1>
ST_2 : Operation 52 [1/1] (0.65ns)   --->   "br label %0" [conv_v1.cpp:119->conv_v1.cpp:207]   --->   Operation 52 'br' <Predicate = true> <Delay = 0.65>

State 3 <SV = 2> <Delay = 1.27>
ST_3 : Operation 53 [1/1] (0.00ns)   --->   "%col_0_i_i_i = phi i31 [ 0, %entry ], [ %add_ln119, %hls_label_5_end ]" [conv_v1.cpp:119->conv_v1.cpp:207]   --->   Operation 53 'phi' 'col_0_i_i_i' <Predicate = true> <Delay = 0.00>
ST_3 : Operation 54 [1/1] (0.00ns)   --->   "%col_0_i_i_i_cast = zext i31 %col_0_i_i_i to i32" [conv_v1.cpp:119->conv_v1.cpp:207]   --->   Operation 54 'zext' 'col_0_i_i_i_cast' <Predicate = true> <Delay = 0.00>
ST_3 : Operation 55 [1/1] (0.99ns)   --->   "%icmp_ln119 = icmp slt i32 %col_0_i_i_i_cast, %p_c_read" [conv_v1.cpp:119->conv_v1.cpp:207]   --->   Operation 55 'icmp' 'icmp_ln119' <Predicate = true> <Delay = 0.99> <Core = "Cmp">   --->   Core 25 'Cmp' <Latency = 0> <II = 1> <Delay = 0.99> <FuncUnit> <Opcode : 'icmp'> <InPorts = 2> <OutPorts = 1>
ST_3 : Operation 56 [1/1] (1.00ns)   --->   "%add_ln119 = add i31 %col_0_i_i_i, 1" [conv_v1.cpp:119->conv_v1.cpp:207]   --->   Operation 56 'add' 'add_ln119' <Predicate = true> <Delay = 1.00> <Core = "AddSub">   --->   Core 14 'AddSub' <Latency = 0> <II = 1> <Delay = 1.33> <FuncUnit> <Opcode : 'add' 'sub'> <InPorts = 2> <OutPorts = 1>
ST_3 : Operation 57 [1/1] (0.00ns)   --->   "br i1 %icmp_ln119, label %hls_label_5_begin, label %.exit" [conv_v1.cpp:119->conv_v1.cpp:207]   --->   Operation 57 'br' <Predicate = true> <Delay = 0.00>
ST_3 : Operation 58 [1/1] (0.00ns)   --->   "%tmp_70_i_i_i = call i32 (...)* @_ssdm_op_SpecRegionBegin([12 x i8]* @p_str9)" [conv_v1.cpp:119->conv_v1.cpp:207]   --->   Operation 58 'specregionbegin' 'tmp_70_i_i_i' <Predicate = (icmp_ln119)> <Delay = 0.00>
ST_3 : Operation 59 [1/1] (0.00ns)   --->   "call void (...)* @_ssdm_op_SpecLoopTripCount(i32 1, i32 10, i32 5, [1 x i8]* @p_str) nounwind" [conv_v1.cpp:120->conv_v1.cpp:207]   --->   Operation 59 'speclooptripcount' <Predicate = (icmp_ln119)> <Delay = 0.00>
ST_3 : Operation 60 [1/1] (0.65ns)   --->   "br label %1" [conv_v1.cpp:122->conv_v1.cpp:207]   --->   Operation 60 'br' <Predicate = (icmp_ln119)> <Delay = 0.65>
ST_3 : Operation 61 [1/1] (0.00ns)   --->   "ret void"   --->   Operation 61 'ret' <Predicate = (!icmp_ln119)> <Delay = 0.00>

State 4 <SV = 3> <Delay = 6.43>
ST_4 : Operation 62 [1/1] (0.00ns)   --->   "%indvar_flatten13 = phi i96 [ 0, %hls_label_5_begin ], [ %add_ln122, %Inner ]" [conv_v1.cpp:122->conv_v1.cpp:207]   --->   Operation 62 'phi' 'indvar_flatten13' <Predicate = true> <Delay = 0.00>
ST_4 : Operation 63 [1/1] (0.00ns)   --->   "%tmp = phi float [ 0.000000e+00, %hls_label_5_begin ], [ %O_temp_11, %Inner ]"   --->   Operation 63 'phi' 'tmp' <Predicate = true> <Delay = 0.00>
ST_4 : Operation 64 [1/1] (1.21ns)   --->   "%icmp_ln122 = icmp eq i96 %indvar_flatten13, %bound4" [conv_v1.cpp:122->conv_v1.cpp:207]   --->   Operation 64 'icmp' 'icmp_ln122' <Predicate = true> <Delay = 1.21> <Core = "Cmp">   --->   Core 25 'Cmp' <Latency = 0> <II = 1> <Delay = 0.99> <FuncUnit> <Opcode : 'icmp'> <InPorts = 2> <OutPorts = 1>
ST_4 : Operation 65 [1/1] (1.33ns)   --->   "%add_ln122 = add i96 %indvar_flatten13, 1" [conv_v1.cpp:122->conv_v1.cpp:207]   --->   Operation 65 'add' 'add_ln122' <Predicate = true> <Delay = 1.33> <Core = "AddSub">   --->   Core 14 'AddSub' <Latency = 0> <II = 1> <Delay = 1.33> <FuncUnit> <Opcode : 'add' 'sub'> <InPorts = 2> <OutPorts = 1>
ST_4 : Operation 66 [1/1] (0.00ns)   --->   "br i1 %icmp_ln122, label %hls_label_5_end, label %Inner" [conv_v1.cpp:122->conv_v1.cpp:207]   --->   Operation 66 'br' <Predicate = true> <Delay = 0.00>

State 5 <SV = 4> <Delay = 3.67>
ST_5 : Operation 67 [1/1] (1.83ns)   --->   "%tmp_52 = call float @_ssdm_op_Read.ap_fifo.volatile.floatP(float* %W_inter_1_1)" [conv_v1.cpp:128->conv_v1.cpp:207]   --->   Operation 67 'read' 'tmp_52' <Predicate = (!icmp_ln122)> <Delay = 1.83> <Core = "FIFO">   --->   Core 32 'FIFO' <Latency = 0> <II = 1> <Delay = 1.83> <Storage> <Opcode : 'read' 'write' 'nbread' 'nbwrite'> <Ports = 0> <Width = 32> <Depth = 2> <FIFO>
ST_5 : Operation 68 [1/1] (1.83ns)   --->   "%tmp_51 = call float @_ssdm_op_Read.ap_fifo.volatile.floatP(float* %In_inter_1_1)" [conv_v1.cpp:129->conv_v1.cpp:207]   --->   Operation 68 'read' 'tmp_51' <Predicate = (!icmp_ln122)> <Delay = 1.83> <Core = "FIFO">   --->   Core 32 'FIFO' <Latency = 0> <II = 1> <Delay = 1.83> <Storage> <Opcode : 'read' 'write' 'nbread' 'nbwrite'> <Ports = 0> <Width = 32> <Depth = 2> <FIFO>
ST_5 : Operation 69 [1/1] (1.83ns)   --->   "call void @_ssdm_op_Write.ap_fifo.volatile.floatP(float* %In_inter_1_2, float %tmp_51)" [conv_v1.cpp:134->conv_v1.cpp:207]   --->   Operation 69 'write' <Predicate = (!icmp_ln122)> <Delay = 1.83> <Core = "FIFO">   --->   Core 32 'FIFO' <Latency = 0> <II = 1> <Delay = 1.83> <Storage> <Opcode : 'read' 'write' 'nbread' 'nbwrite'> <Ports = 0> <Width = 32> <Depth = 2> <FIFO>
ST_5 : Operation 70 [1/1] (1.83ns)   --->   "call void @_ssdm_op_Write.ap_fifo.volatile.floatP(float* %W_inter_2_1, float %tmp_52)" [conv_v1.cpp:135->conv_v1.cpp:207]   --->   Operation 70 'write' <Predicate = (!icmp_ln122)> <Delay = 1.83> <Core = "FIFO">   --->   Core 32 'FIFO' <Latency = 0> <II = 1> <Delay = 1.83> <Storage> <Opcode : 'read' 'write' 'nbread' 'nbwrite'> <Ports = 0> <Width = 32> <Depth = 2> <FIFO>

State 6 <SV = 5> <Delay = 8.41>
ST_6 : Operation 71 [2/2] (8.41ns)   --->   "%tmp_4_i_i_i = fmul float %tmp_51, %tmp_52" [conv_v1.cpp:131->conv_v1.cpp:207]   --->   Operation 71 'fmul' 'tmp_4_i_i_i' <Predicate = (!icmp_ln122 & and_ln130)> <Delay = 8.41> <Core = "FMul">   --->   Core 106 'FMul' <Latency = 1> <II = 1> <Delay = 8.41> <FuncUnit> <Opcode : 'fmul'> <InPorts = 2> <OutPorts = 1>

State 7 <SV = 6> <Delay = 8.41>
ST_7 : Operation 72 [1/2] (8.41ns)   --->   "%tmp_4_i_i_i = fmul float %tmp_51, %tmp_52" [conv_v1.cpp:131->conv_v1.cpp:207]   --->   Operation 72 'fmul' 'tmp_4_i_i_i' <Predicate = (!icmp_ln122 & and_ln130)> <Delay = 8.41> <Core = "FMul">   --->   Core 106 'FMul' <Latency = 1> <II = 1> <Delay = 8.41> <FuncUnit> <Opcode : 'fmul'> <InPorts = 2> <OutPorts = 1>

State 8 <SV = 7> <Delay = 6.43>
ST_8 : Operation 73 [4/4] (6.43ns)   --->   "%O_temp = fadd float %tmp, %tmp_4_i_i_i" [conv_v1.cpp:131->conv_v1.cpp:207]   --->   Operation 73 'fadd' 'O_temp' <Predicate = (!icmp_ln122 & and_ln130)> <Delay = 6.43> <Core = "FAddSub">   --->   Core 105 'FAddSub' <Latency = 3> <II = 1> <Delay = 6.43> <FuncUnit> <Opcode : 'fadd' 'fsub'> <InPorts = 2> <OutPorts = 1>

State 9 <SV = 8> <Delay = 6.43>
ST_9 : Operation 74 [3/4] (6.43ns)   --->   "%O_temp = fadd float %tmp, %tmp_4_i_i_i" [conv_v1.cpp:131->conv_v1.cpp:207]   --->   Operation 74 'fadd' 'O_temp' <Predicate = (!icmp_ln122 & and_ln130)> <Delay = 6.43> <Core = "FAddSub">   --->   Core 105 'FAddSub' <Latency = 3> <II = 1> <Delay = 6.43> <FuncUnit> <Opcode : 'fadd' 'fsub'> <InPorts = 2> <OutPorts = 1>

State 10 <SV = 9> <Delay = 6.43>
ST_10 : Operation 75 [2/4] (6.43ns)   --->   "%O_temp = fadd float %tmp, %tmp_4_i_i_i" [conv_v1.cpp:131->conv_v1.cpp:207]   --->   Operation 75 'fadd' 'O_temp' <Predicate = (!icmp_ln122 & and_ln130)> <Delay = 6.43> <Core = "FAddSub">   --->   Core 105 'FAddSub' <Latency = 3> <II = 1> <Delay = 6.43> <FuncUnit> <Opcode : 'fadd' 'fsub'> <InPorts = 2> <OutPorts = 1>

State 11 <SV = 10> <Delay = 13.3>
ST_11 : Operation 76 [1/1] (0.00ns)   --->   "call void (...)* @_ssdm_op_SpecLoopName([10 x i8]* @L_L_Inner_str)"   --->   Operation 76 'specloopname' <Predicate = (!icmp_ln122)> <Delay = 0.00>
ST_11 : Operation 77 [1/1] (0.00ns)   --->   "call void (...)* @_ssdm_op_SpecLoopTripCount(i64 1, i64 1000, i64 125)"   --->   Operation 77 'speclooptripcount' <Predicate = (!icmp_ln122)> <Delay = 0.00>
ST_11 : Operation 78 [1/1] (0.00ns)   --->   "call void (...)* @_ssdm_op_SpecLoopName([8 x i8]* @L_Inner_str)"   --->   Operation 78 'specloopname' <Predicate = (!icmp_ln122)> <Delay = 0.00>
ST_11 : Operation 79 [1/1] (0.00ns)   --->   "call void (...)* @_ssdm_op_SpecLoopName([6 x i8]* @p_str4) nounwind" [conv_v1.cpp:126->conv_v1.cpp:207]   --->   Operation 79 'specloopname' <Predicate = (!icmp_ln122)> <Delay = 0.00>
ST_11 : Operation 80 [1/1] (0.00ns)   --->   "%tmp_73_i_i_i = call i32 (...)* @_ssdm_op_SpecRegionBegin([6 x i8]* @p_str4)" [conv_v1.cpp:126->conv_v1.cpp:207]   --->   Operation 80 'specregionbegin' 'tmp_73_i_i_i' <Predicate = (!icmp_ln122)> <Delay = 0.00>
ST_11 : Operation 81 [1/1] (0.00ns)   --->   "call void (...)* @_ssdm_op_SpecPipeline(i32 -1, i32 1, i32 1, i32 0, [1 x i8]* @p_str) nounwind" [conv_v1.cpp:127->conv_v1.cpp:207]   --->   Operation 81 'specpipeline' <Predicate = (!icmp_ln122)> <Delay = 0.00>
ST_11 : Operation 82 [1/4] (6.43ns)   --->   "%O_temp = fadd float %tmp, %tmp_4_i_i_i" [conv_v1.cpp:131->conv_v1.cpp:207]   --->   Operation 82 'fadd' 'O_temp' <Predicate = (!icmp_ln122 & and_ln130)> <Delay = 6.43> <Core = "FAddSub">   --->   Core 105 'FAddSub' <Latency = 3> <II = 1> <Delay = 6.43> <FuncUnit> <Opcode : 'fadd' 'fsub'> <InPorts = 2> <OutPorts = 1>
ST_11 : Operation 83 [1/1] (0.44ns)   --->   "%O_temp_11 = select i1 %and_ln130, float %O_temp, float %tmp" [conv_v1.cpp:130->conv_v1.cpp:207]   --->   Operation 83 'select' 'O_temp_11' <Predicate = (!icmp_ln122)> <Delay = 0.44> <Core = "Sel">   --->   Core 26 'Sel' <Latency = 0> <II = 1> <Delay = 0.44> <FuncUnit> <Opcode : 'select'> <InPorts = 3> <OutPorts = 1>
ST_11 : Operation 84 [1/1] (0.00ns)   --->   "%empty = call i32 (...)* @_ssdm_op_SpecRegionEnd([6 x i8]* @p_str4, i32 %tmp_73_i_i_i)" [conv_v1.cpp:136->conv_v1.cpp:207]   --->   Operation 84 'specregionend' 'empty' <Predicate = (!icmp_ln122)> <Delay = 0.00>
ST_11 : Operation 85 [1/1] (0.00ns)   --->   "br label %1" [conv_v1.cpp:126->conv_v1.cpp:207]   --->   Operation 85 'br' <Predicate = (!icmp_ln122)> <Delay = 0.00>

State 12 <SV = 4> <Delay = 1.83>
ST_12 : Operation 86 [1/1] (1.83ns)   --->   "call void @_ssdm_op_Write.ap_fifo.volatile.floatP(float* %O_inter_1_1, float %tmp)" [conv_v1.cpp:139->conv_v1.cpp:207]   --->   Operation 86 'write' <Predicate = true> <Delay = 1.83> <Core = "FIFO">   --->   Core 32 'FIFO' <Latency = 0> <II = 1> <Delay = 1.83> <Storage> <Opcode : 'read' 'write' 'nbread' 'nbwrite'> <Ports = 0> <Width = 32> <Depth = 2> <FIFO>
ST_12 : Operation 87 [1/1] (0.00ns)   --->   "%empty_234 = call i32 (...)* @_ssdm_op_SpecRegionEnd([12 x i8]* @p_str9, i32 %tmp_70_i_i_i)" [conv_v1.cpp:142->conv_v1.cpp:207]   --->   Operation 87 'specregionend' 'empty_234' <Predicate = true> <Delay = 0.00>
ST_12 : Operation 88 [1/1] (0.00ns)   --->   "br label %0" [conv_v1.cpp:119->conv_v1.cpp:207]   --->   Operation 88 'br' <Predicate = true> <Delay = 0.00>


============================================================
+ Verbose Summary: Binding
============================================================
STG Binding: 
---------------- STG Properties BEGIN ----------------
- Is combinational: 0
- Is one-state seq: 0
- Is datapath-only: 0
- Is pipelined: 0
- Is top level: 0
Port [ Return ] is wired: 1; IO mode=ap_ctrl_hs:ce=0
Port [ W_inter_1_1]:  wired=1; compound=1; hidden=0; nouse=0; global=0; static=0; extern=0; dir=0; type=3; pingpong=0; private_global=0; IO mode=ap_fifo:ce=0
Port [ In_inter_1_1]:  wired=1; compound=1; hidden=0; nouse=0; global=0; static=0; extern=0; dir=0; type=3; pingpong=0; private_global=0; IO mode=ap_fifo:ce=0
Port [ W_inter_2_1]:  wired=1; compound=1; hidden=0; nouse=0; global=0; static=0; extern=0; dir=1; type=3; pingpong=0; private_global=0; IO mode=ap_fifo:ce=0
Port [ In_inter_1_2]:  wired=1; compound=1; hidden=0; nouse=0; global=0; static=0; extern=0; dir=1; type=3; pingpong=0; private_global=0; IO mode=ap_fifo:ce=0
Port [ add_ln207_3_loc]:  wired=1; compound=1; hidden=0; nouse=0; global=0; static=0; extern=0; dir=0; type=3; pingpong=0; private_global=0; IO mode=ap_fifo:ce=0
Port [ add_ln207_loc]:  wired=1; compound=1; hidden=0; nouse=0; global=0; static=0; extern=0; dir=0; type=3; pingpong=0; private_global=0; IO mode=ap_fifo:ce=0
Port [ O_inter_1_1]:  wired=1; compound=1; hidden=0; nouse=0; global=0; static=0; extern=0; dir=1; type=3; pingpong=0; private_global=0; IO mode=ap_fifo:ce=0
Port [ p_c_s]:  wired=1; compound=1; hidden=0; nouse=0; global=0; static=0; extern=0; dir=0; type=3; pingpong=0; private_global=0; IO mode=ap_fifo:ce=0
Port [ p_chin_s]:  wired=1; compound=1; hidden=0; nouse=0; global=0; static=0; extern=0; dir=0; type=3; pingpong=0; private_global=0; IO mode=ap_fifo:ce=0
Port [ p_chout_s]:  wired=1; compound=1; hidden=0; nouse=0; global=0; static=0; extern=0; dir=0; type=3; pingpong=0; private_global=0; IO mode=ap_fifo:ce=0
Port [ p_k_s]:  wired=1; compound=1; hidden=0; nouse=0; global=0; static=0; extern=0; dir=0; type=3; pingpong=0; private_global=0; IO mode=ap_fifo:ce=0
Port [ p_r_s]:  wired=1; compound=1; hidden=0; nouse=0; global=0; static=0; extern=0; dir=0; type=3; pingpong=0; private_global=0; IO mode=ap_fifo:ce=0
Port [ add_ln207_loc_out]:  wired=1; compound=1; hidden=0; nouse=0; global=0; static=0; extern=0; dir=1; type=3; pingpong=0; private_global=0; IO mode=ap_fifo:ce=0
Port [ p_c_out]:  wired=1; compound=1; hidden=0; nouse=0; global=0; static=0; extern=0; dir=1; type=3; pingpong=0; private_global=0; IO mode=ap_fifo:ce=0
Port [ p_chin_out]:  wired=1; compound=1; hidden=0; nouse=0; global=0; static=0; extern=0; dir=1; type=3; pingpong=0; private_global=0; IO mode=ap_fifo:ce=0
Port [ p_chout_out]:  wired=1; compound=1; hidden=0; nouse=0; global=0; static=0; extern=0; dir=1; type=3; pingpong=0; private_global=0; IO mode=ap_fifo:ce=0
Port [ p_k_out]:  wired=1; compound=1; hidden=0; nouse=0; global=0; static=0; extern=0; dir=1; type=3; pingpong=0; private_global=0; IO mode=ap_fifo:ce=0
Port [ p_r_out]:  wired=1; compound=1; hidden=0; nouse=0; global=0; static=0; extern=0; dir=1; type=3; pingpong=0; private_global=0; IO mode=ap_fifo:ce=0
---------------- STG Properties END ------------------

---------------- Datapath Model BEGIN ----------------

<LifeTime>
<method=bitvector/>
add_ln207_loc_read      (read             ) [ 0000000000000]
p_c_read                (read             ) [ 0011111111111]
p_chin_read             (read             ) [ 0010000000000]
p_chout_read            (read             ) [ 0000000000000]
p_k_read                (read             ) [ 0010000000000]
p_r_read                (read             ) [ 0000000000000]
write_ln207             (write            ) [ 0000000000000]
write_ln119             (write            ) [ 0000000000000]
write_ln122             (write            ) [ 0000000000000]
write_ln130             (write            ) [ 0000000000000]
write_ln124             (write            ) [ 0000000000000]
write_ln130             (write            ) [ 0000000000000]
add_ln207_3_loc_read    (read             ) [ 0000000000000]
icmp_ln130              (icmp             ) [ 0000000000000]
icmp_ln130_11           (icmp             ) [ 0000000000000]
and_ln130               (and              ) [ 0011111111111]
specinterface_ln0       (specinterface    ) [ 0000000000000]
specinterface_ln0       (specinterface    ) [ 0000000000000]
specinterface_ln0       (specinterface    ) [ 0000000000000]
specinterface_ln0       (specinterface    ) [ 0000000000000]
specinterface_ln0       (specinterface    ) [ 0000000000000]
specinterface_ln0       (specinterface    ) [ 0000000000000]
specinterface_ln0       (specinterface    ) [ 0000000000000]
specinterface_ln0       (specinterface    ) [ 0000000000000]
specinterface_ln0       (specinterface    ) [ 0000000000000]
specinterface_ln0       (specinterface    ) [ 0000000000000]
specinterface_ln0       (specinterface    ) [ 0000000000000]
specinterface_ln0       (specinterface    ) [ 0000000000000]
specinterface_ln0       (specinterface    ) [ 0000000000000]
specinterface_ln0       (specinterface    ) [ 0000000000000]
specinterface_ln0       (specinterface    ) [ 0000000000000]
specinterface_ln0       (specinterface    ) [ 0000000000000]
specinterface_ln0       (specinterface    ) [ 0000000000000]
specinterface_ln0       (specinterface    ) [ 0000000000000]
cast                    (zext             ) [ 0000000000000]
bound                   (mul              ) [ 0000000000000]
cast2                   (zext             ) [ 0000000000000]
cast3                   (zext             ) [ 0000000000000]
bound4                  (mul              ) [ 0001111111111]
br_ln119                (br               ) [ 0011111111111]
col_0_i_i_i             (phi              ) [ 0001000000000]
col_0_i_i_i_cast        (zext             ) [ 0000000000000]
icmp_ln119              (icmp             ) [ 0001111111111]
add_ln119               (add              ) [ 0011111111111]
br_ln119                (br               ) [ 0000000000000]
tmp_70_i_i_i            (specregionbegin  ) [ 0000111111111]
speclooptripcount_ln120 (speclooptripcount) [ 0000000000000]
br_ln122                (br               ) [ 0001111111111]
ret_ln0                 (ret              ) [ 0000000000000]
indvar_flatten13        (phi              ) [ 0000100000000]
tmp                     (phi              ) [ 0000111111111]
icmp_ln122              (icmp             ) [ 0001111111111]
add_ln122               (add              ) [ 0001111111111]
br_ln122                (br               ) [ 0000000000000]
tmp_52                  (read             ) [ 0000101100000]
tmp_51                  (read             ) [ 0000101100000]
write_ln134             (write            ) [ 0000000000000]
write_ln135             (write            ) [ 0000000000000]
tmp_4_i_i_i             (fmul             ) [ 0000111011110]
specloopname_ln0        (specloopname     ) [ 0000000000000]
speclooptripcount_ln0   (speclooptripcount) [ 0000000000000]
specloopname_ln0        (specloopname     ) [ 0000000000000]
specloopname_ln126      (specloopname     ) [ 0000000000000]
tmp_73_i_i_i            (specregionbegin  ) [ 0000000000000]
specpipeline_ln127      (specpipeline     ) [ 0000000000000]
O_temp                  (fadd             ) [ 0000000000000]
O_temp_11               (select           ) [ 0001111111111]
empty                   (specregionend    ) [ 0000000000000]
br_ln126                (br               ) [ 0001111111111]
write_ln139             (write            ) [ 0000000000000]
empty_234               (specregionend    ) [ 0000000000000]
br_ln119                (br               ) [ 0011111111111]
</LifeTime>

<model>

<comp_list>
<comp id="0" class="1000" name="W_inter_1_1">
<pin_list>
<pin id="1" dir="1" index="0" bw="1" slack="0"/>
</pin_list>
<bind>
<StgValue><ssdm name="W_inter_1_1"/></StgValue>
</bind>
</comp>

<comp id="2" class="1000" name="In_inter_1_1">
<pin_list>
<pin id="3" dir="1" index="0" bw="1" slack="0"/>
</pin_list>
<bind>
<StgValue><ssdm name="In_inter_1_1"/></StgValue>
</bind>
</comp>

<comp id="4" class="1000" name="W_inter_2_1">
<pin_list>
<pin id="5" dir="1" index="0" bw="1" slack="0"/>
</pin_list>
<bind>
<StgValue><ssdm name="W_inter_2_1"/></StgValue>
</bind>
</comp>

<comp id="6" class="1000" name="In_inter_1_2">
<pin_list>
<pin id="7" dir="1" index="0" bw="1" slack="0"/>
</pin_list>
<bind>
<StgValue><ssdm name="In_inter_1_2"/></StgValue>
</bind>
</comp>

<comp id="8" class="1000" name="add_ln207_3_loc">
<pin_list>
<pin id="9" dir="1" index="0" bw="1" slack="0"/>
</pin_list>
<bind>
<StgValue><ssdm name="add_ln207_3_loc"/></StgValue>
</bind>
</comp>

<comp id="10" class="1000" name="add_ln207_loc">
<pin_list>
<pin id="11" dir="1" index="0" bw="1" slack="0"/>
</pin_list>
<bind>
<StgValue><ssdm name="add_ln207_loc"/></StgValue>
</bind>
</comp>

<comp id="12" class="1000" name="O_inter_1_1">
<pin_list>
<pin id="13" dir="1" index="0" bw="1" slack="0"/>
</pin_list>
<bind>
<StgValue><ssdm name="O_inter_1_1"/></StgValue>
</bind>
</comp>

<comp id="14" class="1000" name="p_c_s">
<pin_list>
<pin id="15" dir="1" index="0" bw="1" slack="0"/>
</pin_list>
<bind>
<StgValue><ssdm name="p_c_s"/></StgValue>
</bind>
</comp>

<comp id="16" class="1000" name="p_chin_s">
<pin_list>
<pin id="17" dir="1" index="0" bw="1" slack="0"/>
</pin_list>
<bind>
<StgValue><ssdm name="p_chin_s"/></StgValue>
</bind>
</comp>

<comp id="18" class="1000" name="p_chout_s">
<pin_list>
<pin id="19" dir="1" index="0" bw="1" slack="0"/>
</pin_list>
<bind>
<StgValue><ssdm name="p_chout_s"/></StgValue>
</bind>
</comp>

<comp id="20" class="1000" name="p_k_s">
<pin_list>
<pin id="21" dir="1" index="0" bw="1" slack="0"/>
</pin_list>
<bind>
<StgValue><ssdm name="p_k_s"/></StgValue>
</bind>
</comp>

<comp id="22" class="1000" name="p_r_s">
<pin_list>
<pin id="23" dir="1" index="0" bw="1" slack="0"/>
</pin_list>
<bind>
<StgValue><ssdm name="p_r_s"/></StgValue>
</bind>
</comp>

<comp id="24" class="1000" name="add_ln207_loc_out">
<pin_list>
<pin id="25" dir="1" index="0" bw="1" slack="0"/>
</pin_list>
<bind>
<StgValue><ssdm name="add_ln207_loc_out"/></StgValue>
</bind>
</comp>

<comp id="26" class="1000" name="p_c_out">
<pin_list>
<pin id="27" dir="1" index="0" bw="1" slack="0"/>
</pin_list>
<bind>
<StgValue><ssdm name="p_c_out"/></StgValue>
</bind>
</comp>

<comp id="28" class="1000" name="p_chin_out">
<pin_list>
<pin id="29" dir="1" index="0" bw="1" slack="0"/>
</pin_list>
<bind>
<StgValue><ssdm name="p_chin_out"/></StgValue>
</bind>
</comp>

<comp id="30" class="1000" name="p_chout_out">
<pin_list>
<pin id="31" dir="1" index="0" bw="1" slack="0"/>
</pin_list>
<bind>
<StgValue><ssdm name="p_chout_out"/></StgValue>
</bind>
</comp>

<comp id="32" class="1000" name="p_k_out">
<pin_list>
<pin id="33" dir="1" index="0" bw="1" slack="0"/>
</pin_list>
<bind>
<StgValue><ssdm name="p_k_out"/></StgValue>
</bind>
</comp>

<comp id="34" class="1000" name="p_r_out">
<pin_list>
<pin id="35" dir="1" index="0" bw="1" slack="0"/>
</pin_list>
<bind>
<StgValue><ssdm name="p_r_out"/></StgValue>
</bind>
</comp>

<comp id="36" class="1001" name="const_36">
<pin_list>
<pin id="37" dir="1" index="0" bw="1" slack="0"/>
</pin_list>
<bind>
<StgValue><ssdm name="_ssdm_op_Read.ap_fifo.i32P"/></StgValue>
</bind>
</comp>

<comp id="38" class="1001" name="const_38">
<pin_list>
<pin id="39" dir="1" index="0" bw="1" slack="0"/>
</pin_list>
<bind>
<StgValue><ssdm name="_ssdm_op_Write.ap_fifo.i32P"/></StgValue>
</bind>
</comp>

<comp id="40" class="1001" name="const_40">
<pin_list>
<pin id="41" dir="1" index="0" bw="1" slack="2147483647"/>
</pin_list>
<bind>
<StgValue><ssdm name="_ssdm_op_SpecInterface"/></StgValue>
</bind>
</comp>

<comp id="42" class="1001" name="const_42">
<pin_list>
<pin id="43" dir="1" index="0" bw="1" slack="2147483647"/>
</pin_list>
<bind>
<StgValue><ssdm name="ap_fifo_str"/></StgValue>
</bind>
</comp>

<comp id="44" class="1001" name="const_44">
<pin_list>
<pin id="45" dir="1" index="0" bw="1" slack="2147483647"/>
</pin_list>
<bind>
<StgValue><ssdm name=""/></StgValue>
</bind>
</comp>

<comp id="46" class="1001" name="const_46">
<pin_list>
<pin id="47" dir="1" index="0" bw="1" slack="2147483647"/>
</pin_list>
<bind>
<StgValue><ssdm name="p_str"/></StgValue>
</bind>
</comp>

<comp id="48" class="1001" name="const_48">
<pin_list>
<pin id="49" dir="1" index="0" bw="1" slack="2147483647"/>
</pin_list>
<bind>
<StgValue><ssdm name=""/></StgValue>
</bind>
</comp>

<comp id="50" class="1001" name="const_50">
<pin_list>
<pin id="51" dir="1" index="0" bw="1" slack="2147483647"/>
</pin_list>
<bind>
<StgValue><ssdm name=""/></StgValue>
</bind>
</comp>

<comp id="52" class="1001" name="const_52">
<pin_list>
<pin id="53" dir="1" index="0" bw="1" slack="2147483647"/>
</pin_list>
<bind>
<StgValue><ssdm name="ScalarProp_str"/></StgValue>
</bind>
</comp>

<comp id="54" class="1001" name="const_54">
<pin_list>
<pin id="55" dir="1" index="0" bw="1" slack="1"/>
</pin_list>
<bind>
<StgValue><ssdm name=""/></StgValue>
</bind>
</comp>

<comp id="56" class="1001" name="const_56">
<pin_list>
<pin id="57" dir="1" index="0" bw="1" slack="0"/>
</pin_list>
<bind>
<StgValue><ssdm name=""/></StgValue>
</bind>
</comp>

<comp id="58" class="1001" name="const_58">
<pin_list>
<pin id="59" dir="1" index="0" bw="1" slack="2147483647"/>
</pin_list>
<bind>
<StgValue><ssdm name="_ssdm_op_SpecRegionBegin"/></StgValue>
</bind>
</comp>

<comp id="60" class="1001" name="const_60">
<pin_list>
<pin id="61" dir="1" index="0" bw="1" slack="2147483647"/>
</pin_list>
<bind>
<StgValue><ssdm name="p_str9"/></StgValue>
</bind>
</comp>

<comp id="62" class="1001" name="const_62">
<pin_list>
<pin id="63" dir="1" index="0" bw="1" slack="2147483647"/>
</pin_list>
<bind>
<StgValue><ssdm name="_ssdm_op_SpecLoopTripCount"/></StgValue>
</bind>
</comp>

<comp id="64" class="1001" name="const_64">
<pin_list>
<pin id="65" dir="1" index="0" bw="1" slack="2147483647"/>
</pin_list>
<bind>
<StgValue><ssdm name=""/></StgValue>
</bind>
</comp>

<comp id="66" class="1001" name="const_66">
<pin_list>
<pin id="67" dir="1" index="0" bw="1" slack="2147483647"/>
</pin_list>
<bind>
<StgValue><ssdm name=""/></StgValue>
</bind>
</comp>

<comp id="68" class="1001" name="const_68">
<pin_list>
<pin id="69" dir="1" index="0" bw="1" slack="2147483647"/>
</pin_list>
<bind>
<StgValue><ssdm name=""/></StgValue>
</bind>
</comp>

<comp id="70" class="1001" name="const_70">
<pin_list>
<pin id="71" dir="1" index="0" bw="1" slack="1"/>
</pin_list>
<bind>
<StgValue><ssdm name=""/></StgValue>
</bind>
</comp>

<comp id="72" class="1001" name="const_72">
<pin_list>
<pin id="73" dir="1" index="0" bw="1" slack="1"/>
</pin_list>
<bind>
<StgValue><ssdm name=""/></StgValue>
</bind>
</comp>

<comp id="74" class="1001" name="const_74">
<pin_list>
<pin id="75" dir="1" index="0" bw="1" slack="0"/>
</pin_list>
<bind>
<StgValue><ssdm name=""/></StgValue>
</bind>
</comp>

<comp id="76" class="1001" name="const_76">
<pin_list>
<pin id="77" dir="1" index="0" bw="1" slack="0"/>
</pin_list>
<bind>
<StgValue><ssdm name="_ssdm_op_Read.ap_fifo.volatile.floatP"/></StgValue>
</bind>
</comp>

<comp id="78" class="1001" name="const_78">
<pin_list>
<pin id="79" dir="1" index="0" bw="1" slack="0"/>
</pin_list>
<bind>
<StgValue><ssdm name="_ssdm_op_Write.ap_fifo.volatile.floatP"/></StgValue>
</bind>
</comp>

<comp id="80" class="1001" name="const_80">
<pin_list>
<pin id="81" dir="1" index="0" bw="1" slack="2147483647"/>
</pin_list>
<bind>
<StgValue><ssdm name="_ssdm_op_SpecLoopName"/></StgValue>
</bind>
</comp>

<comp id="82" class="1001" name="const_82">
<pin_list>
<pin id="83" dir="1" index="0" bw="1" slack="2147483647"/>
</pin_list>
<bind>
<StgValue><ssdm name="L_L_Inner_str"/></StgValue>
</bind>
</comp>

<comp id="84" class="1001" name="const_84">
<pin_list>
<pin id="85" dir="1" index="0" bw="1" slack="2147483647"/>
</pin_list>
<bind>
<StgValue><ssdm name=""/></StgValue>
</bind>
</comp>

<comp id="86" class="1001" name="const_86">
<pin_list>
<pin id="87" dir="1" index="0" bw="1" slack="2147483647"/>
</pin_list>
<bind>
<StgValue><ssdm name=""/></StgValue>
</bind>
</comp>

<comp id="88" class="1001" name="const_88">
<pin_list>
<pin id="89" dir="1" index="0" bw="1" slack="2147483647"/>
</pin_list>
<bind>
<StgValue><ssdm name=""/></StgValue>
</bind>
</comp>

<comp id="90" class="1001" name="const_90">
<pin_list>
<pin id="91" dir="1" index="0" bw="1" slack="2147483647"/>
</pin_list>
<bind>
<StgValue><ssdm name="L_Inner_str"/></StgValue>
</bind>
</comp>

<comp id="92" class="1001" name="const_92">
<pin_list>
<pin id="93" dir="1" index="0" bw="1" slack="2147483647"/>
</pin_list>
<bind>
<StgValue><ssdm name="p_str4"/></StgValue>
</bind>
</comp>

<comp id="94" class="1001" name="const_94">
<pin_list>
<pin id="95" dir="1" index="0" bw="1" slack="2147483647"/>
</pin_list>
<bind>
<StgValue><ssdm name="_ssdm_op_SpecPipeline"/></StgValue>
</bind>
</comp>

<comp id="96" class="1001" name="const_96">
<pin_list>
<pin id="97" dir="1" index="0" bw="1" slack="2147483647"/>
</pin_list>
<bind>
<StgValue><ssdm name=""/></StgValue>
</bind>
</comp>

<comp id="98" class="1001" name="const_98">
<pin_list>
<pin id="99" dir="1" index="0" bw="1" slack="2147483647"/>
</pin_list>
<bind>
<StgValue><ssdm name="_ssdm_op_SpecRegionEnd"/></StgValue>
</bind>
</comp>

<comp id="100" class="1004" name="add_ln207_loc_read_read_fu_100">
<pin_list>
<pin id="101" dir="0" index="0" bw="32" slack="0"/>
<pin id="102" dir="0" index="1" bw="32" slack="0"/>
<pin id="103" dir="1" index="2" bw="32" slack="0"/>
</pin_list>
<bind>
<opcode="read(1150) " fcode="read"/>
<opset="add_ln207_loc_read/1 "/>
</bind>
</comp>

<comp id="106" class="1004" name="p_c_read_read_fu_106">
<pin_list>
<pin id="107" dir="0" index="0" bw="32" slack="0"/>
<pin id="108" dir="0" index="1" bw="32" slack="0"/>
<pin id="109" dir="1" index="2" bw="32" slack="0"/>
</pin_list>
<bind>
<opcode="read(1150) " fcode="read"/>
<opset="p_c_read/1 "/>
</bind>
</comp>

<comp id="112" class="1004" name="p_chin_read_read_fu_112">
<pin_list>
<pin id="113" dir="0" index="0" bw="32" slack="0"/>
<pin id="114" dir="0" index="1" bw="32" slack="0"/>
<pin id="115" dir="1" index="2" bw="32" slack="0"/>
</pin_list>
<bind>
<opcode="read(1150) " fcode="read"/>
<opset="p_chin_read/1 "/>
</bind>
</comp>

<comp id="118" class="1004" name="p_chout_read_read_fu_118">
<pin_list>
<pin id="119" dir="0" index="0" bw="32" slack="0"/>
<pin id="120" dir="0" index="1" bw="32" slack="0"/>
<pin id="121" dir="1" index="2" bw="32" slack="0"/>
</pin_list>
<bind>
<opcode="read(1150) " fcode="read"/>
<opset="p_chout_read/1 "/>
</bind>
</comp>

<comp id="124" class="1004" name="p_k_read_read_fu_124">
<pin_list>
<pin id="125" dir="0" index="0" bw="32" slack="0"/>
<pin id="126" dir="0" index="1" bw="32" slack="0"/>
<pin id="127" dir="1" index="2" bw="32" slack="0"/>
</pin_list>
<bind>
<opcode="read(1150) " fcode="read"/>
<opset="p_k_read/1 "/>
</bind>
</comp>

<comp id="130" class="1004" name="p_r_read_read_fu_130">
<pin_list>
<pin id="131" dir="0" index="0" bw="32" slack="0"/>
<pin id="132" dir="0" index="1" bw="32" slack="0"/>
<pin id="133" dir="1" index="2" bw="32" slack="0"/>
</pin_list>
<bind>
<opcode="read(1150) " fcode="read"/>
<opset="p_r_read/1 "/>
</bind>
</comp>

<comp id="136" class="1004" name="write_ln207_write_fu_136">
<pin_list>
<pin id="137" dir="0" index="0" bw="0" slack="0"/>
<pin id="138" dir="0" index="1" bw="32" slack="0"/>
<pin id="139" dir="0" index="2" bw="32" slack="0"/>
<pin id="140" dir="1" index="3" bw="0" slack="2147483647"/>
</pin_list>
<bind>
<opcode="write(1151) " fcode="write"/>
<opset="write_ln207/1 "/>
</bind>
</comp>

<comp id="144" class="1004" name="write_ln119_write_fu_144">
<pin_list>
<pin id="145" dir="0" index="0" bw="0" slack="0"/>
<pin id="146" dir="0" index="1" bw="32" slack="0"/>
<pin id="147" dir="0" index="2" bw="32" slack="0"/>
<pin id="148" dir="1" index="3" bw="0" slack="2147483647"/>
</pin_list>
<bind>
<opcode="write(1151) " fcode="write"/>
<opset="write_ln119/1 "/>
</bind>
</comp>

<comp id="152" class="1004" name="write_ln122_write_fu_152">
<pin_list>
<pin id="153" dir="0" index="0" bw="0" slack="0"/>
<pin id="154" dir="0" index="1" bw="32" slack="0"/>
<pin id="155" dir="0" index="2" bw="32" slack="0"/>
<pin id="156" dir="1" index="3" bw="0" slack="2147483647"/>
</pin_list>
<bind>
<opcode="write(1151) " fcode="write"/>
<opset="write_ln122/1 "/>
</bind>
</comp>

<comp id="160" class="1004" name="write_ln130_write_fu_160">
<pin_list>
<pin id="161" dir="0" index="0" bw="0" slack="0"/>
<pin id="162" dir="0" index="1" bw="32" slack="0"/>
<pin id="163" dir="0" index="2" bw="32" slack="0"/>
<pin id="164" dir="1" index="3" bw="0" slack="2147483647"/>
</pin_list>
<bind>
<opcode="write(1151) " fcode="write"/>
<opset="write_ln130/1 "/>
</bind>
</comp>

<comp id="168" class="1004" name="write_ln124_write_fu_168">
<pin_list>
<pin id="169" dir="0" index="0" bw="0" slack="0"/>
<pin id="170" dir="0" index="1" bw="32" slack="0"/>
<pin id="171" dir="0" index="2" bw="32" slack="0"/>
<pin id="172" dir="1" index="3" bw="0" slack="2147483647"/>
</pin_list>
<bind>
<opcode="write(1151) " fcode="write"/>
<opset="write_ln124/1 "/>
</bind>
</comp>

<comp id="176" class="1004" name="write_ln130_write_fu_176">
<pin_list>
<pin id="177" dir="0" index="0" bw="0" slack="0"/>
<pin id="178" dir="0" index="1" bw="32" slack="0"/>
<pin id="179" dir="0" index="2" bw="32" slack="0"/>
<pin id="180" dir="1" index="3" bw="0" slack="2147483647"/>
</pin_list>
<bind>
<opcode="write(1151) " fcode="write"/>
<opset="write_ln130/1 "/>
</bind>
</comp>

<comp id="184" class="1004" name="add_ln207_3_loc_read_read_fu_184">
<pin_list>
<pin id="185" dir="0" index="0" bw="32" slack="0"/>
<pin id="186" dir="0" index="1" bw="32" slack="0"/>
<pin id="187" dir="1" index="2" bw="32" slack="0"/>
</pin_list>
<bind>
<opcode="read(1150) " fcode="read"/>
<opset="add_ln207_3_loc_read/1 "/>
</bind>
</comp>

<comp id="190" class="1004" name="tmp_52_read_fu_190">
<pin_list>
<pin id="191" dir="0" index="0" bw="32" slack="0"/>
<pin id="192" dir="0" index="1" bw="32" slack="0"/>
<pin id="193" dir="1" index="2" bw="32" slack="0"/>
</pin_list>
<bind>
<opcode="read(1150) " fcode="read"/>
<opset="tmp_52/5 "/>
</bind>
</comp>

<comp id="196" class="1004" name="tmp_51_read_fu_196">
<pin_list>
<pin id="197" dir="0" index="0" bw="32" slack="0"/>
<pin id="198" dir="0" index="1" bw="32" slack="0"/>
<pin id="199" dir="1" index="2" bw="32" slack="0"/>
</pin_list>
<bind>
<opcode="read(1150) " fcode="read"/>
<opset="tmp_51/5 "/>
</bind>
</comp>

<comp id="202" class="1004" name="write_ln134_write_fu_202">
<pin_list>
<pin id="203" dir="0" index="0" bw="0" slack="0"/>
<pin id="204" dir="0" index="1" bw="32" slack="0"/>
<pin id="205" dir="0" index="2" bw="32" slack="0"/>
<pin id="206" dir="1" index="3" bw="0" slack="2147483647"/>
</pin_list>
<bind>
<opcode="write(1151) " fcode="write"/>
<opset="write_ln134/5 "/>
</bind>
</comp>

<comp id="210" class="1004" name="write_ln135_write_fu_210">
<pin_list>
<pin id="211" dir="0" index="0" bw="0" slack="0"/>
<pin id="212" dir="0" index="1" bw="32" slack="0"/>
<pin id="213" dir="0" index="2" bw="32" slack="0"/>
<pin id="214" dir="1" index="3" bw="0" slack="2147483647"/>
</pin_list>
<bind>
<opcode="write(1151) " fcode="write"/>
<opset="write_ln135/5 "/>
</bind>
</comp>

<comp id="218" class="1004" name="write_ln139_write_fu_218">
<pin_list>
<pin id="219" dir="0" index="0" bw="0" slack="0"/>
<pin id="220" dir="0" index="1" bw="32" slack="0"/>
<pin id="221" dir="0" index="2" bw="32" slack="1"/>
<pin id="222" dir="1" index="3" bw="0" slack="2147483647"/>
</pin_list>
<bind>
<opcode="write(1151) " fcode="write"/>
<opset="write_ln139/12 "/>
</bind>
</comp>

<comp id="225" class="1005" name="col_0_i_i_i_reg_225">
<pin_list>
<pin id="226" dir="0" index="0" bw="31" slack="1"/>
<pin id="227" dir="1" index="1" bw="31" slack="1"/>
</pin_list>
<bind>
<opset="col_0_i_i_i (phireg) "/>
</bind>
</comp>

<comp id="229" class="1004" name="col_0_i_i_i_phi_fu_229">
<pin_list>
<pin id="230" dir="0" index="0" bw="1" slack="1"/>
<pin id="231" dir="0" index="1" bw="0" slack="2147483647"/>
<pin id="232" dir="0" index="2" bw="31" slack="0"/>
<pin id="233" dir="0" index="3" bw="0" slack="2147483647"/>
<pin id="234" dir="1" index="4" bw="31" slack="0"/>
</pin_list>
<bind>
<opcode="phi(47) " fcode="phi"/>
<opset="col_0_i_i_i/3 "/>
</bind>
</comp>

<comp id="236" class="1005" name="indvar_flatten13_reg_236">
<pin_list>
<pin id="237" dir="0" index="0" bw="96" slack="1"/>
<pin id="238" dir="1" index="1" bw="96" slack="1"/>
</pin_list>
<bind>
<opset="indvar_flatten13 (phireg) "/>
</bind>
</comp>

<comp id="240" class="1004" name="indvar_flatten13_phi_fu_240">
<pin_list>
<pin id="241" dir="0" index="0" bw="1" slack="1"/>
<pin id="242" dir="0" index="1" bw="0" slack="2147483647"/>
<pin id="243" dir="0" index="2" bw="96" slack="0"/>
<pin id="244" dir="0" index="3" bw="0" slack="2147483647"/>
<pin id="245" dir="1" index="4" bw="96" slack="0"/>
</pin_list>
<bind>
<opcode="phi(47) " fcode="phi"/>
<opset="indvar_flatten13/4 "/>
</bind>
</comp>

<comp id="247" class="1005" name="tmp_reg_247">
<pin_list>
<pin id="248" dir="0" index="0" bw="32" slack="1"/>
<pin id="249" dir="1" index="1" bw="32" slack="1"/>
</pin_list>
<bind>
<opset="tmp (phireg) "/>
</bind>
</comp>

<comp id="252" class="1004" name="tmp_phi_fu_252">
<pin_list>
<pin id="253" dir="0" index="0" bw="32" slack="1"/>
<pin id="254" dir="0" index="1" bw="0" slack="2147483647"/>
<pin id="255" dir="0" index="2" bw="32" slack="1"/>
<pin id="256" dir="0" index="3" bw="0" slack="2147483647"/>
<pin id="257" dir="1" index="4" bw="32" slack="1"/>
</pin_list>
<bind>
<opcode="phi(47) " fcode="phi"/>
<opset="tmp/4 "/>
</bind>
</comp>

<comp id="260" class="1004" name="grp_fu_260">
<pin_list>
<pin id="261" dir="0" index="0" bw="32" slack="4"/>
<pin id="262" dir="0" index="1" bw="32" slack="1"/>
<pin id="263" dir="1" index="2" bw="32" slack="0"/>
</pin_list>
<bind>
<opcode="fadd(9) " fcode="fadd"/>
<opset="O_temp/8 "/>
</bind>
</comp>

<comp id="265" class="1004" name="grp_fu_265">
<pin_list>
<pin id="266" dir="0" index="0" bw="32" slack="1"/>
<pin id="267" dir="0" index="1" bw="32" slack="1"/>
<pin id="268" dir="1" index="2" bw="32" slack="1"/>
</pin_list>
<bind>
<opcode="fmul(13) " fcode="fmul"/>
<opset="tmp_4_i_i_i/6 "/>
</bind>
</comp>

<comp id="269" class="1004" name="icmp_ln130_fu_269">
<pin_list>
<pin id="270" dir="0" index="0" bw="32" slack="0"/>
<pin id="271" dir="0" index="1" bw="32" slack="0"/>
<pin id="272" dir="1" index="2" bw="1" slack="0"/>
</pin_list>
<bind>
<opcode="icmp(45) " fcode="icmp"/>
<opset="icmp_ln130/1 "/>
</bind>
</comp>

<comp id="275" class="1004" name="icmp_ln130_11_fu_275">
<pin_list>
<pin id="276" dir="0" index="0" bw="32" slack="0"/>
<pin id="277" dir="0" index="1" bw="32" slack="0"/>
<pin id="278" dir="1" index="2" bw="1" slack="0"/>
</pin_list>
<bind>
<opcode="icmp(45) " fcode="icmp"/>
<opset="icmp_ln130_11/1 "/>
</bind>
</comp>

<comp id="281" class="1004" name="and_ln130_fu_281">
<pin_list>
<pin id="282" dir="0" index="0" bw="1" slack="0"/>
<pin id="283" dir="0" index="1" bw="1" slack="0"/>
<pin id="284" dir="1" index="2" bw="1" slack="5"/>
</pin_list>
<bind>
<opcode="and(23) " fcode="and"/>
<opset="and_ln130/1 "/>
</bind>
</comp>

<comp id="287" class="1004" name="cast_fu_287">
<pin_list>
<pin id="288" dir="0" index="0" bw="32" slack="1"/>
<pin id="289" dir="1" index="1" bw="64" slack="0"/>
</pin_list>
<bind>
<opcode="zext(34) " fcode="zext"/>
<opset="cast/2 "/>
</bind>
</comp>

<comp id="290" class="1004" name="bound_fu_290">
<pin_list>
<pin id="291" dir="0" index="0" bw="32" slack="0"/>
<pin id="292" dir="0" index="1" bw="32" slack="0"/>
<pin id="293" dir="1" index="2" bw="64" slack="0"/>
</pin_list>
<bind>
<opcode="mul(12) " fcode="mul"/>
<opset="bound/2 "/>
</bind>
</comp>

<comp id="296" class="1004" name="cast2_fu_296">
<pin_list>
<pin id="297" dir="0" index="0" bw="32" slack="1"/>
<pin id="298" dir="1" index="1" bw="96" slack="0"/>
</pin_list>
<bind>
<opcode="zext(34) " fcode="zext"/>
<opset="cast2/2 "/>
</bind>
</comp>

<comp id="299" class="1004" name="cast3_fu_299">
<pin_list>
<pin id="300" dir="0" index="0" bw="64" slack="0"/>
<pin id="301" dir="1" index="1" bw="96" slack="0"/>
</pin_list>
<bind>
<opcode="zext(34) " fcode="zext"/>
<opset="cast3/2 "/>
</bind>
</comp>

<comp id="303" class="1004" name="bound4_fu_303">
<pin_list>
<pin id="304" dir="0" index="0" bw="64" slack="0"/>
<pin id="305" dir="0" index="1" bw="32" slack="0"/>
<pin id="306" dir="1" index="2" bw="96" slack="2"/>
</pin_list>
<bind>
<opcode="mul(12) " fcode="mul"/>
<opset="bound4/2 "/>
</bind>
</comp>

<comp id="309" class="1004" name="col_0_i_i_i_cast_fu_309">
<pin_list>
<pin id="310" dir="0" index="0" bw="31" slack="0"/>
<pin id="311" dir="1" index="1" bw="32" slack="0"/>
</pin_list>
<bind>
<opcode="zext(34) " fcode="zext"/>
<opset="col_0_i_i_i_cast/3 "/>
</bind>
</comp>

<comp id="313" class="1004" name="icmp_ln119_fu_313">
<pin_list>
<pin id="314" dir="0" index="0" bw="32" slack="0"/>
<pin id="315" dir="0" index="1" bw="32" slack="2"/>
<pin id="316" dir="1" index="2" bw="1" slack="1"/>
</pin_list>
<bind>
<opcode="icmp(45) " fcode="icmp"/>
<opset="icmp_ln119/3 "/>
</bind>
</comp>

<comp id="318" class="1004" name="add_ln119_fu_318">
<pin_list>
<pin id="319" dir="0" index="0" bw="31" slack="0"/>
<pin id="320" dir="0" index="1" bw="1" slack="0"/>
<pin id="321" dir="1" index="2" bw="31" slack="0"/>
</pin_list>
<bind>
<opcode="add(8) " fcode="add"/>
<opset="add_ln119/3 "/>
</bind>
</comp>

<comp id="324" class="1004" name="icmp_ln122_fu_324">
<pin_list>
<pin id="325" dir="0" index="0" bw="96" slack="0"/>
<pin id="326" dir="0" index="1" bw="96" slack="2"/>
<pin id="327" dir="1" index="2" bw="1" slack="1"/>
</pin_list>
<bind>
<opcode="icmp(45) " fcode="icmp"/>
<opset="icmp_ln122/4 "/>
</bind>
</comp>

<comp id="329" class="1004" name="add_ln122_fu_329">
<pin_list>
<pin id="330" dir="0" index="0" bw="96" slack="0"/>
<pin id="331" dir="0" index="1" bw="1" slack="0"/>
<pin id="332" dir="1" index="2" bw="96" slack="0"/>
</pin_list>
<bind>
<opcode="add(8) " fcode="add"/>
<opset="add_ln122/4 "/>
</bind>
</comp>

<comp id="335" class="1004" name="O_temp_11_fu_335">
<pin_list>
<pin id="336" dir="0" index="0" bw="1" slack="10"/>
<pin id="337" dir="0" index="1" bw="32" slack="0"/>
<pin id="338" dir="0" index="2" bw="32" slack="7"/>
<pin id="339" dir="1" index="3" bw="32" slack="1"/>
</pin_list>
<bind>
<opcode="select(49) " fcode="select"/>
<opset="O_temp_11/11 "/>
</bind>
</comp>

<comp id="342" class="1005" name="p_c_read_reg_342">
<pin_list>
<pin id="343" dir="0" index="0" bw="32" slack="2"/>
<pin id="344" dir="1" index="1" bw="32" slack="2"/>
</pin_list>
<bind>
<opset="p_c_read "/>
</bind>
</comp>

<comp id="347" class="1005" name="p_chin_read_reg_347">
<pin_list>
<pin id="348" dir="0" index="0" bw="32" slack="1"/>
<pin id="349" dir="1" index="1" bw="32" slack="1"/>
</pin_list>
<bind>
<opset="p_chin_read "/>
</bind>
</comp>

<comp id="352" class="1005" name="p_k_read_reg_352">
<pin_list>
<pin id="353" dir="0" index="0" bw="32" slack="1"/>
<pin id="354" dir="1" index="1" bw="32" slack="1"/>
</pin_list>
<bind>
<opset="p_k_read "/>
</bind>
</comp>

<comp id="357" class="1005" name="and_ln130_reg_357">
<pin_list>
<pin id="358" dir="0" index="0" bw="1" slack="5"/>
<pin id="359" dir="1" index="1" bw="1" slack="10"/>
</pin_list>
<bind>
<opset="and_ln130 "/>
</bind>
</comp>

<comp id="362" class="1005" name="bound4_reg_362">
<pin_list>
<pin id="363" dir="0" index="0" bw="96" slack="2"/>
<pin id="364" dir="1" index="1" bw="96" slack="2"/>
</pin_list>
<bind>
<opset="bound4 "/>
</bind>
</comp>

<comp id="367" class="1005" name="icmp_ln119_reg_367">
<pin_list>
<pin id="368" dir="0" index="0" bw="1" slack="1"/>
<pin id="369" dir="1" index="1" bw="1" slack="2147483647"/>
</pin_list>
<bind>
<opset="icmp_ln119 "/>
</bind>
</comp>

<comp id="371" class="1005" name="add_ln119_reg_371">
<pin_list>
<pin id="372" dir="0" index="0" bw="31" slack="0"/>
<pin id="373" dir="1" index="1" bw="31" slack="0"/>
</pin_list>
<bind>
<opset="add_ln119 "/>
</bind>
</comp>

<comp id="376" class="1005" name="icmp_ln122_reg_376">
<pin_list>
<pin id="377" dir="0" index="0" bw="1" slack="1"/>
<pin id="378" dir="1" index="1" bw="1" slack="2147483647"/>
</pin_list>
<bind>
<opset="icmp_ln122 "/>
</bind>
</comp>

<comp id="380" class="1005" name="add_ln122_reg_380">
<pin_list>
<pin id="381" dir="0" index="0" bw="96" slack="0"/>
<pin id="382" dir="1" index="1" bw="96" slack="0"/>
</pin_list>
<bind>
<opset="add_ln122 "/>
</bind>
</comp>

<comp id="385" class="1005" name="tmp_52_reg_385">
<pin_list>
<pin id="386" dir="0" index="0" bw="32" slack="1"/>
<pin id="387" dir="1" index="1" bw="32" slack="1"/>
</pin_list>
<bind>
<opset="tmp_52 "/>
</bind>
</comp>

<comp id="390" class="1005" name="tmp_51_reg_390">
<pin_list>
<pin id="391" dir="0" index="0" bw="32" slack="1"/>
<pin id="392" dir="1" index="1" bw="32" slack="1"/>
</pin_list>
<bind>
<opset="tmp_51 "/>
</bind>
</comp>

<comp id="395" class="1005" name="tmp_4_i_i_i_reg_395">
<pin_list>
<pin id="396" dir="0" index="0" bw="32" slack="1"/>
<pin id="397" dir="1" index="1" bw="32" slack="1"/>
</pin_list>
<bind>
<opset="tmp_4_i_i_i "/>
</bind>
</comp>

<comp id="400" class="1005" name="O_temp_11_reg_400">
<pin_list>
<pin id="401" dir="0" index="0" bw="32" slack="1"/>
<pin id="402" dir="1" index="1" bw="32" slack="1"/>
</pin_list>
<bind>
<opset="O_temp_11 "/>
</bind>
</comp>

</comp_list>

<net_list>
<net id="104"><net_src comp="36" pin="0"/><net_sink comp="100" pin=0"/></net>

<net id="105"><net_src comp="10" pin="0"/><net_sink comp="100" pin=1"/></net>

<net id="110"><net_src comp="36" pin="0"/><net_sink comp="106" pin=0"/></net>

<net id="111"><net_src comp="14" pin="0"/><net_sink comp="106" pin=1"/></net>

<net id="116"><net_src comp="36" pin="0"/><net_sink comp="112" pin=0"/></net>

<net id="117"><net_src comp="16" pin="0"/><net_sink comp="112" pin=1"/></net>

<net id="122"><net_src comp="36" pin="0"/><net_sink comp="118" pin=0"/></net>

<net id="123"><net_src comp="18" pin="0"/><net_sink comp="118" pin=1"/></net>

<net id="128"><net_src comp="36" pin="0"/><net_sink comp="124" pin=0"/></net>

<net id="129"><net_src comp="20" pin="0"/><net_sink comp="124" pin=1"/></net>

<net id="134"><net_src comp="36" pin="0"/><net_sink comp="130" pin=0"/></net>

<net id="135"><net_src comp="22" pin="0"/><net_sink comp="130" pin=1"/></net>

<net id="141"><net_src comp="38" pin="0"/><net_sink comp="136" pin=0"/></net>

<net id="142"><net_src comp="24" pin="0"/><net_sink comp="136" pin=1"/></net>

<net id="143"><net_src comp="100" pin="2"/><net_sink comp="136" pin=2"/></net>

<net id="149"><net_src comp="38" pin="0"/><net_sink comp="144" pin=0"/></net>

<net id="150"><net_src comp="26" pin="0"/><net_sink comp="144" pin=1"/></net>

<net id="151"><net_src comp="106" pin="2"/><net_sink comp="144" pin=2"/></net>

<net id="157"><net_src comp="38" pin="0"/><net_sink comp="152" pin=0"/></net>

<net id="158"><net_src comp="28" pin="0"/><net_sink comp="152" pin=1"/></net>

<net id="159"><net_src comp="112" pin="2"/><net_sink comp="152" pin=2"/></net>

<net id="165"><net_src comp="38" pin="0"/><net_sink comp="160" pin=0"/></net>

<net id="166"><net_src comp="30" pin="0"/><net_sink comp="160" pin=1"/></net>

<net id="167"><net_src comp="118" pin="2"/><net_sink comp="160" pin=2"/></net>

<net id="173"><net_src comp="38" pin="0"/><net_sink comp="168" pin=0"/></net>

<net id="174"><net_src comp="32" pin="0"/><net_sink comp="168" pin=1"/></net>

<net id="175"><net_src comp="124" pin="2"/><net_sink comp="168" pin=2"/></net>

<net id="181"><net_src comp="38" pin="0"/><net_sink comp="176" pin=0"/></net>

<net id="182"><net_src comp="34" pin="0"/><net_sink comp="176" pin=1"/></net>

<net id="183"><net_src comp="130" pin="2"/><net_sink comp="176" pin=2"/></net>

<net id="188"><net_src comp="36" pin="0"/><net_sink comp="184" pin=0"/></net>

<net id="189"><net_src comp="8" pin="0"/><net_sink comp="184" pin=1"/></net>

<net id="194"><net_src comp="76" pin="0"/><net_sink comp="190" pin=0"/></net>

<net id="195"><net_src comp="0" pin="0"/><net_sink comp="190" pin=1"/></net>

<net id="200"><net_src comp="76" pin="0"/><net_sink comp="196" pin=0"/></net>

<net id="201"><net_src comp="2" pin="0"/><net_sink comp="196" pin=1"/></net>

<net id="207"><net_src comp="78" pin="0"/><net_sink comp="202" pin=0"/></net>

<net id="208"><net_src comp="6" pin="0"/><net_sink comp="202" pin=1"/></net>

<net id="209"><net_src comp="196" pin="2"/><net_sink comp="202" pin=2"/></net>

<net id="215"><net_src comp="78" pin="0"/><net_sink comp="210" pin=0"/></net>

<net id="216"><net_src comp="4" pin="0"/><net_sink comp="210" pin=1"/></net>

<net id="217"><net_src comp="190" pin="2"/><net_sink comp="210" pin=2"/></net>

<net id="223"><net_src comp="78" pin="0"/><net_sink comp="218" pin=0"/></net>

<net id="224"><net_src comp="12" pin="0"/><net_sink comp="218" pin=1"/></net>

<net id="228"><net_src comp="54" pin="0"/><net_sink comp="225" pin=0"/></net>

<net id="235"><net_src comp="225" pin="1"/><net_sink comp="229" pin=0"/></net>

<net id="239"><net_src comp="70" pin="0"/><net_sink comp="236" pin=0"/></net>

<net id="246"><net_src comp="236" pin="1"/><net_sink comp="240" pin=0"/></net>

<net id="250"><net_src comp="72" pin="0"/><net_sink comp="247" pin=0"/></net>

<net id="251"><net_src comp="247" pin="1"/><net_sink comp="218" pin=2"/></net>

<net id="258"><net_src comp="247" pin="1"/><net_sink comp="252" pin=0"/></net>

<net id="259"><net_src comp="252" pin="4"/><net_sink comp="247" pin=0"/></net>

<net id="264"><net_src comp="247" pin="1"/><net_sink comp="260" pin=0"/></net>

<net id="273"><net_src comp="130" pin="2"/><net_sink comp="269" pin=0"/></net>

<net id="274"><net_src comp="184" pin="2"/><net_sink comp="269" pin=1"/></net>

<net id="279"><net_src comp="118" pin="2"/><net_sink comp="275" pin=0"/></net>

<net id="280"><net_src comp="100" pin="2"/><net_sink comp="275" pin=1"/></net>

<net id="285"><net_src comp="269" pin="2"/><net_sink comp="281" pin=0"/></net>

<net id="286"><net_src comp="275" pin="2"/><net_sink comp="281" pin=1"/></net>

<net id="294"><net_src comp="287" pin="1"/><net_sink comp="290" pin=0"/></net>

<net id="295"><net_src comp="287" pin="1"/><net_sink comp="290" pin=1"/></net>

<net id="302"><net_src comp="290" pin="2"/><net_sink comp="299" pin=0"/></net>

<net id="307"><net_src comp="299" pin="1"/><net_sink comp="303" pin=0"/></net>

<net id="308"><net_src comp="296" pin="1"/><net_sink comp="303" pin=1"/></net>

<net id="312"><net_src comp="229" pin="4"/><net_sink comp="309" pin=0"/></net>

<net id="317"><net_src comp="309" pin="1"/><net_sink comp="313" pin=0"/></net>

<net id="322"><net_src comp="229" pin="4"/><net_sink comp="318" pin=0"/></net>

<net id="323"><net_src comp="56" pin="0"/><net_sink comp="318" pin=1"/></net>

<net id="328"><net_src comp="240" pin="4"/><net_sink comp="324" pin=0"/></net>

<net id="333"><net_src comp="240" pin="4"/><net_sink comp="329" pin=0"/></net>

<net id="334"><net_src comp="74" pin="0"/><net_sink comp="329" pin=1"/></net>

<net id="340"><net_src comp="260" pin="2"/><net_sink comp="335" pin=1"/></net>

<net id="341"><net_src comp="247" pin="1"/><net_sink comp="335" pin=2"/></net>

<net id="345"><net_src comp="106" pin="2"/><net_sink comp="342" pin=0"/></net>

<net id="346"><net_src comp="342" pin="1"/><net_sink comp="313" pin=1"/></net>

<net id="350"><net_src comp="112" pin="2"/><net_sink comp="347" pin=0"/></net>

<net id="351"><net_src comp="347" pin="1"/><net_sink comp="296" pin=0"/></net>

<net id="355"><net_src comp="124" pin="2"/><net_sink comp="352" pin=0"/></net>

<net id="356"><net_src comp="352" pin="1"/><net_sink comp="287" pin=0"/></net>

<net id="360"><net_src comp="281" pin="2"/><net_sink comp="357" pin=0"/></net>

<net id="361"><net_src comp="357" pin="1"/><net_sink comp="335" pin=0"/></net>

<net id="365"><net_src comp="303" pin="2"/><net_sink comp="362" pin=0"/></net>

<net id="366"><net_src comp="362" pin="1"/><net_sink comp="324" pin=1"/></net>

<net id="370"><net_src comp="313" pin="2"/><net_sink comp="367" pin=0"/></net>

<net id="374"><net_src comp="318" pin="2"/><net_sink comp="371" pin=0"/></net>

<net id="375"><net_src comp="371" pin="1"/><net_sink comp="229" pin=2"/></net>

<net id="379"><net_src comp="324" pin="2"/><net_sink comp="376" pin=0"/></net>

<net id="383"><net_src comp="329" pin="2"/><net_sink comp="380" pin=0"/></net>

<net id="384"><net_src comp="380" pin="1"/><net_sink comp="240" pin=2"/></net>

<net id="388"><net_src comp="190" pin="2"/><net_sink comp="385" pin=0"/></net>

<net id="389"><net_src comp="385" pin="1"/><net_sink comp="265" pin=1"/></net>

<net id="393"><net_src comp="196" pin="2"/><net_sink comp="390" pin=0"/></net>

<net id="394"><net_src comp="390" pin="1"/><net_sink comp="265" pin=0"/></net>

<net id="398"><net_src comp="265" pin="2"/><net_sink comp="395" pin=0"/></net>

<net id="399"><net_src comp="395" pin="1"/><net_sink comp="260" pin=1"/></net>

<net id="403"><net_src comp="335" pin="3"/><net_sink comp="400" pin=0"/></net>

<net id="404"><net_src comp="400" pin="1"/><net_sink comp="252" pin=2"/></net>

</net_list>

</model> 
---------------- Datapath Model END ------------------

* FSMD analyzer results:
  - Output states:
	Port: W_inter_2_1 | {5 }
	Port: In_inter_1_2 | {5 }
	Port: O_inter_1_1 | {12 }
	Port: add_ln207_loc_out | {1 }
	Port: p_c_out | {1 }
	Port: p_chin_out | {1 }
	Port: p_chout_out | {1 }
	Port: p_k_out | {1 }
	Port: p_r_out | {1 }
 - Input state : 
	Port: PE26 : W_inter_1_1 | {5 }
	Port: PE26 : In_inter_1_1 | {5 }
	Port: PE26 : add_ln207_3_loc | {1 }
	Port: PE26 : add_ln207_loc | {1 }
	Port: PE26 : p_c_s | {1 }
	Port: PE26 : p_chin_s | {1 }
	Port: PE26 : p_chout_s | {1 }
	Port: PE26 : p_k_s | {1 }
	Port: PE26 : p_r_s | {1 }
  - Chain level:
	State 1
		and_ln130 : 1
	State 2
		bound : 1
		cast3 : 2
		bound4 : 3
	State 3
		col_0_i_i_i_cast : 1
		icmp_ln119 : 2
		add_ln119 : 1
		br_ln119 : 3
	State 4
		icmp_ln122 : 1
		add_ln122 : 1
		br_ln122 : 2
	State 5
	State 6
	State 7
	State 8
	State 9
	State 10
	State 11
		O_temp_11 : 1
		empty : 1
	State 12


============================================================
+ Verbose Summary: Datapath Resource usage 
============================================================

* Functional unit list:
|----------|----------------------------------|---------|---------|---------|
| Operation|          Functional Unit         |  DSP48E |    FF   |   LUT   |
|----------|----------------------------------|---------|---------|---------|
|   fadd   |            grp_fu_260            |    2    |   227   |   214   |
|----------|----------------------------------|---------|---------|---------|
|   fmul   |            grp_fu_265            |    3    |   128   |   135   |
|----------|----------------------------------|---------|---------|---------|
|    add   |         add_ln119_fu_318         |    0    |    0    |    38   |
|          |         add_ln122_fu_329         |    0    |    0    |   103   |
|----------|----------------------------------|---------|---------|---------|
|          |         icmp_ln130_fu_269        |    0    |    0    |    20   |
|   icmp   |       icmp_ln130_11_fu_275       |    0    |    0    |    20   |
|          |         icmp_ln119_fu_313        |    0    |    0    |    20   |
|          |         icmp_ln122_fu_324        |    0    |    0    |    50   |
|----------|----------------------------------|---------|---------|---------|
|    mul   |           bound_fu_290           |    3    |    0    |    20   |
|          |           bound4_fu_303          |    3    |    0    |    46   |
|----------|----------------------------------|---------|---------|---------|
|  select  |         O_temp_11_fu_335         |    0    |    0    |    32   |
|----------|----------------------------------|---------|---------|---------|
|    and   |         and_ln130_fu_281         |    0    |    0    |    2    |
|----------|----------------------------------|---------|---------|---------|
|          |  add_ln207_loc_read_read_fu_100  |    0    |    0    |    0    |
|          |       p_c_read_read_fu_106       |    0    |    0    |    0    |
|          |      p_chin_read_read_fu_112     |    0    |    0    |    0    |
|          |     p_chout_read_read_fu_118     |    0    |    0    |    0    |
|   read   |       p_k_read_read_fu_124       |    0    |    0    |    0    |
|          |       p_r_read_read_fu_130       |    0    |    0    |    0    |
|          | add_ln207_3_loc_read_read_fu_184 |    0    |    0    |    0    |
|          |        tmp_52_read_fu_190        |    0    |    0    |    0    |
|          |        tmp_51_read_fu_196        |    0    |    0    |    0    |
|----------|----------------------------------|---------|---------|---------|
|          |     write_ln207_write_fu_136     |    0    |    0    |    0    |
|          |     write_ln119_write_fu_144     |    0    |    0    |    0    |
|          |     write_ln122_write_fu_152     |    0    |    0    |    0    |
|          |     write_ln130_write_fu_160     |    0    |    0    |    0    |
|   write  |     write_ln124_write_fu_168     |    0    |    0    |    0    |
|          |     write_ln130_write_fu_176     |    0    |    0    |    0    |
|          |     write_ln134_write_fu_202     |    0    |    0    |    0    |
|          |     write_ln135_write_fu_210     |    0    |    0    |    0    |
|          |     write_ln139_write_fu_218     |    0    |    0    |    0    |
|----------|----------------------------------|---------|---------|---------|
|          |            cast_fu_287           |    0    |    0    |    0    |
|   zext   |           cast2_fu_296           |    0    |    0    |    0    |
|          |           cast3_fu_299           |    0    |    0    |    0    |
|          |      col_0_i_i_i_cast_fu_309     |    0    |    0    |    0    |
|----------|----------------------------------|---------|---------|---------|
|   Total  |                                  |    11   |   355   |   700   |
|----------|----------------------------------|---------|---------|---------|

Memories:
N/A

* Register list:
+------------------------+--------+
|                        |   FF   |
+------------------------+--------+
|    O_temp_11_reg_400   |   32   |
|    add_ln119_reg_371   |   31   |
|    add_ln122_reg_380   |   96   |
|    and_ln130_reg_357   |    1   |
|     bound4_reg_362     |   96   |
|   col_0_i_i_i_reg_225  |   31   |
|   icmp_ln119_reg_367   |    1   |
|   icmp_ln122_reg_376   |    1   |
|indvar_flatten13_reg_236|   96   |
|    p_c_read_reg_342    |   32   |
|   p_chin_read_reg_347  |   32   |
|    p_k_read_reg_352    |   32   |
|   tmp_4_i_i_i_reg_395  |   32   |
|     tmp_51_reg_390     |   32   |
|     tmp_52_reg_385     |   32   |
|       tmp_reg_247      |   32   |
+------------------------+--------+
|          Total         |   609  |
+------------------------+--------+

* Multiplexer (MUX) list: 
|-------------|------|------|------|--------||---------||---------|
|     Comp    |  Pin | Size |  BW  | S x BW ||  Delay  ||   LUT   |
|-------------|------|------|------|--------||---------||---------|
| tmp_reg_247 |  p0  |   2  |  32  |   64   ||    9    |
|-------------|------|------|------|--------||---------||---------|
|    Total    |      |      |      |   64   ||  0.656  ||    9    |
|-------------|------|------|------|--------||---------||---------|



* Summary:
+-----------+--------+--------+--------+--------+
|           | DSP48E |  Delay |   FF   |   LUT  |
+-----------+--------+--------+--------+--------+
|  Function |   11   |    -   |   355  |   700  |
|   Memory  |    -   |    -   |    -   |    -   |
|Multiplexer|    -   |    0   |    -   |    9   |
|  Register |    -   |    -   |   609  |    -   |
+-----------+--------+--------+--------+--------+
|   Total   |   11   |    0   |   964  |   709  |
+-----------+--------+--------+--------+--------+
