

================================================================
== Vivado HLS Report for 'PE28'
================================================================
* Date:           Sun Feb 28 11:05:43 2021

* Version:        2020.1 (Build 2897737 on Wed May 27 20:21:37 MDT 2020)
* Project:        conv_v1.prj
* Solution:       solution2
* Product family: zynquplus
* Target device:  xczu7ev-ffvc1156-2-e


================================================================
== Performance Estimates
================================================================
+ Timing: 
    * Summary: 
    +--------+----------+-----------+------------+
    |  Clock |  Target  | Estimated | Uncertainty|
    +--------+----------+-----------+------------+
    |ap_clk  | 10.00 ns | 13.323 ns |   1.25 ns  |
    +--------+----------+-----------+------------+

+ Latency: 
    * Summary: 
    +---------+---------+----------+----------+-----+-------+---------+
    |  Latency (cycles) |  Latency (absolute) |   Interval  | Pipeline|
    |   min   |   max   |    min   |    max   | min |  max  |   Type  |
    +---------+---------+----------+----------+-----+-------+---------+
    |       12|    30072| 0.160 us | 0.401 ms |   12|  30072|   none  |
    +---------+---------+----------+----------+-----+-------+---------+

    + Detail: 
        * Instance: 
        N/A

        * Loop: 
        +--------------+---------+---------+-----------+-----------+-----------+----------+----------+
        |              |  Latency (cycles) | Iteration |  Initiation Interval  |   Trip   |          |
        |   Loop Name  |   min   |   max   |  Latency  |  achieved |   target  |   Count  | Pipelined|
        +--------------+---------+---------+-----------+-----------+-----------+----------+----------+
        |- Loop 1      |       10|    30070| 10 ~ 3007 |          -|          -|  1 ~ 10  |    no    |
        | + L_L_Inner  |        7|     3004|          8|          3|          1| 1 ~ 1000 |    yes   |
        +--------------+---------+---------+-----------+-----------+-----------+----------+----------+



================================================================
== Utilization Estimates
================================================================
* Summary: 
+-----------------+---------+-------+--------+--------+-----+
|       Name      | BRAM_18K| DSP48E|   FF   |   LUT  | URAM|
+-----------------+---------+-------+--------+--------+-----+
|DSP              |        -|      -|       -|       -|    -|
|Expression       |        -|      6|       0|     359|    -|
|FIFO             |        -|      -|       -|       -|    -|
|Instance         |        -|      5|     355|     349|    -|
|Memory           |        -|      -|       -|       -|    -|
|Multiplexer      |        -|      -|       -|     302|    -|
|Register         |        0|      -|     652|      32|    -|
+-----------------+---------+-------+--------+--------+-----+
|Total            |        0|     11|    1007|    1042|    0|
+-----------------+---------+-------+--------+--------+-----+
|Available        |      624|   1728|  460800|  230400|   96|
+-----------------+---------+-------+--------+--------+-----+
|Utilization (%)  |        0|   ~0  |   ~0   |   ~0   |    0|
+-----------------+---------+-------+--------+--------+-----+

+ Detail: 
    * Instance: 
    +---------------------------+----------------------+---------+-------+-----+-----+-----+
    |          Instance         |        Module        | BRAM_18K| DSP48E|  FF | LUT | URAM|
    +---------------------------+----------------------+---------+-------+-----+-----+-----+
    |Systolic_Array_CodEe_U241  |Systolic_Array_CodEe  |        0|      2|  227|  214|    0|
    |Systolic_Array_CoeOg_U242  |Systolic_Array_CoeOg  |        0|      3|  128|  135|    0|
    +---------------------------+----------------------+---------+-------+-----+-----+-----+
    |Total                      |                      |        0|      5|  355|  349|    0|
    +---------------------------+----------------------+---------+-------+-----+-----+-----+

    * DSP48E: 
    N/A

    * Memory: 
    N/A

    * FIFO: 
    N/A

    * Expression: 
    +----------------------------------+----------+-------+---+-----+------------+------------+
    |           Variable Name          | Operation| DSP48E| FF| LUT | Bitwidth P0| Bitwidth P1|
    +----------------------------------+----------+-------+---+-----+------------+------------+
    |bound4_fu_333_p2                  |     *    |      3|  0|   46|          64|          32|
    |bound_fu_320_p2                   |     *    |      3|  0|   20|          32|          32|
    |add_ln119_fu_348_p2               |     +    |      0|  0|   38|          31|           1|
    |add_ln122_fu_359_p2               |     +    |      0|  0|  103|          96|           1|
    |and_ln130_fu_311_p2               |    and   |      0|  0|    2|           1|           1|
    |ap_block_pp0_stage1_01001         |    and   |      0|  0|    2|           1|           1|
    |icmp_ln119_fu_343_p2              |   icmp   |      0|  0|   20|          32|          32|
    |icmp_ln122_fu_354_p2              |   icmp   |      0|  0|   50|          96|          96|
    |icmp_ln130_9_fu_305_p2            |   icmp   |      0|  0|   20|          32|          32|
    |icmp_ln130_fu_299_p2              |   icmp   |      0|  0|   20|          32|          32|
    |ap_block_state1                   |    or    |      0|  0|    2|           1|           1|
    |ap_block_state5_pp0_stage1_iter0  |    or    |      0|  0|    2|           1|           1|
    |O_temp_9_fu_365_p3                |  select  |      0|  0|   32|           1|          32|
    |ap_enable_pp0                     |    xor   |      0|  0|    2|           1|           2|
    +----------------------------------+----------+-------+---+-----+------------+------------+
    |Total                             |          |      6|  0|  359|         421|         296|
    +----------------------------------+----------+-------+---+-----+------------+------------+

    * Multiplexer: 
    +-------------------------------------------+----+-----------+-----+-----------+
    |                    Name                   | LUT| Input Size| Bits| Total Bits|
    +-------------------------------------------+----+-----------+-----+-----------+
    |In_inter_1_3_blk_n                         |   9|          2|    1|          2|
    |In_inter_1_4_blk_n                         |   9|          2|    1|          2|
    |O_inter_1_3_blk_n                          |   9|          2|    1|          2|
    |W_inter_1_3_blk_n                          |   9|          2|    1|          2|
    |W_inter_2_3_blk_n                          |   9|          2|    1|          2|
    |add_ln207_2_loc_blk_n                      |   9|          2|    1|          2|
    |add_ln207_2_loc_out_blk_n                  |   9|          2|    1|          2|
    |add_ln207_3_loc_blk_n                      |   9|          2|    1|          2|
    |ap_NS_fsm                                  |  41|          8|    1|          8|
    |ap_done                                    |   9|          2|    1|          2|
    |ap_enable_reg_pp0_iter2                    |   9|          2|    1|          2|
    |ap_phi_mux_indvar_flatten13_phi_fu_270_p4  |   9|          2|   96|        192|
    |ap_phi_mux_tmp_phi_fu_282_p4               |   9|          2|   32|         64|
    |col_0_i_i_i_reg_255                        |   9|          2|   31|         62|
    |indvar_flatten13_reg_266                   |   9|          2|   96|        192|
    |p_c_out1_blk_n                             |   9|          2|    1|          2|
    |p_c_out_blk_n                              |   9|          2|    1|          2|
    |p_c_s_blk_n                                |   9|          2|    1|          2|
    |p_chin_out2_blk_n                          |   9|          2|    1|          2|
    |p_chin_out_blk_n                           |   9|          2|    1|          2|
    |p_chin_s_blk_n                             |   9|          2|    1|          2|
    |p_chout_out_blk_n                          |   9|          2|    1|          2|
    |p_chout_s_blk_n                            |   9|          2|    1|          2|
    |p_k_out3_blk_n                             |   9|          2|    1|          2|
    |p_k_out_blk_n                              |   9|          2|    1|          2|
    |p_k_s_blk_n                                |   9|          2|    1|          2|
    |p_r_out_blk_n                              |   9|          2|    1|          2|
    |p_r_s_blk_n                                |   9|          2|    1|          2|
    |real_start                                 |   9|          2|    1|          2|
    |tmp_reg_277                                |   9|          2|   32|         64|
    +-------------------------------------------+----+-----------+-----+-----------+
    |Total                                      | 302|         66|  312|        630|
    +-------------------------------------------+----+-----------+-----+-----------+

    * Register: 
    +--------------------------+----+----+-----+-----------+
    |           Name           | FF | LUT| Bits| Const Bits|
    +--------------------------+----+----+-----+-----------+
    |add_ln119_reg_401         |  31|   0|   31|          0|
    |add_ln122_reg_410         |  96|   0|   96|          0|
    |and_ln130_reg_387         |   1|   0|    1|          0|
    |ap_CS_fsm                 |   7|   0|    7|          0|
    |ap_done_reg               |   1|   0|    1|          0|
    |ap_enable_reg_pp0_iter0   |   1|   0|    1|          0|
    |ap_enable_reg_pp0_iter1   |   1|   0|    1|          0|
    |ap_enable_reg_pp0_iter2   |   1|   0|    1|          0|
    |bound4_reg_392            |  96|   0|   96|          0|
    |col_0_i_i_i_reg_255       |  31|   0|   31|          0|
    |icmp_ln122_reg_406        |   1|   0|    1|          0|
    |indvar_flatten13_reg_266  |  96|   0|   96|          0|
    |p_c_read_reg_372          |  32|   0|   32|          0|
    |p_chin_read_reg_377       |  32|   0|   32|          0|
    |p_k_read_reg_382          |  32|   0|   32|          0|
    |start_once_reg            |   1|   0|    1|          0|
    |tmp_43_reg_420            |  32|   0|   32|          0|
    |tmp_44_reg_415            |  32|   0|   32|          0|
    |tmp_4_i_i_i_reg_425       |  32|   0|   32|          0|
    |tmp_reg_277               |  32|   0|   32|          0|
    |icmp_ln122_reg_406        |  64|  32|    1|          0|
    +--------------------------+----+----+-----+-----------+
    |Total                     | 652|  32|  589|          0|
    +--------------------------+----+----+-----+-----------+



================================================================
== Interface
================================================================
* Summary: 
+----------------------------+-----+-----+------------+---------------------+--------------+
|          RTL Ports         | Dir | Bits|  Protocol  |    Source Object    |    C Type    |
+----------------------------+-----+-----+------------+---------------------+--------------+
|ap_clk                      |  in |    1| ap_ctrl_hs |         PE28        | return value |
|ap_rst                      |  in |    1| ap_ctrl_hs |         PE28        | return value |
|ap_start                    |  in |    1| ap_ctrl_hs |         PE28        | return value |
|start_full_n                |  in |    1| ap_ctrl_hs |         PE28        | return value |
|ap_done                     | out |    1| ap_ctrl_hs |         PE28        | return value |
|ap_continue                 |  in |    1| ap_ctrl_hs |         PE28        | return value |
|ap_idle                     | out |    1| ap_ctrl_hs |         PE28        | return value |
|ap_ready                    | out |    1| ap_ctrl_hs |         PE28        | return value |
|start_out                   | out |    1| ap_ctrl_hs |         PE28        | return value |
|start_write                 | out |    1| ap_ctrl_hs |         PE28        | return value |
|W_inter_1_3_dout            |  in |   32|   ap_fifo  |     W_inter_1_3     |    pointer   |
|W_inter_1_3_empty_n         |  in |    1|   ap_fifo  |     W_inter_1_3     |    pointer   |
|W_inter_1_3_read            | out |    1|   ap_fifo  |     W_inter_1_3     |    pointer   |
|In_inter_1_3_dout           |  in |   32|   ap_fifo  |     In_inter_1_3    |    pointer   |
|In_inter_1_3_empty_n        |  in |    1|   ap_fifo  |     In_inter_1_3    |    pointer   |
|In_inter_1_3_read           | out |    1|   ap_fifo  |     In_inter_1_3    |    pointer   |
|W_inter_2_3_din             | out |   32|   ap_fifo  |     W_inter_2_3     |    pointer   |
|W_inter_2_3_full_n          |  in |    1|   ap_fifo  |     W_inter_2_3     |    pointer   |
|W_inter_2_3_write           | out |    1|   ap_fifo  |     W_inter_2_3     |    pointer   |
|In_inter_1_4_din            | out |   32|   ap_fifo  |     In_inter_1_4    |    pointer   |
|In_inter_1_4_full_n         |  in |    1|   ap_fifo  |     In_inter_1_4    |    pointer   |
|In_inter_1_4_write          | out |    1|   ap_fifo  |     In_inter_1_4    |    pointer   |
|add_ln207_3_loc_dout        |  in |   32|   ap_fifo  |   add_ln207_3_loc   |    pointer   |
|add_ln207_3_loc_empty_n     |  in |    1|   ap_fifo  |   add_ln207_3_loc   |    pointer   |
|add_ln207_3_loc_read        | out |    1|   ap_fifo  |   add_ln207_3_loc   |    pointer   |
|add_ln207_2_loc_dout        |  in |   32|   ap_fifo  |   add_ln207_2_loc   |    pointer   |
|add_ln207_2_loc_empty_n     |  in |    1|   ap_fifo  |   add_ln207_2_loc   |    pointer   |
|add_ln207_2_loc_read        | out |    1|   ap_fifo  |   add_ln207_2_loc   |    pointer   |
|O_inter_1_3_din             | out |   32|   ap_fifo  |     O_inter_1_3     |    pointer   |
|O_inter_1_3_full_n          |  in |    1|   ap_fifo  |     O_inter_1_3     |    pointer   |
|O_inter_1_3_write           | out |    1|   ap_fifo  |     O_inter_1_3     |    pointer   |
|p_c_s_dout                  |  in |   32|   ap_fifo  |        p_c_s        |    pointer   |
|p_c_s_empty_n               |  in |    1|   ap_fifo  |        p_c_s        |    pointer   |
|p_c_s_read                  | out |    1|   ap_fifo  |        p_c_s        |    pointer   |
|p_chin_s_dout               |  in |   32|   ap_fifo  |       p_chin_s      |    pointer   |
|p_chin_s_empty_n            |  in |    1|   ap_fifo  |       p_chin_s      |    pointer   |
|p_chin_s_read               | out |    1|   ap_fifo  |       p_chin_s      |    pointer   |
|p_chout_s_dout              |  in |   32|   ap_fifo  |      p_chout_s      |    pointer   |
|p_chout_s_empty_n           |  in |    1|   ap_fifo  |      p_chout_s      |    pointer   |
|p_chout_s_read              | out |    1|   ap_fifo  |      p_chout_s      |    pointer   |
|p_k_s_dout                  |  in |   32|   ap_fifo  |        p_k_s        |    pointer   |
|p_k_s_empty_n               |  in |    1|   ap_fifo  |        p_k_s        |    pointer   |
|p_k_s_read                  | out |    1|   ap_fifo  |        p_k_s        |    pointer   |
|p_r_s_dout                  |  in |   32|   ap_fifo  |        p_r_s        |    pointer   |
|p_r_s_empty_n               |  in |    1|   ap_fifo  |        p_r_s        |    pointer   |
|p_r_s_read                  | out |    1|   ap_fifo  |        p_r_s        |    pointer   |
|add_ln207_2_loc_out_din     | out |   32|   ap_fifo  | add_ln207_2_loc_out |    pointer   |
|add_ln207_2_loc_out_full_n  |  in |    1|   ap_fifo  | add_ln207_2_loc_out |    pointer   |
|add_ln207_2_loc_out_write   | out |    1|   ap_fifo  | add_ln207_2_loc_out |    pointer   |
|p_c_out_din                 | out |   32|   ap_fifo  |       p_c_out       |    pointer   |
|p_c_out_full_n              |  in |    1|   ap_fifo  |       p_c_out       |    pointer   |
|p_c_out_write               | out |    1|   ap_fifo  |       p_c_out       |    pointer   |
|p_c_out1_din                | out |   32|   ap_fifo  |       p_c_out1      |    pointer   |
|p_c_out1_full_n             |  in |    1|   ap_fifo  |       p_c_out1      |    pointer   |
|p_c_out1_write              | out |    1|   ap_fifo  |       p_c_out1      |    pointer   |
|p_chin_out_din              | out |   32|   ap_fifo  |      p_chin_out     |    pointer   |
|p_chin_out_full_n           |  in |    1|   ap_fifo  |      p_chin_out     |    pointer   |
|p_chin_out_write            | out |    1|   ap_fifo  |      p_chin_out     |    pointer   |
|p_chin_out2_din             | out |   32|   ap_fifo  |     p_chin_out2     |    pointer   |
|p_chin_out2_full_n          |  in |    1|   ap_fifo  |     p_chin_out2     |    pointer   |
|p_chin_out2_write           | out |    1|   ap_fifo  |     p_chin_out2     |    pointer   |
|p_chout_out_din             | out |   32|   ap_fifo  |     p_chout_out     |    pointer   |
|p_chout_out_full_n          |  in |    1|   ap_fifo  |     p_chout_out     |    pointer   |
|p_chout_out_write           | out |    1|   ap_fifo  |     p_chout_out     |    pointer   |
|p_k_out_din                 | out |   32|   ap_fifo  |       p_k_out       |    pointer   |
|p_k_out_full_n              |  in |    1|   ap_fifo  |       p_k_out       |    pointer   |
|p_k_out_write               | out |    1|   ap_fifo  |       p_k_out       |    pointer   |
|p_k_out3_din                | out |   32|   ap_fifo  |       p_k_out3      |    pointer   |
|p_k_out3_full_n             |  in |    1|   ap_fifo  |       p_k_out3      |    pointer   |
|p_k_out3_write              | out |    1|   ap_fifo  |       p_k_out3      |    pointer   |
|p_r_out_din                 | out |   32|   ap_fifo  |       p_r_out       |    pointer   |
|p_r_out_full_n              |  in |    1|   ap_fifo  |       p_r_out       |    pointer   |
|p_r_out_write               | out |    1|   ap_fifo  |       p_r_out       |    pointer   |
+----------------------------+-----+-----+------------+---------------------+--------------+

============================================================
+ Verbose Summary: Synthesis Manager
============================================================
InlineROM: 1
ExposeGlobal: 0
============================================================
+ Verbose Summary: CDFG Model
============================================================
IsTopModel: 0
ResetActiveHigh: 1
IsCombinational: 2
IsDatapathOnly: 0
HasWiredReturn: 1
HasMFsm: 0
HasVarLatency: 1
IsPipeline: 0
IsRtlPipelined: 0
IsInstanceOverlapped: 0
IsDontTouch: 0
HasImplIP: 0
IsGatedGlobalClock: 0

+ Individual pipeline summary: 
  * Pipeline-0: initiation interval (II) = 3, depth = 8


============================================================
+ Verbose Summary: Schedule
============================================================
* Number of FSM states : 12
* Pipeline : 1
  Pipeline-0 : II = 3, D = 8, States = { 4 5 6 7 8 9 10 11 }
* Dataflow Pipeline: 0

* FSM state transitions: 
1 --> 2 
2 --> 3 
3 --> 4 
4 --> 12 5 
5 --> 6 
6 --> 7 
7 --> 8 
8 --> 9 
9 --> 10 
10 --> 11 
11 --> 4 
12 --> 3 

* FSM state operations: 

State 1 <SV = 0> <Delay = 3.67>
ST_1 : Operation 13 [1/1] (1.83ns)   --->   "%add_ln207_2_loc_read = call i32 @_ssdm_op_Read.ap_fifo.i32P(i32* %add_ln207_2_loc)" [conv_v1.cpp:207]   --->   Operation 13 'read' 'add_ln207_2_loc_read' <Predicate = true> <Delay = 1.83> <Core = "FIFO">   --->   Core 32 'FIFO' <Latency = 0> <II = 1> <Delay = 1.83> <Storage> <Opcode : 'read' 'write' 'nbread' 'nbwrite'> <Ports = 0> <Width = 32> <Depth = 2> <FIFO>
ST_1 : Operation 14 [1/1] (1.83ns)   --->   "%p_c_read = call i32 @_ssdm_op_Read.ap_fifo.i32P(i32* %p_c_s)" [conv_v1.cpp:119->conv_v1.cpp:207]   --->   Operation 14 'read' 'p_c_read' <Predicate = true> <Delay = 1.83> <Core = "FIFO">   --->   Core 32 'FIFO' <Latency = 0> <II = 1> <Delay = 1.83> <Storage> <Opcode : 'read' 'write' 'nbread' 'nbwrite'> <Ports = 0> <Width = 32> <Depth = 2> <FIFO>
ST_1 : Operation 15 [1/1] (1.83ns)   --->   "%p_chin_read = call i32 @_ssdm_op_Read.ap_fifo.i32P(i32* %p_chin_s)" [conv_v1.cpp:122->conv_v1.cpp:207]   --->   Operation 15 'read' 'p_chin_read' <Predicate = true> <Delay = 1.83> <Core = "FIFO">   --->   Core 32 'FIFO' <Latency = 0> <II = 1> <Delay = 1.83> <Storage> <Opcode : 'read' 'write' 'nbread' 'nbwrite'> <Ports = 0> <Width = 32> <Depth = 2> <FIFO>
ST_1 : Operation 16 [1/1] (1.83ns)   --->   "%p_chout_read = call i32 @_ssdm_op_Read.ap_fifo.i32P(i32* %p_chout_s)" [conv_v1.cpp:130->conv_v1.cpp:207]   --->   Operation 16 'read' 'p_chout_read' <Predicate = true> <Delay = 1.83> <Core = "FIFO">   --->   Core 32 'FIFO' <Latency = 0> <II = 1> <Delay = 1.83> <Storage> <Opcode : 'read' 'write' 'nbread' 'nbwrite'> <Ports = 0> <Width = 32> <Depth = 2> <FIFO>
ST_1 : Operation 17 [1/1] (1.83ns)   --->   "%p_k_read = call i32 @_ssdm_op_Read.ap_fifo.i32P(i32* %p_k_s)" [conv_v1.cpp:124->conv_v1.cpp:207]   --->   Operation 17 'read' 'p_k_read' <Predicate = true> <Delay = 1.83> <Core = "FIFO">   --->   Core 32 'FIFO' <Latency = 0> <II = 1> <Delay = 1.83> <Storage> <Opcode : 'read' 'write' 'nbread' 'nbwrite'> <Ports = 0> <Width = 32> <Depth = 2> <FIFO>
ST_1 : Operation 18 [1/1] (1.83ns)   --->   "%p_r_read = call i32 @_ssdm_op_Read.ap_fifo.i32P(i32* %p_r_s)" [conv_v1.cpp:130->conv_v1.cpp:207]   --->   Operation 18 'read' 'p_r_read' <Predicate = true> <Delay = 1.83> <Core = "FIFO">   --->   Core 32 'FIFO' <Latency = 0> <II = 1> <Delay = 1.83> <Storage> <Opcode : 'read' 'write' 'nbread' 'nbwrite'> <Ports = 0> <Width = 32> <Depth = 2> <FIFO>
ST_1 : Operation 19 [1/1] (1.83ns)   --->   "call void @_ssdm_op_Write.ap_fifo.i32P(i32* %add_ln207_2_loc_out, i32 %add_ln207_2_loc_read)" [conv_v1.cpp:207]   --->   Operation 19 'write' <Predicate = true> <Delay = 1.83> <Core = "FIFO">   --->   Core 32 'FIFO' <Latency = 0> <II = 1> <Delay = 1.83> <Storage> <Opcode : 'read' 'write' 'nbread' 'nbwrite'> <Ports = 0> <Width = 32> <Depth = 2> <FIFO>
ST_1 : Operation 20 [1/1] (1.83ns)   --->   "call void @_ssdm_op_Write.ap_fifo.i32P(i32* %p_c_out, i32 %p_c_read)" [conv_v1.cpp:119->conv_v1.cpp:207]   --->   Operation 20 'write' <Predicate = true> <Delay = 1.83> <Core = "FIFO">   --->   Core 32 'FIFO' <Latency = 0> <II = 1> <Delay = 1.83> <Storage> <Opcode : 'read' 'write' 'nbread' 'nbwrite'> <Ports = 0> <Width = 32> <Depth = 2> <FIFO>
ST_1 : Operation 21 [1/1] (1.83ns)   --->   "call void @_ssdm_op_Write.ap_fifo.i32P(i32* %p_c_out1, i32 %p_c_read)" [conv_v1.cpp:119->conv_v1.cpp:207]   --->   Operation 21 'write' <Predicate = true> <Delay = 1.83> <Core = "FIFO">   --->   Core 32 'FIFO' <Latency = 0> <II = 1> <Delay = 1.83> <Storage> <Opcode : 'read' 'write' 'nbread' 'nbwrite'> <Ports = 0> <Width = 32> <Depth = 2> <FIFO>
ST_1 : Operation 22 [1/1] (1.83ns)   --->   "call void @_ssdm_op_Write.ap_fifo.i32P(i32* %p_chin_out, i32 %p_chin_read)" [conv_v1.cpp:122->conv_v1.cpp:207]   --->   Operation 22 'write' <Predicate = true> <Delay = 1.83> <Core = "FIFO">   --->   Core 32 'FIFO' <Latency = 0> <II = 1> <Delay = 1.83> <Storage> <Opcode : 'read' 'write' 'nbread' 'nbwrite'> <Ports = 0> <Width = 32> <Depth = 2> <FIFO>
ST_1 : Operation 23 [1/1] (1.83ns)   --->   "call void @_ssdm_op_Write.ap_fifo.i32P(i32* %p_chin_out2, i32 %p_chin_read)" [conv_v1.cpp:122->conv_v1.cpp:207]   --->   Operation 23 'write' <Predicate = true> <Delay = 1.83> <Core = "FIFO">   --->   Core 32 'FIFO' <Latency = 0> <II = 1> <Delay = 1.83> <Storage> <Opcode : 'read' 'write' 'nbread' 'nbwrite'> <Ports = 0> <Width = 32> <Depth = 2> <FIFO>
ST_1 : Operation 24 [1/1] (1.83ns)   --->   "call void @_ssdm_op_Write.ap_fifo.i32P(i32* %p_chout_out, i32 %p_chout_read)" [conv_v1.cpp:130->conv_v1.cpp:207]   --->   Operation 24 'write' <Predicate = true> <Delay = 1.83> <Core = "FIFO">   --->   Core 32 'FIFO' <Latency = 0> <II = 1> <Delay = 1.83> <Storage> <Opcode : 'read' 'write' 'nbread' 'nbwrite'> <Ports = 0> <Width = 32> <Depth = 2> <FIFO>
ST_1 : Operation 25 [1/1] (1.83ns)   --->   "call void @_ssdm_op_Write.ap_fifo.i32P(i32* %p_k_out, i32 %p_k_read)" [conv_v1.cpp:124->conv_v1.cpp:207]   --->   Operation 25 'write' <Predicate = true> <Delay = 1.83> <Core = "FIFO">   --->   Core 32 'FIFO' <Latency = 0> <II = 1> <Delay = 1.83> <Storage> <Opcode : 'read' 'write' 'nbread' 'nbwrite'> <Ports = 0> <Width = 32> <Depth = 2> <FIFO>
ST_1 : Operation 26 [1/1] (1.83ns)   --->   "call void @_ssdm_op_Write.ap_fifo.i32P(i32* %p_k_out3, i32 %p_k_read)" [conv_v1.cpp:124->conv_v1.cpp:207]   --->   Operation 26 'write' <Predicate = true> <Delay = 1.83> <Core = "FIFO">   --->   Core 32 'FIFO' <Latency = 0> <II = 1> <Delay = 1.83> <Storage> <Opcode : 'read' 'write' 'nbread' 'nbwrite'> <Ports = 0> <Width = 32> <Depth = 2> <FIFO>
ST_1 : Operation 27 [1/1] (1.83ns)   --->   "call void @_ssdm_op_Write.ap_fifo.i32P(i32* %p_r_out, i32 %p_r_read)" [conv_v1.cpp:130->conv_v1.cpp:207]   --->   Operation 27 'write' <Predicate = true> <Delay = 1.83> <Core = "FIFO">   --->   Core 32 'FIFO' <Latency = 0> <II = 1> <Delay = 1.83> <Storage> <Opcode : 'read' 'write' 'nbread' 'nbwrite'> <Ports = 0> <Width = 32> <Depth = 2> <FIFO>
ST_1 : Operation 28 [1/1] (1.83ns)   --->   "%add_ln207_3_loc_read = call i32 @_ssdm_op_Read.ap_fifo.i32P(i32* %add_ln207_3_loc)" [conv_v1.cpp:207]   --->   Operation 28 'read' 'add_ln207_3_loc_read' <Predicate = true> <Delay = 1.83> <Core = "FIFO">   --->   Core 32 'FIFO' <Latency = 0> <II = 1> <Delay = 1.83> <Storage> <Opcode : 'read' 'write' 'nbread' 'nbwrite'> <Ports = 0> <Width = 32> <Depth = 2> <FIFO>
ST_1 : Operation 29 [1/1] (0.99ns)   --->   "%icmp_ln130 = icmp sgt i32 %p_r_read, %add_ln207_3_loc_read" [conv_v1.cpp:130->conv_v1.cpp:207]   --->   Operation 29 'icmp' 'icmp_ln130' <Predicate = true> <Delay = 0.99> <Core = "Cmp">   --->   Core 25 'Cmp' <Latency = 0> <II = 1> <Delay = 0.99> <FuncUnit> <Opcode : 'icmp'> <InPorts = 2> <OutPorts = 1>
ST_1 : Operation 30 [1/1] (0.99ns)   --->   "%icmp_ln130_9 = icmp sgt i32 %p_chout_read, %add_ln207_2_loc_read" [conv_v1.cpp:130->conv_v1.cpp:207]   --->   Operation 30 'icmp' 'icmp_ln130_9' <Predicate = true> <Delay = 0.99> <Core = "Cmp">   --->   Core 25 'Cmp' <Latency = 0> <II = 1> <Delay = 0.99> <FuncUnit> <Opcode : 'icmp'> <InPorts = 2> <OutPorts = 1>
ST_1 : Operation 31 [1/1] (0.28ns)   --->   "%and_ln130 = and i1 %icmp_ln130, %icmp_ln130_9" [conv_v1.cpp:130->conv_v1.cpp:207]   --->   Operation 31 'and' 'and_ln130' <Predicate = true> <Delay = 0.28> <Core = "LogicGate">   --->   Core 27 'LogicGate' <Latency = 0> <II = 1> <Delay = 0.28> <FuncUnit> <Opcode : 'and' 'or' 'xor'> <InPorts = 2> <OutPorts = 1>

State 2 <SV = 1> <Delay = 7.95>
ST_2 : Operation 32 [1/1] (0.00ns)   --->   "call void (...)* @_ssdm_op_SpecInterface(float* %O_inter_1_3, [8 x i8]* @ap_fifo_str, i32 0, i32 0, [1 x i8]* @p_str, i32 0, i32 0, [1 x i8]* @p_str, [1 x i8]* @p_str, [1 x i8]* @p_str, i32 2, i32 2, i32 16, i32 16, [1 x i8]* @p_str, [1 x i8]* @p_str)"   --->   Operation 32 'specinterface' <Predicate = true> <Delay = 0.00>
ST_2 : Operation 33 [1/1] (0.00ns)   --->   "call void (...)* @_ssdm_op_SpecInterface(float* %W_inter_2_3, [8 x i8]* @ap_fifo_str, i32 0, i32 0, [1 x i8]* @p_str, i32 0, i32 0, [1 x i8]* @p_str, [1 x i8]* @p_str, [1 x i8]* @p_str, i32 2, i32 2, i32 16, i32 16, [1 x i8]* @p_str, [1 x i8]* @p_str)"   --->   Operation 33 'specinterface' <Predicate = true> <Delay = 0.00>
ST_2 : Operation 34 [1/1] (0.00ns)   --->   "call void (...)* @_ssdm_op_SpecInterface(float* %W_inter_1_3, [8 x i8]* @ap_fifo_str, i32 0, i32 0, [1 x i8]* @p_str, i32 0, i32 0, [1 x i8]* @p_str, [1 x i8]* @p_str, [1 x i8]* @p_str, i32 2, i32 2, i32 16, i32 16, [1 x i8]* @p_str, [1 x i8]* @p_str)"   --->   Operation 34 'specinterface' <Predicate = true> <Delay = 0.00>
ST_2 : Operation 35 [1/1] (0.00ns)   --->   "call void (...)* @_ssdm_op_SpecInterface(float* %In_inter_1_4, [8 x i8]* @ap_fifo_str, i32 0, i32 0, [1 x i8]* @p_str, i32 0, i32 0, [1 x i8]* @p_str, [1 x i8]* @p_str, [1 x i8]* @p_str, i32 2, i32 2, i32 16, i32 16, [1 x i8]* @p_str, [1 x i8]* @p_str)"   --->   Operation 35 'specinterface' <Predicate = true> <Delay = 0.00>
ST_2 : Operation 36 [1/1] (0.00ns)   --->   "call void (...)* @_ssdm_op_SpecInterface(float* %In_inter_1_3, [8 x i8]* @ap_fifo_str, i32 0, i32 0, [1 x i8]* @p_str, i32 0, i32 0, [1 x i8]* @p_str, [1 x i8]* @p_str, [1 x i8]* @p_str, i32 2, i32 2, i32 16, i32 16, [1 x i8]* @p_str, [1 x i8]* @p_str)"   --->   Operation 36 'specinterface' <Predicate = true> <Delay = 0.00>
ST_2 : Operation 37 [1/1] (0.00ns)   --->   "call void (...)* @_ssdm_op_SpecInterface(i32* %p_r_s, [8 x i8]* @ap_fifo_str, i32 0, i32 0, [1 x i8]* @p_str, i32 0, i32 0, [1 x i8]* @p_str, [1 x i8]* @p_str, [1 x i8]* @p_str, i32 2, i32 2, i32 16, i32 16, [1 x i8]* @p_str, [11 x i8]* @ScalarProp_str)"   --->   Operation 37 'specinterface' <Predicate = true> <Delay = 0.00>
ST_2 : Operation 38 [1/1] (0.00ns)   --->   "call void (...)* @_ssdm_op_SpecInterface(i32* %p_k_s, [8 x i8]* @ap_fifo_str, i32 0, i32 0, [1 x i8]* @p_str, i32 0, i32 0, [1 x i8]* @p_str, [1 x i8]* @p_str, [1 x i8]* @p_str, i32 2, i32 2, i32 16, i32 16, [1 x i8]* @p_str, [11 x i8]* @ScalarProp_str)"   --->   Operation 38 'specinterface' <Predicate = true> <Delay = 0.00>
ST_2 : Operation 39 [1/1] (0.00ns)   --->   "call void (...)* @_ssdm_op_SpecInterface(i32* %p_chout_s, [8 x i8]* @ap_fifo_str, i32 0, i32 0, [1 x i8]* @p_str, i32 0, i32 0, [1 x i8]* @p_str, [1 x i8]* @p_str, [1 x i8]* @p_str, i32 2, i32 2, i32 16, i32 16, [1 x i8]* @p_str, [11 x i8]* @ScalarProp_str)"   --->   Operation 39 'specinterface' <Predicate = true> <Delay = 0.00>
ST_2 : Operation 40 [1/1] (0.00ns)   --->   "call void (...)* @_ssdm_op_SpecInterface(i32* %p_chin_s, [8 x i8]* @ap_fifo_str, i32 0, i32 0, [1 x i8]* @p_str, i32 0, i32 0, [1 x i8]* @p_str, [1 x i8]* @p_str, [1 x i8]* @p_str, i32 2, i32 2, i32 16, i32 16, [1 x i8]* @p_str, [11 x i8]* @ScalarProp_str)"   --->   Operation 40 'specinterface' <Predicate = true> <Delay = 0.00>
ST_2 : Operation 41 [1/1] (0.00ns)   --->   "call void (...)* @_ssdm_op_SpecInterface(i32* %p_c_s, [8 x i8]* @ap_fifo_str, i32 0, i32 0, [1 x i8]* @p_str, i32 0, i32 0, [1 x i8]* @p_str, [1 x i8]* @p_str, [1 x i8]* @p_str, i32 2, i32 2, i32 16, i32 16, [1 x i8]* @p_str, [11 x i8]* @ScalarProp_str)"   --->   Operation 41 'specinterface' <Predicate = true> <Delay = 0.00>
ST_2 : Operation 42 [1/1] (0.00ns)   --->   "call void (...)* @_ssdm_op_SpecInterface(i32* %add_ln207_2_loc, [8 x i8]* @ap_fifo_str, i32 0, i32 0, [1 x i8]* @p_str, i32 0, i32 0, [1 x i8]* @p_str, [1 x i8]* @p_str, [1 x i8]* @p_str, i32 2, i32 2, i32 16, i32 16, [1 x i8]* @p_str, [11 x i8]* @ScalarProp_str)"   --->   Operation 42 'specinterface' <Predicate = true> <Delay = 0.00>
ST_2 : Operation 43 [1/1] (0.00ns)   --->   "call void (...)* @_ssdm_op_SpecInterface(i32* %add_ln207_3_loc, [8 x i8]* @ap_fifo_str, i32 0, i32 0, [1 x i8]* @p_str, i32 0, i32 0, [1 x i8]* @p_str, [1 x i8]* @p_str, [1 x i8]* @p_str, i32 2, i32 2, i32 16, i32 16, [1 x i8]* @p_str, [11 x i8]* @ScalarProp_str)"   --->   Operation 43 'specinterface' <Predicate = true> <Delay = 0.00>
ST_2 : Operation 44 [1/1] (0.00ns)   --->   "call void (...)* @_ssdm_op_SpecInterface(i32* %add_ln207_2_loc_out, [8 x i8]* @ap_fifo_str, i32 0, i32 0, [1 x i8]* @p_str, i32 0, i32 0, [1 x i8]* @p_str, [1 x i8]* @p_str, [1 x i8]* @p_str, i32 2, i32 2, i32 16, i32 16, [1 x i8]* @p_str, [11 x i8]* @ScalarProp_str)"   --->   Operation 44 'specinterface' <Predicate = true> <Delay = 0.00>
ST_2 : Operation 45 [1/1] (0.00ns)   --->   "call void (...)* @_ssdm_op_SpecInterface(i32* %p_c_out, [8 x i8]* @ap_fifo_str, i32 0, i32 0, [1 x i8]* @p_str, i32 0, i32 0, [1 x i8]* @p_str, [1 x i8]* @p_str, [1 x i8]* @p_str, i32 2, i32 2, i32 16, i32 16, [1 x i8]* @p_str, [11 x i8]* @ScalarProp_str)"   --->   Operation 45 'specinterface' <Predicate = true> <Delay = 0.00>
ST_2 : Operation 46 [1/1] (0.00ns)   --->   "call void (...)* @_ssdm_op_SpecInterface(i32* %p_c_out1, [8 x i8]* @ap_fifo_str, i32 0, i32 0, [1 x i8]* @p_str, i32 0, i32 0, [1 x i8]* @p_str, [1 x i8]* @p_str, [1 x i8]* @p_str, i32 2, i32 2, i32 16, i32 16, [1 x i8]* @p_str, [11 x i8]* @ScalarProp_str)"   --->   Operation 46 'specinterface' <Predicate = true> <Delay = 0.00>
ST_2 : Operation 47 [1/1] (0.00ns)   --->   "call void (...)* @_ssdm_op_SpecInterface(i32* %p_chin_out, [8 x i8]* @ap_fifo_str, i32 0, i32 0, [1 x i8]* @p_str, i32 0, i32 0, [1 x i8]* @p_str, [1 x i8]* @p_str, [1 x i8]* @p_str, i32 2, i32 2, i32 16, i32 16, [1 x i8]* @p_str, [11 x i8]* @ScalarProp_str)"   --->   Operation 47 'specinterface' <Predicate = true> <Delay = 0.00>
ST_2 : Operation 48 [1/1] (0.00ns)   --->   "call void (...)* @_ssdm_op_SpecInterface(i32* %p_chin_out2, [8 x i8]* @ap_fifo_str, i32 0, i32 0, [1 x i8]* @p_str, i32 0, i32 0, [1 x i8]* @p_str, [1 x i8]* @p_str, [1 x i8]* @p_str, i32 2, i32 2, i32 16, i32 16, [1 x i8]* @p_str, [11 x i8]* @ScalarProp_str)"   --->   Operation 48 'specinterface' <Predicate = true> <Delay = 0.00>
ST_2 : Operation 49 [1/1] (0.00ns)   --->   "call void (...)* @_ssdm_op_SpecInterface(i32* %p_chout_out, [8 x i8]* @ap_fifo_str, i32 0, i32 0, [1 x i8]* @p_str, i32 0, i32 0, [1 x i8]* @p_str, [1 x i8]* @p_str, [1 x i8]* @p_str, i32 2, i32 2, i32 16, i32 16, [1 x i8]* @p_str, [11 x i8]* @ScalarProp_str)"   --->   Operation 49 'specinterface' <Predicate = true> <Delay = 0.00>
ST_2 : Operation 50 [1/1] (0.00ns)   --->   "call void (...)* @_ssdm_op_SpecInterface(i32* %p_k_out, [8 x i8]* @ap_fifo_str, i32 0, i32 0, [1 x i8]* @p_str, i32 0, i32 0, [1 x i8]* @p_str, [1 x i8]* @p_str, [1 x i8]* @p_str, i32 2, i32 2, i32 16, i32 16, [1 x i8]* @p_str, [11 x i8]* @ScalarProp_str)"   --->   Operation 50 'specinterface' <Predicate = true> <Delay = 0.00>
ST_2 : Operation 51 [1/1] (0.00ns)   --->   "call void (...)* @_ssdm_op_SpecInterface(i32* %p_k_out3, [8 x i8]* @ap_fifo_str, i32 0, i32 0, [1 x i8]* @p_str, i32 0, i32 0, [1 x i8]* @p_str, [1 x i8]* @p_str, [1 x i8]* @p_str, i32 2, i32 2, i32 16, i32 16, [1 x i8]* @p_str, [11 x i8]* @ScalarProp_str)"   --->   Operation 51 'specinterface' <Predicate = true> <Delay = 0.00>
ST_2 : Operation 52 [1/1] (0.00ns)   --->   "call void (...)* @_ssdm_op_SpecInterface(i32* %p_r_out, [8 x i8]* @ap_fifo_str, i32 0, i32 0, [1 x i8]* @p_str, i32 0, i32 0, [1 x i8]* @p_str, [1 x i8]* @p_str, [1 x i8]* @p_str, i32 2, i32 2, i32 16, i32 16, [1 x i8]* @p_str, [11 x i8]* @ScalarProp_str)"   --->   Operation 52 'specinterface' <Predicate = true> <Delay = 0.00>
ST_2 : Operation 53 [1/1] (0.00ns)   --->   "%cast = zext i32 %p_k_read to i64" [conv_v1.cpp:124->conv_v1.cpp:207]   --->   Operation 53 'zext' 'cast' <Predicate = true> <Delay = 0.00>
ST_2 : Operation 54 [1/1] (3.42ns)   --->   "%bound = mul i64 %cast, %cast" [conv_v1.cpp:124->conv_v1.cpp:207]   --->   Operation 54 'mul' 'bound' <Predicate = true> <Delay = 3.42> <Core = "Mul">   --->   Core 16 'Mul' <Latency = 0> <II = 1> <Delay = 3.42> <FuncUnit> <Opcode : 'mul'> <InPorts = 2> <OutPorts = 1>
ST_2 : Operation 55 [1/1] (0.00ns)   --->   "%cast2 = zext i32 %p_chin_read to i96" [conv_v1.cpp:122->conv_v1.cpp:207]   --->   Operation 55 'zext' 'cast2' <Predicate = true> <Delay = 0.00>
ST_2 : Operation 56 [1/1] (0.00ns)   --->   "%cast3 = zext i64 %bound to i96" [conv_v1.cpp:124->conv_v1.cpp:207]   --->   Operation 56 'zext' 'cast3' <Predicate = true> <Delay = 0.00>
ST_2 : Operation 57 [1/1] (4.53ns)   --->   "%bound4 = mul i96 %cast3, %cast2" [conv_v1.cpp:124->conv_v1.cpp:207]   --->   Operation 57 'mul' 'bound4' <Predicate = true> <Delay = 4.53> <Core = "Mul">   --->   Core 16 'Mul' <Latency = 0> <II = 1> <Delay = 3.42> <FuncUnit> <Opcode : 'mul'> <InPorts = 2> <OutPorts = 1>
ST_2 : Operation 58 [1/1] (0.65ns)   --->   "br label %0" [conv_v1.cpp:119->conv_v1.cpp:207]   --->   Operation 58 'br' <Predicate = true> <Delay = 0.65>

State 3 <SV = 2> <Delay = 1.27>
ST_3 : Operation 59 [1/1] (0.00ns)   --->   "%col_0_i_i_i = phi i31 [ 0, %entry ], [ %add_ln119, %hls_label_5_end ]" [conv_v1.cpp:119->conv_v1.cpp:207]   --->   Operation 59 'phi' 'col_0_i_i_i' <Predicate = true> <Delay = 0.00>
ST_3 : Operation 60 [1/1] (0.00ns)   --->   "%col_0_i_i_i_cast = zext i31 %col_0_i_i_i to i32" [conv_v1.cpp:119->conv_v1.cpp:207]   --->   Operation 60 'zext' 'col_0_i_i_i_cast' <Predicate = true> <Delay = 0.00>
ST_3 : Operation 61 [1/1] (0.99ns)   --->   "%icmp_ln119 = icmp slt i32 %col_0_i_i_i_cast, %p_c_read" [conv_v1.cpp:119->conv_v1.cpp:207]   --->   Operation 61 'icmp' 'icmp_ln119' <Predicate = true> <Delay = 0.99> <Core = "Cmp">   --->   Core 25 'Cmp' <Latency = 0> <II = 1> <Delay = 0.99> <FuncUnit> <Opcode : 'icmp'> <InPorts = 2> <OutPorts = 1>
ST_3 : Operation 62 [1/1] (1.00ns)   --->   "%add_ln119 = add i31 %col_0_i_i_i, 1" [conv_v1.cpp:119->conv_v1.cpp:207]   --->   Operation 62 'add' 'add_ln119' <Predicate = true> <Delay = 1.00> <Core = "AddSub">   --->   Core 14 'AddSub' <Latency = 0> <II = 1> <Delay = 1.33> <FuncUnit> <Opcode : 'add' 'sub'> <InPorts = 2> <OutPorts = 1>
ST_3 : Operation 63 [1/1] (0.00ns)   --->   "br i1 %icmp_ln119, label %hls_label_5_begin, label %.exit" [conv_v1.cpp:119->conv_v1.cpp:207]   --->   Operation 63 'br' <Predicate = true> <Delay = 0.00>
ST_3 : Operation 64 [1/1] (0.00ns)   --->   "%tmp_58_i_i_i = call i32 (...)* @_ssdm_op_SpecRegionBegin([12 x i8]* @p_str9)" [conv_v1.cpp:119->conv_v1.cpp:207]   --->   Operation 64 'specregionbegin' 'tmp_58_i_i_i' <Predicate = (icmp_ln119)> <Delay = 0.00>
ST_3 : Operation 65 [1/1] (0.00ns)   --->   "call void (...)* @_ssdm_op_SpecLoopTripCount(i32 1, i32 10, i32 5, [1 x i8]* @p_str) nounwind" [conv_v1.cpp:120->conv_v1.cpp:207]   --->   Operation 65 'speclooptripcount' <Predicate = (icmp_ln119)> <Delay = 0.00>
ST_3 : Operation 66 [1/1] (0.65ns)   --->   "br label %1" [conv_v1.cpp:122->conv_v1.cpp:207]   --->   Operation 66 'br' <Predicate = (icmp_ln119)> <Delay = 0.65>
ST_3 : Operation 67 [1/1] (0.00ns)   --->   "ret void"   --->   Operation 67 'ret' <Predicate = (!icmp_ln119)> <Delay = 0.00>

State 4 <SV = 3> <Delay = 6.43>
ST_4 : Operation 68 [1/1] (0.00ns)   --->   "%indvar_flatten13 = phi i96 [ 0, %hls_label_5_begin ], [ %add_ln122, %Inner ]" [conv_v1.cpp:122->conv_v1.cpp:207]   --->   Operation 68 'phi' 'indvar_flatten13' <Predicate = true> <Delay = 0.00>
ST_4 : Operation 69 [1/1] (0.00ns)   --->   "%tmp = phi float [ 0.000000e+00, %hls_label_5_begin ], [ %O_temp_9, %Inner ]"   --->   Operation 69 'phi' 'tmp' <Predicate = true> <Delay = 0.00>
ST_4 : Operation 70 [1/1] (1.21ns)   --->   "%icmp_ln122 = icmp eq i96 %indvar_flatten13, %bound4" [conv_v1.cpp:122->conv_v1.cpp:207]   --->   Operation 70 'icmp' 'icmp_ln122' <Predicate = true> <Delay = 1.21> <Core = "Cmp">   --->   Core 25 'Cmp' <Latency = 0> <II = 1> <Delay = 0.99> <FuncUnit> <Opcode : 'icmp'> <InPorts = 2> <OutPorts = 1>
ST_4 : Operation 71 [1/1] (1.33ns)   --->   "%add_ln122 = add i96 %indvar_flatten13, 1" [conv_v1.cpp:122->conv_v1.cpp:207]   --->   Operation 71 'add' 'add_ln122' <Predicate = true> <Delay = 1.33> <Core = "AddSub">   --->   Core 14 'AddSub' <Latency = 0> <II = 1> <Delay = 1.33> <FuncUnit> <Opcode : 'add' 'sub'> <InPorts = 2> <OutPorts = 1>
ST_4 : Operation 72 [1/1] (0.00ns)   --->   "br i1 %icmp_ln122, label %hls_label_5_end, label %Inner" [conv_v1.cpp:122->conv_v1.cpp:207]   --->   Operation 72 'br' <Predicate = true> <Delay = 0.00>

State 5 <SV = 4> <Delay = 3.67>
ST_5 : Operation 73 [1/1] (1.83ns)   --->   "%tmp_44 = call float @_ssdm_op_Read.ap_fifo.volatile.floatP(float* %W_inter_1_3)" [conv_v1.cpp:128->conv_v1.cpp:207]   --->   Operation 73 'read' 'tmp_44' <Predicate = (!icmp_ln122)> <Delay = 1.83> <Core = "FIFO">   --->   Core 32 'FIFO' <Latency = 0> <II = 1> <Delay = 1.83> <Storage> <Opcode : 'read' 'write' 'nbread' 'nbwrite'> <Ports = 0> <Width = 32> <Depth = 2> <FIFO>
ST_5 : Operation 74 [1/1] (1.83ns)   --->   "%tmp_43 = call float @_ssdm_op_Read.ap_fifo.volatile.floatP(float* %In_inter_1_3)" [conv_v1.cpp:129->conv_v1.cpp:207]   --->   Operation 74 'read' 'tmp_43' <Predicate = (!icmp_ln122)> <Delay = 1.83> <Core = "FIFO">   --->   Core 32 'FIFO' <Latency = 0> <II = 1> <Delay = 1.83> <Storage> <Opcode : 'read' 'write' 'nbread' 'nbwrite'> <Ports = 0> <Width = 32> <Depth = 2> <FIFO>
ST_5 : Operation 75 [1/1] (1.83ns)   --->   "call void @_ssdm_op_Write.ap_fifo.volatile.floatP(float* %In_inter_1_4, float %tmp_43)" [conv_v1.cpp:134->conv_v1.cpp:207]   --->   Operation 75 'write' <Predicate = (!icmp_ln122)> <Delay = 1.83> <Core = "FIFO">   --->   Core 32 'FIFO' <Latency = 0> <II = 1> <Delay = 1.83> <Storage> <Opcode : 'read' 'write' 'nbread' 'nbwrite'> <Ports = 0> <Width = 32> <Depth = 2> <FIFO>
ST_5 : Operation 76 [1/1] (1.83ns)   --->   "call void @_ssdm_op_Write.ap_fifo.volatile.floatP(float* %W_inter_2_3, float %tmp_44)" [conv_v1.cpp:135->conv_v1.cpp:207]   --->   Operation 76 'write' <Predicate = (!icmp_ln122)> <Delay = 1.83> <Core = "FIFO">   --->   Core 32 'FIFO' <Latency = 0> <II = 1> <Delay = 1.83> <Storage> <Opcode : 'read' 'write' 'nbread' 'nbwrite'> <Ports = 0> <Width = 32> <Depth = 2> <FIFO>

State 6 <SV = 5> <Delay = 8.41>
ST_6 : Operation 77 [2/2] (8.41ns)   --->   "%tmp_4_i_i_i = fmul float %tmp_43, %tmp_44" [conv_v1.cpp:131->conv_v1.cpp:207]   --->   Operation 77 'fmul' 'tmp_4_i_i_i' <Predicate = (!icmp_ln122 & and_ln130)> <Delay = 8.41> <Core = "FMul">   --->   Core 106 'FMul' <Latency = 1> <II = 1> <Delay = 8.41> <FuncUnit> <Opcode : 'fmul'> <InPorts = 2> <OutPorts = 1>

State 7 <SV = 6> <Delay = 8.41>
ST_7 : Operation 78 [1/2] (8.41ns)   --->   "%tmp_4_i_i_i = fmul float %tmp_43, %tmp_44" [conv_v1.cpp:131->conv_v1.cpp:207]   --->   Operation 78 'fmul' 'tmp_4_i_i_i' <Predicate = (!icmp_ln122 & and_ln130)> <Delay = 8.41> <Core = "FMul">   --->   Core 106 'FMul' <Latency = 1> <II = 1> <Delay = 8.41> <FuncUnit> <Opcode : 'fmul'> <InPorts = 2> <OutPorts = 1>

State 8 <SV = 7> <Delay = 6.43>
ST_8 : Operation 79 [4/4] (6.43ns)   --->   "%O_temp = fadd float %tmp, %tmp_4_i_i_i" [conv_v1.cpp:131->conv_v1.cpp:207]   --->   Operation 79 'fadd' 'O_temp' <Predicate = (!icmp_ln122 & and_ln130)> <Delay = 6.43> <Core = "FAddSub">   --->   Core 105 'FAddSub' <Latency = 3> <II = 1> <Delay = 6.43> <FuncUnit> <Opcode : 'fadd' 'fsub'> <InPorts = 2> <OutPorts = 1>

State 9 <SV = 8> <Delay = 6.43>
ST_9 : Operation 80 [3/4] (6.43ns)   --->   "%O_temp = fadd float %tmp, %tmp_4_i_i_i" [conv_v1.cpp:131->conv_v1.cpp:207]   --->   Operation 80 'fadd' 'O_temp' <Predicate = (!icmp_ln122 & and_ln130)> <Delay = 6.43> <Core = "FAddSub">   --->   Core 105 'FAddSub' <Latency = 3> <II = 1> <Delay = 6.43> <FuncUnit> <Opcode : 'fadd' 'fsub'> <InPorts = 2> <OutPorts = 1>

State 10 <SV = 9> <Delay = 6.43>
ST_10 : Operation 81 [2/4] (6.43ns)   --->   "%O_temp = fadd float %tmp, %tmp_4_i_i_i" [conv_v1.cpp:131->conv_v1.cpp:207]   --->   Operation 81 'fadd' 'O_temp' <Predicate = (!icmp_ln122 & and_ln130)> <Delay = 6.43> <Core = "FAddSub">   --->   Core 105 'FAddSub' <Latency = 3> <II = 1> <Delay = 6.43> <FuncUnit> <Opcode : 'fadd' 'fsub'> <InPorts = 2> <OutPorts = 1>

State 11 <SV = 10> <Delay = 13.3>
ST_11 : Operation 82 [1/1] (0.00ns)   --->   "call void (...)* @_ssdm_op_SpecLoopName([10 x i8]* @L_L_Inner_str)"   --->   Operation 82 'specloopname' <Predicate = (!icmp_ln122)> <Delay = 0.00>
ST_11 : Operation 83 [1/1] (0.00ns)   --->   "call void (...)* @_ssdm_op_SpecLoopTripCount(i64 1, i64 1000, i64 125)"   --->   Operation 83 'speclooptripcount' <Predicate = (!icmp_ln122)> <Delay = 0.00>
ST_11 : Operation 84 [1/1] (0.00ns)   --->   "call void (...)* @_ssdm_op_SpecLoopName([8 x i8]* @L_Inner_str)"   --->   Operation 84 'specloopname' <Predicate = (!icmp_ln122)> <Delay = 0.00>
ST_11 : Operation 85 [1/1] (0.00ns)   --->   "call void (...)* @_ssdm_op_SpecLoopName([6 x i8]* @p_str4) nounwind" [conv_v1.cpp:126->conv_v1.cpp:207]   --->   Operation 85 'specloopname' <Predicate = (!icmp_ln122)> <Delay = 0.00>
ST_11 : Operation 86 [1/1] (0.00ns)   --->   "%tmp_61_i_i_i = call i32 (...)* @_ssdm_op_SpecRegionBegin([6 x i8]* @p_str4)" [conv_v1.cpp:126->conv_v1.cpp:207]   --->   Operation 86 'specregionbegin' 'tmp_61_i_i_i' <Predicate = (!icmp_ln122)> <Delay = 0.00>
ST_11 : Operation 87 [1/1] (0.00ns)   --->   "call void (...)* @_ssdm_op_SpecPipeline(i32 -1, i32 1, i32 1, i32 0, [1 x i8]* @p_str) nounwind" [conv_v1.cpp:127->conv_v1.cpp:207]   --->   Operation 87 'specpipeline' <Predicate = (!icmp_ln122)> <Delay = 0.00>
ST_11 : Operation 88 [1/4] (6.43ns)   --->   "%O_temp = fadd float %tmp, %tmp_4_i_i_i" [conv_v1.cpp:131->conv_v1.cpp:207]   --->   Operation 88 'fadd' 'O_temp' <Predicate = (!icmp_ln122 & and_ln130)> <Delay = 6.43> <Core = "FAddSub">   --->   Core 105 'FAddSub' <Latency = 3> <II = 1> <Delay = 6.43> <FuncUnit> <Opcode : 'fadd' 'fsub'> <InPorts = 2> <OutPorts = 1>
ST_11 : Operation 89 [1/1] (0.44ns)   --->   "%O_temp_9 = select i1 %and_ln130, float %O_temp, float %tmp" [conv_v1.cpp:130->conv_v1.cpp:207]   --->   Operation 89 'select' 'O_temp_9' <Predicate = (!icmp_ln122)> <Delay = 0.44> <Core = "Sel">   --->   Core 26 'Sel' <Latency = 0> <II = 1> <Delay = 0.44> <FuncUnit> <Opcode : 'select'> <InPorts = 3> <OutPorts = 1>
ST_11 : Operation 90 [1/1] (0.00ns)   --->   "%empty = call i32 (...)* @_ssdm_op_SpecRegionEnd([6 x i8]* @p_str4, i32 %tmp_61_i_i_i)" [conv_v1.cpp:136->conv_v1.cpp:207]   --->   Operation 90 'specregionend' 'empty' <Predicate = (!icmp_ln122)> <Delay = 0.00>
ST_11 : Operation 91 [1/1] (0.00ns)   --->   "br label %1" [conv_v1.cpp:126->conv_v1.cpp:207]   --->   Operation 91 'br' <Predicate = (!icmp_ln122)> <Delay = 0.00>

State 12 <SV = 4> <Delay = 1.83>
ST_12 : Operation 92 [1/1] (1.83ns)   --->   "call void @_ssdm_op_Write.ap_fifo.volatile.floatP(float* %O_inter_1_3, float %tmp)" [conv_v1.cpp:139->conv_v1.cpp:207]   --->   Operation 92 'write' <Predicate = true> <Delay = 1.83> <Core = "FIFO">   --->   Core 32 'FIFO' <Latency = 0> <II = 1> <Delay = 1.83> <Storage> <Opcode : 'read' 'write' 'nbread' 'nbwrite'> <Ports = 0> <Width = 32> <Depth = 2> <FIFO>
ST_12 : Operation 93 [1/1] (0.00ns)   --->   "%empty_232 = call i32 (...)* @_ssdm_op_SpecRegionEnd([12 x i8]* @p_str9, i32 %tmp_58_i_i_i)" [conv_v1.cpp:142->conv_v1.cpp:207]   --->   Operation 93 'specregionend' 'empty_232' <Predicate = true> <Delay = 0.00>
ST_12 : Operation 94 [1/1] (0.00ns)   --->   "br label %0" [conv_v1.cpp:119->conv_v1.cpp:207]   --->   Operation 94 'br' <Predicate = true> <Delay = 0.00>


============================================================
+ Verbose Summary: Binding
============================================================
STG Binding: 
---------------- STG Properties BEGIN ----------------
- Is combinational: 0
- Is one-state seq: 0
- Is datapath-only: 0
- Is pipelined: 0
- Is top level: 0
Port [ Return ] is wired: 1; IO mode=ap_ctrl_hs:ce=0
Port [ W_inter_1_3]:  wired=1; compound=1; hidden=0; nouse=0; global=0; static=0; extern=0; dir=0; type=3; pingpong=0; private_global=0; IO mode=ap_fifo:ce=0
Port [ In_inter_1_3]:  wired=1; compound=1; hidden=0; nouse=0; global=0; static=0; extern=0; dir=0; type=3; pingpong=0; private_global=0; IO mode=ap_fifo:ce=0
Port [ W_inter_2_3]:  wired=1; compound=1; hidden=0; nouse=0; global=0; static=0; extern=0; dir=1; type=3; pingpong=0; private_global=0; IO mode=ap_fifo:ce=0
Port [ In_inter_1_4]:  wired=1; compound=1; hidden=0; nouse=0; global=0; static=0; extern=0; dir=1; type=3; pingpong=0; private_global=0; IO mode=ap_fifo:ce=0
Port [ add_ln207_3_loc]:  wired=1; compound=1; hidden=0; nouse=0; global=0; static=0; extern=0; dir=0; type=3; pingpong=0; private_global=0; IO mode=ap_fifo:ce=0
Port [ add_ln207_2_loc]:  wired=1; compound=1; hidden=0; nouse=0; global=0; static=0; extern=0; dir=0; type=3; pingpong=0; private_global=0; IO mode=ap_fifo:ce=0
Port [ O_inter_1_3]:  wired=1; compound=1; hidden=0; nouse=0; global=0; static=0; extern=0; dir=1; type=3; pingpong=0; private_global=0; IO mode=ap_fifo:ce=0
Port [ p_c_s]:  wired=1; compound=1; hidden=0; nouse=0; global=0; static=0; extern=0; dir=0; type=3; pingpong=0; private_global=0; IO mode=ap_fifo:ce=0
Port [ p_chin_s]:  wired=1; compound=1; hidden=0; nouse=0; global=0; static=0; extern=0; dir=0; type=3; pingpong=0; private_global=0; IO mode=ap_fifo:ce=0
Port [ p_chout_s]:  wired=1; compound=1; hidden=0; nouse=0; global=0; static=0; extern=0; dir=0; type=3; pingpong=0; private_global=0; IO mode=ap_fifo:ce=0
Port [ p_k_s]:  wired=1; compound=1; hidden=0; nouse=0; global=0; static=0; extern=0; dir=0; type=3; pingpong=0; private_global=0; IO mode=ap_fifo:ce=0
Port [ p_r_s]:  wired=1; compound=1; hidden=0; nouse=0; global=0; static=0; extern=0; dir=0; type=3; pingpong=0; private_global=0; IO mode=ap_fifo:ce=0
Port [ add_ln207_2_loc_out]:  wired=1; compound=1; hidden=0; nouse=0; global=0; static=0; extern=0; dir=1; type=3; pingpong=0; private_global=0; IO mode=ap_fifo:ce=0
Port [ p_c_out]:  wired=1; compound=1; hidden=0; nouse=0; global=0; static=0; extern=0; dir=1; type=3; pingpong=0; private_global=0; IO mode=ap_fifo:ce=0
Port [ p_c_out1]:  wired=1; compound=1; hidden=0; nouse=0; global=0; static=0; extern=0; dir=1; type=3; pingpong=0; private_global=0; IO mode=ap_fifo:ce=0
Port [ p_chin_out]:  wired=1; compound=1; hidden=0; nouse=0; global=0; static=0; extern=0; dir=1; type=3; pingpong=0; private_global=0; IO mode=ap_fifo:ce=0
Port [ p_chin_out2]:  wired=1; compound=1; hidden=0; nouse=0; global=0; static=0; extern=0; dir=1; type=3; pingpong=0; private_global=0; IO mode=ap_fifo:ce=0
Port [ p_chout_out]:  wired=1; compound=1; hidden=0; nouse=0; global=0; static=0; extern=0; dir=1; type=3; pingpong=0; private_global=0; IO mode=ap_fifo:ce=0
Port [ p_k_out]:  wired=1; compound=1; hidden=0; nouse=0; global=0; static=0; extern=0; dir=1; type=3; pingpong=0; private_global=0; IO mode=ap_fifo:ce=0
Port [ p_k_out3]:  wired=1; compound=1; hidden=0; nouse=0; global=0; static=0; extern=0; dir=1; type=3; pingpong=0; private_global=0; IO mode=ap_fifo:ce=0
Port [ p_r_out]:  wired=1; compound=1; hidden=0; nouse=0; global=0; static=0; extern=0; dir=1; type=3; pingpong=0; private_global=0; IO mode=ap_fifo:ce=0
---------------- STG Properties END ------------------

---------------- Datapath Model BEGIN ----------------

<LifeTime>
<method=bitvector/>
add_ln207_2_loc_read    (read             ) [ 0000000000000]
p_c_read                (read             ) [ 0011111111111]
p_chin_read             (read             ) [ 0010000000000]
p_chout_read            (read             ) [ 0000000000000]
p_k_read                (read             ) [ 0010000000000]
p_r_read                (read             ) [ 0000000000000]
write_ln207             (write            ) [ 0000000000000]
write_ln119             (write            ) [ 0000000000000]
write_ln119             (write            ) [ 0000000000000]
write_ln122             (write            ) [ 0000000000000]
write_ln122             (write            ) [ 0000000000000]
write_ln130             (write            ) [ 0000000000000]
write_ln124             (write            ) [ 0000000000000]
write_ln124             (write            ) [ 0000000000000]
write_ln130             (write            ) [ 0000000000000]
add_ln207_3_loc_read    (read             ) [ 0000000000000]
icmp_ln130              (icmp             ) [ 0000000000000]
icmp_ln130_9            (icmp             ) [ 0000000000000]
and_ln130               (and              ) [ 0011111111111]
specinterface_ln0       (specinterface    ) [ 0000000000000]
specinterface_ln0       (specinterface    ) [ 0000000000000]
specinterface_ln0       (specinterface    ) [ 0000000000000]
specinterface_ln0       (specinterface    ) [ 0000000000000]
specinterface_ln0       (specinterface    ) [ 0000000000000]
specinterface_ln0       (specinterface    ) [ 0000000000000]
specinterface_ln0       (specinterface    ) [ 0000000000000]
specinterface_ln0       (specinterface    ) [ 0000000000000]
specinterface_ln0       (specinterface    ) [ 0000000000000]
specinterface_ln0       (specinterface    ) [ 0000000000000]
specinterface_ln0       (specinterface    ) [ 0000000000000]
specinterface_ln0       (specinterface    ) [ 0000000000000]
specinterface_ln0       (specinterface    ) [ 0000000000000]
specinterface_ln0       (specinterface    ) [ 0000000000000]
specinterface_ln0       (specinterface    ) [ 0000000000000]
specinterface_ln0       (specinterface    ) [ 0000000000000]
specinterface_ln0       (specinterface    ) [ 0000000000000]
specinterface_ln0       (specinterface    ) [ 0000000000000]
specinterface_ln0       (specinterface    ) [ 0000000000000]
specinterface_ln0       (specinterface    ) [ 0000000000000]
specinterface_ln0       (specinterface    ) [ 0000000000000]
cast                    (zext             ) [ 0000000000000]
bound                   (mul              ) [ 0000000000000]
cast2                   (zext             ) [ 0000000000000]
cast3                   (zext             ) [ 0000000000000]
bound4                  (mul              ) [ 0001111111111]
br_ln119                (br               ) [ 0011111111111]
col_0_i_i_i             (phi              ) [ 0001000000000]
col_0_i_i_i_cast        (zext             ) [ 0000000000000]
icmp_ln119              (icmp             ) [ 0001111111111]
add_ln119               (add              ) [ 0011111111111]
br_ln119                (br               ) [ 0000000000000]
tmp_58_i_i_i            (specregionbegin  ) [ 0000111111111]
speclooptripcount_ln120 (speclooptripcount) [ 0000000000000]
br_ln122                (br               ) [ 0001111111111]
ret_ln0                 (ret              ) [ 0000000000000]
indvar_flatten13        (phi              ) [ 0000100000000]
tmp                     (phi              ) [ 0000111111111]
icmp_ln122              (icmp             ) [ 0001111111111]
add_ln122               (add              ) [ 0001111111111]
br_ln122                (br               ) [ 0000000000000]
tmp_44                  (read             ) [ 0000101100000]
tmp_43                  (read             ) [ 0000101100000]
write_ln134             (write            ) [ 0000000000000]
write_ln135             (write            ) [ 0000000000000]
tmp_4_i_i_i             (fmul             ) [ 0000111011110]
specloopname_ln0        (specloopname     ) [ 0000000000000]
speclooptripcount_ln0   (speclooptripcount) [ 0000000000000]
specloopname_ln0        (specloopname     ) [ 0000000000000]
specloopname_ln126      (specloopname     ) [ 0000000000000]
tmp_61_i_i_i            (specregionbegin  ) [ 0000000000000]
specpipeline_ln127      (specpipeline     ) [ 0000000000000]
O_temp                  (fadd             ) [ 0000000000000]
O_temp_9                (select           ) [ 0001111111111]
empty                   (specregionend    ) [ 0000000000000]
br_ln126                (br               ) [ 0001111111111]
write_ln139             (write            ) [ 0000000000000]
empty_232               (specregionend    ) [ 0000000000000]
br_ln119                (br               ) [ 0011111111111]
</LifeTime>

<model>

<comp_list>
<comp id="0" class="1000" name="W_inter_1_3">
<pin_list>
<pin id="1" dir="1" index="0" bw="1" slack="0"/>
</pin_list>
<bind>
<StgValue><ssdm name="W_inter_1_3"/></StgValue>
</bind>
</comp>

<comp id="2" class="1000" name="In_inter_1_3">
<pin_list>
<pin id="3" dir="1" index="0" bw="1" slack="0"/>
</pin_list>
<bind>
<StgValue><ssdm name="In_inter_1_3"/></StgValue>
</bind>
</comp>

<comp id="4" class="1000" name="W_inter_2_3">
<pin_list>
<pin id="5" dir="1" index="0" bw="1" slack="0"/>
</pin_list>
<bind>
<StgValue><ssdm name="W_inter_2_3"/></StgValue>
</bind>
</comp>

<comp id="6" class="1000" name="In_inter_1_4">
<pin_list>
<pin id="7" dir="1" index="0" bw="1" slack="0"/>
</pin_list>
<bind>
<StgValue><ssdm name="In_inter_1_4"/></StgValue>
</bind>
</comp>

<comp id="8" class="1000" name="add_ln207_3_loc">
<pin_list>
<pin id="9" dir="1" index="0" bw="1" slack="0"/>
</pin_list>
<bind>
<StgValue><ssdm name="add_ln207_3_loc"/></StgValue>
</bind>
</comp>

<comp id="10" class="1000" name="add_ln207_2_loc">
<pin_list>
<pin id="11" dir="1" index="0" bw="1" slack="0"/>
</pin_list>
<bind>
<StgValue><ssdm name="add_ln207_2_loc"/></StgValue>
</bind>
</comp>

<comp id="12" class="1000" name="O_inter_1_3">
<pin_list>
<pin id="13" dir="1" index="0" bw="1" slack="0"/>
</pin_list>
<bind>
<StgValue><ssdm name="O_inter_1_3"/></StgValue>
</bind>
</comp>

<comp id="14" class="1000" name="p_c_s">
<pin_list>
<pin id="15" dir="1" index="0" bw="1" slack="0"/>
</pin_list>
<bind>
<StgValue><ssdm name="p_c_s"/></StgValue>
</bind>
</comp>

<comp id="16" class="1000" name="p_chin_s">
<pin_list>
<pin id="17" dir="1" index="0" bw="1" slack="0"/>
</pin_list>
<bind>
<StgValue><ssdm name="p_chin_s"/></StgValue>
</bind>
</comp>

<comp id="18" class="1000" name="p_chout_s">
<pin_list>
<pin id="19" dir="1" index="0" bw="1" slack="0"/>
</pin_list>
<bind>
<StgValue><ssdm name="p_chout_s"/></StgValue>
</bind>
</comp>

<comp id="20" class="1000" name="p_k_s">
<pin_list>
<pin id="21" dir="1" index="0" bw="1" slack="0"/>
</pin_list>
<bind>
<StgValue><ssdm name="p_k_s"/></StgValue>
</bind>
</comp>

<comp id="22" class="1000" name="p_r_s">
<pin_list>
<pin id="23" dir="1" index="0" bw="1" slack="0"/>
</pin_list>
<bind>
<StgValue><ssdm name="p_r_s"/></StgValue>
</bind>
</comp>

<comp id="24" class="1000" name="add_ln207_2_loc_out">
<pin_list>
<pin id="25" dir="1" index="0" bw="1" slack="0"/>
</pin_list>
<bind>
<StgValue><ssdm name="add_ln207_2_loc_out"/></StgValue>
</bind>
</comp>

<comp id="26" class="1000" name="p_c_out">
<pin_list>
<pin id="27" dir="1" index="0" bw="1" slack="0"/>
</pin_list>
<bind>
<StgValue><ssdm name="p_c_out"/></StgValue>
</bind>
</comp>

<comp id="28" class="1000" name="p_c_out1">
<pin_list>
<pin id="29" dir="1" index="0" bw="1" slack="0"/>
</pin_list>
<bind>
<StgValue><ssdm name="p_c_out1"/></StgValue>
</bind>
</comp>

<comp id="30" class="1000" name="p_chin_out">
<pin_list>
<pin id="31" dir="1" index="0" bw="1" slack="0"/>
</pin_list>
<bind>
<StgValue><ssdm name="p_chin_out"/></StgValue>
</bind>
</comp>

<comp id="32" class="1000" name="p_chin_out2">
<pin_list>
<pin id="33" dir="1" index="0" bw="1" slack="0"/>
</pin_list>
<bind>
<StgValue><ssdm name="p_chin_out2"/></StgValue>
</bind>
</comp>

<comp id="34" class="1000" name="p_chout_out">
<pin_list>
<pin id="35" dir="1" index="0" bw="1" slack="0"/>
</pin_list>
<bind>
<StgValue><ssdm name="p_chout_out"/></StgValue>
</bind>
</comp>

<comp id="36" class="1000" name="p_k_out">
<pin_list>
<pin id="37" dir="1" index="0" bw="1" slack="0"/>
</pin_list>
<bind>
<StgValue><ssdm name="p_k_out"/></StgValue>
</bind>
</comp>

<comp id="38" class="1000" name="p_k_out3">
<pin_list>
<pin id="39" dir="1" index="0" bw="1" slack="0"/>
</pin_list>
<bind>
<StgValue><ssdm name="p_k_out3"/></StgValue>
</bind>
</comp>

<comp id="40" class="1000" name="p_r_out">
<pin_list>
<pin id="41" dir="1" index="0" bw="1" slack="0"/>
</pin_list>
<bind>
<StgValue><ssdm name="p_r_out"/></StgValue>
</bind>
</comp>

<comp id="42" class="1001" name="const_42">
<pin_list>
<pin id="43" dir="1" index="0" bw="1" slack="0"/>
</pin_list>
<bind>
<StgValue><ssdm name="_ssdm_op_Read.ap_fifo.i32P"/></StgValue>
</bind>
</comp>

<comp id="44" class="1001" name="const_44">
<pin_list>
<pin id="45" dir="1" index="0" bw="1" slack="0"/>
</pin_list>
<bind>
<StgValue><ssdm name="_ssdm_op_Write.ap_fifo.i32P"/></StgValue>
</bind>
</comp>

<comp id="46" class="1001" name="const_46">
<pin_list>
<pin id="47" dir="1" index="0" bw="1" slack="2147483647"/>
</pin_list>
<bind>
<StgValue><ssdm name="_ssdm_op_SpecInterface"/></StgValue>
</bind>
</comp>

<comp id="48" class="1001" name="const_48">
<pin_list>
<pin id="49" dir="1" index="0" bw="1" slack="2147483647"/>
</pin_list>
<bind>
<StgValue><ssdm name="ap_fifo_str"/></StgValue>
</bind>
</comp>

<comp id="50" class="1001" name="const_50">
<pin_list>
<pin id="51" dir="1" index="0" bw="1" slack="2147483647"/>
</pin_list>
<bind>
<StgValue><ssdm name=""/></StgValue>
</bind>
</comp>

<comp id="52" class="1001" name="const_52">
<pin_list>
<pin id="53" dir="1" index="0" bw="1" slack="2147483647"/>
</pin_list>
<bind>
<StgValue><ssdm name="p_str"/></StgValue>
</bind>
</comp>

<comp id="54" class="1001" name="const_54">
<pin_list>
<pin id="55" dir="1" index="0" bw="1" slack="2147483647"/>
</pin_list>
<bind>
<StgValue><ssdm name=""/></StgValue>
</bind>
</comp>

<comp id="56" class="1001" name="const_56">
<pin_list>
<pin id="57" dir="1" index="0" bw="1" slack="2147483647"/>
</pin_list>
<bind>
<StgValue><ssdm name=""/></StgValue>
</bind>
</comp>

<comp id="58" class="1001" name="const_58">
<pin_list>
<pin id="59" dir="1" index="0" bw="1" slack="2147483647"/>
</pin_list>
<bind>
<StgValue><ssdm name="ScalarProp_str"/></StgValue>
</bind>
</comp>

<comp id="60" class="1001" name="const_60">
<pin_list>
<pin id="61" dir="1" index="0" bw="1" slack="1"/>
</pin_list>
<bind>
<StgValue><ssdm name=""/></StgValue>
</bind>
</comp>

<comp id="62" class="1001" name="const_62">
<pin_list>
<pin id="63" dir="1" index="0" bw="1" slack="0"/>
</pin_list>
<bind>
<StgValue><ssdm name=""/></StgValue>
</bind>
</comp>

<comp id="64" class="1001" name="const_64">
<pin_list>
<pin id="65" dir="1" index="0" bw="1" slack="2147483647"/>
</pin_list>
<bind>
<StgValue><ssdm name="_ssdm_op_SpecRegionBegin"/></StgValue>
</bind>
</comp>

<comp id="66" class="1001" name="const_66">
<pin_list>
<pin id="67" dir="1" index="0" bw="1" slack="2147483647"/>
</pin_list>
<bind>
<StgValue><ssdm name="p_str9"/></StgValue>
</bind>
</comp>

<comp id="68" class="1001" name="const_68">
<pin_list>
<pin id="69" dir="1" index="0" bw="1" slack="2147483647"/>
</pin_list>
<bind>
<StgValue><ssdm name="_ssdm_op_SpecLoopTripCount"/></StgValue>
</bind>
</comp>

<comp id="70" class="1001" name="const_70">
<pin_list>
<pin id="71" dir="1" index="0" bw="1" slack="2147483647"/>
</pin_list>
<bind>
<StgValue><ssdm name=""/></StgValue>
</bind>
</comp>

<comp id="72" class="1001" name="const_72">
<pin_list>
<pin id="73" dir="1" index="0" bw="1" slack="2147483647"/>
</pin_list>
<bind>
<StgValue><ssdm name=""/></StgValue>
</bind>
</comp>

<comp id="74" class="1001" name="const_74">
<pin_list>
<pin id="75" dir="1" index="0" bw="1" slack="2147483647"/>
</pin_list>
<bind>
<StgValue><ssdm name=""/></StgValue>
</bind>
</comp>

<comp id="76" class="1001" name="const_76">
<pin_list>
<pin id="77" dir="1" index="0" bw="1" slack="1"/>
</pin_list>
<bind>
<StgValue><ssdm name=""/></StgValue>
</bind>
</comp>

<comp id="78" class="1001" name="const_78">
<pin_list>
<pin id="79" dir="1" index="0" bw="1" slack="1"/>
</pin_list>
<bind>
<StgValue><ssdm name=""/></StgValue>
</bind>
</comp>

<comp id="80" class="1001" name="const_80">
<pin_list>
<pin id="81" dir="1" index="0" bw="1" slack="0"/>
</pin_list>
<bind>
<StgValue><ssdm name=""/></StgValue>
</bind>
</comp>

<comp id="82" class="1001" name="const_82">
<pin_list>
<pin id="83" dir="1" index="0" bw="1" slack="0"/>
</pin_list>
<bind>
<StgValue><ssdm name="_ssdm_op_Read.ap_fifo.volatile.floatP"/></StgValue>
</bind>
</comp>

<comp id="84" class="1001" name="const_84">
<pin_list>
<pin id="85" dir="1" index="0" bw="1" slack="0"/>
</pin_list>
<bind>
<StgValue><ssdm name="_ssdm_op_Write.ap_fifo.volatile.floatP"/></StgValue>
</bind>
</comp>

<comp id="86" class="1001" name="const_86">
<pin_list>
<pin id="87" dir="1" index="0" bw="1" slack="2147483647"/>
</pin_list>
<bind>
<StgValue><ssdm name="_ssdm_op_SpecLoopName"/></StgValue>
</bind>
</comp>

<comp id="88" class="1001" name="const_88">
<pin_list>
<pin id="89" dir="1" index="0" bw="1" slack="2147483647"/>
</pin_list>
<bind>
<StgValue><ssdm name="L_L_Inner_str"/></StgValue>
</bind>
</comp>

<comp id="90" class="1001" name="const_90">
<pin_list>
<pin id="91" dir="1" index="0" bw="1" slack="2147483647"/>
</pin_list>
<bind>
<StgValue><ssdm name=""/></StgValue>
</bind>
</comp>

<comp id="92" class="1001" name="const_92">
<pin_list>
<pin id="93" dir="1" index="0" bw="1" slack="2147483647"/>
</pin_list>
<bind>
<StgValue><ssdm name=""/></StgValue>
</bind>
</comp>

<comp id="94" class="1001" name="const_94">
<pin_list>
<pin id="95" dir="1" index="0" bw="1" slack="2147483647"/>
</pin_list>
<bind>
<StgValue><ssdm name=""/></StgValue>
</bind>
</comp>

<comp id="96" class="1001" name="const_96">
<pin_list>
<pin id="97" dir="1" index="0" bw="1" slack="2147483647"/>
</pin_list>
<bind>
<StgValue><ssdm name="L_Inner_str"/></StgValue>
</bind>
</comp>

<comp id="98" class="1001" name="const_98">
<pin_list>
<pin id="99" dir="1" index="0" bw="1" slack="2147483647"/>
</pin_list>
<bind>
<StgValue><ssdm name="p_str4"/></StgValue>
</bind>
</comp>

<comp id="100" class="1001" name="const_100">
<pin_list>
<pin id="101" dir="1" index="0" bw="1" slack="2147483647"/>
</pin_list>
<bind>
<StgValue><ssdm name="_ssdm_op_SpecPipeline"/></StgValue>
</bind>
</comp>

<comp id="102" class="1001" name="const_102">
<pin_list>
<pin id="103" dir="1" index="0" bw="1" slack="2147483647"/>
</pin_list>
<bind>
<StgValue><ssdm name=""/></StgValue>
</bind>
</comp>

<comp id="104" class="1001" name="const_104">
<pin_list>
<pin id="105" dir="1" index="0" bw="1" slack="2147483647"/>
</pin_list>
<bind>
<StgValue><ssdm name="_ssdm_op_SpecRegionEnd"/></StgValue>
</bind>
</comp>

<comp id="106" class="1004" name="add_ln207_2_loc_read_read_fu_106">
<pin_list>
<pin id="107" dir="0" index="0" bw="32" slack="0"/>
<pin id="108" dir="0" index="1" bw="32" slack="0"/>
<pin id="109" dir="1" index="2" bw="32" slack="0"/>
</pin_list>
<bind>
<opcode="read(1150) " fcode="read"/>
<opset="add_ln207_2_loc_read/1 "/>
</bind>
</comp>

<comp id="112" class="1004" name="p_c_read_read_fu_112">
<pin_list>
<pin id="113" dir="0" index="0" bw="32" slack="0"/>
<pin id="114" dir="0" index="1" bw="32" slack="0"/>
<pin id="115" dir="1" index="2" bw="32" slack="0"/>
</pin_list>
<bind>
<opcode="read(1150) " fcode="read"/>
<opset="p_c_read/1 "/>
</bind>
</comp>

<comp id="118" class="1004" name="p_chin_read_read_fu_118">
<pin_list>
<pin id="119" dir="0" index="0" bw="32" slack="0"/>
<pin id="120" dir="0" index="1" bw="32" slack="0"/>
<pin id="121" dir="1" index="2" bw="32" slack="0"/>
</pin_list>
<bind>
<opcode="read(1150) " fcode="read"/>
<opset="p_chin_read/1 "/>
</bind>
</comp>

<comp id="124" class="1004" name="p_chout_read_read_fu_124">
<pin_list>
<pin id="125" dir="0" index="0" bw="32" slack="0"/>
<pin id="126" dir="0" index="1" bw="32" slack="0"/>
<pin id="127" dir="1" index="2" bw="32" slack="0"/>
</pin_list>
<bind>
<opcode="read(1150) " fcode="read"/>
<opset="p_chout_read/1 "/>
</bind>
</comp>

<comp id="130" class="1004" name="p_k_read_read_fu_130">
<pin_list>
<pin id="131" dir="0" index="0" bw="32" slack="0"/>
<pin id="132" dir="0" index="1" bw="32" slack="0"/>
<pin id="133" dir="1" index="2" bw="32" slack="0"/>
</pin_list>
<bind>
<opcode="read(1150) " fcode="read"/>
<opset="p_k_read/1 "/>
</bind>
</comp>

<comp id="136" class="1004" name="p_r_read_read_fu_136">
<pin_list>
<pin id="137" dir="0" index="0" bw="32" slack="0"/>
<pin id="138" dir="0" index="1" bw="32" slack="0"/>
<pin id="139" dir="1" index="2" bw="32" slack="0"/>
</pin_list>
<bind>
<opcode="read(1150) " fcode="read"/>
<opset="p_r_read/1 "/>
</bind>
</comp>

<comp id="142" class="1004" name="write_ln207_write_fu_142">
<pin_list>
<pin id="143" dir="0" index="0" bw="0" slack="0"/>
<pin id="144" dir="0" index="1" bw="32" slack="0"/>
<pin id="145" dir="0" index="2" bw="32" slack="0"/>
<pin id="146" dir="1" index="3" bw="0" slack="2147483647"/>
</pin_list>
<bind>
<opcode="write(1151) " fcode="write"/>
<opset="write_ln207/1 "/>
</bind>
</comp>

<comp id="150" class="1004" name="write_ln119_write_fu_150">
<pin_list>
<pin id="151" dir="0" index="0" bw="0" slack="0"/>
<pin id="152" dir="0" index="1" bw="32" slack="0"/>
<pin id="153" dir="0" index="2" bw="32" slack="0"/>
<pin id="154" dir="1" index="3" bw="0" slack="2147483647"/>
</pin_list>
<bind>
<opcode="write(1151) " fcode="write"/>
<opset="write_ln119/1 "/>
</bind>
</comp>

<comp id="158" class="1004" name="write_ln119_write_fu_158">
<pin_list>
<pin id="159" dir="0" index="0" bw="0" slack="0"/>
<pin id="160" dir="0" index="1" bw="32" slack="0"/>
<pin id="161" dir="0" index="2" bw="32" slack="0"/>
<pin id="162" dir="1" index="3" bw="0" slack="2147483647"/>
</pin_list>
<bind>
<opcode="write(1151) " fcode="write"/>
<opset="write_ln119/1 "/>
</bind>
</comp>

<comp id="166" class="1004" name="write_ln122_write_fu_166">
<pin_list>
<pin id="167" dir="0" index="0" bw="0" slack="0"/>
<pin id="168" dir="0" index="1" bw="32" slack="0"/>
<pin id="169" dir="0" index="2" bw="32" slack="0"/>
<pin id="170" dir="1" index="3" bw="0" slack="2147483647"/>
</pin_list>
<bind>
<opcode="write(1151) " fcode="write"/>
<opset="write_ln122/1 "/>
</bind>
</comp>

<comp id="174" class="1004" name="write_ln122_write_fu_174">
<pin_list>
<pin id="175" dir="0" index="0" bw="0" slack="0"/>
<pin id="176" dir="0" index="1" bw="32" slack="0"/>
<pin id="177" dir="0" index="2" bw="32" slack="0"/>
<pin id="178" dir="1" index="3" bw="0" slack="2147483647"/>
</pin_list>
<bind>
<opcode="write(1151) " fcode="write"/>
<opset="write_ln122/1 "/>
</bind>
</comp>

<comp id="182" class="1004" name="write_ln130_write_fu_182">
<pin_list>
<pin id="183" dir="0" index="0" bw="0" slack="0"/>
<pin id="184" dir="0" index="1" bw="32" slack="0"/>
<pin id="185" dir="0" index="2" bw="32" slack="0"/>
<pin id="186" dir="1" index="3" bw="0" slack="2147483647"/>
</pin_list>
<bind>
<opcode="write(1151) " fcode="write"/>
<opset="write_ln130/1 "/>
</bind>
</comp>

<comp id="190" class="1004" name="write_ln124_write_fu_190">
<pin_list>
<pin id="191" dir="0" index="0" bw="0" slack="0"/>
<pin id="192" dir="0" index="1" bw="32" slack="0"/>
<pin id="193" dir="0" index="2" bw="32" slack="0"/>
<pin id="194" dir="1" index="3" bw="0" slack="2147483647"/>
</pin_list>
<bind>
<opcode="write(1151) " fcode="write"/>
<opset="write_ln124/1 "/>
</bind>
</comp>

<comp id="198" class="1004" name="write_ln124_write_fu_198">
<pin_list>
<pin id="199" dir="0" index="0" bw="0" slack="0"/>
<pin id="200" dir="0" index="1" bw="32" slack="0"/>
<pin id="201" dir="0" index="2" bw="32" slack="0"/>
<pin id="202" dir="1" index="3" bw="0" slack="2147483647"/>
</pin_list>
<bind>
<opcode="write(1151) " fcode="write"/>
<opset="write_ln124/1 "/>
</bind>
</comp>

<comp id="206" class="1004" name="write_ln130_write_fu_206">
<pin_list>
<pin id="207" dir="0" index="0" bw="0" slack="0"/>
<pin id="208" dir="0" index="1" bw="32" slack="0"/>
<pin id="209" dir="0" index="2" bw="32" slack="0"/>
<pin id="210" dir="1" index="3" bw="0" slack="2147483647"/>
</pin_list>
<bind>
<opcode="write(1151) " fcode="write"/>
<opset="write_ln130/1 "/>
</bind>
</comp>

<comp id="214" class="1004" name="add_ln207_3_loc_read_read_fu_214">
<pin_list>
<pin id="215" dir="0" index="0" bw="32" slack="0"/>
<pin id="216" dir="0" index="1" bw="32" slack="0"/>
<pin id="217" dir="1" index="2" bw="32" slack="0"/>
</pin_list>
<bind>
<opcode="read(1150) " fcode="read"/>
<opset="add_ln207_3_loc_read/1 "/>
</bind>
</comp>

<comp id="220" class="1004" name="tmp_44_read_fu_220">
<pin_list>
<pin id="221" dir="0" index="0" bw="32" slack="0"/>
<pin id="222" dir="0" index="1" bw="32" slack="0"/>
<pin id="223" dir="1" index="2" bw="32" slack="0"/>
</pin_list>
<bind>
<opcode="read(1150) " fcode="read"/>
<opset="tmp_44/5 "/>
</bind>
</comp>

<comp id="226" class="1004" name="tmp_43_read_fu_226">
<pin_list>
<pin id="227" dir="0" index="0" bw="32" slack="0"/>
<pin id="228" dir="0" index="1" bw="32" slack="0"/>
<pin id="229" dir="1" index="2" bw="32" slack="0"/>
</pin_list>
<bind>
<opcode="read(1150) " fcode="read"/>
<opset="tmp_43/5 "/>
</bind>
</comp>

<comp id="232" class="1004" name="write_ln134_write_fu_232">
<pin_list>
<pin id="233" dir="0" index="0" bw="0" slack="0"/>
<pin id="234" dir="0" index="1" bw="32" slack="0"/>
<pin id="235" dir="0" index="2" bw="32" slack="0"/>
<pin id="236" dir="1" index="3" bw="0" slack="2147483647"/>
</pin_list>
<bind>
<opcode="write(1151) " fcode="write"/>
<opset="write_ln134/5 "/>
</bind>
</comp>

<comp id="240" class="1004" name="write_ln135_write_fu_240">
<pin_list>
<pin id="241" dir="0" index="0" bw="0" slack="0"/>
<pin id="242" dir="0" index="1" bw="32" slack="0"/>
<pin id="243" dir="0" index="2" bw="32" slack="0"/>
<pin id="244" dir="1" index="3" bw="0" slack="2147483647"/>
</pin_list>
<bind>
<opcode="write(1151) " fcode="write"/>
<opset="write_ln135/5 "/>
</bind>
</comp>

<comp id="248" class="1004" name="write_ln139_write_fu_248">
<pin_list>
<pin id="249" dir="0" index="0" bw="0" slack="0"/>
<pin id="250" dir="0" index="1" bw="32" slack="0"/>
<pin id="251" dir="0" index="2" bw="32" slack="1"/>
<pin id="252" dir="1" index="3" bw="0" slack="2147483647"/>
</pin_list>
<bind>
<opcode="write(1151) " fcode="write"/>
<opset="write_ln139/12 "/>
</bind>
</comp>

<comp id="255" class="1005" name="col_0_i_i_i_reg_255">
<pin_list>
<pin id="256" dir="0" index="0" bw="31" slack="1"/>
<pin id="257" dir="1" index="1" bw="31" slack="1"/>
</pin_list>
<bind>
<opset="col_0_i_i_i (phireg) "/>
</bind>
</comp>

<comp id="259" class="1004" name="col_0_i_i_i_phi_fu_259">
<pin_list>
<pin id="260" dir="0" index="0" bw="1" slack="1"/>
<pin id="261" dir="0" index="1" bw="0" slack="2147483647"/>
<pin id="262" dir="0" index="2" bw="31" slack="0"/>
<pin id="263" dir="0" index="3" bw="0" slack="2147483647"/>
<pin id="264" dir="1" index="4" bw="31" slack="0"/>
</pin_list>
<bind>
<opcode="phi(47) " fcode="phi"/>
<opset="col_0_i_i_i/3 "/>
</bind>
</comp>

<comp id="266" class="1005" name="indvar_flatten13_reg_266">
<pin_list>
<pin id="267" dir="0" index="0" bw="96" slack="1"/>
<pin id="268" dir="1" index="1" bw="96" slack="1"/>
</pin_list>
<bind>
<opset="indvar_flatten13 (phireg) "/>
</bind>
</comp>

<comp id="270" class="1004" name="indvar_flatten13_phi_fu_270">
<pin_list>
<pin id="271" dir="0" index="0" bw="1" slack="1"/>
<pin id="272" dir="0" index="1" bw="0" slack="2147483647"/>
<pin id="273" dir="0" index="2" bw="96" slack="0"/>
<pin id="274" dir="0" index="3" bw="0" slack="2147483647"/>
<pin id="275" dir="1" index="4" bw="96" slack="0"/>
</pin_list>
<bind>
<opcode="phi(47) " fcode="phi"/>
<opset="indvar_flatten13/4 "/>
</bind>
</comp>

<comp id="277" class="1005" name="tmp_reg_277">
<pin_list>
<pin id="278" dir="0" index="0" bw="32" slack="1"/>
<pin id="279" dir="1" index="1" bw="32" slack="1"/>
</pin_list>
<bind>
<opset="tmp (phireg) "/>
</bind>
</comp>

<comp id="282" class="1004" name="tmp_phi_fu_282">
<pin_list>
<pin id="283" dir="0" index="0" bw="32" slack="1"/>
<pin id="284" dir="0" index="1" bw="0" slack="2147483647"/>
<pin id="285" dir="0" index="2" bw="32" slack="1"/>
<pin id="286" dir="0" index="3" bw="0" slack="2147483647"/>
<pin id="287" dir="1" index="4" bw="32" slack="1"/>
</pin_list>
<bind>
<opcode="phi(47) " fcode="phi"/>
<opset="tmp/4 "/>
</bind>
</comp>

<comp id="290" class="1004" name="grp_fu_290">
<pin_list>
<pin id="291" dir="0" index="0" bw="32" slack="4"/>
<pin id="292" dir="0" index="1" bw="32" slack="1"/>
<pin id="293" dir="1" index="2" bw="32" slack="0"/>
</pin_list>
<bind>
<opcode="fadd(9) " fcode="fadd"/>
<opset="O_temp/8 "/>
</bind>
</comp>

<comp id="295" class="1004" name="grp_fu_295">
<pin_list>
<pin id="296" dir="0" index="0" bw="32" slack="1"/>
<pin id="297" dir="0" index="1" bw="32" slack="1"/>
<pin id="298" dir="1" index="2" bw="32" slack="1"/>
</pin_list>
<bind>
<opcode="fmul(13) " fcode="fmul"/>
<opset="tmp_4_i_i_i/6 "/>
</bind>
</comp>

<comp id="299" class="1004" name="icmp_ln130_fu_299">
<pin_list>
<pin id="300" dir="0" index="0" bw="32" slack="0"/>
<pin id="301" dir="0" index="1" bw="32" slack="0"/>
<pin id="302" dir="1" index="2" bw="1" slack="0"/>
</pin_list>
<bind>
<opcode="icmp(45) " fcode="icmp"/>
<opset="icmp_ln130/1 "/>
</bind>
</comp>

<comp id="305" class="1004" name="icmp_ln130_9_fu_305">
<pin_list>
<pin id="306" dir="0" index="0" bw="32" slack="0"/>
<pin id="307" dir="0" index="1" bw="32" slack="0"/>
<pin id="308" dir="1" index="2" bw="1" slack="0"/>
</pin_list>
<bind>
<opcode="icmp(45) " fcode="icmp"/>
<opset="icmp_ln130_9/1 "/>
</bind>
</comp>

<comp id="311" class="1004" name="and_ln130_fu_311">
<pin_list>
<pin id="312" dir="0" index="0" bw="1" slack="0"/>
<pin id="313" dir="0" index="1" bw="1" slack="0"/>
<pin id="314" dir="1" index="2" bw="1" slack="5"/>
</pin_list>
<bind>
<opcode="and(23) " fcode="and"/>
<opset="and_ln130/1 "/>
</bind>
</comp>

<comp id="317" class="1004" name="cast_fu_317">
<pin_list>
<pin id="318" dir="0" index="0" bw="32" slack="1"/>
<pin id="319" dir="1" index="1" bw="64" slack="0"/>
</pin_list>
<bind>
<opcode="zext(34) " fcode="zext"/>
<opset="cast/2 "/>
</bind>
</comp>

<comp id="320" class="1004" name="bound_fu_320">
<pin_list>
<pin id="321" dir="0" index="0" bw="32" slack="0"/>
<pin id="322" dir="0" index="1" bw="32" slack="0"/>
<pin id="323" dir="1" index="2" bw="64" slack="0"/>
</pin_list>
<bind>
<opcode="mul(12) " fcode="mul"/>
<opset="bound/2 "/>
</bind>
</comp>

<comp id="326" class="1004" name="cast2_fu_326">
<pin_list>
<pin id="327" dir="0" index="0" bw="32" slack="1"/>
<pin id="328" dir="1" index="1" bw="96" slack="0"/>
</pin_list>
<bind>
<opcode="zext(34) " fcode="zext"/>
<opset="cast2/2 "/>
</bind>
</comp>

<comp id="329" class="1004" name="cast3_fu_329">
<pin_list>
<pin id="330" dir="0" index="0" bw="64" slack="0"/>
<pin id="331" dir="1" index="1" bw="96" slack="0"/>
</pin_list>
<bind>
<opcode="zext(34) " fcode="zext"/>
<opset="cast3/2 "/>
</bind>
</comp>

<comp id="333" class="1004" name="bound4_fu_333">
<pin_list>
<pin id="334" dir="0" index="0" bw="64" slack="0"/>
<pin id="335" dir="0" index="1" bw="32" slack="0"/>
<pin id="336" dir="1" index="2" bw="96" slack="2"/>
</pin_list>
<bind>
<opcode="mul(12) " fcode="mul"/>
<opset="bound4/2 "/>
</bind>
</comp>

<comp id="339" class="1004" name="col_0_i_i_i_cast_fu_339">
<pin_list>
<pin id="340" dir="0" index="0" bw="31" slack="0"/>
<pin id="341" dir="1" index="1" bw="32" slack="0"/>
</pin_list>
<bind>
<opcode="zext(34) " fcode="zext"/>
<opset="col_0_i_i_i_cast/3 "/>
</bind>
</comp>

<comp id="343" class="1004" name="icmp_ln119_fu_343">
<pin_list>
<pin id="344" dir="0" index="0" bw="32" slack="0"/>
<pin id="345" dir="0" index="1" bw="32" slack="2"/>
<pin id="346" dir="1" index="2" bw="1" slack="1"/>
</pin_list>
<bind>
<opcode="icmp(45) " fcode="icmp"/>
<opset="icmp_ln119/3 "/>
</bind>
</comp>

<comp id="348" class="1004" name="add_ln119_fu_348">
<pin_list>
<pin id="349" dir="0" index="0" bw="31" slack="0"/>
<pin id="350" dir="0" index="1" bw="1" slack="0"/>
<pin id="351" dir="1" index="2" bw="31" slack="0"/>
</pin_list>
<bind>
<opcode="add(8) " fcode="add"/>
<opset="add_ln119/3 "/>
</bind>
</comp>

<comp id="354" class="1004" name="icmp_ln122_fu_354">
<pin_list>
<pin id="355" dir="0" index="0" bw="96" slack="0"/>
<pin id="356" dir="0" index="1" bw="96" slack="2"/>
<pin id="357" dir="1" index="2" bw="1" slack="1"/>
</pin_list>
<bind>
<opcode="icmp(45) " fcode="icmp"/>
<opset="icmp_ln122/4 "/>
</bind>
</comp>

<comp id="359" class="1004" name="add_ln122_fu_359">
<pin_list>
<pin id="360" dir="0" index="0" bw="96" slack="0"/>
<pin id="361" dir="0" index="1" bw="1" slack="0"/>
<pin id="362" dir="1" index="2" bw="96" slack="0"/>
</pin_list>
<bind>
<opcode="add(8) " fcode="add"/>
<opset="add_ln122/4 "/>
</bind>
</comp>

<comp id="365" class="1004" name="O_temp_9_fu_365">
<pin_list>
<pin id="366" dir="0" index="0" bw="1" slack="10"/>
<pin id="367" dir="0" index="1" bw="32" slack="0"/>
<pin id="368" dir="0" index="2" bw="32" slack="7"/>
<pin id="369" dir="1" index="3" bw="32" slack="1"/>
</pin_list>
<bind>
<opcode="select(49) " fcode="select"/>
<opset="O_temp_9/11 "/>
</bind>
</comp>

<comp id="372" class="1005" name="p_c_read_reg_372">
<pin_list>
<pin id="373" dir="0" index="0" bw="32" slack="2"/>
<pin id="374" dir="1" index="1" bw="32" slack="2"/>
</pin_list>
<bind>
<opset="p_c_read "/>
</bind>
</comp>

<comp id="377" class="1005" name="p_chin_read_reg_377">
<pin_list>
<pin id="378" dir="0" index="0" bw="32" slack="1"/>
<pin id="379" dir="1" index="1" bw="32" slack="1"/>
</pin_list>
<bind>
<opset="p_chin_read "/>
</bind>
</comp>

<comp id="382" class="1005" name="p_k_read_reg_382">
<pin_list>
<pin id="383" dir="0" index="0" bw="32" slack="1"/>
<pin id="384" dir="1" index="1" bw="32" slack="1"/>
</pin_list>
<bind>
<opset="p_k_read "/>
</bind>
</comp>

<comp id="387" class="1005" name="and_ln130_reg_387">
<pin_list>
<pin id="388" dir="0" index="0" bw="1" slack="5"/>
<pin id="389" dir="1" index="1" bw="1" slack="10"/>
</pin_list>
<bind>
<opset="and_ln130 "/>
</bind>
</comp>

<comp id="392" class="1005" name="bound4_reg_392">
<pin_list>
<pin id="393" dir="0" index="0" bw="96" slack="2"/>
<pin id="394" dir="1" index="1" bw="96" slack="2"/>
</pin_list>
<bind>
<opset="bound4 "/>
</bind>
</comp>

<comp id="397" class="1005" name="icmp_ln119_reg_397">
<pin_list>
<pin id="398" dir="0" index="0" bw="1" slack="1"/>
<pin id="399" dir="1" index="1" bw="1" slack="2147483647"/>
</pin_list>
<bind>
<opset="icmp_ln119 "/>
</bind>
</comp>

<comp id="401" class="1005" name="add_ln119_reg_401">
<pin_list>
<pin id="402" dir="0" index="0" bw="31" slack="0"/>
<pin id="403" dir="1" index="1" bw="31" slack="0"/>
</pin_list>
<bind>
<opset="add_ln119 "/>
</bind>
</comp>

<comp id="406" class="1005" name="icmp_ln122_reg_406">
<pin_list>
<pin id="407" dir="0" index="0" bw="1" slack="1"/>
<pin id="408" dir="1" index="1" bw="1" slack="2147483647"/>
</pin_list>
<bind>
<opset="icmp_ln122 "/>
</bind>
</comp>

<comp id="410" class="1005" name="add_ln122_reg_410">
<pin_list>
<pin id="411" dir="0" index="0" bw="96" slack="0"/>
<pin id="412" dir="1" index="1" bw="96" slack="0"/>
</pin_list>
<bind>
<opset="add_ln122 "/>
</bind>
</comp>

<comp id="415" class="1005" name="tmp_44_reg_415">
<pin_list>
<pin id="416" dir="0" index="0" bw="32" slack="1"/>
<pin id="417" dir="1" index="1" bw="32" slack="1"/>
</pin_list>
<bind>
<opset="tmp_44 "/>
</bind>
</comp>

<comp id="420" class="1005" name="tmp_43_reg_420">
<pin_list>
<pin id="421" dir="0" index="0" bw="32" slack="1"/>
<pin id="422" dir="1" index="1" bw="32" slack="1"/>
</pin_list>
<bind>
<opset="tmp_43 "/>
</bind>
</comp>

<comp id="425" class="1005" name="tmp_4_i_i_i_reg_425">
<pin_list>
<pin id="426" dir="0" index="0" bw="32" slack="1"/>
<pin id="427" dir="1" index="1" bw="32" slack="1"/>
</pin_list>
<bind>
<opset="tmp_4_i_i_i "/>
</bind>
</comp>

<comp id="430" class="1005" name="O_temp_9_reg_430">
<pin_list>
<pin id="431" dir="0" index="0" bw="32" slack="1"/>
<pin id="432" dir="1" index="1" bw="32" slack="1"/>
</pin_list>
<bind>
<opset="O_temp_9 "/>
</bind>
</comp>

</comp_list>

<net_list>
<net id="110"><net_src comp="42" pin="0"/><net_sink comp="106" pin=0"/></net>

<net id="111"><net_src comp="10" pin="0"/><net_sink comp="106" pin=1"/></net>

<net id="116"><net_src comp="42" pin="0"/><net_sink comp="112" pin=0"/></net>

<net id="117"><net_src comp="14" pin="0"/><net_sink comp="112" pin=1"/></net>

<net id="122"><net_src comp="42" pin="0"/><net_sink comp="118" pin=0"/></net>

<net id="123"><net_src comp="16" pin="0"/><net_sink comp="118" pin=1"/></net>

<net id="128"><net_src comp="42" pin="0"/><net_sink comp="124" pin=0"/></net>

<net id="129"><net_src comp="18" pin="0"/><net_sink comp="124" pin=1"/></net>

<net id="134"><net_src comp="42" pin="0"/><net_sink comp="130" pin=0"/></net>

<net id="135"><net_src comp="20" pin="0"/><net_sink comp="130" pin=1"/></net>

<net id="140"><net_src comp="42" pin="0"/><net_sink comp="136" pin=0"/></net>

<net id="141"><net_src comp="22" pin="0"/><net_sink comp="136" pin=1"/></net>

<net id="147"><net_src comp="44" pin="0"/><net_sink comp="142" pin=0"/></net>

<net id="148"><net_src comp="24" pin="0"/><net_sink comp="142" pin=1"/></net>

<net id="149"><net_src comp="106" pin="2"/><net_sink comp="142" pin=2"/></net>

<net id="155"><net_src comp="44" pin="0"/><net_sink comp="150" pin=0"/></net>

<net id="156"><net_src comp="26" pin="0"/><net_sink comp="150" pin=1"/></net>

<net id="157"><net_src comp="112" pin="2"/><net_sink comp="150" pin=2"/></net>

<net id="163"><net_src comp="44" pin="0"/><net_sink comp="158" pin=0"/></net>

<net id="164"><net_src comp="28" pin="0"/><net_sink comp="158" pin=1"/></net>

<net id="165"><net_src comp="112" pin="2"/><net_sink comp="158" pin=2"/></net>

<net id="171"><net_src comp="44" pin="0"/><net_sink comp="166" pin=0"/></net>

<net id="172"><net_src comp="30" pin="0"/><net_sink comp="166" pin=1"/></net>

<net id="173"><net_src comp="118" pin="2"/><net_sink comp="166" pin=2"/></net>

<net id="179"><net_src comp="44" pin="0"/><net_sink comp="174" pin=0"/></net>

<net id="180"><net_src comp="32" pin="0"/><net_sink comp="174" pin=1"/></net>

<net id="181"><net_src comp="118" pin="2"/><net_sink comp="174" pin=2"/></net>

<net id="187"><net_src comp="44" pin="0"/><net_sink comp="182" pin=0"/></net>

<net id="188"><net_src comp="34" pin="0"/><net_sink comp="182" pin=1"/></net>

<net id="189"><net_src comp="124" pin="2"/><net_sink comp="182" pin=2"/></net>

<net id="195"><net_src comp="44" pin="0"/><net_sink comp="190" pin=0"/></net>

<net id="196"><net_src comp="36" pin="0"/><net_sink comp="190" pin=1"/></net>

<net id="197"><net_src comp="130" pin="2"/><net_sink comp="190" pin=2"/></net>

<net id="203"><net_src comp="44" pin="0"/><net_sink comp="198" pin=0"/></net>

<net id="204"><net_src comp="38" pin="0"/><net_sink comp="198" pin=1"/></net>

<net id="205"><net_src comp="130" pin="2"/><net_sink comp="198" pin=2"/></net>

<net id="211"><net_src comp="44" pin="0"/><net_sink comp="206" pin=0"/></net>

<net id="212"><net_src comp="40" pin="0"/><net_sink comp="206" pin=1"/></net>

<net id="213"><net_src comp="136" pin="2"/><net_sink comp="206" pin=2"/></net>

<net id="218"><net_src comp="42" pin="0"/><net_sink comp="214" pin=0"/></net>

<net id="219"><net_src comp="8" pin="0"/><net_sink comp="214" pin=1"/></net>

<net id="224"><net_src comp="82" pin="0"/><net_sink comp="220" pin=0"/></net>

<net id="225"><net_src comp="0" pin="0"/><net_sink comp="220" pin=1"/></net>

<net id="230"><net_src comp="82" pin="0"/><net_sink comp="226" pin=0"/></net>

<net id="231"><net_src comp="2" pin="0"/><net_sink comp="226" pin=1"/></net>

<net id="237"><net_src comp="84" pin="0"/><net_sink comp="232" pin=0"/></net>

<net id="238"><net_src comp="6" pin="0"/><net_sink comp="232" pin=1"/></net>

<net id="239"><net_src comp="226" pin="2"/><net_sink comp="232" pin=2"/></net>

<net id="245"><net_src comp="84" pin="0"/><net_sink comp="240" pin=0"/></net>

<net id="246"><net_src comp="4" pin="0"/><net_sink comp="240" pin=1"/></net>

<net id="247"><net_src comp="220" pin="2"/><net_sink comp="240" pin=2"/></net>

<net id="253"><net_src comp="84" pin="0"/><net_sink comp="248" pin=0"/></net>

<net id="254"><net_src comp="12" pin="0"/><net_sink comp="248" pin=1"/></net>

<net id="258"><net_src comp="60" pin="0"/><net_sink comp="255" pin=0"/></net>

<net id="265"><net_src comp="255" pin="1"/><net_sink comp="259" pin=0"/></net>

<net id="269"><net_src comp="76" pin="0"/><net_sink comp="266" pin=0"/></net>

<net id="276"><net_src comp="266" pin="1"/><net_sink comp="270" pin=0"/></net>

<net id="280"><net_src comp="78" pin="0"/><net_sink comp="277" pin=0"/></net>

<net id="281"><net_src comp="277" pin="1"/><net_sink comp="248" pin=2"/></net>

<net id="288"><net_src comp="277" pin="1"/><net_sink comp="282" pin=0"/></net>

<net id="289"><net_src comp="282" pin="4"/><net_sink comp="277" pin=0"/></net>

<net id="294"><net_src comp="277" pin="1"/><net_sink comp="290" pin=0"/></net>

<net id="303"><net_src comp="136" pin="2"/><net_sink comp="299" pin=0"/></net>

<net id="304"><net_src comp="214" pin="2"/><net_sink comp="299" pin=1"/></net>

<net id="309"><net_src comp="124" pin="2"/><net_sink comp="305" pin=0"/></net>

<net id="310"><net_src comp="106" pin="2"/><net_sink comp="305" pin=1"/></net>

<net id="315"><net_src comp="299" pin="2"/><net_sink comp="311" pin=0"/></net>

<net id="316"><net_src comp="305" pin="2"/><net_sink comp="311" pin=1"/></net>

<net id="324"><net_src comp="317" pin="1"/><net_sink comp="320" pin=0"/></net>

<net id="325"><net_src comp="317" pin="1"/><net_sink comp="320" pin=1"/></net>

<net id="332"><net_src comp="320" pin="2"/><net_sink comp="329" pin=0"/></net>

<net id="337"><net_src comp="329" pin="1"/><net_sink comp="333" pin=0"/></net>

<net id="338"><net_src comp="326" pin="1"/><net_sink comp="333" pin=1"/></net>

<net id="342"><net_src comp="259" pin="4"/><net_sink comp="339" pin=0"/></net>

<net id="347"><net_src comp="339" pin="1"/><net_sink comp="343" pin=0"/></net>

<net id="352"><net_src comp="259" pin="4"/><net_sink comp="348" pin=0"/></net>

<net id="353"><net_src comp="62" pin="0"/><net_sink comp="348" pin=1"/></net>

<net id="358"><net_src comp="270" pin="4"/><net_sink comp="354" pin=0"/></net>

<net id="363"><net_src comp="270" pin="4"/><net_sink comp="359" pin=0"/></net>

<net id="364"><net_src comp="80" pin="0"/><net_sink comp="359" pin=1"/></net>

<net id="370"><net_src comp="290" pin="2"/><net_sink comp="365" pin=1"/></net>

<net id="371"><net_src comp="277" pin="1"/><net_sink comp="365" pin=2"/></net>

<net id="375"><net_src comp="112" pin="2"/><net_sink comp="372" pin=0"/></net>

<net id="376"><net_src comp="372" pin="1"/><net_sink comp="343" pin=1"/></net>

<net id="380"><net_src comp="118" pin="2"/><net_sink comp="377" pin=0"/></net>

<net id="381"><net_src comp="377" pin="1"/><net_sink comp="326" pin=0"/></net>

<net id="385"><net_src comp="130" pin="2"/><net_sink comp="382" pin=0"/></net>

<net id="386"><net_src comp="382" pin="1"/><net_sink comp="317" pin=0"/></net>

<net id="390"><net_src comp="311" pin="2"/><net_sink comp="387" pin=0"/></net>

<net id="391"><net_src comp="387" pin="1"/><net_sink comp="365" pin=0"/></net>

<net id="395"><net_src comp="333" pin="2"/><net_sink comp="392" pin=0"/></net>

<net id="396"><net_src comp="392" pin="1"/><net_sink comp="354" pin=1"/></net>

<net id="400"><net_src comp="343" pin="2"/><net_sink comp="397" pin=0"/></net>

<net id="404"><net_src comp="348" pin="2"/><net_sink comp="401" pin=0"/></net>

<net id="405"><net_src comp="401" pin="1"/><net_sink comp="259" pin=2"/></net>

<net id="409"><net_src comp="354" pin="2"/><net_sink comp="406" pin=0"/></net>

<net id="413"><net_src comp="359" pin="2"/><net_sink comp="410" pin=0"/></net>

<net id="414"><net_src comp="410" pin="1"/><net_sink comp="270" pin=2"/></net>

<net id="418"><net_src comp="220" pin="2"/><net_sink comp="415" pin=0"/></net>

<net id="419"><net_src comp="415" pin="1"/><net_sink comp="295" pin=1"/></net>

<net id="423"><net_src comp="226" pin="2"/><net_sink comp="420" pin=0"/></net>

<net id="424"><net_src comp="420" pin="1"/><net_sink comp="295" pin=0"/></net>

<net id="428"><net_src comp="295" pin="2"/><net_sink comp="425" pin=0"/></net>

<net id="429"><net_src comp="425" pin="1"/><net_sink comp="290" pin=1"/></net>

<net id="433"><net_src comp="365" pin="3"/><net_sink comp="430" pin=0"/></net>

<net id="434"><net_src comp="430" pin="1"/><net_sink comp="282" pin=2"/></net>

</net_list>

</model> 
---------------- Datapath Model END ------------------

* FSMD analyzer results:
  - Output states:
	Port: W_inter_2_3 | {5 }
	Port: In_inter_1_4 | {5 }
	Port: O_inter_1_3 | {12 }
	Port: add_ln207_2_loc_out | {1 }
	Port: p_c_out | {1 }
	Port: p_c_out1 | {1 }
	Port: p_chin_out | {1 }
	Port: p_chin_out2 | {1 }
	Port: p_chout_out | {1 }
	Port: p_k_out | {1 }
	Port: p_k_out3 | {1 }
	Port: p_r_out | {1 }
 - Input state : 
	Port: PE28 : W_inter_1_3 | {5 }
	Port: PE28 : In_inter_1_3 | {5 }
	Port: PE28 : add_ln207_3_loc | {1 }
	Port: PE28 : add_ln207_2_loc | {1 }
	Port: PE28 : p_c_s | {1 }
	Port: PE28 : p_chin_s | {1 }
	Port: PE28 : p_chout_s | {1 }
	Port: PE28 : p_k_s | {1 }
	Port: PE28 : p_r_s | {1 }
  - Chain level:
	State 1
		and_ln130 : 1
	State 2
		bound : 1
		cast3 : 2
		bound4 : 3
	State 3
		col_0_i_i_i_cast : 1
		icmp_ln119 : 2
		add_ln119 : 1
		br_ln119 : 3
	State 4
		icmp_ln122 : 1
		add_ln122 : 1
		br_ln122 : 2
	State 5
	State 6
	State 7
	State 8
	State 9
	State 10
	State 11
		O_temp_9 : 1
		empty : 1
	State 12


============================================================
+ Verbose Summary: Datapath Resource usage 
============================================================

* Functional unit list:
|----------|----------------------------------|---------|---------|---------|
| Operation|          Functional Unit         |  DSP48E |    FF   |   LUT   |
|----------|----------------------------------|---------|---------|---------|
|   fadd   |            grp_fu_290            |    2    |   227   |   214   |
|----------|----------------------------------|---------|---------|---------|
|   fmul   |            grp_fu_295            |    3    |   128   |   135   |
|----------|----------------------------------|---------|---------|---------|
|    add   |         add_ln119_fu_348         |    0    |    0    |    38   |
|          |         add_ln122_fu_359         |    0    |    0    |   103   |
|----------|----------------------------------|---------|---------|---------|
|          |         icmp_ln130_fu_299        |    0    |    0    |    20   |
|   icmp   |        icmp_ln130_9_fu_305       |    0    |    0    |    20   |
|          |         icmp_ln119_fu_343        |    0    |    0    |    20   |
|          |         icmp_ln122_fu_354        |    0    |    0    |    50   |
|----------|----------------------------------|---------|---------|---------|
|    mul   |           bound_fu_320           |    3    |    0    |    20   |
|          |           bound4_fu_333          |    3    |    0    |    46   |
|----------|----------------------------------|---------|---------|---------|
|  select  |          O_temp_9_fu_365         |    0    |    0    |    32   |
|----------|----------------------------------|---------|---------|---------|
|    and   |         and_ln130_fu_311         |    0    |    0    |    2    |
|----------|----------------------------------|---------|---------|---------|
|          | add_ln207_2_loc_read_read_fu_106 |    0    |    0    |    0    |
|          |       p_c_read_read_fu_112       |    0    |    0    |    0    |
|          |      p_chin_read_read_fu_118     |    0    |    0    |    0    |
|          |     p_chout_read_read_fu_124     |    0    |    0    |    0    |
|   read   |       p_k_read_read_fu_130       |    0    |    0    |    0    |
|          |       p_r_read_read_fu_136       |    0    |    0    |    0    |
|          | add_ln207_3_loc_read_read_fu_214 |    0    |    0    |    0    |
|          |        tmp_44_read_fu_220        |    0    |    0    |    0    |
|          |        tmp_43_read_fu_226        |    0    |    0    |    0    |
|----------|----------------------------------|---------|---------|---------|
|          |     write_ln207_write_fu_142     |    0    |    0    |    0    |
|          |     write_ln119_write_fu_150     |    0    |    0    |    0    |
|          |     write_ln119_write_fu_158     |    0    |    0    |    0    |
|          |     write_ln122_write_fu_166     |    0    |    0    |    0    |
|          |     write_ln122_write_fu_174     |    0    |    0    |    0    |
|   write  |     write_ln130_write_fu_182     |    0    |    0    |    0    |
|          |     write_ln124_write_fu_190     |    0    |    0    |    0    |
|          |     write_ln124_write_fu_198     |    0    |    0    |    0    |
|          |     write_ln130_write_fu_206     |    0    |    0    |    0    |
|          |     write_ln134_write_fu_232     |    0    |    0    |    0    |
|          |     write_ln135_write_fu_240     |    0    |    0    |    0    |
|          |     write_ln139_write_fu_248     |    0    |    0    |    0    |
|----------|----------------------------------|---------|---------|---------|
|          |            cast_fu_317           |    0    |    0    |    0    |
|   zext   |           cast2_fu_326           |    0    |    0    |    0    |
|          |           cast3_fu_329           |    0    |    0    |    0    |
|          |      col_0_i_i_i_cast_fu_339     |    0    |    0    |    0    |
|----------|----------------------------------|---------|---------|---------|
|   Total  |                                  |    11   |   355   |   700   |
|----------|----------------------------------|---------|---------|---------|

Memories:
N/A

* Register list:
+------------------------+--------+
|                        |   FF   |
+------------------------+--------+
|    O_temp_9_reg_430    |   32   |
|    add_ln119_reg_401   |   31   |
|    add_ln122_reg_410   |   96   |
|    and_ln130_reg_387   |    1   |
|     bound4_reg_392     |   96   |
|   col_0_i_i_i_reg_255  |   31   |
|   icmp_ln119_reg_397   |    1   |
|   icmp_ln122_reg_406   |    1   |
|indvar_flatten13_reg_266|   96   |
|    p_c_read_reg_372    |   32   |
|   p_chin_read_reg_377  |   32   |
|    p_k_read_reg_382    |   32   |
|     tmp_43_reg_420     |   32   |
|     tmp_44_reg_415     |   32   |
|   tmp_4_i_i_i_reg_425  |   32   |
|       tmp_reg_277      |   32   |
+------------------------+--------+
|          Total         |   609  |
+------------------------+--------+

* Multiplexer (MUX) list: 
|-------------|------|------|------|--------||---------||---------|
|     Comp    |  Pin | Size |  BW  | S x BW ||  Delay  ||   LUT   |
|-------------|------|------|------|--------||---------||---------|
| tmp_reg_277 |  p0  |   2  |  32  |   64   ||    9    |
|-------------|------|------|------|--------||---------||---------|
|    Total    |      |      |      |   64   ||  0.656  ||    9    |
|-------------|------|------|------|--------||---------||---------|



* Summary:
+-----------+--------+--------+--------+--------+
|           | DSP48E |  Delay |   FF   |   LUT  |
+-----------+--------+--------+--------+--------+
|  Function |   11   |    -   |   355  |   700  |
|   Memory  |    -   |    -   |    -   |    -   |
|Multiplexer|    -   |    0   |    -   |    9   |
|  Register |    -   |    -   |   609  |    -   |
+-----------+--------+--------+--------+--------+
|   Total   |   11   |    0   |   964  |   709  |
+-----------+--------+--------+--------+--------+
