

================================================================
== Vivado HLS Report for 'PE_array_entry141'
================================================================
* Date:           Sun Feb 28 11:05:41 2021

* Version:        2020.1 (Build 2897737 on Wed May 27 20:21:37 MDT 2020)
* Project:        conv_v1.prj
* Solution:       solution2
* Product family: zynquplus
* Target device:  xczu7ev-ffvc1156-2-e


================================================================
== Performance Estimates
================================================================
+ Timing: 
    * Summary: 
    +--------+----------+----------+------------+
    |  Clock |  Target  | Estimated| Uncertainty|
    +--------+----------+----------+------------+
    |ap_clk  | 10.00 ns | 3.676 ns |   1.25 ns  |
    +--------+----------+----------+------------+

+ Latency: 
    * Summary: 
    +---------+---------+----------+----------+-----+-----+---------+
    |  Latency (cycles) |  Latency (absolute) |  Interval | Pipeline|
    |   min   |   max   |    min   |    max   | min | max |   Type  |
    +---------+---------+----------+----------+-----+-----+---------+
    |        0|        0|   0 ns   |   0 ns   |    0|    0|   none  |
    +---------+---------+----------+----------+-----+-----+---------+

    + Detail: 
        * Instance: 
        N/A

        * Loop: 
        N/A



================================================================
== Utilization Estimates
================================================================
* Summary: 
+-----------------+---------+-------+--------+--------+-----+
|       Name      | BRAM_18K| DSP48E|   FF   |   LUT  | URAM|
+-----------------+---------+-------+--------+--------+-----+
|DSP              |        -|      -|       -|       -|    -|
|Expression       |        -|      -|       0|       2|    -|
|FIFO             |        -|      -|       -|       -|    -|
|Instance         |        -|      -|       -|       -|    -|
|Memory           |        -|      -|       -|       -|    -|
|Multiplexer      |        -|      -|       -|     117|    -|
|Register         |        -|      -|       3|       -|    -|
+-----------------+---------+-------+--------+--------+-----+
|Total            |        0|      0|       3|     119|    0|
+-----------------+---------+-------+--------+--------+-----+
|Available        |      624|   1728|  460800|  230400|   96|
+-----------------+---------+-------+--------+--------+-----+
|Utilization (%)  |        0|      0|   ~0   |   ~0   |    0|
+-----------------+---------+-------+--------+--------+-----+

+ Detail: 
    * Instance: 
    N/A

    * DSP48E: 
    N/A

    * Memory: 
    N/A

    * FIFO: 
    N/A

    * Expression: 
    +-----------------+----------+-------+---+----+------------+------------+
    |  Variable Name  | Operation| DSP48E| FF| LUT| Bitwidth P0| Bitwidth P1|
    +-----------------+----------+-------+---+----+------------+------------+
    |ap_block_state1  |    or    |      0|  0|   2|           1|           1|
    +-----------------+----------+-------+---+----+------------+------------+
    |Total            |          |      0|  0|   2|           1|           1|
    +-----------------+----------+-------+---+----+------------+------------+

    * Multiplexer: 
    +----------------+----+-----------+-----+-----------+
    |      Name      | LUT| Input Size| Bits| Total Bits|
    +----------------+----+-----------+-----+-----------+
    |ap_done         |   9|          2|    1|          2|
    |cho_blk_n       |   9|          2|    1|          2|
    |cho_out4_blk_n  |   9|          2|    1|          2|
    |cho_out5_blk_n  |   9|          2|    1|          2|
    |cho_out6_blk_n  |   9|          2|    1|          2|
    |cho_out7_blk_n  |   9|          2|    1|          2|
    |cho_out_blk_n   |   9|          2|    1|          2|
    |real_start      |   9|          2|    1|          2|
    |row_blk_n       |   9|          2|    1|          2|
    |row_out1_blk_n  |   9|          2|    1|          2|
    |row_out2_blk_n  |   9|          2|    1|          2|
    |row_out3_blk_n  |   9|          2|    1|          2|
    |row_out_blk_n   |   9|          2|    1|          2|
    +----------------+----+-----------+-----+-----------+
    |Total           | 117|         26|   13|         26|
    +----------------+----+-----------+-----+-----------+

    * Register: 
    +----------------+---+----+-----+-----------+
    |      Name      | FF| LUT| Bits| Const Bits|
    +----------------+---+----+-----+-----------+
    |ap_CS_fsm       |  1|   0|    1|          0|
    |ap_done_reg     |  1|   0|    1|          0|
    |start_once_reg  |  1|   0|    1|          0|
    +----------------+---+----+-----+-----------+
    |Total           |  3|   0|    3|          0|
    +----------------+---+----+-----+-----------+



================================================================
== Interface
================================================================
* Summary: 
+-----------------+-----+-----+------------+-------------------+--------------+
|    RTL Ports    | Dir | Bits|  Protocol  |   Source Object   |    C Type    |
+-----------------+-----+-----+------------+-------------------+--------------+
|ap_clk           |  in |    1| ap_ctrl_hs | PE_array.entry141 | return value |
|ap_rst           |  in |    1| ap_ctrl_hs | PE_array.entry141 | return value |
|ap_start         |  in |    1| ap_ctrl_hs | PE_array.entry141 | return value |
|start_full_n     |  in |    1| ap_ctrl_hs | PE_array.entry141 | return value |
|ap_done          | out |    1| ap_ctrl_hs | PE_array.entry141 | return value |
|ap_continue      |  in |    1| ap_ctrl_hs | PE_array.entry141 | return value |
|ap_idle          | out |    1| ap_ctrl_hs | PE_array.entry141 | return value |
|ap_ready         | out |    1| ap_ctrl_hs | PE_array.entry141 | return value |
|start_out        | out |    1| ap_ctrl_hs | PE_array.entry141 | return value |
|start_write      | out |    1| ap_ctrl_hs | PE_array.entry141 | return value |
|row_dout         |  in |   32|   ap_fifo  |        row        |    pointer   |
|row_empty_n      |  in |    1|   ap_fifo  |        row        |    pointer   |
|row_read         | out |    1|   ap_fifo  |        row        |    pointer   |
|cho_dout         |  in |   32|   ap_fifo  |        cho        |    pointer   |
|cho_empty_n      |  in |    1|   ap_fifo  |        cho        |    pointer   |
|cho_read         | out |    1|   ap_fifo  |        cho        |    pointer   |
|row_out_din      | out |   32|   ap_fifo  |      row_out      |    pointer   |
|row_out_full_n   |  in |    1|   ap_fifo  |      row_out      |    pointer   |
|row_out_write    | out |    1|   ap_fifo  |      row_out      |    pointer   |
|row_out1_din     | out |   32|   ap_fifo  |      row_out1     |    pointer   |
|row_out1_full_n  |  in |    1|   ap_fifo  |      row_out1     |    pointer   |
|row_out1_write   | out |    1|   ap_fifo  |      row_out1     |    pointer   |
|row_out2_din     | out |   32|   ap_fifo  |      row_out2     |    pointer   |
|row_out2_full_n  |  in |    1|   ap_fifo  |      row_out2     |    pointer   |
|row_out2_write   | out |    1|   ap_fifo  |      row_out2     |    pointer   |
|row_out3_din     | out |   32|   ap_fifo  |      row_out3     |    pointer   |
|row_out3_full_n  |  in |    1|   ap_fifo  |      row_out3     |    pointer   |
|row_out3_write   | out |    1|   ap_fifo  |      row_out3     |    pointer   |
|cho_out_din      | out |   32|   ap_fifo  |      cho_out      |    pointer   |
|cho_out_full_n   |  in |    1|   ap_fifo  |      cho_out      |    pointer   |
|cho_out_write    | out |    1|   ap_fifo  |      cho_out      |    pointer   |
|cho_out4_din     | out |   32|   ap_fifo  |      cho_out4     |    pointer   |
|cho_out4_full_n  |  in |    1|   ap_fifo  |      cho_out4     |    pointer   |
|cho_out4_write   | out |    1|   ap_fifo  |      cho_out4     |    pointer   |
|cho_out5_din     | out |   32|   ap_fifo  |      cho_out5     |    pointer   |
|cho_out5_full_n  |  in |    1|   ap_fifo  |      cho_out5     |    pointer   |
|cho_out5_write   | out |    1|   ap_fifo  |      cho_out5     |    pointer   |
|cho_out6_din     | out |   32|   ap_fifo  |      cho_out6     |    pointer   |
|cho_out6_full_n  |  in |    1|   ap_fifo  |      cho_out6     |    pointer   |
|cho_out6_write   | out |    1|   ap_fifo  |      cho_out6     |    pointer   |
|cho_out7_din     | out |   32|   ap_fifo  |      cho_out7     |    pointer   |
|cho_out7_full_n  |  in |    1|   ap_fifo  |      cho_out7     |    pointer   |
|cho_out7_write   | out |    1|   ap_fifo  |      cho_out7     |    pointer   |
+-----------------+-----+-----+------------+-------------------+--------------+

============================================================
+ Verbose Summary: Synthesis Manager
============================================================
InlineROM: 1
ExposeGlobal: 0
============================================================
+ Verbose Summary: CDFG Model
============================================================
IsTopModel: 0
ResetActiveHigh: 1
IsCombinational: 2
IsDatapathOnly: 0
HasWiredReturn: 1
HasMFsm: 0
HasVarLatency: 0
IsPipeline: 0
IsRtlPipelined: 0
IsInstanceOverlapped: 0
IsDontTouch: 0
HasImplIP: 0
IsGatedGlobalClock: 0


============================================================
+ Verbose Summary: Schedule
============================================================
* Number of FSM states : 1
* Pipeline : 0
* Dataflow Pipeline: 0

* FSM state transitions: 
1 --> 

* FSM state operations: 

State 1 <SV = 0> <Delay = 3.67>
ST_1 : Operation 2 [1/1] (0.00ns)   --->   "call void (...)* @_ssdm_op_SpecInterface(i32* %row_out, [8 x i8]* @ap_fifo_str, i32 0, i32 0, [1 x i8]* @p_str, i32 0, i32 0, [1 x i8]* @p_str, [1 x i8]* @p_str, [1 x i8]* @p_str, i32 2, i32 2, i32 16, i32 16, [1 x i8]* @p_str, [11 x i8]* @ScalarProp_str)"   --->   Operation 2 'specinterface' <Predicate = true> <Delay = 0.00>
ST_1 : Operation 3 [1/1] (0.00ns)   --->   "call void (...)* @_ssdm_op_SpecInterface(i32* %row_out1, [8 x i8]* @ap_fifo_str, i32 0, i32 0, [1 x i8]* @p_str, i32 0, i32 0, [1 x i8]* @p_str, [1 x i8]* @p_str, [1 x i8]* @p_str, i32 2, i32 2, i32 16, i32 16, [1 x i8]* @p_str, [11 x i8]* @ScalarProp_str)"   --->   Operation 3 'specinterface' <Predicate = true> <Delay = 0.00>
ST_1 : Operation 4 [1/1] (0.00ns)   --->   "call void (...)* @_ssdm_op_SpecInterface(i32* %row_out2, [8 x i8]* @ap_fifo_str, i32 0, i32 0, [1 x i8]* @p_str, i32 0, i32 0, [1 x i8]* @p_str, [1 x i8]* @p_str, [1 x i8]* @p_str, i32 2, i32 2, i32 16, i32 16, [1 x i8]* @p_str, [11 x i8]* @ScalarProp_str)"   --->   Operation 4 'specinterface' <Predicate = true> <Delay = 0.00>
ST_1 : Operation 5 [1/1] (0.00ns)   --->   "call void (...)* @_ssdm_op_SpecInterface(i32* %row_out3, [8 x i8]* @ap_fifo_str, i32 0, i32 0, [1 x i8]* @p_str, i32 0, i32 0, [1 x i8]* @p_str, [1 x i8]* @p_str, [1 x i8]* @p_str, i32 2, i32 2, i32 16, i32 16, [1 x i8]* @p_str, [11 x i8]* @ScalarProp_str)"   --->   Operation 5 'specinterface' <Predicate = true> <Delay = 0.00>
ST_1 : Operation 6 [1/1] (0.00ns)   --->   "call void (...)* @_ssdm_op_SpecInterface(i32* %cho_out, [8 x i8]* @ap_fifo_str, i32 0, i32 0, [1 x i8]* @p_str, i32 0, i32 0, [1 x i8]* @p_str, [1 x i8]* @p_str, [1 x i8]* @p_str, i32 2, i32 2, i32 16, i32 16, [1 x i8]* @p_str, [11 x i8]* @ScalarProp_str)"   --->   Operation 6 'specinterface' <Predicate = true> <Delay = 0.00>
ST_1 : Operation 7 [1/1] (0.00ns)   --->   "call void (...)* @_ssdm_op_SpecInterface(i32* %cho_out4, [8 x i8]* @ap_fifo_str, i32 0, i32 0, [1 x i8]* @p_str, i32 0, i32 0, [1 x i8]* @p_str, [1 x i8]* @p_str, [1 x i8]* @p_str, i32 2, i32 2, i32 16, i32 16, [1 x i8]* @p_str, [11 x i8]* @ScalarProp_str)"   --->   Operation 7 'specinterface' <Predicate = true> <Delay = 0.00>
ST_1 : Operation 8 [1/1] (0.00ns)   --->   "call void (...)* @_ssdm_op_SpecInterface(i32* %cho_out5, [8 x i8]* @ap_fifo_str, i32 0, i32 0, [1 x i8]* @p_str, i32 0, i32 0, [1 x i8]* @p_str, [1 x i8]* @p_str, [1 x i8]* @p_str, i32 2, i32 2, i32 16, i32 16, [1 x i8]* @p_str, [11 x i8]* @ScalarProp_str)"   --->   Operation 8 'specinterface' <Predicate = true> <Delay = 0.00>
ST_1 : Operation 9 [1/1] (0.00ns)   --->   "call void (...)* @_ssdm_op_SpecInterface(i32* %cho_out6, [8 x i8]* @ap_fifo_str, i32 0, i32 0, [1 x i8]* @p_str, i32 0, i32 0, [1 x i8]* @p_str, [1 x i8]* @p_str, [1 x i8]* @p_str, i32 2, i32 2, i32 16, i32 16, [1 x i8]* @p_str, [11 x i8]* @ScalarProp_str)"   --->   Operation 9 'specinterface' <Predicate = true> <Delay = 0.00>
ST_1 : Operation 10 [1/1] (0.00ns)   --->   "call void (...)* @_ssdm_op_SpecInterface(i32* %cho_out7, [8 x i8]* @ap_fifo_str, i32 0, i32 0, [1 x i8]* @p_str, i32 0, i32 0, [1 x i8]* @p_str, [1 x i8]* @p_str, [1 x i8]* @p_str, i32 2, i32 2, i32 16, i32 16, [1 x i8]* @p_str, [11 x i8]* @ScalarProp_str)"   --->   Operation 10 'specinterface' <Predicate = true> <Delay = 0.00>
ST_1 : Operation 11 [1/1] (0.00ns)   --->   "call void (...)* @_ssdm_op_SpecInterface(i32* %cho, [8 x i8]* @ap_fifo_str, i32 0, i32 0, [1 x i8]* @p_str, i32 0, i32 0, [1 x i8]* @p_str, [1 x i8]* @p_str, [1 x i8]* @p_str, i32 2, i32 2, i32 16, i32 16, [1 x i8]* @p_str, [11 x i8]* @ScalarProp_str)"   --->   Operation 11 'specinterface' <Predicate = true> <Delay = 0.00>
ST_1 : Operation 12 [1/1] (0.00ns)   --->   "call void (...)* @_ssdm_op_SpecInterface(i32* %row, [8 x i8]* @ap_fifo_str, i32 0, i32 0, [1 x i8]* @p_str, i32 0, i32 0, [1 x i8]* @p_str, [1 x i8]* @p_str, [1 x i8]* @p_str, i32 2, i32 2, i32 16, i32 16, [1 x i8]* @p_str, [11 x i8]* @ScalarProp_str)"   --->   Operation 12 'specinterface' <Predicate = true> <Delay = 0.00>
ST_1 : Operation 13 [1/1] (1.83ns)   --->   "%row_read = call i32 @_ssdm_op_Read.ap_fifo.i32P(i32* %row)" [conv_v1.cpp:188]   --->   Operation 13 'read' 'row_read' <Predicate = true> <Delay = 1.83> <Core = "FIFO">   --->   Core 32 'FIFO' <Latency = 0> <II = 1> <Delay = 1.83> <Storage> <Opcode : 'read' 'write' 'nbread' 'nbwrite'> <Ports = 0> <Width = 32> <Depth = 2> <FIFO>
ST_1 : Operation 14 [1/1] (1.83ns)   --->   "%cho_read = call i32 @_ssdm_op_Read.ap_fifo.i32P(i32* %cho)" [conv_v1.cpp:188]   --->   Operation 14 'read' 'cho_read' <Predicate = true> <Delay = 1.83> <Core = "FIFO">   --->   Core 32 'FIFO' <Latency = 0> <II = 1> <Delay = 1.83> <Storage> <Opcode : 'read' 'write' 'nbread' 'nbwrite'> <Ports = 0> <Width = 32> <Depth = 2> <FIFO>
ST_1 : Operation 15 [1/1] (0.00ns)   --->   "call void (...)* @_ssdm_op_SpecInterface(i32* %row_out, [8 x i8]* @ap_fifo_str, i32 0, i32 0, [1 x i8]* @p_str, i32 0, i32 0, [1 x i8]* @p_str, [1 x i8]* @p_str, [1 x i8]* @p_str, i32 2, i32 2, i32 16, i32 16, [1 x i8]* @p_str, [11 x i8]* @ScalarProp_str)"   --->   Operation 15 'specinterface' <Predicate = true> <Delay = 0.00>
ST_1 : Operation 16 [1/1] (1.83ns)   --->   "call void @_ssdm_op_Write.ap_fifo.i32P(i32* %row_out, i32 %row_read)" [conv_v1.cpp:188->conv_v1.cpp:179]   --->   Operation 16 'write' <Predicate = true> <Delay = 1.83> <Core = "FIFO">   --->   Core 32 'FIFO' <Latency = 0> <II = 1> <Delay = 1.83> <Storage> <Opcode : 'read' 'write' 'nbread' 'nbwrite'> <Ports = 0> <Width = 32> <Depth = 2> <FIFO>
ST_1 : Operation 17 [1/1] (0.00ns)   --->   "call void (...)* @_ssdm_op_SpecInterface(i32* %row_out1, [8 x i8]* @ap_fifo_str, i32 0, i32 0, [1 x i8]* @p_str, i32 0, i32 0, [1 x i8]* @p_str, [1 x i8]* @p_str, [1 x i8]* @p_str, i32 2, i32 2, i32 16, i32 16, [1 x i8]* @p_str, [11 x i8]* @ScalarProp_str)"   --->   Operation 17 'specinterface' <Predicate = true> <Delay = 0.00>
ST_1 : Operation 18 [1/1] (1.83ns)   --->   "call void @_ssdm_op_Write.ap_fifo.i32P(i32* %row_out1, i32 %row_read)" [conv_v1.cpp:188->conv_v1.cpp:179]   --->   Operation 18 'write' <Predicate = true> <Delay = 1.83> <Core = "FIFO">   --->   Core 32 'FIFO' <Latency = 0> <II = 1> <Delay = 1.83> <Storage> <Opcode : 'read' 'write' 'nbread' 'nbwrite'> <Ports = 0> <Width = 32> <Depth = 2> <FIFO>
ST_1 : Operation 19 [1/1] (0.00ns)   --->   "call void (...)* @_ssdm_op_SpecInterface(i32* %row_out2, [8 x i8]* @ap_fifo_str, i32 0, i32 0, [1 x i8]* @p_str, i32 0, i32 0, [1 x i8]* @p_str, [1 x i8]* @p_str, [1 x i8]* @p_str, i32 2, i32 2, i32 16, i32 16, [1 x i8]* @p_str, [11 x i8]* @ScalarProp_str)"   --->   Operation 19 'specinterface' <Predicate = true> <Delay = 0.00>
ST_1 : Operation 20 [1/1] (1.83ns)   --->   "call void @_ssdm_op_Write.ap_fifo.i32P(i32* %row_out2, i32 %row_read)" [conv_v1.cpp:188->conv_v1.cpp:179]   --->   Operation 20 'write' <Predicate = true> <Delay = 1.83> <Core = "FIFO">   --->   Core 32 'FIFO' <Latency = 0> <II = 1> <Delay = 1.83> <Storage> <Opcode : 'read' 'write' 'nbread' 'nbwrite'> <Ports = 0> <Width = 32> <Depth = 2> <FIFO>
ST_1 : Operation 21 [1/1] (0.00ns)   --->   "call void (...)* @_ssdm_op_SpecInterface(i32* %row_out3, [8 x i8]* @ap_fifo_str, i32 0, i32 0, [1 x i8]* @p_str, i32 0, i32 0, [1 x i8]* @p_str, [1 x i8]* @p_str, [1 x i8]* @p_str, i32 2, i32 2, i32 16, i32 16, [1 x i8]* @p_str, [11 x i8]* @ScalarProp_str)"   --->   Operation 21 'specinterface' <Predicate = true> <Delay = 0.00>
ST_1 : Operation 22 [1/1] (1.83ns)   --->   "call void @_ssdm_op_Write.ap_fifo.i32P(i32* %row_out3, i32 %row_read)" [conv_v1.cpp:188->conv_v1.cpp:179]   --->   Operation 22 'write' <Predicate = true> <Delay = 1.83> <Core = "FIFO">   --->   Core 32 'FIFO' <Latency = 0> <II = 1> <Delay = 1.83> <Storage> <Opcode : 'read' 'write' 'nbread' 'nbwrite'> <Ports = 0> <Width = 32> <Depth = 2> <FIFO>
ST_1 : Operation 23 [1/1] (0.00ns)   --->   "call void (...)* @_ssdm_op_SpecInterface(i32* %cho_out, [8 x i8]* @ap_fifo_str, i32 0, i32 0, [1 x i8]* @p_str, i32 0, i32 0, [1 x i8]* @p_str, [1 x i8]* @p_str, [1 x i8]* @p_str, i32 2, i32 2, i32 16, i32 16, [1 x i8]* @p_str, [11 x i8]* @ScalarProp_str)"   --->   Operation 23 'specinterface' <Predicate = true> <Delay = 0.00>
ST_1 : Operation 24 [1/1] (1.83ns)   --->   "call void @_ssdm_op_Write.ap_fifo.i32P(i32* %cho_out, i32 %cho_read)" [conv_v1.cpp:188->conv_v1.cpp:179]   --->   Operation 24 'write' <Predicate = true> <Delay = 1.83> <Core = "FIFO">   --->   Core 32 'FIFO' <Latency = 0> <II = 1> <Delay = 1.83> <Storage> <Opcode : 'read' 'write' 'nbread' 'nbwrite'> <Ports = 0> <Width = 32> <Depth = 2> <FIFO>
ST_1 : Operation 25 [1/1] (0.00ns)   --->   "call void (...)* @_ssdm_op_SpecInterface(i32* %cho_out4, [8 x i8]* @ap_fifo_str, i32 0, i32 0, [1 x i8]* @p_str, i32 0, i32 0, [1 x i8]* @p_str, [1 x i8]* @p_str, [1 x i8]* @p_str, i32 2, i32 2, i32 16, i32 16, [1 x i8]* @p_str, [11 x i8]* @ScalarProp_str)"   --->   Operation 25 'specinterface' <Predicate = true> <Delay = 0.00>
ST_1 : Operation 26 [1/1] (1.83ns)   --->   "call void @_ssdm_op_Write.ap_fifo.i32P(i32* %cho_out4, i32 %cho_read)" [conv_v1.cpp:188->conv_v1.cpp:179]   --->   Operation 26 'write' <Predicate = true> <Delay = 1.83> <Core = "FIFO">   --->   Core 32 'FIFO' <Latency = 0> <II = 1> <Delay = 1.83> <Storage> <Opcode : 'read' 'write' 'nbread' 'nbwrite'> <Ports = 0> <Width = 32> <Depth = 2> <FIFO>
ST_1 : Operation 27 [1/1] (0.00ns)   --->   "call void (...)* @_ssdm_op_SpecInterface(i32* %cho_out5, [8 x i8]* @ap_fifo_str, i32 0, i32 0, [1 x i8]* @p_str, i32 0, i32 0, [1 x i8]* @p_str, [1 x i8]* @p_str, [1 x i8]* @p_str, i32 2, i32 2, i32 16, i32 16, [1 x i8]* @p_str, [11 x i8]* @ScalarProp_str)"   --->   Operation 27 'specinterface' <Predicate = true> <Delay = 0.00>
ST_1 : Operation 28 [1/1] (1.83ns)   --->   "call void @_ssdm_op_Write.ap_fifo.i32P(i32* %cho_out5, i32 %cho_read)" [conv_v1.cpp:188->conv_v1.cpp:179]   --->   Operation 28 'write' <Predicate = true> <Delay = 1.83> <Core = "FIFO">   --->   Core 32 'FIFO' <Latency = 0> <II = 1> <Delay = 1.83> <Storage> <Opcode : 'read' 'write' 'nbread' 'nbwrite'> <Ports = 0> <Width = 32> <Depth = 2> <FIFO>
ST_1 : Operation 29 [1/1] (0.00ns)   --->   "call void (...)* @_ssdm_op_SpecInterface(i32* %cho_out6, [8 x i8]* @ap_fifo_str, i32 0, i32 0, [1 x i8]* @p_str, i32 0, i32 0, [1 x i8]* @p_str, [1 x i8]* @p_str, [1 x i8]* @p_str, i32 2, i32 2, i32 16, i32 16, [1 x i8]* @p_str, [11 x i8]* @ScalarProp_str)"   --->   Operation 29 'specinterface' <Predicate = true> <Delay = 0.00>
ST_1 : Operation 30 [1/1] (1.83ns)   --->   "call void @_ssdm_op_Write.ap_fifo.i32P(i32* %cho_out6, i32 %cho_read)" [conv_v1.cpp:188->conv_v1.cpp:179]   --->   Operation 30 'write' <Predicate = true> <Delay = 1.83> <Core = "FIFO">   --->   Core 32 'FIFO' <Latency = 0> <II = 1> <Delay = 1.83> <Storage> <Opcode : 'read' 'write' 'nbread' 'nbwrite'> <Ports = 0> <Width = 32> <Depth = 2> <FIFO>
ST_1 : Operation 31 [1/1] (0.00ns)   --->   "call void (...)* @_ssdm_op_SpecInterface(i32* %cho_out7, [8 x i8]* @ap_fifo_str, i32 0, i32 0, [1 x i8]* @p_str, i32 0, i32 0, [1 x i8]* @p_str, [1 x i8]* @p_str, [1 x i8]* @p_str, i32 2, i32 2, i32 16, i32 16, [1 x i8]* @p_str, [11 x i8]* @ScalarProp_str)"   --->   Operation 31 'specinterface' <Predicate = true> <Delay = 0.00>
ST_1 : Operation 32 [1/1] (1.83ns)   --->   "call void @_ssdm_op_Write.ap_fifo.i32P(i32* %cho_out7, i32 %cho_read)" [conv_v1.cpp:188->conv_v1.cpp:179]   --->   Operation 32 'write' <Predicate = true> <Delay = 1.83> <Core = "FIFO">   --->   Core 32 'FIFO' <Latency = 0> <II = 1> <Delay = 1.83> <Storage> <Opcode : 'read' 'write' 'nbread' 'nbwrite'> <Ports = 0> <Width = 32> <Depth = 2> <FIFO>
ST_1 : Operation 33 [1/1] (0.00ns)   --->   "ret void" [conv_v1.cpp:179]   --->   Operation 33 'ret' <Predicate = true> <Delay = 0.00>


============================================================
+ Verbose Summary: Binding
============================================================
STG Binding: 
---------------- STG Properties BEGIN ----------------
- Is combinational: 0
- Is one-state seq: 1
- Is datapath-only: 0
- Is pipelined: 0
- Is top level: 0
Port [ Return ] is wired: 1; IO mode=ap_ctrl_hs:ce=0
Port [ row]:  wired=1; compound=1; hidden=0; nouse=0; global=0; static=0; extern=0; dir=0; type=3; pingpong=0; private_global=0; IO mode=ap_fifo:ce=0
Port [ cho]:  wired=1; compound=1; hidden=0; nouse=0; global=0; static=0; extern=0; dir=0; type=3; pingpong=0; private_global=0; IO mode=ap_fifo:ce=0
Port [ row_out]:  wired=1; compound=1; hidden=0; nouse=0; global=0; static=0; extern=0; dir=1; type=3; pingpong=0; private_global=0; IO mode=ap_fifo:ce=0
Port [ row_out1]:  wired=1; compound=1; hidden=0; nouse=0; global=0; static=0; extern=0; dir=1; type=3; pingpong=0; private_global=0; IO mode=ap_fifo:ce=0
Port [ row_out2]:  wired=1; compound=1; hidden=0; nouse=0; global=0; static=0; extern=0; dir=1; type=3; pingpong=0; private_global=0; IO mode=ap_fifo:ce=0
Port [ row_out3]:  wired=1; compound=1; hidden=0; nouse=0; global=0; static=0; extern=0; dir=1; type=3; pingpong=0; private_global=0; IO mode=ap_fifo:ce=0
Port [ cho_out]:  wired=1; compound=1; hidden=0; nouse=0; global=0; static=0; extern=0; dir=1; type=3; pingpong=0; private_global=0; IO mode=ap_fifo:ce=0
Port [ cho_out4]:  wired=1; compound=1; hidden=0; nouse=0; global=0; static=0; extern=0; dir=1; type=3; pingpong=0; private_global=0; IO mode=ap_fifo:ce=0
Port [ cho_out5]:  wired=1; compound=1; hidden=0; nouse=0; global=0; static=0; extern=0; dir=1; type=3; pingpong=0; private_global=0; IO mode=ap_fifo:ce=0
Port [ cho_out6]:  wired=1; compound=1; hidden=0; nouse=0; global=0; static=0; extern=0; dir=1; type=3; pingpong=0; private_global=0; IO mode=ap_fifo:ce=0
Port [ cho_out7]:  wired=1; compound=1; hidden=0; nouse=0; global=0; static=0; extern=0; dir=1; type=3; pingpong=0; private_global=0; IO mode=ap_fifo:ce=0
---------------- STG Properties END ------------------

---------------- Datapath Model BEGIN ----------------

<LifeTime>
<method=bitvector/>
specinterface_ln0 (specinterface) [ 00]
specinterface_ln0 (specinterface) [ 00]
specinterface_ln0 (specinterface) [ 00]
specinterface_ln0 (specinterface) [ 00]
specinterface_ln0 (specinterface) [ 00]
specinterface_ln0 (specinterface) [ 00]
specinterface_ln0 (specinterface) [ 00]
specinterface_ln0 (specinterface) [ 00]
specinterface_ln0 (specinterface) [ 00]
specinterface_ln0 (specinterface) [ 00]
specinterface_ln0 (specinterface) [ 00]
row_read          (read         ) [ 00]
cho_read          (read         ) [ 00]
specinterface_ln0 (specinterface) [ 00]
write_ln188       (write        ) [ 00]
specinterface_ln0 (specinterface) [ 00]
write_ln188       (write        ) [ 00]
specinterface_ln0 (specinterface) [ 00]
write_ln188       (write        ) [ 00]
specinterface_ln0 (specinterface) [ 00]
write_ln188       (write        ) [ 00]
specinterface_ln0 (specinterface) [ 00]
write_ln188       (write        ) [ 00]
specinterface_ln0 (specinterface) [ 00]
write_ln188       (write        ) [ 00]
specinterface_ln0 (specinterface) [ 00]
write_ln188       (write        ) [ 00]
specinterface_ln0 (specinterface) [ 00]
write_ln188       (write        ) [ 00]
specinterface_ln0 (specinterface) [ 00]
write_ln188       (write        ) [ 00]
ret_ln179         (ret          ) [ 00]
</LifeTime>

<model>

<comp_list>
<comp id="0" class="1000" name="row">
<pin_list>
<pin id="1" dir="1" index="0" bw="1" slack="0"/>
</pin_list>
<bind>
<StgValue><ssdm name="row"/></StgValue>
</bind>
</comp>

<comp id="2" class="1000" name="cho">
<pin_list>
<pin id="3" dir="1" index="0" bw="1" slack="0"/>
</pin_list>
<bind>
<StgValue><ssdm name="cho"/></StgValue>
</bind>
</comp>

<comp id="4" class="1000" name="row_out">
<pin_list>
<pin id="5" dir="1" index="0" bw="1" slack="0"/>
</pin_list>
<bind>
<StgValue><ssdm name="row_out"/></StgValue>
</bind>
</comp>

<comp id="6" class="1000" name="row_out1">
<pin_list>
<pin id="7" dir="1" index="0" bw="1" slack="0"/>
</pin_list>
<bind>
<StgValue><ssdm name="row_out1"/></StgValue>
</bind>
</comp>

<comp id="8" class="1000" name="row_out2">
<pin_list>
<pin id="9" dir="1" index="0" bw="1" slack="0"/>
</pin_list>
<bind>
<StgValue><ssdm name="row_out2"/></StgValue>
</bind>
</comp>

<comp id="10" class="1000" name="row_out3">
<pin_list>
<pin id="11" dir="1" index="0" bw="1" slack="0"/>
</pin_list>
<bind>
<StgValue><ssdm name="row_out3"/></StgValue>
</bind>
</comp>

<comp id="12" class="1000" name="cho_out">
<pin_list>
<pin id="13" dir="1" index="0" bw="1" slack="0"/>
</pin_list>
<bind>
<StgValue><ssdm name="cho_out"/></StgValue>
</bind>
</comp>

<comp id="14" class="1000" name="cho_out4">
<pin_list>
<pin id="15" dir="1" index="0" bw="1" slack="0"/>
</pin_list>
<bind>
<StgValue><ssdm name="cho_out4"/></StgValue>
</bind>
</comp>

<comp id="16" class="1000" name="cho_out5">
<pin_list>
<pin id="17" dir="1" index="0" bw="1" slack="0"/>
</pin_list>
<bind>
<StgValue><ssdm name="cho_out5"/></StgValue>
</bind>
</comp>

<comp id="18" class="1000" name="cho_out6">
<pin_list>
<pin id="19" dir="1" index="0" bw="1" slack="0"/>
</pin_list>
<bind>
<StgValue><ssdm name="cho_out6"/></StgValue>
</bind>
</comp>

<comp id="20" class="1000" name="cho_out7">
<pin_list>
<pin id="21" dir="1" index="0" bw="1" slack="0"/>
</pin_list>
<bind>
<StgValue><ssdm name="cho_out7"/></StgValue>
</bind>
</comp>

<comp id="22" class="1001" name="const_22">
<pin_list>
<pin id="23" dir="1" index="0" bw="1" slack="2147483647"/>
</pin_list>
<bind>
<StgValue><ssdm name="_ssdm_op_SpecInterface"/></StgValue>
</bind>
</comp>

<comp id="24" class="1001" name="const_24">
<pin_list>
<pin id="25" dir="1" index="0" bw="1" slack="2147483647"/>
</pin_list>
<bind>
<StgValue><ssdm name="ap_fifo_str"/></StgValue>
</bind>
</comp>

<comp id="26" class="1001" name="const_26">
<pin_list>
<pin id="27" dir="1" index="0" bw="1" slack="2147483647"/>
</pin_list>
<bind>
<StgValue><ssdm name=""/></StgValue>
</bind>
</comp>

<comp id="28" class="1001" name="const_28">
<pin_list>
<pin id="29" dir="1" index="0" bw="1" slack="2147483647"/>
</pin_list>
<bind>
<StgValue><ssdm name="p_str"/></StgValue>
</bind>
</comp>

<comp id="30" class="1001" name="const_30">
<pin_list>
<pin id="31" dir="1" index="0" bw="1" slack="2147483647"/>
</pin_list>
<bind>
<StgValue><ssdm name=""/></StgValue>
</bind>
</comp>

<comp id="32" class="1001" name="const_32">
<pin_list>
<pin id="33" dir="1" index="0" bw="1" slack="2147483647"/>
</pin_list>
<bind>
<StgValue><ssdm name=""/></StgValue>
</bind>
</comp>

<comp id="34" class="1001" name="const_34">
<pin_list>
<pin id="35" dir="1" index="0" bw="1" slack="2147483647"/>
</pin_list>
<bind>
<StgValue><ssdm name="ScalarProp_str"/></StgValue>
</bind>
</comp>

<comp id="36" class="1001" name="const_36">
<pin_list>
<pin id="37" dir="1" index="0" bw="1" slack="0"/>
</pin_list>
<bind>
<StgValue><ssdm name="_ssdm_op_Read.ap_fifo.i32P"/></StgValue>
</bind>
</comp>

<comp id="38" class="1001" name="const_38">
<pin_list>
<pin id="39" dir="1" index="0" bw="1" slack="0"/>
</pin_list>
<bind>
<StgValue><ssdm name="_ssdm_op_Write.ap_fifo.i32P"/></StgValue>
</bind>
</comp>

<comp id="40" class="1004" name="row_read_read_fu_40">
<pin_list>
<pin id="41" dir="0" index="0" bw="32" slack="0"/>
<pin id="42" dir="0" index="1" bw="32" slack="0"/>
<pin id="43" dir="1" index="2" bw="32" slack="0"/>
</pin_list>
<bind>
<opcode="read(1150) " fcode="read"/>
<opset="row_read/1 "/>
</bind>
</comp>

<comp id="46" class="1004" name="cho_read_read_fu_46">
<pin_list>
<pin id="47" dir="0" index="0" bw="32" slack="0"/>
<pin id="48" dir="0" index="1" bw="32" slack="0"/>
<pin id="49" dir="1" index="2" bw="32" slack="0"/>
</pin_list>
<bind>
<opcode="read(1150) " fcode="read"/>
<opset="cho_read/1 "/>
</bind>
</comp>

<comp id="52" class="1004" name="write_ln188_write_fu_52">
<pin_list>
<pin id="53" dir="0" index="0" bw="0" slack="0"/>
<pin id="54" dir="0" index="1" bw="32" slack="0"/>
<pin id="55" dir="0" index="2" bw="32" slack="0"/>
<pin id="56" dir="1" index="3" bw="0" slack="2147483647"/>
</pin_list>
<bind>
<opcode="write(1151) " fcode="write"/>
<opset="write_ln188/1 "/>
</bind>
</comp>

<comp id="60" class="1004" name="write_ln188_write_fu_60">
<pin_list>
<pin id="61" dir="0" index="0" bw="0" slack="0"/>
<pin id="62" dir="0" index="1" bw="32" slack="0"/>
<pin id="63" dir="0" index="2" bw="32" slack="0"/>
<pin id="64" dir="1" index="3" bw="0" slack="2147483647"/>
</pin_list>
<bind>
<opcode="write(1151) " fcode="write"/>
<opset="write_ln188/1 "/>
</bind>
</comp>

<comp id="68" class="1004" name="write_ln188_write_fu_68">
<pin_list>
<pin id="69" dir="0" index="0" bw="0" slack="0"/>
<pin id="70" dir="0" index="1" bw="32" slack="0"/>
<pin id="71" dir="0" index="2" bw="32" slack="0"/>
<pin id="72" dir="1" index="3" bw="0" slack="2147483647"/>
</pin_list>
<bind>
<opcode="write(1151) " fcode="write"/>
<opset="write_ln188/1 "/>
</bind>
</comp>

<comp id="76" class="1004" name="write_ln188_write_fu_76">
<pin_list>
<pin id="77" dir="0" index="0" bw="0" slack="0"/>
<pin id="78" dir="0" index="1" bw="32" slack="0"/>
<pin id="79" dir="0" index="2" bw="32" slack="0"/>
<pin id="80" dir="1" index="3" bw="0" slack="2147483647"/>
</pin_list>
<bind>
<opcode="write(1151) " fcode="write"/>
<opset="write_ln188/1 "/>
</bind>
</comp>

<comp id="84" class="1004" name="write_ln188_write_fu_84">
<pin_list>
<pin id="85" dir="0" index="0" bw="0" slack="0"/>
<pin id="86" dir="0" index="1" bw="32" slack="0"/>
<pin id="87" dir="0" index="2" bw="32" slack="0"/>
<pin id="88" dir="1" index="3" bw="0" slack="2147483647"/>
</pin_list>
<bind>
<opcode="write(1151) " fcode="write"/>
<opset="write_ln188/1 "/>
</bind>
</comp>

<comp id="92" class="1004" name="write_ln188_write_fu_92">
<pin_list>
<pin id="93" dir="0" index="0" bw="0" slack="0"/>
<pin id="94" dir="0" index="1" bw="32" slack="0"/>
<pin id="95" dir="0" index="2" bw="32" slack="0"/>
<pin id="96" dir="1" index="3" bw="0" slack="2147483647"/>
</pin_list>
<bind>
<opcode="write(1151) " fcode="write"/>
<opset="write_ln188/1 "/>
</bind>
</comp>

<comp id="100" class="1004" name="write_ln188_write_fu_100">
<pin_list>
<pin id="101" dir="0" index="0" bw="0" slack="0"/>
<pin id="102" dir="0" index="1" bw="32" slack="0"/>
<pin id="103" dir="0" index="2" bw="32" slack="0"/>
<pin id="104" dir="1" index="3" bw="0" slack="2147483647"/>
</pin_list>
<bind>
<opcode="write(1151) " fcode="write"/>
<opset="write_ln188/1 "/>
</bind>
</comp>

<comp id="108" class="1004" name="write_ln188_write_fu_108">
<pin_list>
<pin id="109" dir="0" index="0" bw="0" slack="0"/>
<pin id="110" dir="0" index="1" bw="32" slack="0"/>
<pin id="111" dir="0" index="2" bw="32" slack="0"/>
<pin id="112" dir="1" index="3" bw="0" slack="2147483647"/>
</pin_list>
<bind>
<opcode="write(1151) " fcode="write"/>
<opset="write_ln188/1 "/>
</bind>
</comp>

<comp id="116" class="1004" name="write_ln188_write_fu_116">
<pin_list>
<pin id="117" dir="0" index="0" bw="0" slack="0"/>
<pin id="118" dir="0" index="1" bw="32" slack="0"/>
<pin id="119" dir="0" index="2" bw="32" slack="0"/>
<pin id="120" dir="1" index="3" bw="0" slack="2147483647"/>
</pin_list>
<bind>
<opcode="write(1151) " fcode="write"/>
<opset="write_ln188/1 "/>
</bind>
</comp>

</comp_list>

<net_list>
<net id="44"><net_src comp="36" pin="0"/><net_sink comp="40" pin=0"/></net>

<net id="45"><net_src comp="0" pin="0"/><net_sink comp="40" pin=1"/></net>

<net id="50"><net_src comp="36" pin="0"/><net_sink comp="46" pin=0"/></net>

<net id="51"><net_src comp="2" pin="0"/><net_sink comp="46" pin=1"/></net>

<net id="57"><net_src comp="38" pin="0"/><net_sink comp="52" pin=0"/></net>

<net id="58"><net_src comp="4" pin="0"/><net_sink comp="52" pin=1"/></net>

<net id="59"><net_src comp="40" pin="2"/><net_sink comp="52" pin=2"/></net>

<net id="65"><net_src comp="38" pin="0"/><net_sink comp="60" pin=0"/></net>

<net id="66"><net_src comp="6" pin="0"/><net_sink comp="60" pin=1"/></net>

<net id="67"><net_src comp="40" pin="2"/><net_sink comp="60" pin=2"/></net>

<net id="73"><net_src comp="38" pin="0"/><net_sink comp="68" pin=0"/></net>

<net id="74"><net_src comp="8" pin="0"/><net_sink comp="68" pin=1"/></net>

<net id="75"><net_src comp="40" pin="2"/><net_sink comp="68" pin=2"/></net>

<net id="81"><net_src comp="38" pin="0"/><net_sink comp="76" pin=0"/></net>

<net id="82"><net_src comp="10" pin="0"/><net_sink comp="76" pin=1"/></net>

<net id="83"><net_src comp="40" pin="2"/><net_sink comp="76" pin=2"/></net>

<net id="89"><net_src comp="38" pin="0"/><net_sink comp="84" pin=0"/></net>

<net id="90"><net_src comp="12" pin="0"/><net_sink comp="84" pin=1"/></net>

<net id="91"><net_src comp="46" pin="2"/><net_sink comp="84" pin=2"/></net>

<net id="97"><net_src comp="38" pin="0"/><net_sink comp="92" pin=0"/></net>

<net id="98"><net_src comp="14" pin="0"/><net_sink comp="92" pin=1"/></net>

<net id="99"><net_src comp="46" pin="2"/><net_sink comp="92" pin=2"/></net>

<net id="105"><net_src comp="38" pin="0"/><net_sink comp="100" pin=0"/></net>

<net id="106"><net_src comp="16" pin="0"/><net_sink comp="100" pin=1"/></net>

<net id="107"><net_src comp="46" pin="2"/><net_sink comp="100" pin=2"/></net>

<net id="113"><net_src comp="38" pin="0"/><net_sink comp="108" pin=0"/></net>

<net id="114"><net_src comp="18" pin="0"/><net_sink comp="108" pin=1"/></net>

<net id="115"><net_src comp="46" pin="2"/><net_sink comp="108" pin=2"/></net>

<net id="121"><net_src comp="38" pin="0"/><net_sink comp="116" pin=0"/></net>

<net id="122"><net_src comp="20" pin="0"/><net_sink comp="116" pin=1"/></net>

<net id="123"><net_src comp="46" pin="2"/><net_sink comp="116" pin=2"/></net>

</net_list>

</model> 
---------------- Datapath Model END ------------------

* FSMD analyzer results:
  - Output states:
	Port: row_out | {1 }
	Port: row_out1 | {1 }
	Port: row_out2 | {1 }
	Port: row_out3 | {1 }
	Port: cho_out | {1 }
	Port: cho_out4 | {1 }
	Port: cho_out5 | {1 }
	Port: cho_out6 | {1 }
	Port: cho_out7 | {1 }
 - Input state : 
	Port: PE_array.entry141 : row | {1 }
	Port: PE_array.entry141 : cho | {1 }
	Port: PE_array.entry141 : row_out | {}
	Port: PE_array.entry141 : row_out1 | {}
	Port: PE_array.entry141 : row_out2 | {}
	Port: PE_array.entry141 : row_out3 | {}
	Port: PE_array.entry141 : cho_out | {}
	Port: PE_array.entry141 : cho_out4 | {}
	Port: PE_array.entry141 : cho_out5 | {}
	Port: PE_array.entry141 : cho_out6 | {}
	Port: PE_array.entry141 : cho_out7 | {}
  - Chain level:
	State 1


============================================================
+ Verbose Summary: Datapath Resource usage 
============================================================

* Functional unit list:
|----------|--------------------------|
| Operation|      Functional Unit     |
|----------|--------------------------|
|   read   |    row_read_read_fu_40   |
|          |    cho_read_read_fu_46   |
|----------|--------------------------|
|          |  write_ln188_write_fu_52 |
|          |  write_ln188_write_fu_60 |
|          |  write_ln188_write_fu_68 |
|          |  write_ln188_write_fu_76 |
|   write  |  write_ln188_write_fu_84 |
|          |  write_ln188_write_fu_92 |
|          | write_ln188_write_fu_100 |
|          | write_ln188_write_fu_108 |
|          | write_ln188_write_fu_116 |
|----------|--------------------------|
|   Total  |                          |
|----------|--------------------------|

Memories:
N/A

* Register list:
N/A

* Multiplexer (MUX) list: 
|--------|------|------|------|--------|
|  Comp  |  Pin | Size |  BW  | S x BW |
|--------|------|------|------|--------|
|  Total |      |      |      |    0   |
|--------|------|------|------|--------|



* Summary:
+-----------+
|           |
+-----------+
|  Function |
|   Memory  |
|Multiplexer|
|  Register |
+-----------+
|   Total   |
+-----------+
