

================================================================
== Vivado HLS Report for 'Read_W_buf'
================================================================
* Date:           Sun Feb 28 11:05:24 2021

* Version:        2020.1 (Build 2897737 on Wed May 27 20:21:37 MDT 2020)
* Project:        conv_v1.prj
* Solution:       solution2
* Product family: zynquplus
* Target device:  xczu7ev-ffvc1156-2-e


================================================================
== Performance Estimates
================================================================
+ Timing: 
    * Summary: 
    +--------+----------+----------+------------+
    |  Clock |  Target  | Estimated| Uncertainty|
    +--------+----------+----------+------------+
    |ap_clk  | 10.00 ns | 8.750 ns |   1.25 ns  |
    +--------+----------+----------+------------+

+ Latency: 
    * Summary: 
    +---------+---------+----------+----------+-----+-----+---------+
    |  Latency (cycles) |  Latency (absolute) |  Interval | Pipeline|
    |   min   |   max   |    min   |    max   | min | max |   Type  |
    +---------+---------+----------+----------+-----+-----+---------+
    |       19|      109| 0.190 us | 1.090 us |   19|  109|   none  |
    +---------+---------+----------+----------+-----+-----+---------+

    + Detail: 
        * Instance: 
        N/A

        * Loop: 
        +----------+---------+---------+----------+-----------+-----------+----------+----------+
        |          |  Latency (cycles) | Iteration|  Initiation Interval  |   Trip   |          |
        | Loop Name|   min   |   max   |  Latency |  achieved |   target  |   Count  | Pipelined|
        +----------+---------+---------+----------+-----------+-----------+----------+----------+
        |- Inner   |       11|      101|         3|          1|          1| 10 ~ 100 |    yes   |
        +----------+---------+---------+----------+-----------+-----------+----------+----------+

============================================================
+ Verbose Summary: Synthesis Manager
============================================================
InlineROM: 1
ExposeGlobal: 0
============================================================
+ Verbose Summary: CDFG Model
============================================================
IsTopModel: 0
ResetActiveHigh: 1
IsCombinational: 0
IsDatapathOnly: 0
HasWiredReturn: 1
HasMFsm: 0
HasVarLatency: 1
IsPipeline: 0
IsRtlPipelined: 0
IsInstanceOverlapped: 0
IsDontTouch: 0
HasImplIP: 0
IsGatedGlobalClock: 0

+ Individual pipeline summary: 
  * Pipeline-0: initiation interval (II) = 1, depth = 3


============================================================
+ Verbose Summary: Schedule
============================================================
* Number of FSM states : 11
* Pipeline : 1
  Pipeline-0 : II = 1, D = 3, States = { 8 9 10 }
* Dataflow Pipeline: 0

* FSM state transitions: 
1 --> 2 
2 --> 3 
3 --> 4 
4 --> 5 
5 --> 6 
6 --> 7 
7 --> 8 
8 --> 11 9 
9 --> 10 
10 --> 8 
11 --> 

* FSM state operations: 

State 1 <SV = 0> <Delay = 8.75>
ST_1 : Operation 12 [1/1] (0.00ns)   --->   "%length_read = call i32 @_ssdm_op_Read.ap_auto.i32(i32 %length_r)" [conv_v1.cpp:273]   --->   Operation 12 'read' 'length_read' <Predicate = true> <Delay = 0.00>
ST_1 : Operation 13 [1/1] (0.00ns)   --->   "%W_ddr_offset_read = call i30 @_ssdm_op_Read.ap_auto.i30(i30 %W_ddr_offset)" [conv_v1.cpp:273]   --->   Operation 13 'read' 'W_ddr_offset_read' <Predicate = true> <Delay = 0.00>
ST_1 : Operation 14 [1/1] (0.00ns)   --->   "%zext_ln273 = zext i30 %W_ddr_offset_read to i64" [conv_v1.cpp:273]   --->   Operation 14 'zext' 'zext_ln273' <Predicate = true> <Delay = 0.00>
ST_1 : Operation 15 [1/1] (0.00ns)   --->   "%W_ddr_addr = getelementptr float* %W_ddr, i64 %zext_ln273" [conv_v1.cpp:273]   --->   Operation 15 'getelementptr' 'W_ddr_addr' <Predicate = true> <Delay = 0.00>
ST_1 : Operation 16 [7/7] (8.75ns)   --->   "%W_ddr_addr_rd_req = call i1 @_ssdm_op_ReadReq.m_axi.floatP(float* %W_ddr_addr, i32 %length_read)" [conv_v1.cpp:276]   --->   Operation 16 'readreq' 'W_ddr_addr_rd_req' <Predicate = true> <Delay = 8.75> <Core = "m_axi">   --->   Core 9 'm_axi' <Latency = 6> <II = 1> <Delay = 1.00> <Adapter> <Opcode : 'read' 'write' 'readreq' 'writereq' 'writeresp'>

State 2 <SV = 1> <Delay = 8.75>
ST_2 : Operation 17 [6/7] (8.75ns)   --->   "%W_ddr_addr_rd_req = call i1 @_ssdm_op_ReadReq.m_axi.floatP(float* %W_ddr_addr, i32 %length_read)" [conv_v1.cpp:276]   --->   Operation 17 'readreq' 'W_ddr_addr_rd_req' <Predicate = true> <Delay = 8.75> <Core = "m_axi">   --->   Core 9 'm_axi' <Latency = 6> <II = 1> <Delay = 1.00> <Adapter> <Opcode : 'read' 'write' 'readreq' 'writereq' 'writeresp'>

State 3 <SV = 2> <Delay = 8.75>
ST_3 : Operation 18 [5/7] (8.75ns)   --->   "%W_ddr_addr_rd_req = call i1 @_ssdm_op_ReadReq.m_axi.floatP(float* %W_ddr_addr, i32 %length_read)" [conv_v1.cpp:276]   --->   Operation 18 'readreq' 'W_ddr_addr_rd_req' <Predicate = true> <Delay = 8.75> <Core = "m_axi">   --->   Core 9 'm_axi' <Latency = 6> <II = 1> <Delay = 1.00> <Adapter> <Opcode : 'read' 'write' 'readreq' 'writereq' 'writeresp'>

State 4 <SV = 3> <Delay = 8.75>
ST_4 : Operation 19 [4/7] (8.75ns)   --->   "%W_ddr_addr_rd_req = call i1 @_ssdm_op_ReadReq.m_axi.floatP(float* %W_ddr_addr, i32 %length_read)" [conv_v1.cpp:276]   --->   Operation 19 'readreq' 'W_ddr_addr_rd_req' <Predicate = true> <Delay = 8.75> <Core = "m_axi">   --->   Core 9 'm_axi' <Latency = 6> <II = 1> <Delay = 1.00> <Adapter> <Opcode : 'read' 'write' 'readreq' 'writereq' 'writeresp'>

State 5 <SV = 4> <Delay = 8.75>
ST_5 : Operation 20 [3/7] (8.75ns)   --->   "%W_ddr_addr_rd_req = call i1 @_ssdm_op_ReadReq.m_axi.floatP(float* %W_ddr_addr, i32 %length_read)" [conv_v1.cpp:276]   --->   Operation 20 'readreq' 'W_ddr_addr_rd_req' <Predicate = true> <Delay = 8.75> <Core = "m_axi">   --->   Core 9 'm_axi' <Latency = 6> <II = 1> <Delay = 1.00> <Adapter> <Opcode : 'read' 'write' 'readreq' 'writereq' 'writeresp'>

State 6 <SV = 5> <Delay = 8.75>
ST_6 : Operation 21 [2/7] (8.75ns)   --->   "%W_ddr_addr_rd_req = call i1 @_ssdm_op_ReadReq.m_axi.floatP(float* %W_ddr_addr, i32 %length_read)" [conv_v1.cpp:276]   --->   Operation 21 'readreq' 'W_ddr_addr_rd_req' <Predicate = true> <Delay = 8.75> <Core = "m_axi">   --->   Core 9 'm_axi' <Latency = 6> <II = 1> <Delay = 1.00> <Adapter> <Opcode : 'read' 'write' 'readreq' 'writereq' 'writeresp'>

State 7 <SV = 6> <Delay = 8.75>
ST_7 : Operation 22 [1/1] (0.00ns)   --->   "call void (...)* @_ssdm_op_SpecInterface(float* %W_ddr, [6 x i8]* @p_str29, i32 0, i32 0, [1 x i8]* @p_str, i32 0, i32 144, [1 x i8]* @p_str, [1 x i8]* @p_str, [1 x i8]* @p_str, i32 16, i32 16, i32 16, i32 16, [1 x i8]* @p_str, [1 x i8]* @p_str)"   --->   Operation 22 'specinterface' <Predicate = true> <Delay = 0.00>
ST_7 : Operation 23 [1/7] (8.75ns)   --->   "%W_ddr_addr_rd_req = call i1 @_ssdm_op_ReadReq.m_axi.floatP(float* %W_ddr_addr, i32 %length_read)" [conv_v1.cpp:276]   --->   Operation 23 'readreq' 'W_ddr_addr_rd_req' <Predicate = true> <Delay = 8.75> <Core = "m_axi">   --->   Core 9 'm_axi' <Latency = 6> <II = 1> <Delay = 1.00> <Adapter> <Opcode : 'read' 'write' 'readreq' 'writereq' 'writeresp'>
ST_7 : Operation 24 [1/1] (0.65ns)   --->   "br label %1" [conv_v1.cpp:274]   --->   Operation 24 'br' <Predicate = true> <Delay = 0.65>

State 8 <SV = 7> <Delay = 1.00>
ST_8 : Operation 25 [1/1] (0.00ns)   --->   "%p_0_rec = phi i31 [ 0, %0 ], [ %i, %Inner ]"   --->   Operation 25 'phi' 'p_0_rec' <Predicate = true> <Delay = 0.00>
ST_8 : Operation 26 [1/1] (0.00ns)   --->   "%i_0_cast = zext i31 %p_0_rec to i32" [conv_v1.cpp:276]   --->   Operation 26 'zext' 'i_0_cast' <Predicate = true> <Delay = 0.00>
ST_8 : Operation 27 [1/1] (0.99ns)   --->   "%icmp_ln274 = icmp slt i32 %i_0_cast, %length_read" [conv_v1.cpp:274]   --->   Operation 27 'icmp' 'icmp_ln274' <Predicate = true> <Delay = 0.99> <Core = "Cmp">   --->   Core 25 'Cmp' <Latency = 0> <II = 1> <Delay = 0.99> <FuncUnit> <Opcode : 'icmp'> <InPorts = 2> <OutPorts = 1>
ST_8 : Operation 28 [1/1] (1.00ns)   --->   "%i = add i31 %p_0_rec, 1" [conv_v1.cpp:276]   --->   Operation 28 'add' 'i' <Predicate = true> <Delay = 1.00> <Core = "AddSub">   --->   Core 14 'AddSub' <Latency = 0> <II = 1> <Delay = 1.00> <FuncUnit> <Opcode : 'add' 'sub'> <InPorts = 2> <OutPorts = 1>
ST_8 : Operation 29 [1/1] (0.00ns)   --->   "br i1 %icmp_ln274, label %Inner, label %2" [conv_v1.cpp:274]   --->   Operation 29 'br' <Predicate = true> <Delay = 0.00>

State 9 <SV = 8> <Delay = 8.75>
ST_9 : Operation 30 [1/1] (8.75ns)   --->   "%W_ddr_addr_read = call float @_ssdm_op_Read.m_axi.floatP(float* %W_ddr_addr)" [conv_v1.cpp:276]   --->   Operation 30 'read' 'W_ddr_addr_read' <Predicate = (icmp_ln274)> <Delay = 8.75> <Core = "m_axi">   --->   Core 9 'm_axi' <Latency = 6> <II = 1> <Delay = 1.00> <Adapter> <Opcode : 'read' 'write' 'readreq' 'writereq' 'writeresp'>

State 10 <SV = 9> <Delay = 1.23>
ST_10 : Operation 31 [1/1] (0.00ns)   --->   "%p_0_rec_cast = zext i31 %p_0_rec to i64" [conv_v1.cpp:276]   --->   Operation 31 'zext' 'p_0_rec_cast' <Predicate = (icmp_ln274)> <Delay = 0.00>
ST_10 : Operation 32 [1/1] (0.00ns)   --->   "call void (...)* @_ssdm_op_SpecLoopName([6 x i8]* @p_str4) nounwind" [conv_v1.cpp:274]   --->   Operation 32 'specloopname' <Predicate = (icmp_ln274)> <Delay = 0.00>
ST_10 : Operation 33 [1/1] (0.00ns)   --->   "%tmp = call i32 (...)* @_ssdm_op_SpecRegionBegin([6 x i8]* @p_str4)" [conv_v1.cpp:274]   --->   Operation 33 'specregionbegin' 'tmp' <Predicate = (icmp_ln274)> <Delay = 0.00>
ST_10 : Operation 34 [1/1] (0.00ns)   --->   "call void (...)* @_ssdm_op_SpecPipeline(i32 -1, i32 1, i32 1, i32 0, [1 x i8]* @p_str) nounwind" [conv_v1.cpp:275]   --->   Operation 34 'specpipeline' <Predicate = (icmp_ln274)> <Delay = 0.00>
ST_10 : Operation 35 [1/1] (0.00ns)   --->   "call void (...)* @_ssdm_op_SpecLoopTripCount(i32 10, i32 100, i32 55, [1 x i8]* @p_str) nounwind" [conv_v1.cpp:275]   --->   Operation 35 'speclooptripcount' <Predicate = (icmp_ln274)> <Delay = 0.00>
ST_10 : Operation 36 [1/1] (0.00ns)   --->   "%W_addr = getelementptr [500 x float]* %W, i64 0, i64 %p_0_rec_cast" [conv_v1.cpp:276]   --->   Operation 36 'getelementptr' 'W_addr' <Predicate = (icmp_ln274)> <Delay = 0.00>
ST_10 : Operation 37 [1/1] (1.23ns)   --->   "store float %W_ddr_addr_read, float* %W_addr, align 4" [conv_v1.cpp:276]   --->   Operation 37 'store' <Predicate = (icmp_ln274)> <Delay = 1.23> <Core = "RAM">   --->   Core 37 'RAM' <Latency = 1> <II = 1> <Delay = 1.23> <Storage> <Opcode : 'load' 'store'> <Ports = 2> <Width = 32> <Depth = 500> <RAM>
ST_10 : Operation 38 [1/1] (0.00ns)   --->   "%empty = call i32 (...)* @_ssdm_op_SpecRegionEnd([6 x i8]* @p_str4, i32 %tmp)" [conv_v1.cpp:277]   --->   Operation 38 'specregionend' 'empty' <Predicate = (icmp_ln274)> <Delay = 0.00>
ST_10 : Operation 39 [1/1] (0.00ns)   --->   "br label %1" [conv_v1.cpp:274]   --->   Operation 39 'br' <Predicate = (icmp_ln274)> <Delay = 0.00>

State 11 <SV = 8> <Delay = 0.00>
ST_11 : Operation 40 [1/1] (0.00ns)   --->   "ret void" [conv_v1.cpp:278]   --->   Operation 40 'ret' <Predicate = true> <Delay = 0.00>


============================================================
+ Verbose Summary: Timing violations
============================================================
Target clock period: 10ns, clock uncertainty: 1.25ns.

 <State 1>: 8.75ns
The critical path consists of the following:
	wire read on port 'length_r' (conv_v1.cpp:273) [5]  (0 ns)
	bus request on port 'W_ddr' (conv_v1.cpp:276) [10]  (8.75 ns)

 <State 2>: 8.75ns
The critical path consists of the following:
	bus request on port 'W_ddr' (conv_v1.cpp:276) [10]  (8.75 ns)

 <State 3>: 8.75ns
The critical path consists of the following:
	bus request on port 'W_ddr' (conv_v1.cpp:276) [10]  (8.75 ns)

 <State 4>: 8.75ns
The critical path consists of the following:
	bus request on port 'W_ddr' (conv_v1.cpp:276) [10]  (8.75 ns)

 <State 5>: 8.75ns
The critical path consists of the following:
	bus request on port 'W_ddr' (conv_v1.cpp:276) [10]  (8.75 ns)

 <State 6>: 8.75ns
The critical path consists of the following:
	bus request on port 'W_ddr' (conv_v1.cpp:276) [10]  (8.75 ns)

 <State 7>: 8.75ns
The critical path consists of the following:
	bus request on port 'W_ddr' (conv_v1.cpp:276) [10]  (8.75 ns)

 <State 8>: 1.01ns
The critical path consists of the following:
	'phi' operation ('i') with incoming values : ('i', conv_v1.cpp:276) [13]  (0 ns)
	'add' operation ('i', conv_v1.cpp:276) [16]  (1.01 ns)

 <State 9>: 8.75ns
The critical path consists of the following:
	bus read on port 'W_ddr' (conv_v1.cpp:276) [24]  (8.75 ns)

 <State 10>: 1.24ns
The critical path consists of the following:
	'getelementptr' operation ('W_addr', conv_v1.cpp:276) [25]  (0 ns)
	'store' operation ('store_ln276', conv_v1.cpp:276) of variable 'W_ddr_addr_read', conv_v1.cpp:276 on array 'W' [26]  (1.24 ns)

 <State 11>: 0ns
The critical path consists of the following:


============================================================
+ Verbose Summary: Binding
============================================================
N/A
* FSMD analyzer results:
  - Output states:
 - Input state : 
  - Chain level:
	State 1
	State 2
	State 3
	State 4
	State 5
	State 6
	State 7
	State 8
	State 9
	State 10
	State 11


============================================================
+ Verbose Summary: Datapath Resource usage 
============================================================
N/A
