

================================================================
== Vivado HLS Report for 'Load_In_ALL'
================================================================
* Date:           Sun Feb 28 10:35:32 2021

* Version:        2020.1 (Build 2897737 on Wed May 27 20:21:37 MDT 2020)
* Project:        conv_v1.prj
* Solution:       solution1
* Product family: zynquplus
* Target device:  xczu7ev-ffvc1156-2-e


================================================================
== Performance Estimates
================================================================
+ Timing: 
    * Summary: 
    +--------+----------+----------+------------+
    |  Clock |  Target  | Estimated| Uncertainty|
    +--------+----------+----------+------------+
    |ap_clk  | 10.00 ns | 8.587 ns |   1.25 ns  |
    +--------+----------+----------+------------+

+ Latency: 
    * Summary: 
    +---------+---------+----------+----------+-----+--------+---------+
    |  Latency (cycles) |  Latency (absolute) |   Interval   | Pipeline|
    |   min   |   max   |    min   |    max   | min |   max  |   Type  |
    +---------+---------+----------+----------+-----+--------+---------+
    |      161|   139421| 1.610 us | 1.394 ms |  161|  139421|   none  |
    +---------+---------+----------+----------+-----+--------+---------+

    + Detail: 
        * Instance: 
        N/A

        * Loop: 
        +------------------------------+---------+---------+-------------+-----------+-----------+--------+----------+
        |                              |  Latency (cycles) |  Iteration  |  Initiation Interval  |  Trip  |          |
        |           Loop Name          |   min   |   max   |   Latency   |  achieved |   target  |  Count | Pipelined|
        +------------------------------+---------+---------+-------------+-----------+-----------+--------+----------+
        |- Load_In_Out                 |      160|   139420| 160 ~ 13942 |          -|          -| 1 ~ 10 |    no    |
        | + Load_In_Out.1              |      158|    13940|  158 ~ 1394 |          -|          -| 1 ~ 10 |    no    |
        |  ++ Load_In_Out.1.1          |      156|     1392|  156 ~ 464  |          -|          -|  1 ~ 3 |    no    |
        |   +++ Load_In_Out.1.1.1      |      154|      462|          154|          -|          -|  1 ~ 3 |    no    |
        |    ++++ Load_In_Out.1.1.1.1  |      152|      152|           38|          -|          -|       4|    no    |
        +------------------------------+---------+---------+-------------+-----------+-----------+--------+----------+



================================================================
== Utilization Estimates
================================================================
* Summary: 
+-----------------+---------+-------+--------+--------+-----+
|       Name      | BRAM_18K| DSP48E|   FF   |   LUT  | URAM|
+-----------------+---------+-------+--------+--------+-----+
|DSP              |        -|      -|       -|       -|    -|
|Expression       |        -|      9|       0|     504|    -|
|FIFO             |        -|      -|       -|       -|    -|
|Instance         |        -|      -|     394|     238|    -|
|Memory           |        -|      -|       -|       -|    -|
|Multiplexer      |        -|      -|       -|     346|    -|
|Register         |        -|      -|     428|       -|    -|
+-----------------+---------+-------+--------+--------+-----+
|Total            |        0|      9|     822|    1088|    0|
+-----------------+---------+-------+--------+--------+-----+
|Available        |      624|   1728|  460800|  230400|   96|
+-----------------+---------+-------+--------+--------+-----+
|Utilization (%)  |        0|   ~0  |   ~0   |   ~0   |    0|
+-----------------+---------+-------+--------+--------+-----+

+ Detail: 
    * Instance: 
    +--------------------------+----------------------+---------+-------+-----+-----+-----+
    |         Instance         |        Module        | BRAM_18K| DSP48E|  FF | LUT | URAM|
    +--------------------------+----------------------+---------+-------+-----+-----+-----+
    |Systolic_Array_Cobkb_U34  |Systolic_Array_Cobkb  |        0|      0|  394|  238|    0|
    +--------------------------+----------------------+---------+-------+-----+-----+-----+
    |Total                     |                      |        0|      0|  394|  238|    0|
    +--------------------------+----------------------+---------+-------+-----+-----+-----+

    * DSP48E: 
    N/A

    * Memory: 
    N/A

    * FIFO: 
    N/A

    * Expression: 
    +---------------------+----------+-------+---+----+------------+------------+
    |    Variable Name    | Operation| DSP48E| FF| LUT| Bitwidth P0| Bitwidth P1|
    +---------------------+----------+-------+---+----+------------+------------+
    |mul_ln41_fu_335_p2   |     *    |      0|  0|  20|          32|           3|
    |mul_ln42_fu_346_p2   |     *    |      3|  0|  20|          32|          31|
    |mul_ln43_fu_355_p2   |     *    |      3|  0|  20|          32|          32|
    |tmp1_i_i_fu_381_p2   |     *    |      3|  0|  20|          32|          32|
    |add_ln43_fu_385_p2   |     +    |      0|  0|  32|          32|          32|
    |chi_fu_283_p2        |     +    |      0|  0|  38|          31|           1|
    |col_fu_268_p2        |     +    |      0|  0|  38|          31|           1|
    |grp_fu_400_p0        |     +    |      0|  0|  32|          32|          32|
    |kc_fu_309_p2         |     +    |      0|  0|  39|          32|           1|
    |kr_fu_298_p2         |     +    |      0|  0|  38|          31|           1|
    |r_fu_325_p2          |     +    |      0|  0|  11|           3|           1|
    |r_in_fu_341_p2       |     +    |      0|  0|  39|          32|          32|
    |tmp1_fu_361_p2       |     +    |      0|  0|  32|          32|          32|
    |tmp_i_i_fu_367_p2    |     +    |      0|  0|  32|          32|          32|
    |icmp_ln32_fu_263_p2  |   icmp   |      0|  0|  20|          32|          32|
    |icmp_ln34_fu_278_p2  |   icmp   |      0|  0|  20|          32|          32|
    |icmp_ln36_fu_293_p2  |   icmp   |      0|  0|  20|          32|          32|
    |icmp_ln38_fu_304_p2  |   icmp   |      0|  0|  20|          32|          32|
    |icmp_ln40_fu_319_p2  |   icmp   |      0|  0|   9|           3|           4|
    |ap_block_state1      |    or    |      0|  0|   2|           1|           1|
    |ap_block_state43     |    or    |      0|  0|   2|           1|           1|
    +---------------------+----------+-------+---+----+------------+------------+
    |Total                |          |      9|  0| 504|         549|         397|
    +---------------------+----------+-------+---+----+------------+------------+

    * Multiplexer: 
    +---------------------+-----+-----------+-----+-----------+
    |         Name        | LUT | Input Size| Bits| Total Bits|
    +---------------------+-----+-----------+-----+-----------+
    |In_next_0_0_V_blk_n  |    9|          2|    1|          2|
    |In_next_1_0_V_blk_n  |    9|          2|    1|          2|
    |In_next_2_0_V_blk_n  |    9|          2|    1|          2|
    |In_next_3_0_V_blk_n  |    9|          2|    1|          2|
    |ap_NS_fsm            |  193|         44|    1|         44|
    |ap_done              |    9|          2|    1|          2|
    |chi_0_i_i_reg_196    |    9|          2|   31|         62|
    |col_0_i_i_reg_185    |    9|          2|   31|         62|
    |kc_0_i_i_reg_218     |    9|          2|   32|         64|
    |kr_0_i_i_reg_207     |    9|          2|   31|         62|
    |p_c_out1_blk_n       |    9|          2|    1|          2|
    |p_c_out_blk_n        |    9|          2|    1|          2|
    |p_chin_out2_blk_n    |    9|          2|    1|          2|
    |p_chin_out_blk_n     |    9|          2|    1|          2|
    |p_k_out3_blk_n       |    9|          2|    1|          2|
    |p_k_out_blk_n        |    9|          2|    1|          2|
    |r_0_i_i_reg_230      |    9|          2|    3|          6|
    |real_start           |    9|          2|    1|          2|
    +---------------------+-----+-----------+-----+-----------+
    |Total                |  346|         78|  141|        324|
    +---------------------+-----+-----------+-----+-----------+

    * Register: 
    +---------------------+----+----+-----+-----------+
    |         Name        | FF | LUT| Bits| Const Bits|
    +---------------------+----+----+-----+-----------+
    |ap_CS_fsm            |  43|   0|   43|          0|
    |ap_done_reg          |   1|   0|    1|          0|
    |chi_0_i_i_reg_196    |  31|   0|   31|          0|
    |chi_reg_449          |  31|   0|   31|          0|
    |col_0_i_i_reg_185    |  31|   0|   31|          0|
    |col_reg_436          |  31|   0|   31|          0|
    |kc_0_i_i_reg_218     |  32|   0|   32|          0|
    |kc_reg_470           |  32|   0|   32|          0|
    |kr_0_i_i_reg_207     |  31|   0|   31|          0|
    |kr_reg_462           |  31|   0|   31|          0|
    |r_0_i_i_reg_230      |   3|   0|    3|          0|
    |r_reg_478            |   3|   0|    3|          0|
    |start_once_reg       |   1|   0|    1|          0|
    |tmp_i_i_reg_483      |  32|   0|   32|          0|
    |trunc_ln182_reg_488  |   2|   0|    2|          0|
    |zext_ln32_reg_428    |  31|   0|   32|          1|
    |zext_ln34_reg_441    |  31|   0|   32|          1|
    |zext_ln36_reg_454    |  31|   0|   32|          1|
    +---------------------+----+----+-----+-----------+
    |Total                | 428|   0|  431|          3|
    +---------------------+----+----+-----+-----------+



================================================================
== Interface
================================================================
* Summary: 
+----------------------+-----+-----+------------+------------------+--------------+
|       RTL Ports      | Dir | Bits|  Protocol  |   Source Object  |    C Type    |
+----------------------+-----+-----+------------+------------------+--------------+
|ap_clk                |  in |    1| ap_ctrl_hs |    Load_In_ALL   | return value |
|ap_rst                |  in |    1| ap_ctrl_hs |    Load_In_ALL   | return value |
|ap_start              |  in |    1| ap_ctrl_hs |    Load_In_ALL   | return value |
|start_full_n          |  in |    1| ap_ctrl_hs |    Load_In_ALL   | return value |
|ap_done               | out |    1| ap_ctrl_hs |    Load_In_ALL   | return value |
|ap_continue           |  in |    1| ap_ctrl_hs |    Load_In_ALL   | return value |
|ap_idle               | out |    1| ap_ctrl_hs |    Load_In_ALL   | return value |
|ap_ready              | out |    1| ap_ctrl_hs |    Load_In_ALL   | return value |
|start_out             | out |    1| ap_ctrl_hs |    Load_In_ALL   | return value |
|start_write           | out |    1| ap_ctrl_hs |    Load_In_ALL   | return value |
|In_buf_address0       | out |    9|  ap_memory |      In_buf      |     array    |
|In_buf_ce0            | out |    1|  ap_memory |      In_buf      |     array    |
|In_buf_q0             |  in |   32|  ap_memory |      In_buf      |     array    |
|In_next_0_0_V_din     | out |   32|   ap_fifo  |   In_next_0_0_V  |    pointer   |
|In_next_0_0_V_full_n  |  in |    1|   ap_fifo  |   In_next_0_0_V  |    pointer   |
|In_next_0_0_V_write   | out |    1|   ap_fifo  |   In_next_0_0_V  |    pointer   |
|In_next_1_0_V_din     | out |   32|   ap_fifo  |   In_next_1_0_V  |    pointer   |
|In_next_1_0_V_full_n  |  in |    1|   ap_fifo  |   In_next_1_0_V  |    pointer   |
|In_next_1_0_V_write   | out |    1|   ap_fifo  |   In_next_1_0_V  |    pointer   |
|In_next_2_0_V_din     | out |   32|   ap_fifo  |   In_next_2_0_V  |    pointer   |
|In_next_2_0_V_full_n  |  in |    1|   ap_fifo  |   In_next_2_0_V  |    pointer   |
|In_next_2_0_V_write   | out |    1|   ap_fifo  |   In_next_2_0_V  |    pointer   |
|In_next_3_0_V_din     | out |   32|   ap_fifo  |   In_next_3_0_V  |    pointer   |
|In_next_3_0_V_full_n  |  in |    1|   ap_fifo  |   In_next_3_0_V  |    pointer   |
|In_next_3_0_V_write   | out |    1|   ap_fifo  |   In_next_3_0_V  |    pointer   |
|p_c_out_din           | out |   32|   ap_fifo  |      p_c_out     |    pointer   |
|p_c_out_full_n        |  in |    1|   ap_fifo  |      p_c_out     |    pointer   |
|p_c_out_write         | out |    1|   ap_fifo  |      p_c_out     |    pointer   |
|p_c_out1_din          | out |   32|   ap_fifo  |     p_c_out1     |    pointer   |
|p_c_out1_full_n       |  in |    1|   ap_fifo  |     p_c_out1     |    pointer   |
|p_c_out1_write        | out |    1|   ap_fifo  |     p_c_out1     |    pointer   |
|p_chin_out_din        | out |   32|   ap_fifo  |    p_chin_out    |    pointer   |
|p_chin_out_full_n     |  in |    1|   ap_fifo  |    p_chin_out    |    pointer   |
|p_chin_out_write      | out |    1|   ap_fifo  |    p_chin_out    |    pointer   |
|p_chin_out2_din       | out |   32|   ap_fifo  |    p_chin_out2   |    pointer   |
|p_chin_out2_full_n    |  in |    1|   ap_fifo  |    p_chin_out2   |    pointer   |
|p_chin_out2_write     | out |    1|   ap_fifo  |    p_chin_out2   |    pointer   |
|p_k_out_din           | out |   32|   ap_fifo  |      p_k_out     |    pointer   |
|p_k_out_full_n        |  in |    1|   ap_fifo  |      p_k_out     |    pointer   |
|p_k_out_write         | out |    1|   ap_fifo  |      p_k_out     |    pointer   |
|p_k_out3_din          | out |   32|   ap_fifo  |     p_k_out3     |    pointer   |
|p_k_out3_full_n       |  in |    1|   ap_fifo  |     p_k_out3     |    pointer   |
|p_k_out3_write        | out |    1|   ap_fifo  |     p_k_out3     |    pointer   |
|p_c_s                 |  in |   32|   ap_none  |       p_c_s      |    pointer   |
|p_chin_s              |  in |   32|   ap_none  |     p_chin_s     |    pointer   |
|p_k_s                 |  in |   32|   ap_none  |       p_k_s      |    pointer   |
|p_s_s                 |  in |   32|   ap_none  |       p_s_s      |    pointer   |
|In_buffer_start       |  in |   32|   ap_none  |  In_buffer_start |    pointer   |
|p_cin_s               |  in |   32|   ap_none  |      p_cin_s     |    pointer   |
|In_buffer_length      |  in |   32|   ap_none  | In_buffer_length |    pointer   |
+----------------------+-----+-----+------------+------------------+--------------+

