

================================================================
== Vivado HLS Report for 'PE21'
================================================================
* Date:           Sun Feb 28 10:35:32 2021

* Version:        2020.1 (Build 2897737 on Wed May 27 20:21:37 MDT 2020)
* Project:        conv_v1.prj
* Solution:       solution1
* Product family: zynquplus
* Target device:  xczu7ev-ffvc1156-2-e


================================================================
== Performance Estimates
================================================================
+ Timing: 
    * Summary: 
    +--------+----------+----------+------------+
    |  Clock |  Target  | Estimated| Uncertainty|
    +--------+----------+----------+------------+
    |ap_clk  | 10.00 ns | 8.419 ns |   1.25 ns  |
    +--------+----------+----------+------------+

+ Latency: 
    * Summary: 
    +---------+---------+----------+----------+-----+-------+---------+
    |  Latency (cycles) |  Latency (absolute) |   Interval  | Pipeline|
    |   min   |   max   |    min   |    max   | min |  max  |   Type  |
    +---------+---------+----------+----------+-----+-------+---------+
    |       14|    72221| 0.140 us | 0.722 ms |   14|  72221|   none  |
    +---------+---------+----------+----------+-----+-------+---------+

    + Detail: 
        * Instance: 
        N/A

        * Loop: 
        +---------------------+---------+---------+-----------+-----------+-----------+--------+----------+
        |                     |  Latency (cycles) | Iteration |  Initiation Interval  |  Trip  |          |
        |      Loop Name      |   min   |   max   |  Latency  |  achieved |   target  |  Count | Pipelined|
        +---------------------+---------+---------+-----------+-----------+-----------+--------+----------+
        |- Loop 1             |       13|    72220| 13 ~ 7222 |          -|          -| 1 ~ 10 |    no    |
        | + Loop 1.1          |       11|     7220|  11 ~ 722 |          -|          -| 1 ~ 10 |    no    |
        |  ++ Loop 1.1.1      |        9|      720|   9 ~ 72  |          -|          -| 1 ~ 10 |    no    |
        |   +++ Loop 1.1.1.1  |        7|       70|          7|          -|          -| 1 ~ 10 |    no    |
        +---------------------+---------+---------+-----------+-----------+-----------+--------+----------+



================================================================
== Utilization Estimates
================================================================
* Summary: 
+-----------------+---------+-------+--------+--------+-----+
|       Name      | BRAM_18K| DSP48E|   FF   |   LUT  | URAM|
+-----------------+---------+-------+--------+--------+-----+
|DSP              |        -|      -|       -|       -|    -|
|Expression       |        -|      -|       0|     313|    -|
|FIFO             |        -|      -|       -|       -|    -|
|Instance         |        -|      5|     355|     349|    -|
|Memory           |        -|      -|       -|       -|    -|
|Multiplexer      |        -|      -|       -|     332|    -|
|Register         |        -|      -|     551|       -|    -|
+-----------------+---------+-------+--------+--------+-----+
|Total            |        0|      5|     906|     994|    0|
+-----------------+---------+-------+--------+--------+-----+
|Available        |      624|   1728|  460800|  230400|   96|
+-----------------+---------+-------+--------+--------+-----+
|Utilization (%)  |        0|   ~0  |   ~0   |   ~0   |    0|
+-----------------+---------+-------+--------+--------+-----+

+ Detail: 
    * Instance: 
    +--------------------------+----------------------+---------+-------+-----+-----+-----+
    |         Instance         |        Module        | BRAM_18K| DSP48E|  FF | LUT | URAM|
    +--------------------------+----------------------+---------+-------+-----+-----+-----+
    |Systolic_Array_Cocud_U62  |Systolic_Array_Cocud  |        0|      2|  227|  214|    0|
    |Systolic_Array_CodEe_U63  |Systolic_Array_CodEe  |        0|      3|  128|  135|    0|
    +--------------------------+----------------------+---------+-------+-----+-----+-----+
    |Total                     |                      |        0|      5|  355|  349|    0|
    +--------------------------+----------------------+---------+-------+-----+-----+-----+

    * DSP48E: 
    N/A

    * Memory: 
    N/A

    * FIFO: 
    N/A

    * Expression: 
    +-------------------------+----------+-------+---+----+------------+------------+
    |      Variable Name      | Operation| DSP48E| FF| LUT| Bitwidth P0| Bitwidth P1|
    +-------------------------+----------+-------+---+----+------------+------------+
    |chi_fu_407_p2            |     +    |      0|  0|  38|          31|           1|
    |col_fu_392_p2            |     +    |      0|  0|  38|          31|           1|
    |kc_fu_433_p2             |     +    |      0|  0|  39|          32|           1|
    |kr_fu_422_p2             |     +    |      0|  0|  38|          31|           1|
    |and_ln130_fu_377_p2      |    and   |      0|  0|   2|           1|           1|
    |ap_block_state3          |    and   |      0|  0|   2|           1|           1|
    |icmp_ln119_fu_387_p2     |   icmp   |      0|  0|  20|          32|          32|
    |icmp_ln122_fu_402_p2     |   icmp   |      0|  0|  20|          32|          32|
    |icmp_ln124_fu_417_p2     |   icmp   |      0|  0|  20|          32|          32|
    |icmp_ln126_fu_428_p2     |   icmp   |      0|  0|  20|          32|          32|
    |icmp_ln130_16_fu_371_p2  |   icmp   |      0|  0|  20|          32|          32|
    |icmp_ln130_fu_365_p2     |   icmp   |      0|  0|  20|          32|          32|
    |ap_block_state1          |    or    |      0|  0|   2|           1|           1|
    |ap_block_state5          |    or    |      0|  0|   2|           1|           1|
    |O_temp_16_fu_439_p3      |  select  |      0|  0|  32|           1|          32|
    +-------------------------+----------+-------+---+----+------------+------------+
    |Total                    |          |      0|  0| 313|         322|         232|
    +-------------------------+----------+-------+---+----+------------+------------+

    * Multiplexer: 
    +--------------------+----+-----------+-----+-----------+
    |        Name        | LUT| Input Size| Bits| Total Bits|
    +--------------------+----+-----------+-----+-----------+
    |In_next_V50_blk_n   |   9|          2|    1|          2|
    |In_pre_V_blk_n      |   9|          2|    1|          2|
    |O_V_blk_n           |   9|          2|    1|          2|
    |W_next_V8_blk_n     |   9|          2|    1|          2|
    |W_pre_V_blk_n       |   9|          2|    1|          2|
    |ap_NS_fsm           |  53|         12|    1|         12|
    |ap_done             |   9|          2|    1|          2|
    |chi_0_i_i_reg_287   |   9|          2|   31|         62|
    |cho_blk_n           |   9|          2|    1|          2|
    |cho_out1_blk_n      |   9|          2|    1|          2|
    |cho_out_blk_n       |   9|          2|    1|          2|
    |col_0_i_i_reg_263   |   9|          2|   31|         62|
    |kc_0_i_i_reg_333    |   9|          2|   32|         64|
    |kr_0_i_i_reg_310    |   9|          2|   31|         62|
    |p_0_1_i_i_reg_298   |   9|          2|   32|         64|
    |p_0_2_i_i_reg_321   |   9|          2|   32|         64|
    |p_c_out2_blk_n      |   9|          2|    1|          2|
    |p_c_out_blk_n       |   9|          2|    1|          2|
    |p_c_s_blk_n         |   9|          2|    1|          2|
    |p_chin_out3_blk_n   |   9|          2|    1|          2|
    |p_chin_out_blk_n    |   9|          2|    1|          2|
    |p_chin_s_blk_n      |   9|          2|    1|          2|
    |p_chout_out4_blk_n  |   9|          2|    1|          2|
    |p_chout_out_blk_n   |   9|          2|    1|          2|
    |p_k_out5_blk_n      |   9|          2|    1|          2|
    |p_k_out_blk_n       |   9|          2|    1|          2|
    |p_k_s_blk_n         |   9|          2|    1|          2|
    |p_r_out6_blk_n      |   9|          2|    1|          2|
    |p_r_out_blk_n       |   9|          2|    1|          2|
    |row_blk_n           |   9|          2|    1|          2|
    |row_out_blk_n       |   9|          2|    1|          2|
    |tmp_reg_274         |   9|          2|   32|         64|
    +--------------------+----+-----------+-----+-----------+
    |Total               | 332|         74|  246|        502|
    +--------------------+----+-----------+-----+-----------+

    * Register: 
    +---------------------+----+----+-----+-----------+
    |         Name        | FF | LUT| Bits| Const Bits|
    +---------------------+----+----+-----+-----------+
    |and_ln130_reg_462    |   1|   0|    1|          0|
    |ap_CS_fsm            |  11|   0|   11|          0|
    |ap_done_reg          |   1|   0|    1|          0|
    |chi_0_i_i_reg_287    |  31|   0|   31|          0|
    |chi_reg_478          |  31|   0|   31|          0|
    |col_0_i_i_reg_263    |  31|   0|   31|          0|
    |col_reg_470          |  31|   0|   31|          0|
    |kc_0_i_i_reg_333     |  32|   0|   32|          0|
    |kc_reg_494           |  32|   0|   32|          0|
    |kr_0_i_i_reg_310     |  31|   0|   31|          0|
    |kr_reg_486           |  31|   0|   31|          0|
    |p_0_1_i_i_reg_298    |  32|   0|   32|          0|
    |p_0_2_i_i_reg_321    |  32|   0|   32|          0|
    |p_c_read_reg_446     |  32|   0|   32|          0|
    |p_chin_read_reg_451  |  32|   0|   32|          0|
    |p_k_read_reg_456     |  32|   0|   32|          0|
    |tmp_4_i_i_reg_509    |  32|   0|   32|          0|
    |tmp_71_reg_504       |  32|   0|   32|          0|
    |tmp_72_reg_499       |  32|   0|   32|          0|
    |tmp_reg_274          |  32|   0|   32|          0|
    +---------------------+----+----+-----+-----------+
    |Total                | 551|   0|  551|          0|
    +---------------------+----+----+-----+-----------+



================================================================
== Interface
================================================================
* Summary: 
+---------------------+-----+-----+------------+--------------+--------------+
|      RTL Ports      | Dir | Bits|  Protocol  | Source Object|    C Type    |
+---------------------+-----+-----+------------+--------------+--------------+
|ap_clk               |  in |    1| ap_ctrl_hs |     PE21     | return value |
|ap_rst               |  in |    1| ap_ctrl_hs |     PE21     | return value |
|ap_start             |  in |    1| ap_ctrl_hs |     PE21     | return value |
|ap_done              | out |    1| ap_ctrl_hs |     PE21     | return value |
|ap_continue          |  in |    1| ap_ctrl_hs |     PE21     | return value |
|ap_idle              | out |    1| ap_ctrl_hs |     PE21     | return value |
|ap_ready             | out |    1| ap_ctrl_hs |     PE21     | return value |
|W_pre_V_dout         |  in |   32|   ap_fifo  |    W_pre_V   |    pointer   |
|W_pre_V_empty_n      |  in |    1|   ap_fifo  |    W_pre_V   |    pointer   |
|W_pre_V_read         | out |    1|   ap_fifo  |    W_pre_V   |    pointer   |
|In_pre_V_dout        |  in |   32|   ap_fifo  |   In_pre_V   |    pointer   |
|In_pre_V_empty_n     |  in |    1|   ap_fifo  |   In_pre_V   |    pointer   |
|In_pre_V_read        | out |    1|   ap_fifo  |   In_pre_V   |    pointer   |
|W_next_V8_din        | out |   32|   ap_fifo  |   W_next_V8  |    pointer   |
|W_next_V8_full_n     |  in |    1|   ap_fifo  |   W_next_V8  |    pointer   |
|W_next_V8_write      | out |    1|   ap_fifo  |   W_next_V8  |    pointer   |
|In_next_V50_din      | out |   32|   ap_fifo  |  In_next_V50 |    pointer   |
|In_next_V50_full_n   |  in |    1|   ap_fifo  |  In_next_V50 |    pointer   |
|In_next_V50_write    | out |    1|   ap_fifo  |  In_next_V50 |    pointer   |
|row_dout             |  in |   32|   ap_fifo  |      row     |    pointer   |
|row_empty_n          |  in |    1|   ap_fifo  |      row     |    pointer   |
|row_read             | out |    1|   ap_fifo  |      row     |    pointer   |
|cho_dout             |  in |   32|   ap_fifo  |      cho     |    pointer   |
|cho_empty_n          |  in |    1|   ap_fifo  |      cho     |    pointer   |
|cho_read             | out |    1|   ap_fifo  |      cho     |    pointer   |
|O_V_din              | out |   32|   ap_fifo  |      O_V     |    pointer   |
|O_V_full_n           |  in |    1|   ap_fifo  |      O_V     |    pointer   |
|O_V_write            | out |    1|   ap_fifo  |      O_V     |    pointer   |
|p_c_s_dout           |  in |   32|   ap_fifo  |     p_c_s    |    pointer   |
|p_c_s_empty_n        |  in |    1|   ap_fifo  |     p_c_s    |    pointer   |
|p_c_s_read           | out |    1|   ap_fifo  |     p_c_s    |    pointer   |
|p_chin_s_dout        |  in |   32|   ap_fifo  |   p_chin_s   |    pointer   |
|p_chin_s_empty_n     |  in |    1|   ap_fifo  |   p_chin_s   |    pointer   |
|p_chin_s_read        | out |    1|   ap_fifo  |   p_chin_s   |    pointer   |
|p_k_s_dout           |  in |   32|   ap_fifo  |     p_k_s    |    pointer   |
|p_k_s_empty_n        |  in |    1|   ap_fifo  |     p_k_s    |    pointer   |
|p_k_s_read           | out |    1|   ap_fifo  |     p_k_s    |    pointer   |
|row_out_din          | out |   32|   ap_fifo  |    row_out   |    pointer   |
|row_out_full_n       |  in |    1|   ap_fifo  |    row_out   |    pointer   |
|row_out_write        | out |    1|   ap_fifo  |    row_out   |    pointer   |
|cho_out_din          | out |   32|   ap_fifo  |    cho_out   |    pointer   |
|cho_out_full_n       |  in |    1|   ap_fifo  |    cho_out   |    pointer   |
|cho_out_write        | out |    1|   ap_fifo  |    cho_out   |    pointer   |
|cho_out1_din         | out |   32|   ap_fifo  |   cho_out1   |    pointer   |
|cho_out1_full_n      |  in |    1|   ap_fifo  |   cho_out1   |    pointer   |
|cho_out1_write       | out |    1|   ap_fifo  |   cho_out1   |    pointer   |
|p_c_out_din          | out |   32|   ap_fifo  |    p_c_out   |    pointer   |
|p_c_out_full_n       |  in |    1|   ap_fifo  |    p_c_out   |    pointer   |
|p_c_out_write        | out |    1|   ap_fifo  |    p_c_out   |    pointer   |
|p_c_out2_din         | out |   32|   ap_fifo  |   p_c_out2   |    pointer   |
|p_c_out2_full_n      |  in |    1|   ap_fifo  |   p_c_out2   |    pointer   |
|p_c_out2_write       | out |    1|   ap_fifo  |   p_c_out2   |    pointer   |
|p_chin_out_din       | out |   32|   ap_fifo  |  p_chin_out  |    pointer   |
|p_chin_out_full_n    |  in |    1|   ap_fifo  |  p_chin_out  |    pointer   |
|p_chin_out_write     | out |    1|   ap_fifo  |  p_chin_out  |    pointer   |
|p_chin_out3_din      | out |   32|   ap_fifo  |  p_chin_out3 |    pointer   |
|p_chin_out3_full_n   |  in |    1|   ap_fifo  |  p_chin_out3 |    pointer   |
|p_chin_out3_write    | out |    1|   ap_fifo  |  p_chin_out3 |    pointer   |
|p_chout_out_din      | out |   32|   ap_fifo  |  p_chout_out |    pointer   |
|p_chout_out_full_n   |  in |    1|   ap_fifo  |  p_chout_out |    pointer   |
|p_chout_out_write    | out |    1|   ap_fifo  |  p_chout_out |    pointer   |
|p_chout_out4_din     | out |   32|   ap_fifo  | p_chout_out4 |    pointer   |
|p_chout_out4_full_n  |  in |    1|   ap_fifo  | p_chout_out4 |    pointer   |
|p_chout_out4_write   | out |    1|   ap_fifo  | p_chout_out4 |    pointer   |
|p_k_out_din          | out |   32|   ap_fifo  |    p_k_out   |    pointer   |
|p_k_out_full_n       |  in |    1|   ap_fifo  |    p_k_out   |    pointer   |
|p_k_out_write        | out |    1|   ap_fifo  |    p_k_out   |    pointer   |
|p_k_out5_din         | out |   32|   ap_fifo  |   p_k_out5   |    pointer   |
|p_k_out5_full_n      |  in |    1|   ap_fifo  |   p_k_out5   |    pointer   |
|p_k_out5_write       | out |    1|   ap_fifo  |   p_k_out5   |    pointer   |
|p_r_out_din          | out |   32|   ap_fifo  |    p_r_out   |    pointer   |
|p_r_out_full_n       |  in |    1|   ap_fifo  |    p_r_out   |    pointer   |
|p_r_out_write        | out |    1|   ap_fifo  |    p_r_out   |    pointer   |
|p_r_out6_din         | out |   32|   ap_fifo  |   p_r_out6   |    pointer   |
|p_r_out6_full_n      |  in |    1|   ap_fifo  |   p_r_out6   |    pointer   |
|p_r_out6_write       | out |    1|   ap_fifo  |   p_r_out6   |    pointer   |
|p_chout_s            |  in |   32|   ap_none  |   p_chout_s  |    pointer   |
|p_r_s                |  in |   32|   ap_none  |     p_r_s    |    pointer   |
+---------------------+-----+-----+------------+--------------+--------------+

