

================================================================
== Vivado HLS Report for 'PE23'
================================================================
* Date:           Sun Feb 28 10:35:32 2021

* Version:        2020.1 (Build 2897737 on Wed May 27 20:21:37 MDT 2020)
* Project:        conv_v1.prj
* Solution:       solution1
* Product family: zynquplus
* Target device:  xczu7ev-ffvc1156-2-e


================================================================
== Performance Estimates
================================================================
+ Timing: 
    * Summary: 
    +--------+----------+----------+------------+
    |  Clock |  Target  | Estimated| Uncertainty|
    +--------+----------+----------+------------+
    |ap_clk  | 10.00 ns | 8.419 ns |   1.25 ns  |
    +--------+----------+----------+------------+

+ Latency: 
    * Summary: 
    +---------+---------+----------+----------+-----+-------+---------+
    |  Latency (cycles) |  Latency (absolute) |   Interval  | Pipeline|
    |   min   |   max   |    min   |    max   | min |  max  |   Type  |
    +---------+---------+----------+----------+-----+-------+---------+
    |       14|    72221| 0.140 us | 0.722 ms |   14|  72221|   none  |
    +---------+---------+----------+----------+-----+-------+---------+

    + Detail: 
        * Instance: 
        N/A

        * Loop: 
        +---------------------+---------+---------+-----------+-----------+-----------+--------+----------+
        |                     |  Latency (cycles) | Iteration |  Initiation Interval  |  Trip  |          |
        |      Loop Name      |   min   |   max   |  Latency  |  achieved |   target  |  Count | Pipelined|
        +---------------------+---------+---------+-----------+-----------+-----------+--------+----------+
        |- Loop 1             |       13|    72220| 13 ~ 7222 |          -|          -| 1 ~ 10 |    no    |
        | + Loop 1.1          |       11|     7220|  11 ~ 722 |          -|          -| 1 ~ 10 |    no    |
        |  ++ Loop 1.1.1      |        9|      720|   9 ~ 72  |          -|          -| 1 ~ 10 |    no    |
        |   +++ Loop 1.1.1.1  |        7|       70|          7|          -|          -| 1 ~ 10 |    no    |
        +---------------------+---------+---------+-----------+-----------+-----------+--------+----------+



================================================================
== Utilization Estimates
================================================================
* Summary: 
+-----------------+---------+-------+--------+--------+-----+
|       Name      | BRAM_18K| DSP48E|   FF   |   LUT  | URAM|
+-----------------+---------+-------+--------+--------+-----+
|DSP              |        -|      -|       -|       -|    -|
|Expression       |        -|      -|       0|     313|    -|
|FIFO             |        -|      -|       -|       -|    -|
|Instance         |        -|      5|     355|     349|    -|
|Memory           |        -|      -|       -|       -|    -|
|Multiplexer      |        -|      -|       -|     350|    -|
|Register         |        -|      -|     552|       -|    -|
+-----------------+---------+-------+--------+--------+-----+
|Total            |        0|      5|     907|    1012|    0|
+-----------------+---------+-------+--------+--------+-----+
|Available        |      624|   1728|  460800|  230400|   96|
+-----------------+---------+-------+--------+--------+-----+
|Utilization (%)  |        0|   ~0  |   ~0   |   ~0   |    0|
+-----------------+---------+-------+--------+--------+-----+

+ Detail: 
    * Instance: 
    +---------------------------+----------------------+---------+-------+-----+-----+-----+
    |          Instance         |        Module        | BRAM_18K| DSP48E|  FF | LUT | URAM|
    +---------------------------+----------------------+---------+-------+-----+-----+-----+
    |Systolic_Array_Cocud_U121  |Systolic_Array_Cocud  |        0|      2|  227|  214|    0|
    |Systolic_Array_CodEe_U122  |Systolic_Array_CodEe  |        0|      3|  128|  135|    0|
    +---------------------------+----------------------+---------+-------+-----+-----+-----+
    |Total                      |                      |        0|      5|  355|  349|    0|
    +---------------------------+----------------------+---------+-------+-----+-----+-----+

    * DSP48E: 
    N/A

    * Memory: 
    N/A

    * FIFO: 
    N/A

    * Expression: 
    +-------------------------+----------+-------+---+----+------------+------------+
    |      Variable Name      | Operation| DSP48E| FF| LUT| Bitwidth P0| Bitwidth P1|
    +-------------------------+----------+-------+---+----+------------+------------+
    |chi_fu_401_p2            |     +    |      0|  0|  38|          31|           1|
    |col_fu_386_p2            |     +    |      0|  0|  38|          31|           1|
    |kc_fu_427_p2             |     +    |      0|  0|  39|          32|           1|
    |kr_fu_416_p2             |     +    |      0|  0|  38|          31|           1|
    |and_ln130_fu_371_p2      |    and   |      0|  0|   2|           1|           1|
    |ap_block_state3          |    and   |      0|  0|   2|           1|           1|
    |icmp_ln119_fu_381_p2     |   icmp   |      0|  0|  20|          32|          32|
    |icmp_ln122_fu_396_p2     |   icmp   |      0|  0|  20|          32|          32|
    |icmp_ln124_fu_411_p2     |   icmp   |      0|  0|  20|          32|          32|
    |icmp_ln126_fu_422_p2     |   icmp   |      0|  0|  20|          32|          32|
    |icmp_ln130_14_fu_365_p2  |   icmp   |      0|  0|  20|          32|          32|
    |icmp_ln130_fu_359_p2     |   icmp   |      0|  0|  20|          32|          32|
    |ap_block_state1          |    or    |      0|  0|   2|           1|           1|
    |ap_block_state5          |    or    |      0|  0|   2|           1|           1|
    |O_temp_14_fu_433_p3      |  select  |      0|  0|  32|           1|          32|
    +-------------------------+----------+-------+---+----+------------+------------+
    |Total                    |          |      0|  0| 313|         322|         232|
    +-------------------------+----------+-------+---+----+------------+------------+

    * Multiplexer: 
    +---------------------------+----+-----------+-----+-----------+
    |            Name           | LUT| Input Size| Bits| Total Bits|
    +---------------------------+----+-----------+-----+-----------+
    |In_inter_0_2_blk_n         |   9|          2|    1|          2|
    |In_inter_0_3_blk_n         |   9|          2|    1|          2|
    |O_inter_0_2_blk_n          |   9|          2|    1|          2|
    |W_inter_0_2_blk_n          |   9|          2|    1|          2|
    |W_inter_1_2_blk_n          |   9|          2|    1|          2|
    |add_ln207_1_loc_blk_n      |   9|          2|    1|          2|
    |add_ln207_1_loc_out_blk_n  |   9|          2|    1|          2|
    |ap_NS_fsm                  |  53|         12|    1|         12|
    |ap_done                    |   9|          2|    1|          2|
    |chi_0_i_i_i_reg_293        |   9|          2|   31|         62|
    |col_0_i_i_i_reg_269        |   9|          2|   31|         62|
    |kc_0_i_i_i_reg_339         |   9|          2|   32|         64|
    |kr_0_i_i_i_reg_316         |   9|          2|   31|         62|
    |p_0_1_i_i_i_reg_304        |   9|          2|   32|         64|
    |p_0_2_i_i_i_reg_327        |   9|          2|   32|         64|
    |p_c_out1_blk_n             |   9|          2|    1|          2|
    |p_c_out_blk_n              |   9|          2|    1|          2|
    |p_c_s_blk_n                |   9|          2|    1|          2|
    |p_chin_out2_blk_n          |   9|          2|    1|          2|
    |p_chin_out_blk_n           |   9|          2|    1|          2|
    |p_chin_s_blk_n             |   9|          2|    1|          2|
    |p_chout_out3_blk_n         |   9|          2|    1|          2|
    |p_chout_out_blk_n          |   9|          2|    1|          2|
    |p_chout_s_blk_n            |   9|          2|    1|          2|
    |p_k_out4_blk_n             |   9|          2|    1|          2|
    |p_k_out_blk_n              |   9|          2|    1|          2|
    |p_k_s_blk_n                |   9|          2|    1|          2|
    |p_r_out5_blk_n             |   9|          2|    1|          2|
    |p_r_out_blk_n              |   9|          2|    1|          2|
    |p_r_s_blk_n                |   9|          2|    1|          2|
    |real_start                 |   9|          2|    1|          2|
    |row_blk_n                  |   9|          2|    1|          2|
    |row_out_blk_n              |   9|          2|    1|          2|
    |tmp_reg_280                |   9|          2|   32|         64|
    +---------------------------+----+-----------+-----+-----------+
    |Total                      | 350|         78|  248|        506|
    +---------------------------+----+-----------+-----+-----------+

    * Register: 
    +---------------------+----+----+-----+-----------+
    |         Name        | FF | LUT| Bits| Const Bits|
    +---------------------+----+----+-----+-----------+
    |and_ln130_reg_456    |   1|   0|    1|          0|
    |ap_CS_fsm            |  11|   0|   11|          0|
    |ap_done_reg          |   1|   0|    1|          0|
    |chi_0_i_i_i_reg_293  |  31|   0|   31|          0|
    |chi_reg_472          |  31|   0|   31|          0|
    |col_0_i_i_i_reg_269  |  31|   0|   31|          0|
    |col_reg_464          |  31|   0|   31|          0|
    |kc_0_i_i_i_reg_339   |  32|   0|   32|          0|
    |kc_reg_488           |  32|   0|   32|          0|
    |kr_0_i_i_i_reg_316   |  31|   0|   31|          0|
    |kr_reg_480           |  31|   0|   31|          0|
    |p_0_1_i_i_i_reg_304  |  32|   0|   32|          0|
    |p_0_2_i_i_i_reg_327  |  32|   0|   32|          0|
    |p_c_read_reg_440     |  32|   0|   32|          0|
    |p_chin_read_reg_445  |  32|   0|   32|          0|
    |p_k_read_reg_450     |  32|   0|   32|          0|
    |start_once_reg       |   1|   0|    1|          0|
    |tmp_4_i_i_i_reg_503  |  32|   0|   32|          0|
    |tmp_63_reg_498       |  32|   0|   32|          0|
    |tmp_64_reg_493       |  32|   0|   32|          0|
    |tmp_reg_280          |  32|   0|   32|          0|
    +---------------------+----+----+-----+-----------+
    |Total                | 552|   0|  552|          0|
    +---------------------+----+----+-----+-----------+



================================================================
== Interface
================================================================
* Summary: 
+----------------------------+-----+-----+------------+---------------------+--------------+
|          RTL Ports         | Dir | Bits|  Protocol  |    Source Object    |    C Type    |
+----------------------------+-----+-----+------------+---------------------+--------------+
|ap_clk                      |  in |    1| ap_ctrl_hs |         PE23        | return value |
|ap_rst                      |  in |    1| ap_ctrl_hs |         PE23        | return value |
|ap_start                    |  in |    1| ap_ctrl_hs |         PE23        | return value |
|start_full_n                |  in |    1| ap_ctrl_hs |         PE23        | return value |
|ap_done                     | out |    1| ap_ctrl_hs |         PE23        | return value |
|ap_continue                 |  in |    1| ap_ctrl_hs |         PE23        | return value |
|ap_idle                     | out |    1| ap_ctrl_hs |         PE23        | return value |
|ap_ready                    | out |    1| ap_ctrl_hs |         PE23        | return value |
|start_out                   | out |    1| ap_ctrl_hs |         PE23        | return value |
|start_write                 | out |    1| ap_ctrl_hs |         PE23        | return value |
|W_inter_0_2_dout            |  in |   32|   ap_fifo  |     W_inter_0_2     |    pointer   |
|W_inter_0_2_empty_n         |  in |    1|   ap_fifo  |     W_inter_0_2     |    pointer   |
|W_inter_0_2_read            | out |    1|   ap_fifo  |     W_inter_0_2     |    pointer   |
|In_inter_0_2_dout           |  in |   32|   ap_fifo  |     In_inter_0_2    |    pointer   |
|In_inter_0_2_empty_n        |  in |    1|   ap_fifo  |     In_inter_0_2    |    pointer   |
|In_inter_0_2_read           | out |    1|   ap_fifo  |     In_inter_0_2    |    pointer   |
|W_inter_1_2_din             | out |   32|   ap_fifo  |     W_inter_1_2     |    pointer   |
|W_inter_1_2_full_n          |  in |    1|   ap_fifo  |     W_inter_1_2     |    pointer   |
|W_inter_1_2_write           | out |    1|   ap_fifo  |     W_inter_1_2     |    pointer   |
|In_inter_0_3_din            | out |   32|   ap_fifo  |     In_inter_0_3    |    pointer   |
|In_inter_0_3_full_n         |  in |    1|   ap_fifo  |     In_inter_0_3    |    pointer   |
|In_inter_0_3_write          | out |    1|   ap_fifo  |     In_inter_0_3    |    pointer   |
|row_dout                    |  in |   32|   ap_fifo  |         row         |    pointer   |
|row_empty_n                 |  in |    1|   ap_fifo  |         row         |    pointer   |
|row_read                    | out |    1|   ap_fifo  |         row         |    pointer   |
|add_ln207_1_loc_dout        |  in |   32|   ap_fifo  |   add_ln207_1_loc   |    pointer   |
|add_ln207_1_loc_empty_n     |  in |    1|   ap_fifo  |   add_ln207_1_loc   |    pointer   |
|add_ln207_1_loc_read        | out |    1|   ap_fifo  |   add_ln207_1_loc   |    pointer   |
|O_inter_0_2_din             | out |   32|   ap_fifo  |     O_inter_0_2     |    pointer   |
|O_inter_0_2_full_n          |  in |    1|   ap_fifo  |     O_inter_0_2     |    pointer   |
|O_inter_0_2_write           | out |    1|   ap_fifo  |     O_inter_0_2     |    pointer   |
|p_c_s_dout                  |  in |   32|   ap_fifo  |        p_c_s        |    pointer   |
|p_c_s_empty_n               |  in |    1|   ap_fifo  |        p_c_s        |    pointer   |
|p_c_s_read                  | out |    1|   ap_fifo  |        p_c_s        |    pointer   |
|p_chin_s_dout               |  in |   32|   ap_fifo  |       p_chin_s      |    pointer   |
|p_chin_s_empty_n            |  in |    1|   ap_fifo  |       p_chin_s      |    pointer   |
|p_chin_s_read               | out |    1|   ap_fifo  |       p_chin_s      |    pointer   |
|p_chout_s_dout              |  in |   32|   ap_fifo  |      p_chout_s      |    pointer   |
|p_chout_s_empty_n           |  in |    1|   ap_fifo  |      p_chout_s      |    pointer   |
|p_chout_s_read              | out |    1|   ap_fifo  |      p_chout_s      |    pointer   |
|p_k_s_dout                  |  in |   32|   ap_fifo  |        p_k_s        |    pointer   |
|p_k_s_empty_n               |  in |    1|   ap_fifo  |        p_k_s        |    pointer   |
|p_k_s_read                  | out |    1|   ap_fifo  |        p_k_s        |    pointer   |
|p_r_s_dout                  |  in |   32|   ap_fifo  |        p_r_s        |    pointer   |
|p_r_s_empty_n               |  in |    1|   ap_fifo  |        p_r_s        |    pointer   |
|p_r_s_read                  | out |    1|   ap_fifo  |        p_r_s        |    pointer   |
|row_out_din                 | out |   32|   ap_fifo  |       row_out       |    pointer   |
|row_out_full_n              |  in |    1|   ap_fifo  |       row_out       |    pointer   |
|row_out_write               | out |    1|   ap_fifo  |       row_out       |    pointer   |
|add_ln207_1_loc_out_din     | out |   32|   ap_fifo  | add_ln207_1_loc_out |    pointer   |
|add_ln207_1_loc_out_full_n  |  in |    1|   ap_fifo  | add_ln207_1_loc_out |    pointer   |
|add_ln207_1_loc_out_write   | out |    1|   ap_fifo  | add_ln207_1_loc_out |    pointer   |
|p_c_out_din                 | out |   32|   ap_fifo  |       p_c_out       |    pointer   |
|p_c_out_full_n              |  in |    1|   ap_fifo  |       p_c_out       |    pointer   |
|p_c_out_write               | out |    1|   ap_fifo  |       p_c_out       |    pointer   |
|p_c_out1_din                | out |   32|   ap_fifo  |       p_c_out1      |    pointer   |
|p_c_out1_full_n             |  in |    1|   ap_fifo  |       p_c_out1      |    pointer   |
|p_c_out1_write              | out |    1|   ap_fifo  |       p_c_out1      |    pointer   |
|p_chin_out_din              | out |   32|   ap_fifo  |      p_chin_out     |    pointer   |
|p_chin_out_full_n           |  in |    1|   ap_fifo  |      p_chin_out     |    pointer   |
|p_chin_out_write            | out |    1|   ap_fifo  |      p_chin_out     |    pointer   |
|p_chin_out2_din             | out |   32|   ap_fifo  |     p_chin_out2     |    pointer   |
|p_chin_out2_full_n          |  in |    1|   ap_fifo  |     p_chin_out2     |    pointer   |
|p_chin_out2_write           | out |    1|   ap_fifo  |     p_chin_out2     |    pointer   |
|p_chout_out_din             | out |   32|   ap_fifo  |     p_chout_out     |    pointer   |
|p_chout_out_full_n          |  in |    1|   ap_fifo  |     p_chout_out     |    pointer   |
|p_chout_out_write           | out |    1|   ap_fifo  |     p_chout_out     |    pointer   |
|p_chout_out3_din            | out |   32|   ap_fifo  |     p_chout_out3    |    pointer   |
|p_chout_out3_full_n         |  in |    1|   ap_fifo  |     p_chout_out3    |    pointer   |
|p_chout_out3_write          | out |    1|   ap_fifo  |     p_chout_out3    |    pointer   |
|p_k_out_din                 | out |   32|   ap_fifo  |       p_k_out       |    pointer   |
|p_k_out_full_n              |  in |    1|   ap_fifo  |       p_k_out       |    pointer   |
|p_k_out_write               | out |    1|   ap_fifo  |       p_k_out       |    pointer   |
|p_k_out4_din                | out |   32|   ap_fifo  |       p_k_out4      |    pointer   |
|p_k_out4_full_n             |  in |    1|   ap_fifo  |       p_k_out4      |    pointer   |
|p_k_out4_write              | out |    1|   ap_fifo  |       p_k_out4      |    pointer   |
|p_r_out_din                 | out |   32|   ap_fifo  |       p_r_out       |    pointer   |
|p_r_out_full_n              |  in |    1|   ap_fifo  |       p_r_out       |    pointer   |
|p_r_out_write               | out |    1|   ap_fifo  |       p_r_out       |    pointer   |
|p_r_out5_din                | out |   32|   ap_fifo  |       p_r_out5      |    pointer   |
|p_r_out5_full_n             |  in |    1|   ap_fifo  |       p_r_out5      |    pointer   |
|p_r_out5_write              | out |    1|   ap_fifo  |       p_r_out5      |    pointer   |
+----------------------------+-----+-----+------------+---------------------+--------------+

