

================================================================
== Vivado HLS Report for 'PE36'
================================================================
* Date:           Sun Feb 28 10:35:35 2021

* Version:        2020.1 (Build 2897737 on Wed May 27 20:21:37 MDT 2020)
* Project:        conv_v1.prj
* Solution:       solution1
* Product family: zynquplus
* Target device:  xczu7ev-ffvc1156-2-e


================================================================
== Performance Estimates
================================================================
+ Timing: 
    * Summary: 
    +--------+----------+----------+------------+
    |  Clock |  Target  | Estimated| Uncertainty|
    +--------+----------+----------+------------+
    |ap_clk  | 10.00 ns | 8.419 ns |   1.25 ns  |
    +--------+----------+----------+------------+

+ Latency: 
    * Summary: 
    +---------+---------+----------+----------+-----+-------+---------+
    |  Latency (cycles) |  Latency (absolute) |   Interval  | Pipeline|
    |   min   |   max   |    min   |    max   | min |  max  |   Type  |
    +---------+---------+----------+----------+-----+-------+---------+
    |       14|    72221| 0.140 us | 0.722 ms |   14|  72221|   none  |
    +---------+---------+----------+----------+-----+-------+---------+

    + Detail: 
        * Instance: 
        N/A

        * Loop: 
        +---------------------+---------+---------+-----------+-----------+-----------+--------+----------+
        |                     |  Latency (cycles) | Iteration |  Initiation Interval  |  Trip  |          |
        |      Loop Name      |   min   |   max   |  Latency  |  achieved |   target  |  Count | Pipelined|
        +---------------------+---------+---------+-----------+-----------+-----------+--------+----------+
        |- Loop 1             |       13|    72220| 13 ~ 7222 |          -|          -| 1 ~ 10 |    no    |
        | + Loop 1.1          |       11|     7220|  11 ~ 722 |          -|          -| 1 ~ 10 |    no    |
        |  ++ Loop 1.1.1      |        9|      720|   9 ~ 72  |          -|          -| 1 ~ 10 |    no    |
        |   +++ Loop 1.1.1.1  |        7|       70|          7|          -|          -| 1 ~ 10 |    no    |
        +---------------------+---------+---------+-----------+-----------+-----------+--------+----------+



================================================================
== Utilization Estimates
================================================================
* Summary: 
+-----------------+---------+-------+--------+--------+-----+
|       Name      | BRAM_18K| DSP48E|   FF   |   LUT  | URAM|
+-----------------+---------+-------+--------+--------+-----+
|DSP              |        -|      -|       -|       -|    -|
|Expression       |        -|      -|       0|     313|    -|
|FIFO             |        -|      -|       -|       -|    -|
|Instance         |        -|      5|     355|     349|    -|
|Memory           |        -|      -|       -|       -|    -|
|Multiplexer      |        -|      -|       -|     314|    -|
|Register         |        -|      -|     552|       -|    -|
+-----------------+---------+-------+--------+--------+-----+
|Total            |        0|      5|     907|     976|    0|
+-----------------+---------+-------+--------+--------+-----+
|Available        |      624|   1728|  460800|  230400|   96|
+-----------------+---------+-------+--------+--------+-----+
|Utilization (%)  |        0|   ~0  |   ~0   |   ~0   |    0|
+-----------------+---------+-------+--------+--------+-----+

+ Detail: 
    * Instance: 
    +---------------------------+----------------------+---------+-------+-----+-----+-----+
    |          Instance         |        Module        | BRAM_18K| DSP48E|  FF | LUT | URAM|
    +---------------------------+----------------------+---------+-------+-----+-----+-----+
    |Systolic_Array_Cocud_U404  |Systolic_Array_Cocud  |        0|      2|  227|  214|    0|
    |Systolic_Array_CodEe_U405  |Systolic_Array_CodEe  |        0|      3|  128|  135|    0|
    +---------------------------+----------------------+---------+-------+-----+-----+-----+
    |Total                      |                      |        0|      5|  355|  349|    0|
    +---------------------------+----------------------+---------+-------+-----+-----+-----+

    * DSP48E: 
    N/A

    * Memory: 
    N/A

    * FIFO: 
    N/A

    * Expression: 
    +------------------------+----------+-------+---+----+------------+------------+
    |      Variable Name     | Operation| DSP48E| FF| LUT| Bitwidth P0| Bitwidth P1|
    +------------------------+----------+-------+---+----+------------+------------+
    |chi_fu_361_p2           |     +    |      0|  0|  38|          31|           1|
    |col_fu_346_p2           |     +    |      0|  0|  38|          31|           1|
    |kc_fu_387_p2            |     +    |      0|  0|  39|          32|           1|
    |kr_fu_376_p2            |     +    |      0|  0|  38|          31|           1|
    |and_ln130_fu_331_p2     |    and   |      0|  0|   2|           1|           1|
    |ap_block_state3         |    and   |      0|  0|   2|           1|           1|
    |icmp_ln119_fu_341_p2    |   icmp   |      0|  0|  20|          32|          32|
    |icmp_ln122_fu_356_p2    |   icmp   |      0|  0|  20|          32|          32|
    |icmp_ln124_fu_371_p2    |   icmp   |      0|  0|  20|          32|          32|
    |icmp_ln126_fu_382_p2    |   icmp   |      0|  0|  20|          32|          32|
    |icmp_ln130_1_fu_325_p2  |   icmp   |      0|  0|  20|          32|          32|
    |icmp_ln130_fu_319_p2    |   icmp   |      0|  0|  20|          32|          32|
    |ap_block_state1         |    or    |      0|  0|   2|           1|           1|
    |ap_block_state5         |    or    |      0|  0|   2|           1|           1|
    |O_temp_1_fu_393_p3      |  select  |      0|  0|  32|           1|          32|
    +------------------------+----------+-------+---+----+------------+------------+
    |Total                   |          |      0|  0| 313|         322|         232|
    +------------------------+----------+-------+---+----+------------+------------+

    * Multiplexer: 
    +-----------------------+----+-----------+-----+-----------+
    |          Name         | LUT| Input Size| Bits| Total Bits|
    +-----------------------+----+-----------+-----+-----------+
    |In_inter_3_3_blk_n     |   9|          2|    1|          2|
    |In_inter_3_4_blk_n     |   9|          2|    1|          2|
    |O_inter_3_3_blk_n      |   9|          2|    1|          2|
    |W_inter_3_3_blk_n      |   9|          2|    1|          2|
    |W_inter_4_3_blk_n      |   9|          2|    1|          2|
    |add_ln207_2_loc_blk_n  |   9|          2|    1|          2|
    |add_ln207_5_loc_blk_n  |   9|          2|    1|          2|
    |ap_NS_fsm              |  53|         12|    1|         12|
    |ap_done                |   9|          2|    1|          2|
    |chi_0_i_i_i_reg_253    |   9|          2|   31|         62|
    |col_0_i_i_i_reg_229    |   9|          2|   31|         62|
    |kc_0_i_i_i_reg_299     |   9|          2|   32|         64|
    |kr_0_i_i_i_reg_276     |   9|          2|   31|         62|
    |p_0_1_i_i_i_reg_264    |   9|          2|   32|         64|
    |p_0_2_i_i_i_reg_287    |   9|          2|   32|         64|
    |p_c_out1_blk_n         |   9|          2|    1|          2|
    |p_c_out2_blk_n         |   9|          2|    1|          2|
    |p_c_out_blk_n          |   9|          2|    1|          2|
    |p_c_s_blk_n            |   9|          2|    1|          2|
    |p_chin_out3_blk_n      |   9|          2|    1|          2|
    |p_chin_out_blk_n       |   9|          2|    1|          2|
    |p_chin_s_blk_n         |   9|          2|    1|          2|
    |p_chout_out_blk_n      |   9|          2|    1|          2|
    |p_chout_s_blk_n        |   9|          2|    1|          2|
    |p_k_out4_blk_n         |   9|          2|    1|          2|
    |p_k_out_blk_n          |   9|          2|    1|          2|
    |p_k_s_blk_n            |   9|          2|    1|          2|
    |p_r_s_blk_n            |   9|          2|    1|          2|
    |real_start             |   9|          2|    1|          2|
    |tmp_1_reg_240          |   9|          2|   32|         64|
    +-----------------------+----+-----------+-----+-----------+
    |Total                  | 314|         70|  244|        498|
    +-----------------------+----+-----------+-----+-----------+

    * Register: 
    +---------------------+----+----+-----+-----------+
    |         Name        | FF | LUT| Bits| Const Bits|
    +---------------------+----+----+-----+-----------+
    |and_ln130_reg_416    |   1|   0|    1|          0|
    |ap_CS_fsm            |  11|   0|   11|          0|
    |ap_done_reg          |   1|   0|    1|          0|
    |chi_0_i_i_i_reg_253  |  31|   0|   31|          0|
    |chi_reg_432          |  31|   0|   31|          0|
    |col_0_i_i_i_reg_229  |  31|   0|   31|          0|
    |col_reg_424          |  31|   0|   31|          0|
    |kc_0_i_i_i_reg_299   |  32|   0|   32|          0|
    |kc_reg_448           |  32|   0|   32|          0|
    |kr_0_i_i_i_reg_276   |  31|   0|   31|          0|
    |kr_reg_440           |  31|   0|   31|          0|
    |p_0_1_i_i_i_reg_264  |  32|   0|   32|          0|
    |p_0_2_i_i_i_reg_287  |  32|   0|   32|          0|
    |p_c_read_reg_400     |  32|   0|   32|          0|
    |p_chin_read_reg_405  |  32|   0|   32|          0|
    |p_k_read_reg_410     |  32|   0|   32|          0|
    |start_once_reg       |   1|   0|    1|          0|
    |tmp_18_reg_453       |  32|   0|   32|          0|
    |tmp_1_reg_240        |  32|   0|   32|          0|
    |tmp_4_i_i_i_reg_463  |  32|   0|   32|          0|
    |tmp_reg_458          |  32|   0|   32|          0|
    +---------------------+----+----+-----+-----------+
    |Total                | 552|   0|  552|          0|
    +---------------------+----+----+-----+-----------+



================================================================
== Interface
================================================================
* Summary: 
+-------------------------+-----+-----+------------+-----------------+--------------+
|        RTL Ports        | Dir | Bits|  Protocol  |  Source Object  |    C Type    |
+-------------------------+-----+-----+------------+-----------------+--------------+
|ap_clk                   |  in |    1| ap_ctrl_hs |       PE36      | return value |
|ap_rst                   |  in |    1| ap_ctrl_hs |       PE36      | return value |
|ap_start                 |  in |    1| ap_ctrl_hs |       PE36      | return value |
|start_full_n             |  in |    1| ap_ctrl_hs |       PE36      | return value |
|ap_done                  | out |    1| ap_ctrl_hs |       PE36      | return value |
|ap_continue              |  in |    1| ap_ctrl_hs |       PE36      | return value |
|ap_idle                  | out |    1| ap_ctrl_hs |       PE36      | return value |
|ap_ready                 | out |    1| ap_ctrl_hs |       PE36      | return value |
|start_out                | out |    1| ap_ctrl_hs |       PE36      | return value |
|start_write              | out |    1| ap_ctrl_hs |       PE36      | return value |
|W_inter_3_3_dout         |  in |   32|   ap_fifo  |   W_inter_3_3   |    pointer   |
|W_inter_3_3_empty_n      |  in |    1|   ap_fifo  |   W_inter_3_3   |    pointer   |
|W_inter_3_3_read         | out |    1|   ap_fifo  |   W_inter_3_3   |    pointer   |
|In_inter_3_3_dout        |  in |   32|   ap_fifo  |   In_inter_3_3  |    pointer   |
|In_inter_3_3_empty_n     |  in |    1|   ap_fifo  |   In_inter_3_3  |    pointer   |
|In_inter_3_3_read        | out |    1|   ap_fifo  |   In_inter_3_3  |    pointer   |
|W_inter_4_3_din          | out |   32|   ap_fifo  |   W_inter_4_3   |    pointer   |
|W_inter_4_3_full_n       |  in |    1|   ap_fifo  |   W_inter_4_3   |    pointer   |
|W_inter_4_3_write        | out |    1|   ap_fifo  |   W_inter_4_3   |    pointer   |
|In_inter_3_4_din         | out |   32|   ap_fifo  |   In_inter_3_4  |    pointer   |
|In_inter_3_4_full_n      |  in |    1|   ap_fifo  |   In_inter_3_4  |    pointer   |
|In_inter_3_4_write       | out |    1|   ap_fifo  |   In_inter_3_4  |    pointer   |
|add_ln207_5_loc_dout     |  in |   32|   ap_fifo  | add_ln207_5_loc |    pointer   |
|add_ln207_5_loc_empty_n  |  in |    1|   ap_fifo  | add_ln207_5_loc |    pointer   |
|add_ln207_5_loc_read     | out |    1|   ap_fifo  | add_ln207_5_loc |    pointer   |
|add_ln207_2_loc_dout     |  in |   32|   ap_fifo  | add_ln207_2_loc |    pointer   |
|add_ln207_2_loc_empty_n  |  in |    1|   ap_fifo  | add_ln207_2_loc |    pointer   |
|add_ln207_2_loc_read     | out |    1|   ap_fifo  | add_ln207_2_loc |    pointer   |
|O_inter_3_3_din          | out |   32|   ap_fifo  |   O_inter_3_3   |    pointer   |
|O_inter_3_3_full_n       |  in |    1|   ap_fifo  |   O_inter_3_3   |    pointer   |
|O_inter_3_3_write        | out |    1|   ap_fifo  |   O_inter_3_3   |    pointer   |
|p_c_s_dout               |  in |   32|   ap_fifo  |      p_c_s      |    pointer   |
|p_c_s_empty_n            |  in |    1|   ap_fifo  |      p_c_s      |    pointer   |
|p_c_s_read               | out |    1|   ap_fifo  |      p_c_s      |    pointer   |
|p_chin_s_dout            |  in |   32|   ap_fifo  |     p_chin_s    |    pointer   |
|p_chin_s_empty_n         |  in |    1|   ap_fifo  |     p_chin_s    |    pointer   |
|p_chin_s_read            | out |    1|   ap_fifo  |     p_chin_s    |    pointer   |
|p_chout_s_dout           |  in |   32|   ap_fifo  |    p_chout_s    |    pointer   |
|p_chout_s_empty_n        |  in |    1|   ap_fifo  |    p_chout_s    |    pointer   |
|p_chout_s_read           | out |    1|   ap_fifo  |    p_chout_s    |    pointer   |
|p_k_s_dout               |  in |   32|   ap_fifo  |      p_k_s      |    pointer   |
|p_k_s_empty_n            |  in |    1|   ap_fifo  |      p_k_s      |    pointer   |
|p_k_s_read               | out |    1|   ap_fifo  |      p_k_s      |    pointer   |
|p_r_s_dout               |  in |   32|   ap_fifo  |      p_r_s      |    pointer   |
|p_r_s_empty_n            |  in |    1|   ap_fifo  |      p_r_s      |    pointer   |
|p_r_s_read               | out |    1|   ap_fifo  |      p_r_s      |    pointer   |
|p_c_out_din              | out |   32|   ap_fifo  |     p_c_out     |    pointer   |
|p_c_out_full_n           |  in |    1|   ap_fifo  |     p_c_out     |    pointer   |
|p_c_out_write            | out |    1|   ap_fifo  |     p_c_out     |    pointer   |
|p_c_out1_din             | out |   32|   ap_fifo  |     p_c_out1    |    pointer   |
|p_c_out1_full_n          |  in |    1|   ap_fifo  |     p_c_out1    |    pointer   |
|p_c_out1_write           | out |    1|   ap_fifo  |     p_c_out1    |    pointer   |
|p_c_out2_din             | out |   32|   ap_fifo  |     p_c_out2    |    pointer   |
|p_c_out2_full_n          |  in |    1|   ap_fifo  |     p_c_out2    |    pointer   |
|p_c_out2_write           | out |    1|   ap_fifo  |     p_c_out2    |    pointer   |
|p_chin_out_din           | out |   32|   ap_fifo  |    p_chin_out   |    pointer   |
|p_chin_out_full_n        |  in |    1|   ap_fifo  |    p_chin_out   |    pointer   |
|p_chin_out_write         | out |    1|   ap_fifo  |    p_chin_out   |    pointer   |
|p_chin_out3_din          | out |   32|   ap_fifo  |   p_chin_out3   |    pointer   |
|p_chin_out3_full_n       |  in |    1|   ap_fifo  |   p_chin_out3   |    pointer   |
|p_chin_out3_write        | out |    1|   ap_fifo  |   p_chin_out3   |    pointer   |
|p_chout_out_din          | out |   32|   ap_fifo  |   p_chout_out   |    pointer   |
|p_chout_out_full_n       |  in |    1|   ap_fifo  |   p_chout_out   |    pointer   |
|p_chout_out_write        | out |    1|   ap_fifo  |   p_chout_out   |    pointer   |
|p_k_out_din              | out |   32|   ap_fifo  |     p_k_out     |    pointer   |
|p_k_out_full_n           |  in |    1|   ap_fifo  |     p_k_out     |    pointer   |
|p_k_out_write            | out |    1|   ap_fifo  |     p_k_out     |    pointer   |
|p_k_out4_din             | out |   32|   ap_fifo  |     p_k_out4    |    pointer   |
|p_k_out4_full_n          |  in |    1|   ap_fifo  |     p_k_out4    |    pointer   |
|p_k_out4_write           | out |    1|   ap_fifo  |     p_k_out4    |    pointer   |
+-------------------------+-----+-----+------------+-----------------+--------------+

