

================================================================
== Vivado HLS Report for 'PE_array_Block_preh'
================================================================
* Date:           Sun Feb 28 10:35:34 2021

* Version:        2020.1 (Build 2897737 on Wed May 27 20:21:37 MDT 2020)
* Project:        conv_v1.prj
* Solution:       solution1
* Product family: zynquplus
* Target device:  xczu7ev-ffvc1156-2-e


================================================================
== Performance Estimates
================================================================
+ Timing: 
    * Summary: 
    +--------+----------+----------+------------+
    |  Clock |  Target  | Estimated| Uncertainty|
    +--------+----------+----------+------------+
    |ap_clk  | 10.00 ns | 4.692 ns |   1.25 ns  |
    +--------+----------+----------+------------+

+ Latency: 
    * Summary: 
    +---------+---------+----------+----------+-----+-----+---------+
    |  Latency (cycles) |  Latency (absolute) |  Interval | Pipeline|
    |   min   |   max   |    min   |    max   | min | max |   Type  |
    +---------+---------+----------+----------+-----+-----+---------+
    |        0|        0|   0 ns   |   0 ns   |    0|    0|   none  |
    +---------+---------+----------+----------+-----+-----+---------+

    + Detail: 
        * Instance: 
        N/A

        * Loop: 
        N/A



================================================================
== Utilization Estimates
================================================================
* Summary: 
+-----------------+---------+-------+--------+--------+-----+
|       Name      | BRAM_18K| DSP48E|   FF   |   LUT  | URAM|
+-----------------+---------+-------+--------+--------+-----+
|DSP              |        -|      -|       -|       -|    -|
|Expression       |        -|      -|       0|      41|    -|
|FIFO             |        -|      -|       -|       -|    -|
|Instance         |        -|      -|       -|       -|    -|
|Memory           |        -|      -|       -|       -|    -|
|Multiplexer      |        -|      -|       -|      63|    -|
|Register         |        -|      -|       3|       -|    -|
+-----------------+---------+-------+--------+--------+-----+
|Total            |        0|      0|       3|     104|    0|
+-----------------+---------+-------+--------+--------+-----+
|Available        |      624|   1728|  460800|  230400|   96|
+-----------------+---------+-------+--------+--------+-----+
|Utilization (%)  |        0|      0|   ~0   |   ~0   |    0|
+-----------------+---------+-------+--------+--------+-----+

+ Detail: 
    * Instance: 
    N/A

    * DSP48E: 
    N/A

    * Memory: 
    N/A

    * FIFO: 
    N/A

    * Expression: 
    +--------------------+----------+-------+---+----+------------+------------+
    |    Variable Name   | Operation| DSP48E| FF| LUT| Bitwidth P0| Bitwidth P1|
    +--------------------+----------+-------+---+----+------------+------------+
    |add_ln207_fu_64_p2  |     +    |      0|  0|  39|          32|           2|
    |ap_block_state1     |    or    |      0|  0|   2|           1|           1|
    +--------------------+----------+-------+---+----+------------+------------+
    |Total               |          |      0|  0|  41|          33|           3|
    +--------------------+----------+-------+---+----+------------+------------+

    * Multiplexer: 
    +----------------------------+----+-----------+-----+-----------+
    |            Name            | LUT| Input Size| Bits| Total Bits|
    +----------------------------+----+-----------+-----+-----------+
    |add_ln207_5_out_out1_blk_n  |   9|          2|    1|          2|
    |add_ln207_5_out_out2_blk_n  |   9|          2|    1|          2|
    |add_ln207_5_out_out3_blk_n  |   9|          2|    1|          2|
    |add_ln207_5_out_out_blk_n   |   9|          2|    1|          2|
    |ap_done                     |   9|          2|    1|          2|
    |real_start                  |   9|          2|    1|          2|
    |row_blk_n                   |   9|          2|    1|          2|
    +----------------------------+----+-----------+-----+-----------+
    |Total                       |  63|         14|    7|         14|
    +----------------------------+----+-----------+-----+-----------+

    * Register: 
    +----------------+---+----+-----+-----------+
    |      Name      | FF| LUT| Bits| Const Bits|
    +----------------+---+----+-----+-----------+
    |ap_CS_fsm       |  1|   0|    1|          0|
    |ap_done_reg     |  1|   0|    1|          0|
    |start_once_reg  |  1|   0|    1|          0|
    +----------------+---+----+-----+-----------+
    |Total           |  3|   0|    3|          0|
    +----------------+---+----+-----+-----------+



================================================================
== Interface
================================================================
* Summary: 
+-----------------------------+-----+-----+------------+----------------------+--------------+
|          RTL Ports          | Dir | Bits|  Protocol  |     Source Object    |    C Type    |
+-----------------------------+-----+-----+------------+----------------------+--------------+
|ap_clk                       |  in |    1| ap_ctrl_hs | PE_array_Block_.preh | return value |
|ap_rst                       |  in |    1| ap_ctrl_hs | PE_array_Block_.preh | return value |
|ap_start                     |  in |    1| ap_ctrl_hs | PE_array_Block_.preh | return value |
|start_full_n                 |  in |    1| ap_ctrl_hs | PE_array_Block_.preh | return value |
|ap_done                      | out |    1| ap_ctrl_hs | PE_array_Block_.preh | return value |
|ap_continue                  |  in |    1| ap_ctrl_hs | PE_array_Block_.preh | return value |
|ap_idle                      | out |    1| ap_ctrl_hs | PE_array_Block_.preh | return value |
|ap_ready                     | out |    1| ap_ctrl_hs | PE_array_Block_.preh | return value |
|start_out                    | out |    1| ap_ctrl_hs | PE_array_Block_.preh | return value |
|start_write                  | out |    1| ap_ctrl_hs | PE_array_Block_.preh | return value |
|row_dout                     |  in |   32|   ap_fifo  |          row         |    pointer   |
|row_empty_n                  |  in |    1|   ap_fifo  |          row         |    pointer   |
|row_read                     | out |    1|   ap_fifo  |          row         |    pointer   |
|add_ln207_5_out_out_din      | out |   32|   ap_fifo  |  add_ln207_5_out_out |    pointer   |
|add_ln207_5_out_out_full_n   |  in |    1|   ap_fifo  |  add_ln207_5_out_out |    pointer   |
|add_ln207_5_out_out_write    | out |    1|   ap_fifo  |  add_ln207_5_out_out |    pointer   |
|add_ln207_5_out_out1_din     | out |   32|   ap_fifo  | add_ln207_5_out_out1 |    pointer   |
|add_ln207_5_out_out1_full_n  |  in |    1|   ap_fifo  | add_ln207_5_out_out1 |    pointer   |
|add_ln207_5_out_out1_write   | out |    1|   ap_fifo  | add_ln207_5_out_out1 |    pointer   |
|add_ln207_5_out_out2_din     | out |   32|   ap_fifo  | add_ln207_5_out_out2 |    pointer   |
|add_ln207_5_out_out2_full_n  |  in |    1|   ap_fifo  | add_ln207_5_out_out2 |    pointer   |
|add_ln207_5_out_out2_write   | out |    1|   ap_fifo  | add_ln207_5_out_out2 |    pointer   |
|add_ln207_5_out_out3_din     | out |   32|   ap_fifo  | add_ln207_5_out_out3 |    pointer   |
|add_ln207_5_out_out3_full_n  |  in |    1|   ap_fifo  | add_ln207_5_out_out3 |    pointer   |
|add_ln207_5_out_out3_write   | out |    1|   ap_fifo  | add_ln207_5_out_out3 |    pointer   |
+-----------------------------+-----+-----+------------+----------------------+--------------+

