

================================================================
== Vivado HLS Report for 'Read_In_buf_line'
================================================================
* Date:           Sun Feb 28 10:35:31 2021

* Version:        2020.1 (Build 2897737 on Wed May 27 20:21:37 MDT 2020)
* Project:        conv_v1.prj
* Solution:       solution1
* Product family: zynquplus
* Target device:  xczu7ev-ffvc1156-2-e


================================================================
== Performance Estimates
================================================================
+ Timing: 
    * Summary: 
    +--------+----------+----------+------------+
    |  Clock |  Target  | Estimated| Uncertainty|
    +--------+----------+----------+------------+
    |ap_clk  | 10.00 ns | 8.750 ns |   1.25 ns  |
    +--------+----------+----------+------------+

+ Latency: 
    * Summary: 
    +---------+---------+-----------+-----------+------+------+---------+
    |  Latency (cycles) |   Latency (absolute)  |   Interval  | Pipeline|
    |   min   |   max   |    min    |    max    |  min |  max |   Type  |
    +---------+---------+-----------+-----------+------+------+---------+
    |     1101|     7381| 11.010 us | 73.810 us |  1101|  7381|   none  |
    +---------+---------+-----------+-----------+------+------+---------+

    + Detail: 
        * Instance: 
        N/A

        * Loop: 
        +-------------+---------+---------+-----------+-----------+-----------+---------+----------+
        |             |  Latency (cycles) | Iteration |  Initiation Interval  |   Trip  |          |
        |  Loop Name  |   min   |   max   |  Latency  |  achieved |   target  |  Count  | Pipelined|
        +-------------+---------+---------+-----------+-----------+-----------+---------+----------+
        |- Loop 1     |     1100|     7240| 110 ~ 362 |          -|          -| 10 ~ 20 |    no    |
        | + Loop 1.1  |      108|      360|         36|          -|          -|  3 ~ 10 |    no    |
        |- Loop 2     |     1110|     7380| 111 ~ 369 |          -|          -| 10 ~ 20 |    no    |
        | + Loop 2.1  |      108|      360|         36|          -|          -|  3 ~ 10 |    no    |
        | + Loop 2.2  |      108|      360|         36|          -|          -|  3 ~ 10 |    no    |
        +-------------+---------+---------+-----------+-----------+-----------+---------+----------+



================================================================
== Utilization Estimates
================================================================
* Summary: 
+-----------------+---------+-------+--------+--------+-----+
|       Name      | BRAM_18K| DSP48E|   FF   |   LUT  | URAM|
+-----------------+---------+-------+--------+--------+-----+
|DSP              |        -|      -|       -|       -|    -|
|Expression       |        -|      9|       0|    1042|    -|
|FIFO             |        -|      -|       -|       -|    -|
|Instance         |        -|      -|    1182|     714|    -|
|Memory           |        -|      -|       -|       -|    -|
|Multiplexer      |        -|      -|       -|     614|    -|
|Register         |        -|      -|     685|       -|    -|
+-----------------+---------+-------+--------+--------+-----+
|Total            |        0|      9|    1867|    2370|    0|
+-----------------+---------+-------+--------+--------+-----+
|Available        |      624|   1728|  460800|  230400|   96|
+-----------------+---------+-------+--------+--------+-----+
|Utilization (%)  |        0|   ~0  |   ~0   |       1|    0|
+-----------------+---------+-------+--------+--------+-----+

+ Detail: 
    * Instance: 
    +-------------------------+----------------------+---------+-------+-----+-----+-----+
    |         Instance        |        Module        | BRAM_18K| DSP48E|  FF | LUT | URAM|
    +-------------------------+----------------------+---------+-------+-----+-----+-----+
    |Systolic_Array_Cobkb_U5  |Systolic_Array_Cobkb  |        0|      0|  394|  238|    0|
    |Systolic_Array_Cobkb_U6  |Systolic_Array_Cobkb  |        0|      0|  394|  238|    0|
    |Systolic_Array_Cobkb_U7  |Systolic_Array_Cobkb  |        0|      0|  394|  238|    0|
    +-------------------------+----------------------+---------+-------+-----+-----+-----+
    |Total                    |                      |        0|      0| 1182|  714|    0|
    +-------------------------+----------------------+---------+-------+-----+-----+-----+

    * DSP48E: 
    N/A

    * Memory: 
    N/A

    * FIFO: 
    N/A

    * Expression: 
    +--------------------------+----------+-------+---+----+------------+------------+
    |       Variable Name      | Operation| DSP48E| FF| LUT| Bitwidth P0| Bitwidth P1|
    +--------------------------+----------+-------+---+----+------------+------------+
    |mul_ln239_fu_453_p2       |     *    |      3|  0|  20|          32|          31|
    |mul_ln248_fu_405_p2       |     *    |      3|  0|  20|          32|          31|
    |mul_ln253_fu_360_p2       |     *    |      3|  0|  20|          32|          32|
    |add_ln234_fu_280_p2       |     +    |      0|  0|  39|          32|           2|
    |add_ln239_fu_543_p2       |     +    |      0|  0|  32|          32|          32|
    |add_ln248_fu_508_p2       |     +    |      0|  0|  32|          32|          32|
    |add_ln253_1_fu_423_p2     |     +    |      0|  0|  41|          34|          34|
    |add_ln253_2_fu_473_p2     |     +    |      0|  0|  32|          32|          32|
    |add_ln253_fu_414_p2       |     +    |      0|  0|  40|          33|          33|
    |grp_fu_483_p0             |     +    |      0|  0|  32|          32|          32|
    |grp_fu_518_p0             |     +    |      0|  0|  32|          32|          32|
    |grp_fu_553_p0             |     +    |      0|  0|  32|          32|          32|
    |i_1_fu_383_p2             |     +    |      0|  0|  38|          31|           1|
    |i_fu_447_p2               |     +    |      0|  0|  38|          31|           1|
    |j_1_fu_502_p2             |     +    |      0|  0|  38|          31|           1|
    |j_2_fu_467_p2             |     +    |      0|  0|  38|          31|           1|
    |j_fu_537_p2               |     +    |      0|  0|  38|          31|           1|
    |sub_ln234_1_fu_206_p2     |     -    |      0|  0|  39|           1|          32|
    |sub_ln234_2_fu_226_p2     |     -    |      0|  0|  39|           1|          32|
    |sub_ln234_3_fu_294_p2     |     -    |      0|  0|  39|           3|          32|
    |sub_ln234_4_fu_314_p2     |     -    |      0|  0|  39|           1|          32|
    |sub_ln234_fu_342_p2       |     -    |      0|  0|  39|          32|          32|
    |sub_ln245_fu_354_p2       |     -    |      0|  0|  39|          32|          32|
    |icmp_ln234_1_fu_348_p2    |   icmp   |      0|  0|  20|          32|          32|
    |icmp_ln234_fu_254_p2      |   icmp   |      0|  0|  20|          32|          32|
    |icmp_ln235_fu_442_p2      |   icmp   |      0|  0|  20|          32|          32|
    |icmp_ln237_fu_532_p2      |   icmp   |      0|  0|  20|          32|          32|
    |icmp_ln243_fu_378_p2      |   icmp   |      0|  0|  20|          32|          32|
    |icmp_ln245_1_fu_394_p2    |   icmp   |      0|  0|  20|          32|          32|
    |icmp_ln245_fu_389_p2      |   icmp   |      0|  0|  20|          32|          32|
    |icmp_ln246_fu_497_p2      |   icmp   |      0|  0|  20|          32|          32|
    |icmp_ln251_fu_462_p2      |   icmp   |      0|  0|  20|          32|          32|
    |or_ln245_fu_399_p2        |    or    |      0|  0|   2|           1|           1|
    |select_ln234_1_fu_334_p3  |  select  |      0|  0|  32|           1|          32|
    |select_ln234_fu_246_p3    |  select  |      0|  0|  32|           1|          32|
    +--------------------------+----------+-------+---+----+------------+------------+
    |Total                     |          |      9|  0|1042|         903|         905|
    +--------------------------+----------+-------+---+----+------------+------------+

    * Multiplexer: 
    +-----------------+-----+-----------+-----+-----------+
    |       Name      | LUT | Input Size| Bits| Total Bits|
    +-----------------+-----+-----------+-----+-----------+
    |In_buf_address0  |   21|          4|    9|         36|
    |In_buf_d0        |   15|          3|   32|         96|
    |In_ddr_blk_n_AR  |    9|          2|    1|          2|
    |In_ddr_blk_n_R   |    9|          2|    1|          2|
    |ap_NS_fsm        |  515|        118|    1|        118|
    |i1_0_reg_139     |    9|          2|   31|         62|
    |i_0_reg_150      |    9|          2|   31|         62|
    |j2_0_reg_172     |    9|          2|   31|         62|
    |j3_0_reg_161     |    9|          2|   31|         62|
    |j_0_reg_183      |    9|          2|   31|         62|
    +-----------------+-----+-----------+-----+-----------+
    |Total            |  614|        139|  199|        564|
    +-----------------+-----+-----------+-----+-----------+

    * Register: 
    +--------------------------+-----+----+-----+-----------+
    |           Name           |  FF | LUT| Bits| Const Bits|
    +--------------------------+-----+----+-----+-----------+
    |In_ddr_addr_read_reg_671  |   32|   0|   32|          0|
    |In_ddr_addr_reg_639       |   32|   0|   32|          0|
    |ap_CS_fsm                 |  117|   0|  117|          0|
    |i1_0_reg_139              |   31|   0|   31|          0|
    |i_0_reg_150               |   31|   0|   31|          0|
    |i_1_reg_624               |   31|   0|   31|          0|
    |i_reg_648                 |   31|   0|   31|          0|
    |icmp_ln234_1_reg_602      |    1|   0|    1|          0|
    |icmp_ln234_reg_568        |    1|   0|    1|          0|
    |j2_0_reg_172              |   31|   0|   31|          0|
    |j3_0_reg_161              |   31|   0|   31|          0|
    |j_0_reg_183               |   31|   0|   31|          0|
    |j_1_reg_679               |   31|   0|   31|          0|
    |j_2_reg_661               |   31|   0|   31|          0|
    |j_reg_692                 |   31|   0|   31|          0|
    |mul_ln239_reg_653         |   32|   0|   32|          0|
    |mul_ln248_reg_633         |   32|   0|   32|          0|
    |or_ln245_reg_629          |    1|   0|    1|          0|
    |select_ln234_reg_563      |   32|   0|   32|          0|
    |sext_ln253_reg_611        |   33|   0|   33|          0|
    |sub_ln245_reg_606         |   32|   0|   32|          0|
    |zext_ln243_1_reg_616      |   30|   0|   34|          4|
    +--------------------------+-----+----+-----+-----------+
    |Total                     |  685|   0|  689|          4|
    +--------------------------+-----+----+-----+-----------+



================================================================
== Interface
================================================================
* Summary: 
+-----------------------+-----+-----+------------+------------------+--------------+
|       RTL Ports       | Dir | Bits|  Protocol  |   Source Object  |    C Type    |
+-----------------------+-----+-----+------------+------------------+--------------+
|ap_clk                 |  in |    1| ap_ctrl_hs | Read_In_buf_line | return value |
|ap_rst                 |  in |    1| ap_ctrl_hs | Read_In_buf_line | return value |
|ap_start               |  in |    1| ap_ctrl_hs | Read_In_buf_line | return value |
|ap_done                | out |    1| ap_ctrl_hs | Read_In_buf_line | return value |
|ap_idle                | out |    1| ap_ctrl_hs | Read_In_buf_line | return value |
|ap_ready               | out |    1| ap_ctrl_hs | Read_In_buf_line | return value |
|In_buf_address0        | out |    9|  ap_memory |      In_buf      |     array    |
|In_buf_ce0             | out |    1|  ap_memory |      In_buf      |     array    |
|In_buf_we0             | out |    1|  ap_memory |      In_buf      |     array    |
|In_buf_d0              | out |   32|  ap_memory |      In_buf      |     array    |
|m_axi_In_ddr_AWVALID   | out |    1|    m_axi   |      In_ddr      |    pointer   |
|m_axi_In_ddr_AWREADY   |  in |    1|    m_axi   |      In_ddr      |    pointer   |
|m_axi_In_ddr_AWADDR    | out |   32|    m_axi   |      In_ddr      |    pointer   |
|m_axi_In_ddr_AWID      | out |    1|    m_axi   |      In_ddr      |    pointer   |
|m_axi_In_ddr_AWLEN     | out |   32|    m_axi   |      In_ddr      |    pointer   |
|m_axi_In_ddr_AWSIZE    | out |    3|    m_axi   |      In_ddr      |    pointer   |
|m_axi_In_ddr_AWBURST   | out |    2|    m_axi   |      In_ddr      |    pointer   |
|m_axi_In_ddr_AWLOCK    | out |    2|    m_axi   |      In_ddr      |    pointer   |
|m_axi_In_ddr_AWCACHE   | out |    4|    m_axi   |      In_ddr      |    pointer   |
|m_axi_In_ddr_AWPROT    | out |    3|    m_axi   |      In_ddr      |    pointer   |
|m_axi_In_ddr_AWQOS     | out |    4|    m_axi   |      In_ddr      |    pointer   |
|m_axi_In_ddr_AWREGION  | out |    4|    m_axi   |      In_ddr      |    pointer   |
|m_axi_In_ddr_AWUSER    | out |    1|    m_axi   |      In_ddr      |    pointer   |
|m_axi_In_ddr_WVALID    | out |    1|    m_axi   |      In_ddr      |    pointer   |
|m_axi_In_ddr_WREADY    |  in |    1|    m_axi   |      In_ddr      |    pointer   |
|m_axi_In_ddr_WDATA     | out |   32|    m_axi   |      In_ddr      |    pointer   |
|m_axi_In_ddr_WSTRB     | out |    4|    m_axi   |      In_ddr      |    pointer   |
|m_axi_In_ddr_WLAST     | out |    1|    m_axi   |      In_ddr      |    pointer   |
|m_axi_In_ddr_WID       | out |    1|    m_axi   |      In_ddr      |    pointer   |
|m_axi_In_ddr_WUSER     | out |    1|    m_axi   |      In_ddr      |    pointer   |
|m_axi_In_ddr_ARVALID   | out |    1|    m_axi   |      In_ddr      |    pointer   |
|m_axi_In_ddr_ARREADY   |  in |    1|    m_axi   |      In_ddr      |    pointer   |
|m_axi_In_ddr_ARADDR    | out |   32|    m_axi   |      In_ddr      |    pointer   |
|m_axi_In_ddr_ARID      | out |    1|    m_axi   |      In_ddr      |    pointer   |
|m_axi_In_ddr_ARLEN     | out |   32|    m_axi   |      In_ddr      |    pointer   |
|m_axi_In_ddr_ARSIZE    | out |    3|    m_axi   |      In_ddr      |    pointer   |
|m_axi_In_ddr_ARBURST   | out |    2|    m_axi   |      In_ddr      |    pointer   |
|m_axi_In_ddr_ARLOCK    | out |    2|    m_axi   |      In_ddr      |    pointer   |
|m_axi_In_ddr_ARCACHE   | out |    4|    m_axi   |      In_ddr      |    pointer   |
|m_axi_In_ddr_ARPROT    | out |    3|    m_axi   |      In_ddr      |    pointer   |
|m_axi_In_ddr_ARQOS     | out |    4|    m_axi   |      In_ddr      |    pointer   |
|m_axi_In_ddr_ARREGION  | out |    4|    m_axi   |      In_ddr      |    pointer   |
|m_axi_In_ddr_ARUSER    | out |    1|    m_axi   |      In_ddr      |    pointer   |
|m_axi_In_ddr_RVALID    |  in |    1|    m_axi   |      In_ddr      |    pointer   |
|m_axi_In_ddr_RREADY    | out |    1|    m_axi   |      In_ddr      |    pointer   |
|m_axi_In_ddr_RDATA     |  in |   32|    m_axi   |      In_ddr      |    pointer   |
|m_axi_In_ddr_RLAST     |  in |    1|    m_axi   |      In_ddr      |    pointer   |
|m_axi_In_ddr_RID       |  in |    1|    m_axi   |      In_ddr      |    pointer   |
|m_axi_In_ddr_RUSER     |  in |    1|    m_axi   |      In_ddr      |    pointer   |
|m_axi_In_ddr_RRESP     |  in |    2|    m_axi   |      In_ddr      |    pointer   |
|m_axi_In_ddr_BVALID    |  in |    1|    m_axi   |      In_ddr      |    pointer   |
|m_axi_In_ddr_BREADY    | out |    1|    m_axi   |      In_ddr      |    pointer   |
|m_axi_In_ddr_BRESP     |  in |    2|    m_axi   |      In_ddr      |    pointer   |
|m_axi_In_ddr_BID       |  in |    1|    m_axi   |      In_ddr      |    pointer   |
|m_axi_In_ddr_BUSER     |  in |    1|    m_axi   |      In_ddr      |    pointer   |
|In_ddr_offset          |  in |   30|   ap_none  |   In_ddr_offset  |    scalar    |
|row                    |  in |   32|   ap_none  |        row       |    scalar    |
|p_p_s                  |  in |   32|   ap_none  |       p_p_s      |    pointer   |
|p_cinp_s               |  in |   32|   ap_none  |     p_cinp_s     |    pointer   |
|p_chin_s               |  in |   32|   ap_none  |     p_chin_s     |    pointer   |
|In_buffer_end          |  in |   32|   ap_none  |   In_buffer_end  |    pointer   |
|In_buffer_length       |  in |   32|   ap_none  | In_buffer_length |    pointer   |
|p_rinp_s               |  in |   32|   ap_none  |     p_rinp_s     |    pointer   |
+-----------------------+-----+-----+------------+------------------+--------------+

