

================================================================
== Vivado HLS Report for 'Write_O_ALL'
================================================================
* Date:           Sun Feb 28 10:35:35 2021

* Version:        2020.1 (Build 2897737 on Wed May 27 20:21:37 MDT 2020)
* Project:        conv_v1.prj
* Solution:       solution1
* Product family: zynquplus
* Target device:  xczu7ev-ffvc1156-2-e


================================================================
== Performance Estimates
================================================================
+ Timing: 
    * Summary: 
    +--------+----------+----------+------------+
    |  Clock |  Target  | Estimated| Uncertainty|
    +--------+----------+----------+------------+
    |ap_clk  | 10.00 ns | 7.627 ns |   1.25 ns  |
    +--------+----------+----------+------------+

+ Latency: 
    * Summary: 
    +---------+---------+----------+----------+-----+-----+---------+
    |  Latency (cycles) |  Latency (absolute) |  Interval | Pipeline|
    |   min   |   max   |    min   |    max   | min | max |   Type  |
    +---------+---------+----------+----------+-----+-----+---------+
    |       27|      261| 0.270 us | 2.610 us |   27|  261|   none  |
    +---------+---------+----------+----------+-----+-----+---------+

    + Detail: 
        * Instance: 
        N/A

        * Loop: 
        +-----------------+---------+---------+----------+-----------+-----------+--------+----------+
        |                 |  Latency (cycles) | Iteration|  Initiation Interval  |  Trip  |          |
        |    Loop Name    |   min   |   max   |  Latency |  achieved |   target  |  Count | Pipelined|
        +-----------------+---------+---------+----------+-----------+-----------+--------+----------+
        |- Loop 1         |       26|      260|        26|          -|          -| 1 ~ 10 |    no    |
        | + Loop 1.1      |       24|       24|         6|          -|          -|       4|    no    |
        |  ++ Loop 1.1.1  |        4|        4|         1|          -|          -|       4|    no    |
        +-----------------+---------+---------+----------+-----------+-----------+--------+----------+



================================================================
== Utilization Estimates
================================================================
* Summary: 
+-----------------+---------+-------+--------+--------+-----+
|       Name      | BRAM_18K| DSP48E|   FF   |   LUT  | URAM|
+-----------------+---------+-------+--------+--------+-----+
|DSP              |        -|      -|       -|       -|    -|
|Expression       |        -|      6|       0|     314|    -|
|FIFO             |        -|      -|       -|       -|    -|
|Instance         |        -|      -|       -|       -|    -|
|Memory           |        -|      -|       -|       -|    -|
|Multiplexer      |        -|      -|       -|     319|    -|
|Register         |        -|      -|     193|       -|    -|
+-----------------+---------+-------+--------+--------+-----+
|Total            |        0|      6|     193|     633|    0|
+-----------------+---------+-------+--------+--------+-----+
|Available        |      624|   1728|  460800|  230400|   96|
+-----------------+---------+-------+--------+--------+-----+
|Utilization (%)  |        0|   ~0  |   ~0   |   ~0   |    0|
+-----------------+---------+-------+--------+--------+-----+

+ Detail: 
    * Instance: 
    N/A

    * DSP48E: 
    N/A

    * Memory: 
    N/A

    * FIFO: 
    N/A

    * Expression: 
    +-------------------------------+----------+-------+---+----+------------+------------+
    |         Variable Name         | Operation| DSP48E| FF| LUT| Bitwidth P0| Bitwidth P1|
    +-------------------------------+----------+-------+---+----+------------+------------+
    |mul_ln108_1_fu_352_p2          |     *    |      3|  0|  20|          32|          32|
    |mul_ln108_2_fu_395_p2          |     *    |      3|  0|  20|          32|          32|
    |mul_ln108_fu_347_p2            |     *    |      0|  0|  20|          32|           3|
    |add_ln108_1_fu_404_p2          |     +    |      0|  0|  32|          10|          10|
    |add_ln108_2_fu_410_p2          |     +    |      0|  0|  32|          10|          10|
    |add_ln108_fu_361_p2            |     +    |      0|  0|  17|          10|          10|
    |col_fu_321_p2                  |     +    |      0|  0|  38|          31|           1|
    |i_fu_337_p2                    |     +    |      0|  0|  11|           3|           1|
    |j_fu_372_p2                    |     +    |      0|  0|  11|           3|           1|
    |sub_ln108_fu_390_p2            |     -    |      0|  0|  39|          32|          32|
    |ap_predicate_op61_read_state4  |    and   |      0|  0|   2|           1|           1|
    |ap_predicate_op63_read_state4  |    and   |      0|  0|   2|           1|           1|
    |ap_predicate_op65_read_state4  |    and   |      0|  0|   2|           1|           1|
    |ap_predicate_op67_read_state4  |    and   |      0|  0|   2|           1|           1|
    |ap_predicate_op70_read_state4  |    and   |      0|  0|   2|           1|           1|
    |ap_predicate_op72_read_state4  |    and   |      0|  0|   2|           1|           1|
    |ap_predicate_op74_read_state4  |    and   |      0|  0|   2|           1|           1|
    |ap_predicate_op76_read_state4  |    and   |      0|  0|   2|           1|           1|
    |ap_predicate_op79_read_state4  |    and   |      0|  0|   2|           1|           1|
    |ap_predicate_op81_read_state4  |    and   |      0|  0|   2|           1|           1|
    |ap_predicate_op83_read_state4  |    and   |      0|  0|   2|           1|           1|
    |ap_predicate_op85_read_state4  |    and   |      0|  0|   2|           1|           1|
    |ap_predicate_op88_read_state4  |    and   |      0|  0|   2|           1|           1|
    |ap_predicate_op90_read_state4  |    and   |      0|  0|   2|           1|           1|
    |ap_predicate_op92_read_state4  |    and   |      0|  0|   2|           1|           1|
    |ap_predicate_op94_read_state4  |    and   |      0|  0|   2|           1|           1|
    |icmp_ln103_fu_316_p2           |   icmp   |      0|  0|  20|          32|          32|
    |icmp_ln105_fu_331_p2           |   icmp   |      0|  0|   9|           3|           4|
    |icmp_ln106_fu_366_p2           |   icmp   |      0|  0|   9|           3|           4|
    |ap_block_state1                |    or    |      0|  0|   2|           1|           1|
    |ap_block_state4                |    or    |      0|  0|   2|           1|           1|
    +-------------------------------+----------+-------+---+----+------------+------------+
    |Total                          |          |      6|  0| 314|         251|         190|
    +-------------------------------+----------+-------+---+----+------------+------------+

    * Multiplexer: 
    +----------------------------------+----+-----------+-----+-----------+
    |               Name               | LUT| Input Size| Bits| Total Bits|
    +----------------------------------+----+-----------+-----+-----------+
    |O_0_0_V_blk_n                     |   9|          2|    1|          2|
    |O_0_1_V_blk_n                     |   9|          2|    1|          2|
    |O_0_2_V_blk_n                     |   9|          2|    1|          2|
    |O_0_3_V_blk_n                     |   9|          2|    1|          2|
    |O_1_0_V_blk_n                     |   9|          2|    1|          2|
    |O_1_1_V_blk_n                     |   9|          2|    1|          2|
    |O_1_2_V_blk_n                     |   9|          2|    1|          2|
    |O_1_3_V_blk_n                     |   9|          2|    1|          2|
    |O_2_0_V_blk_n                     |   9|          2|    1|          2|
    |O_2_1_V_blk_n                     |   9|          2|    1|          2|
    |O_2_2_V_blk_n                     |   9|          2|    1|          2|
    |O_2_3_V_blk_n                     |   9|          2|    1|          2|
    |O_3_0_V_blk_n                     |   9|          2|    1|          2|
    |O_3_1_V_blk_n                     |   9|          2|    1|          2|
    |O_3_2_V_blk_n                     |   9|          2|    1|          2|
    |O_3_3_V_blk_n                     |   9|          2|    1|          2|
    |ap_NS_fsm                         |  27|          5|    1|          5|
    |ap_done                           |   9|          2|    1|          2|
    |ap_phi_mux_O_temp_phi_fu_257_p32  |  85|         17|   32|        544|
    |cho_blk_n                         |   9|          2|    1|          2|
    |col_0_i_i_reg_221                 |   9|          2|   31|         62|
    |i_0_i_i_reg_232                   |   9|          2|    3|          6|
    |j_0_i_i_reg_243                   |   9|          2|    3|          6|
    |p_c_s_blk_n                       |   9|          2|    1|          2|
    |p_chout_s_blk_n                   |   9|          2|    1|          2|
    +----------------------------------+----+-----------+-----+-----------+
    |Total                             | 319|         68|   90|        663|
    +----------------------------------+----+-----------+-----+-----------+

    * Register: 
    +----------------------+----+----+-----+-----------+
    |         Name         | FF | LUT| Bits| Const Bits|
    +----------------------+----+----+-----+-----------+
    |add_ln108_reg_462     |  10|   0|   10|          0|
    |ap_CS_fsm             |   4|   0|    4|          0|
    |ap_done_reg           |   1|   0|    1|          0|
    |col_0_i_i_reg_221     |  31|   0|   31|          0|
    |col_reg_445           |  31|   0|   31|          0|
    |i_0_i_i_reg_232       |   3|   0|    3|          0|
    |i_reg_453             |   3|   0|    3|          0|
    |j_0_i_i_reg_243       |   3|   0|    3|          0|
    |p_c_read_reg_431      |  32|   0|   32|          0|
    |p_chout_read_reg_420  |  32|   0|   32|          0|
    |trunc_ln103_reg_426   |  10|   0|   10|          0|
    |trunc_ln149_reg_458   |   2|   0|    2|          0|
    |zext_ln103_reg_437    |  31|   0|   32|          1|
    +----------------------+----+----+-----+-----------+
    |Total                 | 193|   0|  194|          1|
    +----------------------+----+----+-----+-----------+



================================================================
== Interface
================================================================
* Summary: 
+-------------------+-----+-----+------------+--------------+--------------+
|     RTL Ports     | Dir | Bits|  Protocol  | Source Object|    C Type    |
+-------------------+-----+-----+------------+--------------+--------------+
|ap_clk             |  in |    1| ap_ctrl_hs |  Write_O_ALL | return value |
|ap_rst             |  in |    1| ap_ctrl_hs |  Write_O_ALL | return value |
|ap_start           |  in |    1| ap_ctrl_hs |  Write_O_ALL | return value |
|ap_done            | out |    1| ap_ctrl_hs |  Write_O_ALL | return value |
|ap_continue        |  in |    1| ap_ctrl_hs |  Write_O_ALL | return value |
|ap_idle            | out |    1| ap_ctrl_hs |  Write_O_ALL | return value |
|ap_ready           | out |    1| ap_ctrl_hs |  Write_O_ALL | return value |
|Out_buf_address0   | out |    9|  ap_memory |    Out_buf   |     array    |
|Out_buf_ce0        | out |    1|  ap_memory |    Out_buf   |     array    |
|Out_buf_we0        | out |    1|  ap_memory |    Out_buf   |     array    |
|Out_buf_d0         | out |   32|  ap_memory |    Out_buf   |     array    |
|O_0_0_V_dout       |  in |   32|   ap_fifo  |    O_0_0_V   |    pointer   |
|O_0_0_V_empty_n    |  in |    1|   ap_fifo  |    O_0_0_V   |    pointer   |
|O_0_0_V_read       | out |    1|   ap_fifo  |    O_0_0_V   |    pointer   |
|O_0_1_V_dout       |  in |   32|   ap_fifo  |    O_0_1_V   |    pointer   |
|O_0_1_V_empty_n    |  in |    1|   ap_fifo  |    O_0_1_V   |    pointer   |
|O_0_1_V_read       | out |    1|   ap_fifo  |    O_0_1_V   |    pointer   |
|O_0_2_V_dout       |  in |   32|   ap_fifo  |    O_0_2_V   |    pointer   |
|O_0_2_V_empty_n    |  in |    1|   ap_fifo  |    O_0_2_V   |    pointer   |
|O_0_2_V_read       | out |    1|   ap_fifo  |    O_0_2_V   |    pointer   |
|O_0_3_V_dout       |  in |   32|   ap_fifo  |    O_0_3_V   |    pointer   |
|O_0_3_V_empty_n    |  in |    1|   ap_fifo  |    O_0_3_V   |    pointer   |
|O_0_3_V_read       | out |    1|   ap_fifo  |    O_0_3_V   |    pointer   |
|O_1_0_V_dout       |  in |   32|   ap_fifo  |    O_1_0_V   |    pointer   |
|O_1_0_V_empty_n    |  in |    1|   ap_fifo  |    O_1_0_V   |    pointer   |
|O_1_0_V_read       | out |    1|   ap_fifo  |    O_1_0_V   |    pointer   |
|O_1_1_V_dout       |  in |   32|   ap_fifo  |    O_1_1_V   |    pointer   |
|O_1_1_V_empty_n    |  in |    1|   ap_fifo  |    O_1_1_V   |    pointer   |
|O_1_1_V_read       | out |    1|   ap_fifo  |    O_1_1_V   |    pointer   |
|O_1_2_V_dout       |  in |   32|   ap_fifo  |    O_1_2_V   |    pointer   |
|O_1_2_V_empty_n    |  in |    1|   ap_fifo  |    O_1_2_V   |    pointer   |
|O_1_2_V_read       | out |    1|   ap_fifo  |    O_1_2_V   |    pointer   |
|O_1_3_V_dout       |  in |   32|   ap_fifo  |    O_1_3_V   |    pointer   |
|O_1_3_V_empty_n    |  in |    1|   ap_fifo  |    O_1_3_V   |    pointer   |
|O_1_3_V_read       | out |    1|   ap_fifo  |    O_1_3_V   |    pointer   |
|O_2_0_V_dout       |  in |   32|   ap_fifo  |    O_2_0_V   |    pointer   |
|O_2_0_V_empty_n    |  in |    1|   ap_fifo  |    O_2_0_V   |    pointer   |
|O_2_0_V_read       | out |    1|   ap_fifo  |    O_2_0_V   |    pointer   |
|O_2_1_V_dout       |  in |   32|   ap_fifo  |    O_2_1_V   |    pointer   |
|O_2_1_V_empty_n    |  in |    1|   ap_fifo  |    O_2_1_V   |    pointer   |
|O_2_1_V_read       | out |    1|   ap_fifo  |    O_2_1_V   |    pointer   |
|O_2_2_V_dout       |  in |   32|   ap_fifo  |    O_2_2_V   |    pointer   |
|O_2_2_V_empty_n    |  in |    1|   ap_fifo  |    O_2_2_V   |    pointer   |
|O_2_2_V_read       | out |    1|   ap_fifo  |    O_2_2_V   |    pointer   |
|O_2_3_V_dout       |  in |   32|   ap_fifo  |    O_2_3_V   |    pointer   |
|O_2_3_V_empty_n    |  in |    1|   ap_fifo  |    O_2_3_V   |    pointer   |
|O_2_3_V_read       | out |    1|   ap_fifo  |    O_2_3_V   |    pointer   |
|O_3_0_V_dout       |  in |   32|   ap_fifo  |    O_3_0_V   |    pointer   |
|O_3_0_V_empty_n    |  in |    1|   ap_fifo  |    O_3_0_V   |    pointer   |
|O_3_0_V_read       | out |    1|   ap_fifo  |    O_3_0_V   |    pointer   |
|O_3_1_V_dout       |  in |   32|   ap_fifo  |    O_3_1_V   |    pointer   |
|O_3_1_V_empty_n    |  in |    1|   ap_fifo  |    O_3_1_V   |    pointer   |
|O_3_1_V_read       | out |    1|   ap_fifo  |    O_3_1_V   |    pointer   |
|O_3_2_V_dout       |  in |   32|   ap_fifo  |    O_3_2_V   |    pointer   |
|O_3_2_V_empty_n    |  in |    1|   ap_fifo  |    O_3_2_V   |    pointer   |
|O_3_2_V_read       | out |    1|   ap_fifo  |    O_3_2_V   |    pointer   |
|O_3_3_V_dout       |  in |   32|   ap_fifo  |    O_3_3_V   |    pointer   |
|O_3_3_V_empty_n    |  in |    1|   ap_fifo  |    O_3_3_V   |    pointer   |
|O_3_3_V_read       | out |    1|   ap_fifo  |    O_3_3_V   |    pointer   |
|cho_dout           |  in |   32|   ap_fifo  |      cho     |    pointer   |
|cho_empty_n        |  in |    1|   ap_fifo  |      cho     |    pointer   |
|cho_read           | out |    1|   ap_fifo  |      cho     |    pointer   |
|p_c_s_dout         |  in |   32|   ap_fifo  |     p_c_s    |    pointer   |
|p_c_s_empty_n      |  in |    1|   ap_fifo  |     p_c_s    |    pointer   |
|p_c_s_read         | out |    1|   ap_fifo  |     p_c_s    |    pointer   |
|p_chout_s_dout     |  in |   32|   ap_fifo  |   p_chout_s  |    pointer   |
|p_chout_s_empty_n  |  in |    1|   ap_fifo  |   p_chout_s  |    pointer   |
|p_chout_s_read     | out |    1|   ap_fifo  |   p_chout_s  |    pointer   |
|Out_buf_cho        |  in |   32|   ap_none  |  Out_buf_cho |    pointer   |
+-------------------+-----+-----+------------+--------------+--------------+

