

================================================================
== Vivado HLS Report for 'Load_In_ALL'
================================================================
* Date:           Sun Feb 28 21:28:41 2021

* Version:        2020.1 (Build 2897737 on Wed May 27 20:21:37 MDT 2020)
* Project:        conv_v1.prj
* Solution:       solution2
* Product family: zynquplus
* Target device:  xczu7ev-ffvc1156-2-e


================================================================
== Performance Estimates
================================================================
+ Timing: 
    * Summary: 
    +--------+----------+----------+------------+
    |  Clock |  Target  | Estimated| Uncertainty|
    +--------+----------+----------+------------+
    |ap_clk  | 10.00 ns | 8.691 ns |   1.25 ns  |
    +--------+----------+----------+------------+

+ Latency: 
    * Summary: 
    +---------+---------+----------+-----------+-----+------+---------+
    |  Latency (cycles) |  Latency (absolute)  |  Interval  | Pipeline|
    |   min   |   max   |    min   |    max    | min |  max |   Type  |
    +---------+---------+----------+-----------+-----+------+---------+
    |       41|     1839| 0.410 us | 18.390 us |   41|  1839|   none  |
    +---------+---------+----------+-----------+-----+------+---------+

    + Detail: 
        * Instance: 
        N/A

        * Loop: 
        +-----------------------+---------+---------+----------+-----------+-----------+---------+----------+
        |                       |  Latency (cycles) | Iteration|  Initiation Interval  |   Trip  |          |
        |       Loop Name       |   min   |   max   |  Latency |  achieved |   target  |  Count  | Pipelined|
        +-----------------------+---------+---------+----------+-----------+-----------+---------+----------+
        |- Load_In_Out_L_Inner  |       38|     1836|        39|          2|          1| 1 ~ 900 |    yes   |
        +-----------------------+---------+---------+----------+-----------+-----------+---------+----------+



================================================================
== Utilization Estimates
================================================================
* Summary: 
+-----------------+---------+-------+--------+--------+-----+
|       Name      | BRAM_18K| DSP48E|   FF   |   LUT  | URAM|
+-----------------+---------+-------+--------+--------+-----+
|DSP              |        -|      -|       -|       -|    -|
|Expression       |        -|     36|       0|    1959|    -|
|FIFO             |        -|      -|       -|       -|    -|
|Instance         |        -|      -|    9132|    6952|    -|
|Memory           |        -|      -|       -|       -|    -|
|Multiplexer      |        -|      -|       -|     306|    -|
|Register         |        0|      -|    1754|      32|    -|
+-----------------+---------+-------+--------+--------+-----+
|Total            |        0|     36|   10886|    9249|    0|
+-----------------+---------+-------+--------+--------+-----+
|Available        |      624|   1728|  460800|  230400|   96|
+-----------------+---------+-------+--------+--------+-----+
|Utilization (%)  |        0|      2|       2|       4|    0|
+-----------------+---------+-------+--------+--------+-----+

+ Detail: 
    * Instance: 
    +--------------------------+----------------------+---------+-------+------+------+-----+
    |         Instance         |        Module        | BRAM_18K| DSP48E|  FF  |  LUT | URAM|
    +--------------------------+----------------------+---------+-------+------+------+-----+
    |Systolic_Array_Cobkb_U34  |Systolic_Array_Cobkb  |        0|      0|  2283|  1738|    0|
    |Systolic_Array_Cobkb_U35  |Systolic_Array_Cobkb  |        0|      0|  2283|  1738|    0|
    |Systolic_Array_Cobkb_U36  |Systolic_Array_Cobkb  |        0|      0|  2283|  1738|    0|
    |Systolic_Array_Cobkb_U37  |Systolic_Array_Cobkb  |        0|      0|  2283|  1738|    0|
    +--------------------------+----------------------+---------+-------+------+------+-----+
    |Total                     |                      |        0|      0|  9132|  6952|    0|
    +--------------------------+----------------------+---------+-------+------+------+-----+

    * DSP48E: 
    N/A

    * Memory: 
    N/A

    * FIFO: 
    N/A

    * Expression: 
    +------------------------------------+----------+-------+---+-----+------------+------------+
    |            Variable Name           | Operation| DSP48E| FF| LUT | Bitwidth P0| Bitwidth P1|
    +------------------------------------+----------+-------+---+-----+------------+------------+
    |bound22_fu_331_p2                   |     *    |      3|  0|  157|          96|          32|
    |bound4_fu_312_p2                    |     *    |      3|  0|   46|          64|          32|
    |bound_fu_298_p2                     |     *    |      3|  0|   20|          32|          32|
    |mul_ln42_fu_476_p2                  |     *    |      3|  0|   20|          31|          32|
    |mul_ln43_1_fu_510_p2                |     *    |      3|  0|   20|          32|          32|
    |mul_ln43_2_fu_528_p2                |     *    |      3|  0|   20|          32|          32|
    |mul_ln43_3_fu_552_p2                |     *    |      3|  0|   20|          32|          32|
    |mul_ln43_fu_486_p2                  |     *    |      3|  0|   20|          31|          32|
    |tmp1_0_i_i_fu_595_p2                |     *    |      3|  0|   20|          32|          32|
    |tmp1_1_i_i_fu_625_p2                |     *    |      3|  0|   20|          32|          32|
    |tmp1_2_i_i_fu_646_p2                |     *    |      3|  0|   20|          32|          32|
    |tmp1_3_i_i_fu_657_p2                |     *    |      3|  0|   20|          32|          32|
    |add_ln32_1_fu_371_p2                |     +    |      0|  0|   38|           1|          31|
    |add_ln32_fu_352_p2                  |     +    |      0|  0|  135|         128|           1|
    |add_ln34_1_fu_570_p2                |     +    |      0|  0|  103|           1|          96|
    |add_ln36_1_fu_564_p2                |     +    |      0|  0|   71|           1|          64|
    |add_ln41_1_fu_522_p2                |     +    |      0|  0|   39|          32|          32|
    |add_ln41_2_fu_546_p2                |     +    |      0|  0|   32|          32|          32|
    |add_ln41_fu_504_p2                  |     +    |      0|  0|   39|          32|          32|
    |add_ln42_fu_492_p2                  |     +    |      0|  0|   39|          32|          32|
    |add_ln43_3_fu_651_p2                |     +    |      0|  0|   39|          32|          32|
    |add_ln43_4_fu_661_p2                |     +    |      0|  0|   39|          32|          32|
    |add_ln43_fu_599_p2                  |     +    |      0|  0|   39|          32|          32|
    |chi_fu_576_p2                       |     +    |      0|  0|   38|           1|          31|
    |grp_fu_615_p0                       |     +    |      0|  0|   39|          32|          32|
    |grp_fu_636_p0                       |     +    |      0|  0|   39|          32|          32|
    |kc_fu_667_p2                        |     +    |      0|  0|   39|           1|          32|
    |kr_fu_434_p2                        |     +    |      0|  0|   38|           1|          31|
    |tmp_0_i_i_fu_498_p2                 |     +    |      0|  0|   39|          32|          32|
    |tmp_1_i_i_fu_621_p2                 |     +    |      0|  0|   39|          32|          32|
    |tmp_2_i_i_fu_642_p2                 |     +    |      0|  0|   39|          32|          32|
    |tmp_3_i_i_fu_558_p2                 |     +    |      0|  0|   39|          32|          32|
    |sub_ln41_fu_540_p2                  |     -    |      0|  0|   32|          32|          32|
    |ap_block_pp0_stage0_01001           |    and   |      0|  0|    2|           1|           1|
    |icmp_ln32_fu_347_p2                 |   icmp   |      0|  0|   50|         128|         128|
    |icmp_ln34_fu_358_p2                 |   icmp   |      0|  0|   50|          96|          96|
    |icmp_ln36_1_fu_401_p2               |   icmp   |      0|  0|   29|          64|          64|
    |icmp_ln36_fu_342_p2                 |   icmp   |      0|  0|   29|          64|           1|
    |icmp_ln38_1_fu_389_p2               |   icmp   |      0|  0|   20|          32|          32|
    |icmp_ln38_fu_337_p2                 |   icmp   |      0|  0|   20|          32|           1|
    |ap_block_state1                     |    or    |      0|  0|    2|           1|           1|
    |ap_block_state2                     |    or    |      0|  0|    2|           1|           1|
    |ap_block_state41_pp0_stage0_iter19  |    or    |      0|  0|    2|           1|           1|
    |or_ln34_fu_413_p2                   |    or    |      0|  0|    2|           1|           1|
    |or_ln36_1_fu_446_p2                 |    or    |      0|  0|    2|           1|           1|
    |or_ln36_fu_440_p2                   |    or    |      0|  0|    2|           1|           1|
    |select_ln32_1_fu_377_p3             |  select  |      0|  0|   31|           1|          31|
    |select_ln32_2_fu_394_p3             |  select  |      0|  0|    2|           1|           1|
    |select_ln32_3_fu_406_p3             |  select  |      0|  0|    2|           1|           1|
    |select_ln32_fu_363_p3               |  select  |      0|  0|   31|           1|           1|
    |select_ln34_1_fu_581_p3             |  select  |      0|  0|   31|           1|          31|
    |select_ln34_2_fu_427_p3             |  select  |      0|  0|    2|           1|           1|
    |select_ln34_3_fu_678_p3             |  select  |      0|  0|   91|           1|           1|
    |select_ln34_fu_419_p3               |  select  |      0|  0|   31|           1|           1|
    |select_ln36_1_fu_460_p3             |  select  |      0|  0|   31|           1|          31|
    |select_ln36_2_fu_672_p3             |  select  |      0|  0|   64|           1|           1|
    |select_ln36_fu_452_p3               |  select  |      0|  0|   32|           1|           1|
    |ap_enable_pp0                       |    xor   |      0|  0|    2|           1|           2|
    +------------------------------------+----------+-------+---+-----+------------+------------+
    |Total                               |          |     36|  0| 1959|        1495|        1550|
    +------------------------------------+----------+-------+---+-----+------------+------------+

    * Multiplexer: 
    +-------------------------------------------+----+-----------+-----+-----------+
    |                    Name                   | LUT| Input Size| Bits| Total Bits|
    +-------------------------------------------+----+-----------+-----+-----------+
    |In_buf_address0                            |  15|          3|    9|         27|
    |In_buf_address1                            |  15|          3|    9|         27|
    |In_next_0_0_V_blk_n                        |   9|          2|    1|          2|
    |In_next_1_0_V_blk_n                        |   9|          2|    1|          2|
    |In_next_2_0_V_blk_n                        |   9|          2|    1|          2|
    |In_next_3_0_V_blk_n                        |   9|          2|    1|          2|
    |ap_NS_fsm                                  |  33|          6|    1|          6|
    |ap_done                                    |   9|          2|    1|          2|
    |ap_enable_reg_pp0_iter19                   |   9|          2|    1|          2|
    |ap_phi_mux_chi_0_i_i_phi_fu_246_p4         |   9|          2|   31|         62|
    |ap_phi_mux_col_0_i_i_phi_fu_224_p4         |   9|          2|   31|         62|
    |ap_phi_mux_indvar_flatten17_phi_fu_235_p4  |   9|          2|   96|        192|
    |ap_phi_mux_indvar_flatten47_phi_fu_213_p4  |   9|          2|  128|        256|
    |ap_phi_mux_indvar_flatten_phi_fu_257_p4    |   9|          2|   64|        128|
    |ap_phi_mux_kc_0_i_i_phi_fu_279_p4          |   9|          2|   32|         64|
    |ap_phi_mux_kr_0_i_i_phi_fu_268_p4          |   9|          2|   31|         62|
    |chi_0_i_i_reg_242                          |   9|          2|   31|         62|
    |col_0_i_i_reg_220                          |   9|          2|   31|         62|
    |indvar_flatten17_reg_231                   |   9|          2|   96|        192|
    |indvar_flatten47_reg_209                   |   9|          2|  128|        256|
    |indvar_flatten_reg_253                     |   9|          2|   64|        128|
    |kc_0_i_i_reg_275                           |   9|          2|   32|         64|
    |kr_0_i_i_reg_264                           |   9|          2|   31|         62|
    |p_c_out1_blk_n                             |   9|          2|    1|          2|
    |p_c_out_blk_n                              |   9|          2|    1|          2|
    |p_chin_out2_blk_n                          |   9|          2|    1|          2|
    |p_chin_out_blk_n                           |   9|          2|    1|          2|
    |p_k_out3_blk_n                             |   9|          2|    1|          2|
    |p_k_out_blk_n                              |   9|          2|    1|          2|
    |real_start                                 |   9|          2|    1|          2|
    +-------------------------------------------+----+-----------+-----+-----------+
    |Total                                      | 306|         66|  858|       1738|
    +-------------------------------------------+----+-----------+-----+-----------+

    * Register: 
    +------------------------------+-----+----+-----+-----------+
    |             Name             |  FF | LUT| Bits| Const Bits|
    +------------------------------+-----+----+-----+-----------+
    |In_buffer_length_loa_reg_849  |   32|   0|   32|          0|
    |add_ln32_reg_762              |  128|   0|  128|          0|
    |add_ln34_1_reg_834            |   96|   0|   96|          0|
    |add_ln36_1_reg_829            |   64|   0|   64|          0|
    |add_ln42_reg_803              |   32|   0|   32|          0|
    |add_ln43_3_reg_862            |   32|   0|   32|          0|
    |add_ln43_4_reg_867            |   32|   0|   32|          0|
    |ap_CS_fsm                     |    5|   0|    5|          0|
    |ap_done_reg                   |    1|   0|    1|          0|
    |ap_enable_reg_pp0_iter0       |    1|   0|    1|          0|
    |ap_enable_reg_pp0_iter1       |    1|   0|    1|          0|
    |ap_enable_reg_pp0_iter10      |    1|   0|    1|          0|
    |ap_enable_reg_pp0_iter11      |    1|   0|    1|          0|
    |ap_enable_reg_pp0_iter12      |    1|   0|    1|          0|
    |ap_enable_reg_pp0_iter13      |    1|   0|    1|          0|
    |ap_enable_reg_pp0_iter14      |    1|   0|    1|          0|
    |ap_enable_reg_pp0_iter15      |    1|   0|    1|          0|
    |ap_enable_reg_pp0_iter16      |    1|   0|    1|          0|
    |ap_enable_reg_pp0_iter17      |    1|   0|    1|          0|
    |ap_enable_reg_pp0_iter18      |    1|   0|    1|          0|
    |ap_enable_reg_pp0_iter19      |    1|   0|    1|          0|
    |ap_enable_reg_pp0_iter2       |    1|   0|    1|          0|
    |ap_enable_reg_pp0_iter3       |    1|   0|    1|          0|
    |ap_enable_reg_pp0_iter4       |    1|   0|    1|          0|
    |ap_enable_reg_pp0_iter5       |    1|   0|    1|          0|
    |ap_enable_reg_pp0_iter6       |    1|   0|    1|          0|
    |ap_enable_reg_pp0_iter7       |    1|   0|    1|          0|
    |ap_enable_reg_pp0_iter8       |    1|   0|    1|          0|
    |ap_enable_reg_pp0_iter9       |    1|   0|    1|          0|
    |bound22_reg_742               |  128|   0|  128|          0|
    |bound4_reg_736                |   96|   0|   96|          0|
    |bound_reg_730                 |   64|   0|   64|          0|
    |chi_0_i_i_reg_242             |   31|   0|   31|          0|
    |col_0_i_i_reg_220             |   31|   0|   31|          0|
    |icmp_ln32_reg_758             |    1|   0|    1|          0|
    |icmp_ln34_reg_767             |    1|   0|    1|          0|
    |icmp_ln36_reg_753             |    1|   0|    1|          0|
    |icmp_ln38_reg_747             |    1|   0|    1|          0|
    |indvar_flatten17_reg_231      |   96|   0|   96|          0|
    |indvar_flatten47_reg_209      |  128|   0|  128|          0|
    |indvar_flatten_reg_253        |   64|   0|   64|          0|
    |kc_0_i_i_reg_275              |   32|   0|   32|          0|
    |kc_reg_872                    |   32|   0|   32|          0|
    |kr_0_i_i_reg_264              |   31|   0|   31|          0|
    |mul_ln43_1_reg_814            |   32|   0|   32|          0|
    |mul_ln43_2_reg_819            |   32|   0|   32|          0|
    |or_ln34_reg_788               |    1|   0|    1|          0|
    |select_ln32_1_reg_778         |   31|   0|   31|          0|
    |select_ln32_3_reg_783         |    1|   0|    1|          0|
    |select_ln32_reg_772           |   31|   0|   31|          0|
    |select_ln34_1_reg_839         |   31|   0|   31|          0|
    |select_ln34_3_reg_882         |   96|   0|   96|          0|
    |select_ln36_1_reg_798         |   31|   0|   31|          0|
    |select_ln36_2_reg_877         |   64|   0|   64|          0|
    |select_ln36_reg_793           |   32|   0|   32|          0|
    |start_once_reg                |    1|   0|    1|          0|
    |tmp_0_i_i_reg_809             |   32|   0|   32|          0|
    |tmp_3_i_i_reg_824             |   32|   0|   32|          0|
    |tmp_76_reg_902                |   32|   0|   32|          0|
    |tmp_reg_897                   |   32|   0|   32|          0|
    |icmp_ln32_reg_758             |   64|  32|    1|          0|
    +------------------------------+-----+----+-----+-----------+
    |Total                         | 1754|  32| 1691|          0|
    +------------------------------+-----+----+-----+-----------+



================================================================
== Interface
================================================================
* Summary: 
+----------------------+-----+-----+------------+------------------+--------------+
|       RTL Ports      | Dir | Bits|  Protocol  |   Source Object  |    C Type    |
+----------------------+-----+-----+------------+------------------+--------------+
|ap_clk                |  in |    1| ap_ctrl_hs |    Load_In_ALL   | return value |
|ap_rst                |  in |    1| ap_ctrl_hs |    Load_In_ALL   | return value |
|ap_start              |  in |    1| ap_ctrl_hs |    Load_In_ALL   | return value |
|start_full_n          |  in |    1| ap_ctrl_hs |    Load_In_ALL   | return value |
|ap_done               | out |    1| ap_ctrl_hs |    Load_In_ALL   | return value |
|ap_continue           |  in |    1| ap_ctrl_hs |    Load_In_ALL   | return value |
|ap_idle               | out |    1| ap_ctrl_hs |    Load_In_ALL   | return value |
|ap_ready              | out |    1| ap_ctrl_hs |    Load_In_ALL   | return value |
|start_out             | out |    1| ap_ctrl_hs |    Load_In_ALL   | return value |
|start_write           | out |    1| ap_ctrl_hs |    Load_In_ALL   | return value |
|In_buf_address0       | out |    9|  ap_memory |      In_buf      |     array    |
|In_buf_ce0            | out |    1|  ap_memory |      In_buf      |     array    |
|In_buf_q0             |  in |   32|  ap_memory |      In_buf      |     array    |
|In_buf_address1       | out |    9|  ap_memory |      In_buf      |     array    |
|In_buf_ce1            | out |    1|  ap_memory |      In_buf      |     array    |
|In_buf_q1             |  in |   32|  ap_memory |      In_buf      |     array    |
|In_next_0_0_V_din     | out |   32|   ap_fifo  |   In_next_0_0_V  |    pointer   |
|In_next_0_0_V_full_n  |  in |    1|   ap_fifo  |   In_next_0_0_V  |    pointer   |
|In_next_0_0_V_write   | out |    1|   ap_fifo  |   In_next_0_0_V  |    pointer   |
|In_next_1_0_V_din     | out |   32|   ap_fifo  |   In_next_1_0_V  |    pointer   |
|In_next_1_0_V_full_n  |  in |    1|   ap_fifo  |   In_next_1_0_V  |    pointer   |
|In_next_1_0_V_write   | out |    1|   ap_fifo  |   In_next_1_0_V  |    pointer   |
|In_next_2_0_V_din     | out |   32|   ap_fifo  |   In_next_2_0_V  |    pointer   |
|In_next_2_0_V_full_n  |  in |    1|   ap_fifo  |   In_next_2_0_V  |    pointer   |
|In_next_2_0_V_write   | out |    1|   ap_fifo  |   In_next_2_0_V  |    pointer   |
|In_next_3_0_V_din     | out |   32|   ap_fifo  |   In_next_3_0_V  |    pointer   |
|In_next_3_0_V_full_n  |  in |    1|   ap_fifo  |   In_next_3_0_V  |    pointer   |
|In_next_3_0_V_write   | out |    1|   ap_fifo  |   In_next_3_0_V  |    pointer   |
|p_c_out_din           | out |   32|   ap_fifo  |      p_c_out     |    pointer   |
|p_c_out_full_n        |  in |    1|   ap_fifo  |      p_c_out     |    pointer   |
|p_c_out_write         | out |    1|   ap_fifo  |      p_c_out     |    pointer   |
|p_c_out1_din          | out |   32|   ap_fifo  |     p_c_out1     |    pointer   |
|p_c_out1_full_n       |  in |    1|   ap_fifo  |     p_c_out1     |    pointer   |
|p_c_out1_write        | out |    1|   ap_fifo  |     p_c_out1     |    pointer   |
|p_chin_out_din        | out |   32|   ap_fifo  |    p_chin_out    |    pointer   |
|p_chin_out_full_n     |  in |    1|   ap_fifo  |    p_chin_out    |    pointer   |
|p_chin_out_write      | out |    1|   ap_fifo  |    p_chin_out    |    pointer   |
|p_chin_out2_din       | out |   32|   ap_fifo  |    p_chin_out2   |    pointer   |
|p_chin_out2_full_n    |  in |    1|   ap_fifo  |    p_chin_out2   |    pointer   |
|p_chin_out2_write     | out |    1|   ap_fifo  |    p_chin_out2   |    pointer   |
|p_k_out_din           | out |   32|   ap_fifo  |      p_k_out     |    pointer   |
|p_k_out_full_n        |  in |    1|   ap_fifo  |      p_k_out     |    pointer   |
|p_k_out_write         | out |    1|   ap_fifo  |      p_k_out     |    pointer   |
|p_k_out3_din          | out |   32|   ap_fifo  |     p_k_out3     |    pointer   |
|p_k_out3_full_n       |  in |    1|   ap_fifo  |     p_k_out3     |    pointer   |
|p_k_out3_write        | out |    1|   ap_fifo  |     p_k_out3     |    pointer   |
|p_c_s                 |  in |   32|   ap_none  |       p_c_s      |    pointer   |
|p_chin_s              |  in |   32|   ap_none  |     p_chin_s     |    pointer   |
|p_k_s                 |  in |   32|   ap_none  |       p_k_s      |    pointer   |
|p_s_s                 |  in |   32|   ap_none  |       p_s_s      |    pointer   |
|In_buffer_start       |  in |   32|   ap_none  |  In_buffer_start |    pointer   |
|p_cin_s               |  in |   32|   ap_none  |      p_cin_s     |    pointer   |
|In_buffer_length      |  in |   32|   ap_none  | In_buffer_length |    pointer   |
+----------------------+-----+-----+------------+------------------+--------------+

