

================================================================
== Vivado HLS Report for 'PE21'
================================================================
* Date:           Sun Feb 28 21:28:42 2021

* Version:        2020.1 (Build 2897737 on Wed May 27 20:21:37 MDT 2020)
* Project:        conv_v1.prj
* Solution:       solution2
* Product family: zynquplus
* Target device:  xczu7ev-ffvc1156-2-e


================================================================
== Performance Estimates
================================================================
+ Timing: 
    * Summary: 
    +--------+----------+-----------+------------+
    |  Clock |  Target  | Estimated | Uncertainty|
    +--------+----------+-----------+------------+
    |ap_clk  | 10.00 ns | 13.323 ns |   1.25 ns  |
    +--------+----------+-----------+------------+

+ Latency: 
    * Summary: 
    +---------+---------+----------+----------+-----+-------+---------+
    |  Latency (cycles) |  Latency (absolute) |   Interval  | Pipeline|
    |   min   |   max   |    min   |    max   | min |  max  |   Type  |
    +---------+---------+----------+----------+-----+-------+---------+
    |       12|    30072| 0.160 us | 0.401 ms |   12|  30072|   none  |
    +---------+---------+----------+----------+-----+-------+---------+

    + Detail: 
        * Instance: 
        N/A

        * Loop: 
        +--------------+---------+---------+-----------+-----------+-----------+----------+----------+
        |              |  Latency (cycles) | Iteration |  Initiation Interval  |   Trip   |          |
        |   Loop Name  |   min   |   max   |  Latency  |  achieved |   target  |   Count  | Pipelined|
        +--------------+---------+---------+-----------+-----------+-----------+----------+----------+
        |- Loop 1      |       10|    30070| 10 ~ 3007 |          -|          -|  1 ~ 10  |    no    |
        | + L_L_Inner  |        7|     3004|          8|          3|          1| 1 ~ 1000 |    yes   |
        +--------------+---------+---------+-----------+-----------+-----------+----------+----------+



================================================================
== Utilization Estimates
================================================================
* Summary: 
+-----------------+---------+-------+--------+--------+-----+
|       Name      | BRAM_18K| DSP48E|   FF   |   LUT  | URAM|
+-----------------+---------+-------+--------+--------+-----+
|DSP              |        -|      -|       -|       -|    -|
|Expression       |        -|      6|       0|     359|    -|
|FIFO             |        -|      -|       -|       -|    -|
|Instance         |        -|      5|     355|     349|    -|
|Memory           |        -|      -|       -|       -|    -|
|Multiplexer      |        -|      -|       -|     311|    -|
|Register         |        0|      -|     651|      32|    -|
+-----------------+---------+-------+--------+--------+-----+
|Total            |        0|     11|    1006|    1051|    0|
+-----------------+---------+-------+--------+--------+-----+
|Available        |      624|   1728|  460800|  230400|   96|
+-----------------+---------+-------+--------+--------+-----+
|Utilization (%)  |        0|   ~0  |   ~0   |   ~0   |    0|
+-----------------+---------+-------+--------+--------+-----+

+ Detail: 
    * Instance: 
    +--------------------------+----------------------+---------+-------+-----+-----+-----+
    |         Instance         |        Module        | BRAM_18K| DSP48E|  FF | LUT | URAM|
    +--------------------------+----------------------+---------+-------+-----+-----+-----+
    |Systolic_Array_Cocud_U65  |Systolic_Array_Cocud  |        0|      2|  227|  214|    0|
    |Systolic_Array_CodEe_U66  |Systolic_Array_CodEe  |        0|      3|  128|  135|    0|
    +--------------------------+----------------------+---------+-------+-----+-----+-----+
    |Total                     |                      |        0|      5|  355|  349|    0|
    +--------------------------+----------------------+---------+-------+-----+-----+-----+

    * DSP48E: 
    N/A

    * Memory: 
    N/A

    * FIFO: 
    N/A

    * Expression: 
    +----------------------------------+----------+-------+---+-----+------------+------------+
    |           Variable Name          | Operation| DSP48E| FF| LUT | Bitwidth P0| Bitwidth P1|
    +----------------------------------+----------+-------+---+-----+------------+------------+
    |bound4_fu_369_p2                  |     *    |      3|  0|   46|          64|          32|
    |bound_fu_356_p2                   |     *    |      3|  0|   20|          32|          32|
    |add_ln119_fu_384_p2               |     +    |      0|  0|   38|          31|           1|
    |add_ln122_fu_395_p2               |     +    |      0|  0|  103|          96|           1|
    |and_ln130_fu_347_p2               |    and   |      0|  0|    2|           1|           1|
    |ap_block_pp0_stage1_01001         |    and   |      0|  0|    2|           1|           1|
    |icmp_ln119_fu_379_p2              |   icmp   |      0|  0|   20|          32|          32|
    |icmp_ln122_fu_390_p2              |   icmp   |      0|  0|   50|          96|          96|
    |icmp_ln130_16_fu_341_p2           |   icmp   |      0|  0|   20|          32|          32|
    |icmp_ln130_fu_335_p2              |   icmp   |      0|  0|   20|          32|          32|
    |ap_block_state1                   |    or    |      0|  0|    2|           1|           1|
    |ap_block_state5_pp0_stage1_iter0  |    or    |      0|  0|    2|           1|           1|
    |O_temp_16_fu_401_p3               |  select  |      0|  0|   32|           1|          32|
    |ap_enable_pp0                     |    xor   |      0|  0|    2|           1|           2|
    +----------------------------------+----------+-------+---+-----+------------+------------+
    |Total                             |          |      6|  0|  359|         421|         296|
    +----------------------------------+----------+-------+---+-----+------------+------------+

    * Multiplexer: 
    +-------------------------------------------+----+-----------+-----+-----------+
    |                    Name                   | LUT| Input Size| Bits| Total Bits|
    +-------------------------------------------+----+-----------+-----+-----------+
    |In_next_V50_blk_n                          |   9|          2|    1|          2|
    |In_pre_V_blk_n                             |   9|          2|    1|          2|
    |O_V_blk_n                                  |   9|          2|    1|          2|
    |W_next_V8_blk_n                            |   9|          2|    1|          2|
    |W_pre_V_blk_n                              |   9|          2|    1|          2|
    |ap_NS_fsm                                  |  41|          8|    1|          8|
    |ap_done                                    |   9|          2|    1|          2|
    |ap_enable_reg_pp0_iter2                    |   9|          2|    1|          2|
    |ap_phi_mux_indvar_flatten13_phi_fu_294_p4  |   9|          2|   96|        192|
    |ap_phi_mux_tmp_phi_fu_306_p4               |   9|          2|   32|         64|
    |cho_blk_n                                  |   9|          2|    1|          2|
    |cho_out1_blk_n                             |   9|          2|    1|          2|
    |cho_out_blk_n                              |   9|          2|    1|          2|
    |col_0_i_i_reg_279                          |   9|          2|   31|         62|
    |indvar_flatten13_reg_290                   |   9|          2|   96|        192|
    |p_c_out2_blk_n                             |   9|          2|    1|          2|
    |p_c_out_blk_n                              |   9|          2|    1|          2|
    |p_c_s_blk_n                                |   9|          2|    1|          2|
    |p_chin_out3_blk_n                          |   9|          2|    1|          2|
    |p_chin_out_blk_n                           |   9|          2|    1|          2|
    |p_chin_s_blk_n                             |   9|          2|    1|          2|
    |p_chout_out4_blk_n                         |   9|          2|    1|          2|
    |p_chout_out_blk_n                          |   9|          2|    1|          2|
    |p_k_out5_blk_n                             |   9|          2|    1|          2|
    |p_k_out_blk_n                              |   9|          2|    1|          2|
    |p_k_s_blk_n                                |   9|          2|    1|          2|
    |p_r_out6_blk_n                             |   9|          2|    1|          2|
    |p_r_out_blk_n                              |   9|          2|    1|          2|
    |row_blk_n                                  |   9|          2|    1|          2|
    |row_out_blk_n                              |   9|          2|    1|          2|
    |tmp_reg_301                                |   9|          2|   32|         64|
    +-------------------------------------------+----+-----------+-----+-----------+
    |Total                                      | 311|         68|  313|        632|
    +-------------------------------------------+----+-----------+-----+-----------+

    * Register: 
    +--------------------------+----+----+-----+-----------+
    |           Name           | FF | LUT| Bits| Const Bits|
    +--------------------------+----+----+-----+-----------+
    |add_ln119_reg_437         |  31|   0|   31|          0|
    |add_ln122_reg_446         |  96|   0|   96|          0|
    |and_ln130_reg_423         |   1|   0|    1|          0|
    |ap_CS_fsm                 |   7|   0|    7|          0|
    |ap_done_reg               |   1|   0|    1|          0|
    |ap_enable_reg_pp0_iter0   |   1|   0|    1|          0|
    |ap_enable_reg_pp0_iter1   |   1|   0|    1|          0|
    |ap_enable_reg_pp0_iter2   |   1|   0|    1|          0|
    |bound4_reg_428            |  96|   0|   96|          0|
    |col_0_i_i_reg_279         |  31|   0|   31|          0|
    |icmp_ln122_reg_442        |   1|   0|    1|          0|
    |indvar_flatten13_reg_290  |  96|   0|   96|          0|
    |p_c_read_reg_408          |  32|   0|   32|          0|
    |p_chin_read_reg_413       |  32|   0|   32|          0|
    |p_k_read_reg_418          |  32|   0|   32|          0|
    |tmp_4_i_i_reg_461         |  32|   0|   32|          0|
    |tmp_71_reg_456            |  32|   0|   32|          0|
    |tmp_72_reg_451            |  32|   0|   32|          0|
    |tmp_reg_301               |  32|   0|   32|          0|
    |icmp_ln122_reg_442        |  64|  32|    1|          0|
    +--------------------------+----+----+-----+-----------+
    |Total                     | 651|  32|  588|          0|
    +--------------------------+----+----+-----+-----------+



================================================================
== Interface
================================================================
* Summary: 
+---------------------+-----+-----+------------+--------------+--------------+
|      RTL Ports      | Dir | Bits|  Protocol  | Source Object|    C Type    |
+---------------------+-----+-----+------------+--------------+--------------+
|ap_clk               |  in |    1| ap_ctrl_hs |     PE21     | return value |
|ap_rst               |  in |    1| ap_ctrl_hs |     PE21     | return value |
|ap_start             |  in |    1| ap_ctrl_hs |     PE21     | return value |
|ap_done              | out |    1| ap_ctrl_hs |     PE21     | return value |
|ap_continue          |  in |    1| ap_ctrl_hs |     PE21     | return value |
|ap_idle              | out |    1| ap_ctrl_hs |     PE21     | return value |
|ap_ready             | out |    1| ap_ctrl_hs |     PE21     | return value |
|W_pre_V_dout         |  in |   32|   ap_fifo  |    W_pre_V   |    pointer   |
|W_pre_V_empty_n      |  in |    1|   ap_fifo  |    W_pre_V   |    pointer   |
|W_pre_V_read         | out |    1|   ap_fifo  |    W_pre_V   |    pointer   |
|In_pre_V_dout        |  in |   32|   ap_fifo  |   In_pre_V   |    pointer   |
|In_pre_V_empty_n     |  in |    1|   ap_fifo  |   In_pre_V   |    pointer   |
|In_pre_V_read        | out |    1|   ap_fifo  |   In_pre_V   |    pointer   |
|W_next_V8_din        | out |   32|   ap_fifo  |   W_next_V8  |    pointer   |
|W_next_V8_full_n     |  in |    1|   ap_fifo  |   W_next_V8  |    pointer   |
|W_next_V8_write      | out |    1|   ap_fifo  |   W_next_V8  |    pointer   |
|In_next_V50_din      | out |   32|   ap_fifo  |  In_next_V50 |    pointer   |
|In_next_V50_full_n   |  in |    1|   ap_fifo  |  In_next_V50 |    pointer   |
|In_next_V50_write    | out |    1|   ap_fifo  |  In_next_V50 |    pointer   |
|row_dout             |  in |   32|   ap_fifo  |      row     |    pointer   |
|row_empty_n          |  in |    1|   ap_fifo  |      row     |    pointer   |
|row_read             | out |    1|   ap_fifo  |      row     |    pointer   |
|cho_dout             |  in |   32|   ap_fifo  |      cho     |    pointer   |
|cho_empty_n          |  in |    1|   ap_fifo  |      cho     |    pointer   |
|cho_read             | out |    1|   ap_fifo  |      cho     |    pointer   |
|O_V_din              | out |   32|   ap_fifo  |      O_V     |    pointer   |
|O_V_full_n           |  in |    1|   ap_fifo  |      O_V     |    pointer   |
|O_V_write            | out |    1|   ap_fifo  |      O_V     |    pointer   |
|p_c_s_dout           |  in |   32|   ap_fifo  |     p_c_s    |    pointer   |
|p_c_s_empty_n        |  in |    1|   ap_fifo  |     p_c_s    |    pointer   |
|p_c_s_read           | out |    1|   ap_fifo  |     p_c_s    |    pointer   |
|p_chin_s_dout        |  in |   32|   ap_fifo  |   p_chin_s   |    pointer   |
|p_chin_s_empty_n     |  in |    1|   ap_fifo  |   p_chin_s   |    pointer   |
|p_chin_s_read        | out |    1|   ap_fifo  |   p_chin_s   |    pointer   |
|p_k_s_dout           |  in |   32|   ap_fifo  |     p_k_s    |    pointer   |
|p_k_s_empty_n        |  in |    1|   ap_fifo  |     p_k_s    |    pointer   |
|p_k_s_read           | out |    1|   ap_fifo  |     p_k_s    |    pointer   |
|row_out_din          | out |   32|   ap_fifo  |    row_out   |    pointer   |
|row_out_full_n       |  in |    1|   ap_fifo  |    row_out   |    pointer   |
|row_out_write        | out |    1|   ap_fifo  |    row_out   |    pointer   |
|cho_out_din          | out |   32|   ap_fifo  |    cho_out   |    pointer   |
|cho_out_full_n       |  in |    1|   ap_fifo  |    cho_out   |    pointer   |
|cho_out_write        | out |    1|   ap_fifo  |    cho_out   |    pointer   |
|cho_out1_din         | out |   32|   ap_fifo  |   cho_out1   |    pointer   |
|cho_out1_full_n      |  in |    1|   ap_fifo  |   cho_out1   |    pointer   |
|cho_out1_write       | out |    1|   ap_fifo  |   cho_out1   |    pointer   |
|p_c_out_din          | out |   32|   ap_fifo  |    p_c_out   |    pointer   |
|p_c_out_full_n       |  in |    1|   ap_fifo  |    p_c_out   |    pointer   |
|p_c_out_write        | out |    1|   ap_fifo  |    p_c_out   |    pointer   |
|p_c_out2_din         | out |   32|   ap_fifo  |   p_c_out2   |    pointer   |
|p_c_out2_full_n      |  in |    1|   ap_fifo  |   p_c_out2   |    pointer   |
|p_c_out2_write       | out |    1|   ap_fifo  |   p_c_out2   |    pointer   |
|p_chin_out_din       | out |   32|   ap_fifo  |  p_chin_out  |    pointer   |
|p_chin_out_full_n    |  in |    1|   ap_fifo  |  p_chin_out  |    pointer   |
|p_chin_out_write     | out |    1|   ap_fifo  |  p_chin_out  |    pointer   |
|p_chin_out3_din      | out |   32|   ap_fifo  |  p_chin_out3 |    pointer   |
|p_chin_out3_full_n   |  in |    1|   ap_fifo  |  p_chin_out3 |    pointer   |
|p_chin_out3_write    | out |    1|   ap_fifo  |  p_chin_out3 |    pointer   |
|p_chout_out_din      | out |   32|   ap_fifo  |  p_chout_out |    pointer   |
|p_chout_out_full_n   |  in |    1|   ap_fifo  |  p_chout_out |    pointer   |
|p_chout_out_write    | out |    1|   ap_fifo  |  p_chout_out |    pointer   |
|p_chout_out4_din     | out |   32|   ap_fifo  | p_chout_out4 |    pointer   |
|p_chout_out4_full_n  |  in |    1|   ap_fifo  | p_chout_out4 |    pointer   |
|p_chout_out4_write   | out |    1|   ap_fifo  | p_chout_out4 |    pointer   |
|p_k_out_din          | out |   32|   ap_fifo  |    p_k_out   |    pointer   |
|p_k_out_full_n       |  in |    1|   ap_fifo  |    p_k_out   |    pointer   |
|p_k_out_write        | out |    1|   ap_fifo  |    p_k_out   |    pointer   |
|p_k_out5_din         | out |   32|   ap_fifo  |   p_k_out5   |    pointer   |
|p_k_out5_full_n      |  in |    1|   ap_fifo  |   p_k_out5   |    pointer   |
|p_k_out5_write       | out |    1|   ap_fifo  |   p_k_out5   |    pointer   |
|p_r_out_din          | out |   32|   ap_fifo  |    p_r_out   |    pointer   |
|p_r_out_full_n       |  in |    1|   ap_fifo  |    p_r_out   |    pointer   |
|p_r_out_write        | out |    1|   ap_fifo  |    p_r_out   |    pointer   |
|p_r_out6_din         | out |   32|   ap_fifo  |   p_r_out6   |    pointer   |
|p_r_out6_full_n      |  in |    1|   ap_fifo  |   p_r_out6   |    pointer   |
|p_r_out6_write       | out |    1|   ap_fifo  |   p_r_out6   |    pointer   |
|p_chout_s            |  in |   32|   ap_none  |   p_chout_s  |    pointer   |
|p_r_s                |  in |   32|   ap_none  |     p_r_s    |    pointer   |
+---------------------+-----+-----+------------+--------------+--------------+

