

================================================================
== Vivado HLS Report for 'PE_array_entry141'
================================================================
* Date:           Sun Feb 28 21:28:41 2021

* Version:        2020.1 (Build 2897737 on Wed May 27 20:21:37 MDT 2020)
* Project:        conv_v1.prj
* Solution:       solution2
* Product family: zynquplus
* Target device:  xczu7ev-ffvc1156-2-e


================================================================
== Performance Estimates
================================================================
+ Timing: 
    * Summary: 
    +--------+----------+----------+------------+
    |  Clock |  Target  | Estimated| Uncertainty|
    +--------+----------+----------+------------+
    |ap_clk  | 10.00 ns | 3.676 ns |   1.25 ns  |
    +--------+----------+----------+------------+

+ Latency: 
    * Summary: 
    +---------+---------+----------+----------+-----+-----+---------+
    |  Latency (cycles) |  Latency (absolute) |  Interval | Pipeline|
    |   min   |   max   |    min   |    max   | min | max |   Type  |
    +---------+---------+----------+----------+-----+-----+---------+
    |        0|        0|   0 ns   |   0 ns   |    0|    0|   none  |
    +---------+---------+----------+----------+-----+-----+---------+

    + Detail: 
        * Instance: 
        N/A

        * Loop: 
        N/A



================================================================
== Utilization Estimates
================================================================
* Summary: 
+-----------------+---------+-------+--------+--------+-----+
|       Name      | BRAM_18K| DSP48E|   FF   |   LUT  | URAM|
+-----------------+---------+-------+--------+--------+-----+
|DSP              |        -|      -|       -|       -|    -|
|Expression       |        -|      -|       0|       2|    -|
|FIFO             |        -|      -|       -|       -|    -|
|Instance         |        -|      -|       -|       -|    -|
|Memory           |        -|      -|       -|       -|    -|
|Multiplexer      |        -|      -|       -|     117|    -|
|Register         |        -|      -|       3|       -|    -|
+-----------------+---------+-------+--------+--------+-----+
|Total            |        0|      0|       3|     119|    0|
+-----------------+---------+-------+--------+--------+-----+
|Available        |      624|   1728|  460800|  230400|   96|
+-----------------+---------+-------+--------+--------+-----+
|Utilization (%)  |        0|      0|   ~0   |   ~0   |    0|
+-----------------+---------+-------+--------+--------+-----+

+ Detail: 
    * Instance: 
    N/A

    * DSP48E: 
    N/A

    * Memory: 
    N/A

    * FIFO: 
    N/A

    * Expression: 
    +-----------------+----------+-------+---+----+------------+------------+
    |  Variable Name  | Operation| DSP48E| FF| LUT| Bitwidth P0| Bitwidth P1|
    +-----------------+----------+-------+---+----+------------+------------+
    |ap_block_state1  |    or    |      0|  0|   2|           1|           1|
    +-----------------+----------+-------+---+----+------------+------------+
    |Total            |          |      0|  0|   2|           1|           1|
    +-----------------+----------+-------+---+----+------------+------------+

    * Multiplexer: 
    +----------------+----+-----------+-----+-----------+
    |      Name      | LUT| Input Size| Bits| Total Bits|
    +----------------+----+-----------+-----+-----------+
    |ap_done         |   9|          2|    1|          2|
    |cho_blk_n       |   9|          2|    1|          2|
    |cho_out4_blk_n  |   9|          2|    1|          2|
    |cho_out5_blk_n  |   9|          2|    1|          2|
    |cho_out6_blk_n  |   9|          2|    1|          2|
    |cho_out7_blk_n  |   9|          2|    1|          2|
    |cho_out_blk_n   |   9|          2|    1|          2|
    |real_start      |   9|          2|    1|          2|
    |row_blk_n       |   9|          2|    1|          2|
    |row_out1_blk_n  |   9|          2|    1|          2|
    |row_out2_blk_n  |   9|          2|    1|          2|
    |row_out3_blk_n  |   9|          2|    1|          2|
    |row_out_blk_n   |   9|          2|    1|          2|
    +----------------+----+-----------+-----+-----------+
    |Total           | 117|         26|   13|         26|
    +----------------+----+-----------+-----+-----------+

    * Register: 
    +----------------+---+----+-----+-----------+
    |      Name      | FF| LUT| Bits| Const Bits|
    +----------------+---+----+-----+-----------+
    |ap_CS_fsm       |  1|   0|    1|          0|
    |ap_done_reg     |  1|   0|    1|          0|
    |start_once_reg  |  1|   0|    1|          0|
    +----------------+---+----+-----+-----------+
    |Total           |  3|   0|    3|          0|
    +----------------+---+----+-----+-----------+



================================================================
== Interface
================================================================
* Summary: 
+-----------------+-----+-----+------------+-------------------+--------------+
|    RTL Ports    | Dir | Bits|  Protocol  |   Source Object   |    C Type    |
+-----------------+-----+-----+------------+-------------------+--------------+
|ap_clk           |  in |    1| ap_ctrl_hs | PE_array.entry141 | return value |
|ap_rst           |  in |    1| ap_ctrl_hs | PE_array.entry141 | return value |
|ap_start         |  in |    1| ap_ctrl_hs | PE_array.entry141 | return value |
|start_full_n     |  in |    1| ap_ctrl_hs | PE_array.entry141 | return value |
|ap_done          | out |    1| ap_ctrl_hs | PE_array.entry141 | return value |
|ap_continue      |  in |    1| ap_ctrl_hs | PE_array.entry141 | return value |
|ap_idle          | out |    1| ap_ctrl_hs | PE_array.entry141 | return value |
|ap_ready         | out |    1| ap_ctrl_hs | PE_array.entry141 | return value |
|start_out        | out |    1| ap_ctrl_hs | PE_array.entry141 | return value |
|start_write      | out |    1| ap_ctrl_hs | PE_array.entry141 | return value |
|row_dout         |  in |   32|   ap_fifo  |        row        |    pointer   |
|row_empty_n      |  in |    1|   ap_fifo  |        row        |    pointer   |
|row_read         | out |    1|   ap_fifo  |        row        |    pointer   |
|cho_dout         |  in |   32|   ap_fifo  |        cho        |    pointer   |
|cho_empty_n      |  in |    1|   ap_fifo  |        cho        |    pointer   |
|cho_read         | out |    1|   ap_fifo  |        cho        |    pointer   |
|row_out_din      | out |   32|   ap_fifo  |      row_out      |    pointer   |
|row_out_full_n   |  in |    1|   ap_fifo  |      row_out      |    pointer   |
|row_out_write    | out |    1|   ap_fifo  |      row_out      |    pointer   |
|row_out1_din     | out |   32|   ap_fifo  |      row_out1     |    pointer   |
|row_out1_full_n  |  in |    1|   ap_fifo  |      row_out1     |    pointer   |
|row_out1_write   | out |    1|   ap_fifo  |      row_out1     |    pointer   |
|row_out2_din     | out |   32|   ap_fifo  |      row_out2     |    pointer   |
|row_out2_full_n  |  in |    1|   ap_fifo  |      row_out2     |    pointer   |
|row_out2_write   | out |    1|   ap_fifo  |      row_out2     |    pointer   |
|row_out3_din     | out |   32|   ap_fifo  |      row_out3     |    pointer   |
|row_out3_full_n  |  in |    1|   ap_fifo  |      row_out3     |    pointer   |
|row_out3_write   | out |    1|   ap_fifo  |      row_out3     |    pointer   |
|cho_out_din      | out |   32|   ap_fifo  |      cho_out      |    pointer   |
|cho_out_full_n   |  in |    1|   ap_fifo  |      cho_out      |    pointer   |
|cho_out_write    | out |    1|   ap_fifo  |      cho_out      |    pointer   |
|cho_out4_din     | out |   32|   ap_fifo  |      cho_out4     |    pointer   |
|cho_out4_full_n  |  in |    1|   ap_fifo  |      cho_out4     |    pointer   |
|cho_out4_write   | out |    1|   ap_fifo  |      cho_out4     |    pointer   |
|cho_out5_din     | out |   32|   ap_fifo  |      cho_out5     |    pointer   |
|cho_out5_full_n  |  in |    1|   ap_fifo  |      cho_out5     |    pointer   |
|cho_out5_write   | out |    1|   ap_fifo  |      cho_out5     |    pointer   |
|cho_out6_din     | out |   32|   ap_fifo  |      cho_out6     |    pointer   |
|cho_out6_full_n  |  in |    1|   ap_fifo  |      cho_out6     |    pointer   |
|cho_out6_write   | out |    1|   ap_fifo  |      cho_out6     |    pointer   |
|cho_out7_din     | out |   32|   ap_fifo  |      cho_out7     |    pointer   |
|cho_out7_full_n  |  in |    1|   ap_fifo  |      cho_out7     |    pointer   |
|cho_out7_write   | out |    1|   ap_fifo  |      cho_out7     |    pointer   |
+-----------------+-----+-----+------------+-------------------+--------------+

