

================================================================
== Vivado HLS Report for 'Systolic_Array_Conv'
================================================================
* Date:           Sun Feb 28 21:28:50 2021

* Version:        2020.1 (Build 2897737 on Wed May 27 20:21:37 MDT 2020)
* Project:        conv_v1.prj
* Solution:       solution2
* Product family: zynquplus
* Target device:  xczu7ev-ffvc1156-2-e


================================================================
== Performance Estimates
================================================================
+ Timing: 
    * Summary: 
    +--------+----------+-----------+------------+
    |  Clock |  Target  | Estimated | Uncertainty|
    +--------+----------+-----------+------------+
    |ap_clk  | 10.00 ns | 13.323 ns |   1.25 ns  |
    +--------+----------+-----------+------------+

+ Latency: 
    * Summary: 
    +---------+---------+----------+-----------+-----+---------+---------+
    |  Latency (cycles) |  Latency (absolute)  |    Interval   | Pipeline|
    |   min   |   max   |    min   |    max    | min |   max   |   Type  |
    +---------+---------+----------+-----------+-----+---------+---------+
    |      163|  3128462| 2.172 us | 41.680 ms |  163|  3128462|   none  |
    +---------+---------+----------+-----------+-----+---------+---------+

    + Detail: 
        * Instance: 
        +-----------------------------+------------------+---------+---------+-----------+-----------+-----+-------+----------+
        |                             |                  |  Latency (cycles) |   Latency (absolute)  |   Interval  | Pipeline |
        |           Instance          |      Module      |   min   |   max   |    min    |    max    | min |  max  |   Type   |
        +-----------------------------+------------------+---------+---------+-----------+-----------+-----+-------+----------+
        |grp_PE_array_fu_246          |PE_array          |       64|    30115|  0.853 us |  0.401 ms |   42|  30073| dataflow |
        |grp_Read_In_buf_line_fu_275  |Read_In_buf_line  |       66|     1082|  0.879 us | 14.415 us |   66|   1082|   none   |
        |grp_Write_C_buf_fu_296       |Write_C_buf       |        1|      801| 13.323 ns | 10.672 us |    1|    801|   none   |
        |grp_Read_W_buf_fu_311        |Read_W_buf        |       19|      109|  0.253 us |  1.452 us |   19|    109|   none   |
        +-----------------------------+------------------+---------+---------+-----------+-----------+-----+-------+----------+

        * Loop: 
        +--------------+---------+---------+--------------+-----------+-----------+--------+----------+
        |              |  Latency (cycles) |   Iteration  |  Initiation Interval  |  Trip  |          |
        |   Loop Name  |   min   |   max   |    Latency   |  achieved |   target  |  Count | Pipelined|
        +--------------+---------+---------+--------------+-----------+-----------+--------+----------+
        |- Row         |      141|  3128350| 141 ~ 312835 |          -|          -| 1 ~ 10 |    no    |
        | + Load_Line  |       69|    10850|   69 ~ 1085  |          -|          -| 1 ~ 10 |    no    |
        | + Channel    |       67|   301180|  67 ~ 30118  |          -|          -| 1 ~ 10 |    no    |
        +--------------+---------+---------+--------------+-----------+-----------+--------+----------+



================================================================
== Utilization Estimates
================================================================
* Summary: 
+-----------------+---------+-------+--------+--------+-----+
|       Name      | BRAM_18K| DSP48E|   FF   |   LUT  | URAM|
+-----------------+---------+-------+--------+--------+-----+
|DSP              |        -|      -|       -|       -|    -|
|Expression       |        -|     27|       0|    1013|    -|
|FIFO             |        -|      -|       -|       -|    -|
|Instance         |        2|    365|   43438|   51545|    -|
|Memory           |        6|      -|       0|       0|    0|
|Multiplexer      |        -|      -|       -|     482|    -|
|Register         |        -|      -|    1188|       -|    -|
+-----------------+---------+-------+--------+--------+-----+
|Total            |        8|    392|   44626|   53040|    0|
+-----------------+---------+-------+--------+--------+-----+
|Available        |      624|   1728|  460800|  230400|   96|
+-----------------+---------+-------+--------+--------+-----+
|Utilization (%)  |        1|     22|       9|      23|    0|
+-----------------+---------+-------+--------+--------+-----+

+ Detail: 
    * Instance: 
    +--------------------------------------+------------------------------------+---------+-------+-------+-------+-----+
    |               Instance               |               Module               | BRAM_18K| DSP48E|   FF  |  LUT  | URAM|
    +--------------------------------------+------------------------------------+---------+-------+-------+-------+-----+
    |grp_PE_array_fu_246                   |PE_array                            |        0|    344|  34123|  42759|    0|
    |grp_Read_In_buf_line_fu_275           |Read_In_buf_line                    |        0|     12|   7735|   6845|    0|
    |grp_Read_W_buf_fu_311                 |Read_W_buf                          |        0|      0|    139|    167|    0|
    |Systolic_Array_Conv_AXILiteS_s_axi_U  |Systolic_Array_Conv_AXILiteS_s_axi  |        0|      0|    144|    232|    0|
    |Systolic_Array_Conv_gmem_m_axi_U      |Systolic_Array_Conv_gmem_m_axi      |        2|      0|    512|    580|    0|
    |grp_Write_C_buf_fu_296                |Write_C_buf                         |        0|      9|    785|    962|    0|
    +--------------------------------------+------------------------------------+---------+-------+-------+-------+-----+
    |Total                                 |                                    |        2|    365|  43438|  51545|    0|
    +--------------------------------------+------------------------------------+---------+-------+-------+-------+-----+

    * DSP48E: 
    N/A

    * Memory: 
    +--------------+----------------------+---------+---+----+-----+------+-----+------+-------------+
    |    Memory    |        Module        | BRAM_18K| FF| LUT| URAM| Words| Bits| Banks| W*Bits*Banks|
    +--------------+----------------------+---------+---+----+-----+------+-----+------+-------------+
    |In_buffer_U   |Systolic_Array_Cotde  |        2|  0|   0|    0|   500|   32|     1|        16000|
    |W_buffer_U    |Systolic_Array_Cotde  |        2|  0|   0|    0|   500|   32|     1|        16000|
    |Out_buffer_U  |Systolic_Array_Covdy  |        2|  0|   0|    0|   500|   32|     1|        16000|
    +--------------+----------------------+---------+---+----+-----+------+-----+------+-------------+
    |Total         |                      |        6|  0|   0|    0|  1500|   96|     3|        48000|
    +--------------+----------------------+---------+---+----+-----+------+-----+------+-------------+

    * FIFO: 
    N/A

    * Expression: 
    +--------------------------------------+----------+-------+---+----+------------+------------+
    |             Variable Name            | Operation| DSP48E| FF| LUT| Bitwidth P0| Bitwidth P1|
    +--------------------------------------+----------+-------+---+----+------------+------------+
    |mul_ln332_1_fu_464_p2                 |     *    |      3|  0|  20|          32|          32|
    |mul_ln332_fu_458_p2                   |     *    |      3|  0|  20|          32|          32|
    |mul_ln336_1_fu_494_p2                 |     *    |      3|  0|  20|          32|          32|
    |mul_ln336_2_fu_500_p2                 |     *    |      3|  0|  20|          32|          32|
    |mul_ln336_fu_488_p2                   |     *    |      3|  0|  20|          32|          32|
    |mul_ln347_fu_615_p2                   |     *    |      3|  0|  20|          32|          32|
    |mul_ln360_fu_678_p2                   |     *    |      3|  0|  20|          32|          32|
    |mul_ln365_1_fu_716_p2                 |     *    |      3|  0|  20|          32|          32|
    |mul_ln365_fu_711_p2                   |     *    |      3|  0|  20|          32|          31|
    |add_ln324_fu_416_p2                   |     +    |      0|  0|  39|          32|          32|
    |add_ln325_fu_428_p2                   |     +    |      0|  0|  39|          32|          32|
    |add_ln332_fu_452_p2                   |     +    |      0|  0|  32|          32|          32|
    |add_ln337_fu_538_p2                   |     +    |      0|  0|  32|          32|          32|
    |add_ln346_fu_602_p2                   |     +    |      0|  0|  39|          32|          32|
    |add_ln347_fu_621_p2                   |     +    |      0|  0|  39|          32|          32|
    |add_ln354_fu_734_p2                   |     +    |      0|  0|  39|          32|           3|
    |add_ln360_fu_694_p2                   |     +    |      0|  0|  71|          64|          64|
    |add_ln361_fu_750_p2                   |     +    |      0|  0|  39|          32|          32|
    |add_ln362_fu_700_p2                   |     +    |      0|  0|  39|          32|          32|
    |i_fu_596_p2                           |     +    |      0|  0|  38|          31|           1|
    |new_read_row_count_fu_582_p2          |     -    |      0|  0|  39|          32|          32|
    |sub_ln332_fu_446_p2                   |     -    |      0|  0|  32|          32|          32|
    |sub_ln337_fu_528_p2                   |     -    |      0|  0|  32|          32|          32|
    |sub_ln358_fu_643_p2                   |     -    |      0|  0|  39|          32|          32|
    |sub_ln364_fu_544_p2                   |     -    |      0|  0|  39|          32|          32|
    |sub_ln365_fu_722_p2                   |     -    |      0|  0|  39|          32|          32|
    |icmp_ln340_fu_572_p2                  |   icmp   |      0|  0|  20|          32|          32|
    |icmp_ln344_fu_591_p2                  |   icmp   |      0|  0|  20|          32|          32|
    |icmp_ln351_fu_637_p2                  |   icmp   |      0|  0|  20|          32|          32|
    |icmp_ln358_fu_649_p2                  |   icmp   |      0|  0|  20|          32|           3|
    |icmp_ln364_fu_554_p2                  |   icmp   |      0|  0|  20|          32|           1|
    |ap_sync_grp_PE_array_fu_246_ap_done   |    or    |      0|  0|   2|           1|           1|
    |ap_sync_grp_PE_array_fu_246_ap_ready  |    or    |      0|  0|   2|           1|           1|
    |reuse_row_count_fu_560_p3             |  select  |      0|  0|  31|           1|          31|
    |select_ln358_fu_655_p3                |  select  |      0|  0|  32|           1|           3|
    +--------------------------------------+----------+-------+---+----+------------+------------+
    |Total                                 |          |     27|  0|1013|        1027|         939|
    +--------------------------------------+----------+-------+---+----+------------+------------+

    * Multiplexer: 
    +---------------------------+----+-----------+-----+-----------+
    |            Name           | LUT| Input Size| Bits| Total Bits|
    +---------------------------+----+-----------+-----+-----------+
    |In_buffer_address0         |  15|          3|    9|         27|
    |In_buffer_ce0              |  15|          3|    1|          3|
    |In_buffer_ce1              |   9|          2|    1|          2|
    |In_buffer_end              |   9|          2|   32|         64|
    |In_buffer_start            |   9|          2|   32|         64|
    |In_buffer_we0              |   9|          2|    1|          2|
    |Out_buf_cho                |   9|          2|   32|         64|
    |Out_buffer_address0        |  15|          3|    9|         27|
    |Out_buffer_ce0             |  15|          3|    1|          3|
    |Out_buffer_ce1             |   9|          2|    1|          2|
    |Out_buffer_we0             |   9|          2|    1|          2|
    |Out_buffer_we1             |   9|          2|    1|          2|
    |W_buffer_address0          |  15|          3|    9|         27|
    |W_buffer_ce0               |  15|          3|    1|          3|
    |W_buffer_ce1               |   9|          2|    1|          2|
    |W_buffer_we0               |   9|          2|    1|          2|
    |ap_NS_fsm                  |  53|         12|    1|         12|
    |gmem_ARADDR                |  15|          3|   32|         96|
    |gmem_ARBURST               |  15|          3|    2|          6|
    |gmem_ARCACHE               |  15|          3|    4|         12|
    |gmem_ARID                  |  15|          3|    1|          3|
    |gmem_ARLEN                 |  15|          3|   32|         96|
    |gmem_ARLOCK                |  15|          3|    2|          6|
    |gmem_ARPROT                |  15|          3|    3|          9|
    |gmem_ARQOS                 |  15|          3|    4|         12|
    |gmem_ARREGION              |  15|          3|    4|         12|
    |gmem_ARSIZE                |  15|          3|    3|          9|
    |gmem_ARUSER                |  15|          3|    1|          3|
    |gmem_ARVALID               |  15|          3|    1|          3|
    |gmem_AWVALID               |   9|          2|    1|          2|
    |gmem_BREADY                |   9|          2|    1|          2|
    |gmem_RREADY                |  15|          3|    1|          3|
    |gmem_WVALID                |   9|          2|    1|          2|
    |i_0_reg_235                |   9|          2|   31|         62|
    |p_0_rec_reg_212            |   9|          2|   64|        128|
    |reuse_row_count_0_reg_224  |   9|          2|   31|         62|
    +---------------------------+----+-----------+-----+-----------+
    |Total                      | 482|        101|  353|        836|
    +---------------------------+----+-----------+-----+-----------+

    * Register: 
    +------------------------------------------+----+----+-----+-----------+
    |                   Name                   | FF | LUT| Bits| Const Bits|
    +------------------------------------------+----+----+-----+-----------+
    |In_buf_row                                |  32|   0|   32|          0|
    |In_buffer_end                             |  32|   0|   32|          0|
    |In_buffer_length                          |  32|   0|   32|          0|
    |In_buffer_start                           |  32|   0|   32|          0|
    |In_ddr1_reg_772                           |  30|   0|   30|          0|
    |Out_buf_cho                               |  32|   0|   32|          0|
    |Out_buf_cho_load_reg_823                  |  32|   0|   32|          0|
    |Out_buf_row                               |  32|   0|   32|          0|
    |Out_buf_row_count                         |  32|   0|   32|          0|
    |Out_buf_row_load_1_reg_831                |  32|   0|   32|          0|
    |Out_ddr5_reg_762                          |  30|   0|   30|          0|
    |W_ddr3_reg_767                            |  30|   0|   30|          0|
    |add_ln337_reg_787                         |  32|   0|   32|          0|
    |add_ln346_reg_818                         |  32|   0|   32|          0|
    |add_ln360_reg_841                         |  64|   0|   64|          0|
    |ap_CS_fsm                                 |  11|   0|   11|          0|
    |ap_sync_reg_grp_PE_array_fu_246_ap_done   |   1|   0|    1|          0|
    |ap_sync_reg_grp_PE_array_fu_246_ap_ready  |   1|   0|    1|          0|
    |flush_row_count_reg_782                   |  30|   0|   32|          2|
    |grp_PE_array_fu_246_ap_start_reg          |   1|   0|    1|          0|
    |grp_Read_In_buf_line_fu_275_ap_start_reg  |   1|   0|    1|          0|
    |grp_Read_W_buf_fu_311_ap_start_reg        |   1|   0|    1|          0|
    |grp_Write_C_buf_fu_296_ap_start_reg       |   1|   0|    1|          0|
    |i_0_reg_235                               |  31|   0|   31|          0|
    |i_reg_813                                 |  31|   0|   31|          0|
    |mul_ln336_2_reg_777                       |  32|   0|   32|          0|
    |new_read_row_count_reg_805                |  32|   0|   32|          0|
    |p_0_rec_reg_212                           |  64|   0|   64|          0|
    |p_c_s                                     |  32|   0|   32|          0|
    |p_chin_s                                  |  32|   0|   32|          0|
    |p_chout_s                                 |  32|   0|   32|          0|
    |p_cin_s                                   |  32|   0|   32|          0|
    |p_cinp_s                                  |  32|   0|   32|          0|
    |p_k_s                                     |  32|   0|   32|          0|
    |p_p_s                                     |  32|   0|   32|          0|
    |p_r_s                                     |  32|   0|   32|          0|
    |p_rinp_s                                  |  32|   0|   32|          0|
    |p_s_s                                     |  32|   0|   32|          0|
    |reuse_row_count_0_reg_224                 |  31|   0|   31|          0|
    |reuse_row_count_reg_792                   |  31|   0|   31|          0|
    |select_ln358_reg_836                      |  32|   0|   32|          0|
    |zext_ln364_reg_797                        |  31|   0|   32|          1|
    +------------------------------------------+----+----+-----+-----------+
    |Total                                     |1188|   0| 1191|          3|
    +------------------------------------------+----+----+-----+-----------+



================================================================
== Interface
================================================================
* Summary: 
+------------------------+-----+-----+------------+---------------------+--------------+
|        RTL Ports       | Dir | Bits|  Protocol  |    Source Object    |    C Type    |
+------------------------+-----+-----+------------+---------------------+--------------+
|s_axi_AXILiteS_AWVALID  |  in |    1|    s_axi   |       AXILiteS      |    scalar    |
|s_axi_AXILiteS_AWREADY  | out |    1|    s_axi   |       AXILiteS      |    scalar    |
|s_axi_AXILiteS_AWADDR   |  in |    6|    s_axi   |       AXILiteS      |    scalar    |
|s_axi_AXILiteS_WVALID   |  in |    1|    s_axi   |       AXILiteS      |    scalar    |
|s_axi_AXILiteS_WREADY   | out |    1|    s_axi   |       AXILiteS      |    scalar    |
|s_axi_AXILiteS_WDATA    |  in |   32|    s_axi   |       AXILiteS      |    scalar    |
|s_axi_AXILiteS_WSTRB    |  in |    4|    s_axi   |       AXILiteS      |    scalar    |
|s_axi_AXILiteS_ARVALID  |  in |    1|    s_axi   |       AXILiteS      |    scalar    |
|s_axi_AXILiteS_ARREADY  | out |    1|    s_axi   |       AXILiteS      |    scalar    |
|s_axi_AXILiteS_ARADDR   |  in |    6|    s_axi   |       AXILiteS      |    scalar    |
|s_axi_AXILiteS_RVALID   | out |    1|    s_axi   |       AXILiteS      |    scalar    |
|s_axi_AXILiteS_RREADY   |  in |    1|    s_axi   |       AXILiteS      |    scalar    |
|s_axi_AXILiteS_RDATA    | out |   32|    s_axi   |       AXILiteS      |    scalar    |
|s_axi_AXILiteS_RRESP    | out |    2|    s_axi   |       AXILiteS      |    scalar    |
|s_axi_AXILiteS_BVALID   | out |    1|    s_axi   |       AXILiteS      |    scalar    |
|s_axi_AXILiteS_BREADY   |  in |    1|    s_axi   |       AXILiteS      |    scalar    |
|s_axi_AXILiteS_BRESP    | out |    2|    s_axi   |       AXILiteS      |    scalar    |
|ap_clk                  |  in |    1| ap_ctrl_hs | Systolic_Array_Conv | return value |
|ap_rst_n                |  in |    1| ap_ctrl_hs | Systolic_Array_Conv | return value |
|ap_start                |  in |    1| ap_ctrl_hs | Systolic_Array_Conv | return value |
|ap_done                 | out |    1| ap_ctrl_hs | Systolic_Array_Conv | return value |
|ap_idle                 | out |    1| ap_ctrl_hs | Systolic_Array_Conv | return value |
|ap_ready                | out |    1| ap_ctrl_hs | Systolic_Array_Conv | return value |
|m_axi_gmem_AWVALID      | out |    1|    m_axi   |         gmem        |    pointer   |
|m_axi_gmem_AWREADY      |  in |    1|    m_axi   |         gmem        |    pointer   |
|m_axi_gmem_AWADDR       | out |   32|    m_axi   |         gmem        |    pointer   |
|m_axi_gmem_AWID         | out |    1|    m_axi   |         gmem        |    pointer   |
|m_axi_gmem_AWLEN        | out |    8|    m_axi   |         gmem        |    pointer   |
|m_axi_gmem_AWSIZE       | out |    3|    m_axi   |         gmem        |    pointer   |
|m_axi_gmem_AWBURST      | out |    2|    m_axi   |         gmem        |    pointer   |
|m_axi_gmem_AWLOCK       | out |    2|    m_axi   |         gmem        |    pointer   |
|m_axi_gmem_AWCACHE      | out |    4|    m_axi   |         gmem        |    pointer   |
|m_axi_gmem_AWPROT       | out |    3|    m_axi   |         gmem        |    pointer   |
|m_axi_gmem_AWQOS        | out |    4|    m_axi   |         gmem        |    pointer   |
|m_axi_gmem_AWREGION     | out |    4|    m_axi   |         gmem        |    pointer   |
|m_axi_gmem_AWUSER       | out |    1|    m_axi   |         gmem        |    pointer   |
|m_axi_gmem_WVALID       | out |    1|    m_axi   |         gmem        |    pointer   |
|m_axi_gmem_WREADY       |  in |    1|    m_axi   |         gmem        |    pointer   |
|m_axi_gmem_WDATA        | out |   32|    m_axi   |         gmem        |    pointer   |
|m_axi_gmem_WSTRB        | out |    4|    m_axi   |         gmem        |    pointer   |
|m_axi_gmem_WLAST        | out |    1|    m_axi   |         gmem        |    pointer   |
|m_axi_gmem_WID          | out |    1|    m_axi   |         gmem        |    pointer   |
|m_axi_gmem_WUSER        | out |    1|    m_axi   |         gmem        |    pointer   |
|m_axi_gmem_ARVALID      | out |    1|    m_axi   |         gmem        |    pointer   |
|m_axi_gmem_ARREADY      |  in |    1|    m_axi   |         gmem        |    pointer   |
|m_axi_gmem_ARADDR       | out |   32|    m_axi   |         gmem        |    pointer   |
|m_axi_gmem_ARID         | out |    1|    m_axi   |         gmem        |    pointer   |
|m_axi_gmem_ARLEN        | out |    8|    m_axi   |         gmem        |    pointer   |
|m_axi_gmem_ARSIZE       | out |    3|    m_axi   |         gmem        |    pointer   |
|m_axi_gmem_ARBURST      | out |    2|    m_axi   |         gmem        |    pointer   |
|m_axi_gmem_ARLOCK       | out |    2|    m_axi   |         gmem        |    pointer   |
|m_axi_gmem_ARCACHE      | out |    4|    m_axi   |         gmem        |    pointer   |
|m_axi_gmem_ARPROT       | out |    3|    m_axi   |         gmem        |    pointer   |
|m_axi_gmem_ARQOS        | out |    4|    m_axi   |         gmem        |    pointer   |
|m_axi_gmem_ARREGION     | out |    4|    m_axi   |         gmem        |    pointer   |
|m_axi_gmem_ARUSER       | out |    1|    m_axi   |         gmem        |    pointer   |
|m_axi_gmem_RVALID       |  in |    1|    m_axi   |         gmem        |    pointer   |
|m_axi_gmem_RREADY       | out |    1|    m_axi   |         gmem        |    pointer   |
|m_axi_gmem_RDATA        |  in |   32|    m_axi   |         gmem        |    pointer   |
|m_axi_gmem_RLAST        |  in |    1|    m_axi   |         gmem        |    pointer   |
|m_axi_gmem_RID          |  in |    1|    m_axi   |         gmem        |    pointer   |
|m_axi_gmem_RUSER        |  in |    1|    m_axi   |         gmem        |    pointer   |
|m_axi_gmem_RRESP        |  in |    2|    m_axi   |         gmem        |    pointer   |
|m_axi_gmem_BVALID       |  in |    1|    m_axi   |         gmem        |    pointer   |
|m_axi_gmem_BREADY       | out |    1|    m_axi   |         gmem        |    pointer   |
|m_axi_gmem_BRESP        |  in |    2|    m_axi   |         gmem        |    pointer   |
|m_axi_gmem_BID          |  in |    1|    m_axi   |         gmem        |    pointer   |
|m_axi_gmem_BUSER        |  in |    1|    m_axi   |         gmem        |    pointer   |
|stride                  |  in |   32|   ap_none  |        stride       |    scalar    |
|padding                 |  in |   32|   ap_none  |       padding       |    scalar    |
|Rin                     |  in |   32|   ap_none  |         Rin         |    scalar    |
|Cin                     |  in |   32|   ap_none  |         Cin         |    scalar    |
|CHin                    |  in |   32|   ap_none  |         CHin        |    scalar    |
|R                       |  in |   32|   ap_none  |          R          |    scalar    |
|C                       |  in |   32|   ap_none  |          C          |    scalar    |
|CHout                   |  in |   32|   ap_none  |        CHout        |    scalar    |
|K                       |  in |   32|   ap_none  |          K          |    scalar    |
+------------------------+-----+-----+------------+---------------------+--------------+

