

================================================================
== Vivado HLS Report for 'PE36'
================================================================
* Date:           Sun Feb 28 10:35:26 2021

* Version:        2020.1 (Build 2897737 on Wed May 27 20:21:37 MDT 2020)
* Project:        conv_v1.prj
* Solution:       solution1
* Product family: zynquplus
* Target device:  xczu7ev-ffvc1156-2-e


================================================================
== Performance Estimates
================================================================
+ Timing: 
    * Summary: 
    +--------+----------+----------+------------+
    |  Clock |  Target  | Estimated| Uncertainty|
    +--------+----------+----------+------------+
    |ap_clk  | 10.00 ns | 8.419 ns |   1.25 ns  |
    +--------+----------+----------+------------+

+ Latency: 
    * Summary: 
    +---------+---------+----------+----------+-----+-------+---------+
    |  Latency (cycles) |  Latency (absolute) |   Interval  | Pipeline|
    |   min   |   max   |    min   |    max   | min |  max  |   Type  |
    +---------+---------+----------+----------+-----+-------+---------+
    |       14|    72221| 0.140 us | 0.722 ms |   14|  72221|   none  |
    +---------+---------+----------+----------+-----+-------+---------+

    + Detail: 
        * Instance: 
        N/A

        * Loop: 
        +---------------------+---------+---------+-----------+-----------+-----------+--------+----------+
        |                     |  Latency (cycles) | Iteration |  Initiation Interval  |  Trip  |          |
        |      Loop Name      |   min   |   max   |  Latency  |  achieved |   target  |  Count | Pipelined|
        +---------------------+---------+---------+-----------+-----------+-----------+--------+----------+
        |- Loop 1             |       13|    72220| 13 ~ 7222 |          -|          -| 1 ~ 10 |    no    |
        | + Loop 1.1          |       11|     7220|  11 ~ 722 |          -|          -| 1 ~ 10 |    no    |
        |  ++ Loop 1.1.1      |        9|      720|   9 ~ 72  |          -|          -| 1 ~ 10 |    no    |
        |   +++ Loop 1.1.1.1  |        7|       70|          7|          -|          -| 1 ~ 10 |    no    |
        +---------------------+---------+---------+-----------+-----------+-----------+--------+----------+

============================================================
+ Verbose Summary: Synthesis Manager
============================================================
InlineROM: 1
ExposeGlobal: 0
============================================================
+ Verbose Summary: CDFG Model
============================================================
IsTopModel: 0
ResetActiveHigh: 1
IsCombinational: 2
IsDatapathOnly: 0
HasWiredReturn: 1
HasMFsm: 0
HasVarLatency: 1
IsPipeline: 0
IsRtlPipelined: 0
IsInstanceOverlapped: 0
IsDontTouch: 0
HasImplIP: 0
IsGatedGlobalClock: 0


============================================================
+ Verbose Summary: Schedule
============================================================
* Number of FSM states : 11
* Pipeline : 0
* Dataflow Pipeline: 0

* FSM state transitions: 
1 --> 2 
2 --> 3 
3 --> 4 2 
4 --> 5 3 
5 --> 6 4 
6 --> 7 
7 --> 8 
8 --> 9 
9 --> 10 
10 --> 11 
11 --> 5 

* FSM state operations: 

State 1 <SV = 0> <Delay = 3.67>
ST_1 : Operation 12 [1/1] (0.00ns)   --->   "call void (...)* @_ssdm_op_SpecInterface(float* %O_inter_3_3, [8 x i8]* @ap_fifo_str, i32 0, i32 0, [1 x i8]* @p_str, i32 0, i32 0, [1 x i8]* @p_str, [1 x i8]* @p_str, [1 x i8]* @p_str, i32 2, i32 2, i32 16, i32 16, [1 x i8]* @p_str, [1 x i8]* @p_str)"   --->   Operation 12 'specinterface' <Predicate = true> <Delay = 0.00>
ST_1 : Operation 13 [1/1] (0.00ns)   --->   "call void (...)* @_ssdm_op_SpecInterface(float* %W_inter_4_3, [8 x i8]* @ap_fifo_str, i32 0, i32 0, [1 x i8]* @p_str, i32 0, i32 0, [1 x i8]* @p_str, [1 x i8]* @p_str, [1 x i8]* @p_str, i32 2, i32 2, i32 16, i32 16, [1 x i8]* @p_str, [1 x i8]* @p_str)"   --->   Operation 13 'specinterface' <Predicate = true> <Delay = 0.00>
ST_1 : Operation 14 [1/1] (0.00ns)   --->   "call void (...)* @_ssdm_op_SpecInterface(float* %W_inter_3_3, [8 x i8]* @ap_fifo_str, i32 0, i32 0, [1 x i8]* @p_str, i32 0, i32 0, [1 x i8]* @p_str, [1 x i8]* @p_str, [1 x i8]* @p_str, i32 2, i32 2, i32 16, i32 16, [1 x i8]* @p_str, [1 x i8]* @p_str)"   --->   Operation 14 'specinterface' <Predicate = true> <Delay = 0.00>
ST_1 : Operation 15 [1/1] (0.00ns)   --->   "call void (...)* @_ssdm_op_SpecInterface(float* %In_inter_3_4, [8 x i8]* @ap_fifo_str, i32 0, i32 0, [1 x i8]* @p_str, i32 0, i32 0, [1 x i8]* @p_str, [1 x i8]* @p_str, [1 x i8]* @p_str, i32 2, i32 2, i32 16, i32 16, [1 x i8]* @p_str, [1 x i8]* @p_str)"   --->   Operation 15 'specinterface' <Predicate = true> <Delay = 0.00>
ST_1 : Operation 16 [1/1] (0.00ns)   --->   "call void (...)* @_ssdm_op_SpecInterface(float* %In_inter_3_3, [8 x i8]* @ap_fifo_str, i32 0, i32 0, [1 x i8]* @p_str, i32 0, i32 0, [1 x i8]* @p_str, [1 x i8]* @p_str, [1 x i8]* @p_str, i32 2, i32 2, i32 16, i32 16, [1 x i8]* @p_str, [1 x i8]* @p_str)"   --->   Operation 16 'specinterface' <Predicate = true> <Delay = 0.00>
ST_1 : Operation 17 [1/1] (0.00ns)   --->   "call void (...)* @_ssdm_op_SpecInterface(i32* %p_r_s, [8 x i8]* @ap_fifo_str, i32 0, i32 0, [1 x i8]* @p_str, i32 0, i32 0, [1 x i8]* @p_str, [1 x i8]* @p_str, [1 x i8]* @p_str, i32 2, i32 2, i32 16, i32 16, [1 x i8]* @p_str, [11 x i8]* @ScalarProp_str)"   --->   Operation 17 'specinterface' <Predicate = true> <Delay = 0.00>
ST_1 : Operation 18 [1/1] (0.00ns)   --->   "call void (...)* @_ssdm_op_SpecInterface(i32* %p_k_s, [8 x i8]* @ap_fifo_str, i32 0, i32 0, [1 x i8]* @p_str, i32 0, i32 0, [1 x i8]* @p_str, [1 x i8]* @p_str, [1 x i8]* @p_str, i32 2, i32 2, i32 16, i32 16, [1 x i8]* @p_str, [11 x i8]* @ScalarProp_str)"   --->   Operation 18 'specinterface' <Predicate = true> <Delay = 0.00>
ST_1 : Operation 19 [1/1] (0.00ns)   --->   "call void (...)* @_ssdm_op_SpecInterface(i32* %p_chout_s, [8 x i8]* @ap_fifo_str, i32 0, i32 0, [1 x i8]* @p_str, i32 0, i32 0, [1 x i8]* @p_str, [1 x i8]* @p_str, [1 x i8]* @p_str, i32 2, i32 2, i32 16, i32 16, [1 x i8]* @p_str, [11 x i8]* @ScalarProp_str)"   --->   Operation 19 'specinterface' <Predicate = true> <Delay = 0.00>
ST_1 : Operation 20 [1/1] (0.00ns)   --->   "call void (...)* @_ssdm_op_SpecInterface(i32* %p_chin_s, [8 x i8]* @ap_fifo_str, i32 0, i32 0, [1 x i8]* @p_str, i32 0, i32 0, [1 x i8]* @p_str, [1 x i8]* @p_str, [1 x i8]* @p_str, i32 2, i32 2, i32 16, i32 16, [1 x i8]* @p_str, [11 x i8]* @ScalarProp_str)"   --->   Operation 20 'specinterface' <Predicate = true> <Delay = 0.00>
ST_1 : Operation 21 [1/1] (0.00ns)   --->   "call void (...)* @_ssdm_op_SpecInterface(i32* %p_c_s, [8 x i8]* @ap_fifo_str, i32 0, i32 0, [1 x i8]* @p_str, i32 0, i32 0, [1 x i8]* @p_str, [1 x i8]* @p_str, [1 x i8]* @p_str, i32 2, i32 2, i32 16, i32 16, [1 x i8]* @p_str, [11 x i8]* @ScalarProp_str)"   --->   Operation 21 'specinterface' <Predicate = true> <Delay = 0.00>
ST_1 : Operation 22 [1/1] (0.00ns)   --->   "call void (...)* @_ssdm_op_SpecInterface(i32* %add_ln207_5_loc, [8 x i8]* @ap_fifo_str, i32 0, i32 0, [1 x i8]* @p_str, i32 0, i32 0, [1 x i8]* @p_str, [1 x i8]* @p_str, [1 x i8]* @p_str, i32 2, i32 2, i32 16, i32 16, [1 x i8]* @p_str, [11 x i8]* @ScalarProp_str)"   --->   Operation 22 'specinterface' <Predicate = true> <Delay = 0.00>
ST_1 : Operation 23 [1/1] (0.00ns)   --->   "call void (...)* @_ssdm_op_SpecInterface(i32* %add_ln207_2_loc, [8 x i8]* @ap_fifo_str, i32 0, i32 0, [1 x i8]* @p_str, i32 0, i32 0, [1 x i8]* @p_str, [1 x i8]* @p_str, [1 x i8]* @p_str, i32 2, i32 2, i32 16, i32 16, [1 x i8]* @p_str, [11 x i8]* @ScalarProp_str)"   --->   Operation 23 'specinterface' <Predicate = true> <Delay = 0.00>
ST_1 : Operation 24 [1/1] (1.83ns)   --->   "%p_c_read = call i32 @_ssdm_op_Read.ap_fifo.i32P(i32* %p_c_s)" [conv_v1.cpp:119->conv_v1.cpp:207]   --->   Operation 24 'read' 'p_c_read' <Predicate = true> <Delay = 1.83> <Core = "FIFO">   --->   Core 32 'FIFO' <Latency = 0> <II = 1> <Delay = 1.83> <Storage> <Opcode : 'read' 'write' 'nbread' 'nbwrite'> <Ports = 0> <Width = 32> <Depth = 2> <FIFO>
ST_1 : Operation 25 [1/1] (1.83ns)   --->   "%p_chin_read = call i32 @_ssdm_op_Read.ap_fifo.i32P(i32* %p_chin_s)" [conv_v1.cpp:122->conv_v1.cpp:207]   --->   Operation 25 'read' 'p_chin_read' <Predicate = true> <Delay = 1.83> <Core = "FIFO">   --->   Core 32 'FIFO' <Latency = 0> <II = 1> <Delay = 1.83> <Storage> <Opcode : 'read' 'write' 'nbread' 'nbwrite'> <Ports = 0> <Width = 32> <Depth = 2> <FIFO>
ST_1 : Operation 26 [1/1] (1.83ns)   --->   "%p_chout_read = call i32 @_ssdm_op_Read.ap_fifo.i32P(i32* %p_chout_s)" [conv_v1.cpp:130->conv_v1.cpp:207]   --->   Operation 26 'read' 'p_chout_read' <Predicate = true> <Delay = 1.83> <Core = "FIFO">   --->   Core 32 'FIFO' <Latency = 0> <II = 1> <Delay = 1.83> <Storage> <Opcode : 'read' 'write' 'nbread' 'nbwrite'> <Ports = 0> <Width = 32> <Depth = 2> <FIFO>
ST_1 : Operation 27 [1/1] (1.83ns)   --->   "%p_k_read = call i32 @_ssdm_op_Read.ap_fifo.i32P(i32* %p_k_s)" [conv_v1.cpp:124->conv_v1.cpp:207]   --->   Operation 27 'read' 'p_k_read' <Predicate = true> <Delay = 1.83> <Core = "FIFO">   --->   Core 32 'FIFO' <Latency = 0> <II = 1> <Delay = 1.83> <Storage> <Opcode : 'read' 'write' 'nbread' 'nbwrite'> <Ports = 0> <Width = 32> <Depth = 2> <FIFO>
ST_1 : Operation 28 [1/1] (1.83ns)   --->   "%p_r_read = call i32 @_ssdm_op_Read.ap_fifo.i32P(i32* %p_r_s)" [conv_v1.cpp:130->conv_v1.cpp:207]   --->   Operation 28 'read' 'p_r_read' <Predicate = true> <Delay = 1.83> <Core = "FIFO">   --->   Core 32 'FIFO' <Latency = 0> <II = 1> <Delay = 1.83> <Storage> <Opcode : 'read' 'write' 'nbread' 'nbwrite'> <Ports = 0> <Width = 32> <Depth = 2> <FIFO>
ST_1 : Operation 29 [1/1] (0.00ns)   --->   "call void (...)* @_ssdm_op_SpecInterface(i32* %p_c_out, [8 x i8]* @ap_fifo_str, i32 0, i32 0, [1 x i8]* @p_str, i32 0, i32 0, [1 x i8]* @p_str, [1 x i8]* @p_str, [1 x i8]* @p_str, i32 2, i32 2, i32 16, i32 16, [1 x i8]* @p_str, [11 x i8]* @ScalarProp_str)"   --->   Operation 29 'specinterface' <Predicate = true> <Delay = 0.00>
ST_1 : Operation 30 [1/1] (1.83ns)   --->   "call void @_ssdm_op_Write.ap_fifo.i32P(i32* %p_c_out, i32 %p_c_read)" [conv_v1.cpp:119->conv_v1.cpp:207]   --->   Operation 30 'write' <Predicate = true> <Delay = 1.83> <Core = "FIFO">   --->   Core 32 'FIFO' <Latency = 0> <II = 1> <Delay = 1.83> <Storage> <Opcode : 'read' 'write' 'nbread' 'nbwrite'> <Ports = 0> <Width = 32> <Depth = 2> <FIFO>
ST_1 : Operation 31 [1/1] (0.00ns)   --->   "call void (...)* @_ssdm_op_SpecInterface(i32* %p_c_out1, [8 x i8]* @ap_fifo_str, i32 0, i32 0, [1 x i8]* @p_str, i32 0, i32 0, [1 x i8]* @p_str, [1 x i8]* @p_str, [1 x i8]* @p_str, i32 2, i32 2, i32 16, i32 16, [1 x i8]* @p_str, [11 x i8]* @ScalarProp_str)"   --->   Operation 31 'specinterface' <Predicate = true> <Delay = 0.00>
ST_1 : Operation 32 [1/1] (1.83ns)   --->   "call void @_ssdm_op_Write.ap_fifo.i32P(i32* %p_c_out1, i32 %p_c_read)" [conv_v1.cpp:119->conv_v1.cpp:207]   --->   Operation 32 'write' <Predicate = true> <Delay = 1.83> <Core = "FIFO">   --->   Core 32 'FIFO' <Latency = 0> <II = 1> <Delay = 1.83> <Storage> <Opcode : 'read' 'write' 'nbread' 'nbwrite'> <Ports = 0> <Width = 32> <Depth = 2> <FIFO>
ST_1 : Operation 33 [1/1] (0.00ns)   --->   "call void (...)* @_ssdm_op_SpecInterface(i32* %p_c_out2, [8 x i8]* @ap_fifo_str, i32 0, i32 0, [1 x i8]* @p_str, i32 0, i32 0, [1 x i8]* @p_str, [1 x i8]* @p_str, [1 x i8]* @p_str, i32 2, i32 2, i32 16, i32 16, [1 x i8]* @p_str, [11 x i8]* @ScalarProp_str)"   --->   Operation 33 'specinterface' <Predicate = true> <Delay = 0.00>
ST_1 : Operation 34 [1/1] (1.83ns)   --->   "call void @_ssdm_op_Write.ap_fifo.i32P(i32* %p_c_out2, i32 %p_c_read)" [conv_v1.cpp:119->conv_v1.cpp:207]   --->   Operation 34 'write' <Predicate = true> <Delay = 1.83> <Core = "FIFO">   --->   Core 32 'FIFO' <Latency = 0> <II = 1> <Delay = 1.83> <Storage> <Opcode : 'read' 'write' 'nbread' 'nbwrite'> <Ports = 0> <Width = 32> <Depth = 2> <FIFO>
ST_1 : Operation 35 [1/1] (0.00ns)   --->   "call void (...)* @_ssdm_op_SpecInterface(i32* %p_chin_out, [8 x i8]* @ap_fifo_str, i32 0, i32 0, [1 x i8]* @p_str, i32 0, i32 0, [1 x i8]* @p_str, [1 x i8]* @p_str, [1 x i8]* @p_str, i32 2, i32 2, i32 16, i32 16, [1 x i8]* @p_str, [11 x i8]* @ScalarProp_str)"   --->   Operation 35 'specinterface' <Predicate = true> <Delay = 0.00>
ST_1 : Operation 36 [1/1] (1.83ns)   --->   "call void @_ssdm_op_Write.ap_fifo.i32P(i32* %p_chin_out, i32 %p_chin_read)" [conv_v1.cpp:122->conv_v1.cpp:207]   --->   Operation 36 'write' <Predicate = true> <Delay = 1.83> <Core = "FIFO">   --->   Core 32 'FIFO' <Latency = 0> <II = 1> <Delay = 1.83> <Storage> <Opcode : 'read' 'write' 'nbread' 'nbwrite'> <Ports = 0> <Width = 32> <Depth = 2> <FIFO>
ST_1 : Operation 37 [1/1] (0.00ns)   --->   "call void (...)* @_ssdm_op_SpecInterface(i32* %p_chin_out3, [8 x i8]* @ap_fifo_str, i32 0, i32 0, [1 x i8]* @p_str, i32 0, i32 0, [1 x i8]* @p_str, [1 x i8]* @p_str, [1 x i8]* @p_str, i32 2, i32 2, i32 16, i32 16, [1 x i8]* @p_str, [11 x i8]* @ScalarProp_str)"   --->   Operation 37 'specinterface' <Predicate = true> <Delay = 0.00>
ST_1 : Operation 38 [1/1] (1.83ns)   --->   "call void @_ssdm_op_Write.ap_fifo.i32P(i32* %p_chin_out3, i32 %p_chin_read)" [conv_v1.cpp:122->conv_v1.cpp:207]   --->   Operation 38 'write' <Predicate = true> <Delay = 1.83> <Core = "FIFO">   --->   Core 32 'FIFO' <Latency = 0> <II = 1> <Delay = 1.83> <Storage> <Opcode : 'read' 'write' 'nbread' 'nbwrite'> <Ports = 0> <Width = 32> <Depth = 2> <FIFO>
ST_1 : Operation 39 [1/1] (0.00ns)   --->   "call void (...)* @_ssdm_op_SpecInterface(i32* %p_chout_out, [8 x i8]* @ap_fifo_str, i32 0, i32 0, [1 x i8]* @p_str, i32 0, i32 0, [1 x i8]* @p_str, [1 x i8]* @p_str, [1 x i8]* @p_str, i32 2, i32 2, i32 16, i32 16, [1 x i8]* @p_str, [11 x i8]* @ScalarProp_str)"   --->   Operation 39 'specinterface' <Predicate = true> <Delay = 0.00>
ST_1 : Operation 40 [1/1] (1.83ns)   --->   "call void @_ssdm_op_Write.ap_fifo.i32P(i32* %p_chout_out, i32 %p_chout_read)" [conv_v1.cpp:130->conv_v1.cpp:207]   --->   Operation 40 'write' <Predicate = true> <Delay = 1.83> <Core = "FIFO">   --->   Core 32 'FIFO' <Latency = 0> <II = 1> <Delay = 1.83> <Storage> <Opcode : 'read' 'write' 'nbread' 'nbwrite'> <Ports = 0> <Width = 32> <Depth = 2> <FIFO>
ST_1 : Operation 41 [1/1] (0.00ns)   --->   "call void (...)* @_ssdm_op_SpecInterface(i32* %p_k_out, [8 x i8]* @ap_fifo_str, i32 0, i32 0, [1 x i8]* @p_str, i32 0, i32 0, [1 x i8]* @p_str, [1 x i8]* @p_str, [1 x i8]* @p_str, i32 2, i32 2, i32 16, i32 16, [1 x i8]* @p_str, [11 x i8]* @ScalarProp_str)"   --->   Operation 41 'specinterface' <Predicate = true> <Delay = 0.00>
ST_1 : Operation 42 [1/1] (1.83ns)   --->   "call void @_ssdm_op_Write.ap_fifo.i32P(i32* %p_k_out, i32 %p_k_read)" [conv_v1.cpp:124->conv_v1.cpp:207]   --->   Operation 42 'write' <Predicate = true> <Delay = 1.83> <Core = "FIFO">   --->   Core 32 'FIFO' <Latency = 0> <II = 1> <Delay = 1.83> <Storage> <Opcode : 'read' 'write' 'nbread' 'nbwrite'> <Ports = 0> <Width = 32> <Depth = 2> <FIFO>
ST_1 : Operation 43 [1/1] (0.00ns)   --->   "call void (...)* @_ssdm_op_SpecInterface(i32* %p_k_out4, [8 x i8]* @ap_fifo_str, i32 0, i32 0, [1 x i8]* @p_str, i32 0, i32 0, [1 x i8]* @p_str, [1 x i8]* @p_str, [1 x i8]* @p_str, i32 2, i32 2, i32 16, i32 16, [1 x i8]* @p_str, [11 x i8]* @ScalarProp_str)"   --->   Operation 43 'specinterface' <Predicate = true> <Delay = 0.00>
ST_1 : Operation 44 [1/1] (1.83ns)   --->   "call void @_ssdm_op_Write.ap_fifo.i32P(i32* %p_k_out4, i32 %p_k_read)" [conv_v1.cpp:124->conv_v1.cpp:207]   --->   Operation 44 'write' <Predicate = true> <Delay = 1.83> <Core = "FIFO">   --->   Core 32 'FIFO' <Latency = 0> <II = 1> <Delay = 1.83> <Storage> <Opcode : 'read' 'write' 'nbread' 'nbwrite'> <Ports = 0> <Width = 32> <Depth = 2> <FIFO>
ST_1 : Operation 45 [1/1] (1.83ns)   --->   "%add_ln207_5_loc_read = call i32 @_ssdm_op_Read.ap_fifo.i32P(i32* %add_ln207_5_loc)" [conv_v1.cpp:207]   --->   Operation 45 'read' 'add_ln207_5_loc_read' <Predicate = true> <Delay = 1.83> <Core = "FIFO">   --->   Core 32 'FIFO' <Latency = 0> <II = 1> <Delay = 1.83> <Storage> <Opcode : 'read' 'write' 'nbread' 'nbwrite'> <Ports = 0> <Width = 32> <Depth = 2> <FIFO>
ST_1 : Operation 46 [1/1] (1.83ns)   --->   "%add_ln207_2_loc_read = call i32 @_ssdm_op_Read.ap_fifo.i32P(i32* %add_ln207_2_loc)" [conv_v1.cpp:207]   --->   Operation 46 'read' 'add_ln207_2_loc_read' <Predicate = true> <Delay = 1.83> <Core = "FIFO">   --->   Core 32 'FIFO' <Latency = 0> <II = 1> <Delay = 1.83> <Storage> <Opcode : 'read' 'write' 'nbread' 'nbwrite'> <Ports = 0> <Width = 32> <Depth = 2> <FIFO>
ST_1 : Operation 47 [1/1] (0.99ns)   --->   "%icmp_ln130 = icmp sgt i32 %p_r_read, %add_ln207_5_loc_read" [conv_v1.cpp:130->conv_v1.cpp:207]   --->   Operation 47 'icmp' 'icmp_ln130' <Predicate = true> <Delay = 0.99> <Core = "Cmp">   --->   Core 25 'Cmp' <Latency = 0> <II = 1> <Delay = 0.99> <FuncUnit> <Opcode : 'icmp'> <InPorts = 2> <OutPorts = 1>
ST_1 : Operation 48 [1/1] (0.99ns)   --->   "%icmp_ln130_1 = icmp sgt i32 %p_chout_read, %add_ln207_2_loc_read" [conv_v1.cpp:130->conv_v1.cpp:207]   --->   Operation 48 'icmp' 'icmp_ln130_1' <Predicate = true> <Delay = 0.99> <Core = "Cmp">   --->   Core 25 'Cmp' <Latency = 0> <II = 1> <Delay = 0.99> <FuncUnit> <Opcode : 'icmp'> <InPorts = 2> <OutPorts = 1>
ST_1 : Operation 49 [1/1] (0.28ns)   --->   "%and_ln130 = and i1 %icmp_ln130, %icmp_ln130_1" [conv_v1.cpp:130->conv_v1.cpp:207]   --->   Operation 49 'and' 'and_ln130' <Predicate = true> <Delay = 0.28> <Core = "LogicGate">   --->   Core 27 'LogicGate' <Latency = 0> <II = 1> <Delay = 0.28> <FuncUnit> <Opcode : 'and' 'or' 'xor'> <InPorts = 2> <OutPorts = 1>
ST_1 : Operation 50 [1/1] (0.65ns)   --->   "br label %0" [conv_v1.cpp:119->conv_v1.cpp:207]   --->   Operation 50 'br' <Predicate = true> <Delay = 0.65>

State 2 <SV = 1> <Delay = 1.00>
ST_2 : Operation 51 [1/1] (0.00ns)   --->   "%col_0_i_i_i = phi i31 [ 0, %entry ], [ %col, %hls_label_7_end ]"   --->   Operation 51 'phi' 'col_0_i_i_i' <Predicate = true> <Delay = 0.00>
ST_2 : Operation 52 [1/1] (0.00ns)   --->   "%zext_ln119 = zext i31 %col_0_i_i_i to i32" [conv_v1.cpp:119->conv_v1.cpp:207]   --->   Operation 52 'zext' 'zext_ln119' <Predicate = true> <Delay = 0.00>
ST_2 : Operation 53 [1/1] (0.99ns)   --->   "%icmp_ln119 = icmp slt i32 %zext_ln119, %p_c_read" [conv_v1.cpp:119->conv_v1.cpp:207]   --->   Operation 53 'icmp' 'icmp_ln119' <Predicate = true> <Delay = 0.99> <Core = "Cmp">   --->   Core 25 'Cmp' <Latency = 0> <II = 1> <Delay = 0.99> <FuncUnit> <Opcode : 'icmp'> <InPorts = 2> <OutPorts = 1>
ST_2 : Operation 54 [1/1] (1.00ns)   --->   "%col = add i31 %col_0_i_i_i, 1" [conv_v1.cpp:119->conv_v1.cpp:207]   --->   Operation 54 'add' 'col' <Predicate = true> <Delay = 1.00> <Core = "AddSub">   --->   Core 14 'AddSub' <Latency = 0> <II = 1> <Delay = 1.01> <FuncUnit> <Opcode : 'add' 'sub'> <InPorts = 2> <OutPorts = 1>
ST_2 : Operation 55 [1/1] (0.00ns)   --->   "br i1 %icmp_ln119, label %hls_label_7_begin, label %.exit" [conv_v1.cpp:119->conv_v1.cpp:207]   --->   Operation 55 'br' <Predicate = true> <Delay = 0.00>
ST_2 : Operation 56 [1/1] (0.00ns)   --->   "%tmp_10_i_i_i = call i32 (...)* @_ssdm_op_SpecRegionBegin([12 x i8]* @p_str10)" [conv_v1.cpp:119->conv_v1.cpp:207]   --->   Operation 56 'specregionbegin' 'tmp_10_i_i_i' <Predicate = (icmp_ln119)> <Delay = 0.00>
ST_2 : Operation 57 [1/1] (0.00ns)   --->   "call void (...)* @_ssdm_op_SpecLoopTripCount(i32 1, i32 10, i32 5, [1 x i8]* @p_str) nounwind" [conv_v1.cpp:120->conv_v1.cpp:207]   --->   Operation 57 'speclooptripcount' <Predicate = (icmp_ln119)> <Delay = 0.00>
ST_2 : Operation 58 [1/1] (0.65ns)   --->   "br label %1" [conv_v1.cpp:122->conv_v1.cpp:207]   --->   Operation 58 'br' <Predicate = (icmp_ln119)> <Delay = 0.65>
ST_2 : Operation 59 [1/1] (0.00ns)   --->   "ret void"   --->   Operation 59 'ret' <Predicate = (!icmp_ln119)> <Delay = 0.00>

State 3 <SV = 2> <Delay = 1.83>
ST_3 : Operation 60 [1/1] (0.00ns)   --->   "%tmp_1 = phi float [ 0.000000e+00, %hls_label_7_begin ], [ %p_0_1_i_i_i, %hls_label_8_end ]" [conv_v1.cpp:130->conv_v1.cpp:207]   --->   Operation 60 'phi' 'tmp_1' <Predicate = true> <Delay = 0.00>
ST_3 : Operation 61 [1/1] (0.00ns)   --->   "%chi_0_i_i_i = phi i31 [ 0, %hls_label_7_begin ], [ %chi, %hls_label_8_end ]"   --->   Operation 61 'phi' 'chi_0_i_i_i' <Predicate = true> <Delay = 0.00>
ST_3 : Operation 62 [1/1] (0.00ns)   --->   "%zext_ln122 = zext i31 %chi_0_i_i_i to i32" [conv_v1.cpp:122->conv_v1.cpp:207]   --->   Operation 62 'zext' 'zext_ln122' <Predicate = true> <Delay = 0.00>
ST_3 : Operation 63 [1/1] (0.99ns)   --->   "%icmp_ln122 = icmp slt i32 %zext_ln122, %p_chin_read" [conv_v1.cpp:122->conv_v1.cpp:207]   --->   Operation 63 'icmp' 'icmp_ln122' <Predicate = true> <Delay = 0.99> <Core = "Cmp">   --->   Core 25 'Cmp' <Latency = 0> <II = 1> <Delay = 0.99> <FuncUnit> <Opcode : 'icmp'> <InPorts = 2> <OutPorts = 1>
ST_3 : Operation 64 [1/1] (1.00ns)   --->   "%chi = add i31 %chi_0_i_i_i, 1" [conv_v1.cpp:122->conv_v1.cpp:207]   --->   Operation 64 'add' 'chi' <Predicate = true> <Delay = 1.00> <Core = "AddSub">   --->   Core 14 'AddSub' <Latency = 0> <II = 1> <Delay = 1.01> <FuncUnit> <Opcode : 'add' 'sub'> <InPorts = 2> <OutPorts = 1>
ST_3 : Operation 65 [1/1] (0.00ns)   --->   "br i1 %icmp_ln122, label %hls_label_8_begin, label %hls_label_7_end" [conv_v1.cpp:122->conv_v1.cpp:207]   --->   Operation 65 'br' <Predicate = true> <Delay = 0.00>
ST_3 : Operation 66 [1/1] (0.00ns)   --->   "%tmp_11_i_i_i = call i32 (...)* @_ssdm_op_SpecRegionBegin([12 x i8]* @p_str11)" [conv_v1.cpp:122->conv_v1.cpp:207]   --->   Operation 66 'specregionbegin' 'tmp_11_i_i_i' <Predicate = (icmp_ln122)> <Delay = 0.00>
ST_3 : Operation 67 [1/1] (0.00ns)   --->   "call void (...)* @_ssdm_op_SpecLoopTripCount(i32 1, i32 10, i32 5, [1 x i8]* @p_str) nounwind" [conv_v1.cpp:123->conv_v1.cpp:207]   --->   Operation 67 'speclooptripcount' <Predicate = (icmp_ln122)> <Delay = 0.00>
ST_3 : Operation 68 [1/1] (0.65ns)   --->   "br label %2" [conv_v1.cpp:124->conv_v1.cpp:207]   --->   Operation 68 'br' <Predicate = (icmp_ln122)> <Delay = 0.65>
ST_3 : Operation 69 [1/1] (1.83ns)   --->   "call void @_ssdm_op_Write.ap_fifo.volatile.floatP(float* %O_inter_3_3, float %tmp_1)" [conv_v1.cpp:139->conv_v1.cpp:207]   --->   Operation 69 'write' <Predicate = (!icmp_ln122)> <Delay = 1.83> <Core = "FIFO">   --->   Core 32 'FIFO' <Latency = 0> <II = 1> <Delay = 1.83> <Storage> <Opcode : 'read' 'write' 'nbread' 'nbwrite'> <Ports = 0> <Width = 32> <Depth = 2> <FIFO>
ST_3 : Operation 70 [1/1] (0.00ns)   --->   "%empty_224 = call i32 (...)* @_ssdm_op_SpecRegionEnd([12 x i8]* @p_str10, i32 %tmp_10_i_i_i)" [conv_v1.cpp:142->conv_v1.cpp:207]   --->   Operation 70 'specregionend' 'empty_224' <Predicate = (!icmp_ln122)> <Delay = 0.00>
ST_3 : Operation 71 [1/1] (0.00ns)   --->   "br label %0" [conv_v1.cpp:119->conv_v1.cpp:207]   --->   Operation 71 'br' <Predicate = (!icmp_ln122)> <Delay = 0.00>

State 4 <SV = 3> <Delay = 1.00>
ST_4 : Operation 72 [1/1] (0.00ns)   --->   "%p_0_1_i_i_i = phi float [ %tmp_1, %hls_label_8_begin ], [ %p_0_2_i_i_i, %hls_label_9_end ]"   --->   Operation 72 'phi' 'p_0_1_i_i_i' <Predicate = true> <Delay = 0.00>
ST_4 : Operation 73 [1/1] (0.00ns)   --->   "%kr_0_i_i_i = phi i31 [ 0, %hls_label_8_begin ], [ %kr, %hls_label_9_end ]"   --->   Operation 73 'phi' 'kr_0_i_i_i' <Predicate = true> <Delay = 0.00>
ST_4 : Operation 74 [1/1] (0.00ns)   --->   "%zext_ln124 = zext i31 %kr_0_i_i_i to i32" [conv_v1.cpp:124->conv_v1.cpp:207]   --->   Operation 74 'zext' 'zext_ln124' <Predicate = true> <Delay = 0.00>
ST_4 : Operation 75 [1/1] (0.99ns)   --->   "%icmp_ln124 = icmp slt i32 %zext_ln124, %p_k_read" [conv_v1.cpp:124->conv_v1.cpp:207]   --->   Operation 75 'icmp' 'icmp_ln124' <Predicate = true> <Delay = 0.99> <Core = "Cmp">   --->   Core 25 'Cmp' <Latency = 0> <II = 1> <Delay = 0.99> <FuncUnit> <Opcode : 'icmp'> <InPorts = 2> <OutPorts = 1>
ST_4 : Operation 76 [1/1] (1.00ns)   --->   "%kr = add i31 %kr_0_i_i_i, 1" [conv_v1.cpp:124->conv_v1.cpp:207]   --->   Operation 76 'add' 'kr' <Predicate = true> <Delay = 1.00> <Core = "AddSub">   --->   Core 14 'AddSub' <Latency = 0> <II = 1> <Delay = 1.01> <FuncUnit> <Opcode : 'add' 'sub'> <InPorts = 2> <OutPorts = 1>
ST_4 : Operation 77 [1/1] (0.00ns)   --->   "br i1 %icmp_ln124, label %hls_label_9_begin, label %hls_label_8_end" [conv_v1.cpp:124->conv_v1.cpp:207]   --->   Operation 77 'br' <Predicate = true> <Delay = 0.00>
ST_4 : Operation 78 [1/1] (0.00ns)   --->   "%tmp_12_i_i_i = call i32 (...)* @_ssdm_op_SpecRegionBegin([12 x i8]* @p_str12)" [conv_v1.cpp:124->conv_v1.cpp:207]   --->   Operation 78 'specregionbegin' 'tmp_12_i_i_i' <Predicate = (icmp_ln124)> <Delay = 0.00>
ST_4 : Operation 79 [1/1] (0.00ns)   --->   "call void (...)* @_ssdm_op_SpecLoopTripCount(i32 1, i32 10, i32 5, [1 x i8]* @p_str) nounwind" [conv_v1.cpp:125->conv_v1.cpp:207]   --->   Operation 79 'speclooptripcount' <Predicate = (icmp_ln124)> <Delay = 0.00>
ST_4 : Operation 80 [1/1] (0.65ns)   --->   "br label %3" [conv_v1.cpp:126->conv_v1.cpp:207]   --->   Operation 80 'br' <Predicate = (icmp_ln124)> <Delay = 0.65>
ST_4 : Operation 81 [1/1] (0.00ns)   --->   "%empty_223 = call i32 (...)* @_ssdm_op_SpecRegionEnd([12 x i8]* @p_str11, i32 %tmp_11_i_i_i)" [conv_v1.cpp:138->conv_v1.cpp:207]   --->   Operation 81 'specregionend' 'empty_223' <Predicate = (!icmp_ln124)> <Delay = 0.00>
ST_4 : Operation 82 [1/1] (0.00ns)   --->   "br label %1" [conv_v1.cpp:122->conv_v1.cpp:207]   --->   Operation 82 'br' <Predicate = (!icmp_ln124)> <Delay = 0.00>

State 5 <SV = 4> <Delay = 3.67>
ST_5 : Operation 83 [1/1] (0.00ns)   --->   "%p_0_2_i_i_i = phi float [ %p_0_1_i_i_i, %hls_label_9_begin ], [ %O_temp_1, %hls_label_10 ]"   --->   Operation 83 'phi' 'p_0_2_i_i_i' <Predicate = true> <Delay = 0.00>
ST_5 : Operation 84 [1/1] (0.00ns)   --->   "%kc_0_i_i_i = phi i32 [ 0, %hls_label_9_begin ], [ %kc, %hls_label_10 ]"   --->   Operation 84 'phi' 'kc_0_i_i_i' <Predicate = true> <Delay = 0.00>
ST_5 : Operation 85 [1/1] (0.99ns)   --->   "%icmp_ln126 = icmp eq i32 %kc_0_i_i_i, %p_k_read" [conv_v1.cpp:126->conv_v1.cpp:207]   --->   Operation 85 'icmp' 'icmp_ln126' <Predicate = true> <Delay = 0.99> <Core = "Cmp">   --->   Core 25 'Cmp' <Latency = 0> <II = 1> <Delay = 0.99> <FuncUnit> <Opcode : 'icmp'> <InPorts = 2> <OutPorts = 1>
ST_5 : Operation 86 [1/1] (1.01ns)   --->   "%kc = add nsw i32 %kc_0_i_i_i, 1" [conv_v1.cpp:126->conv_v1.cpp:207]   --->   Operation 86 'add' 'kc' <Predicate = true> <Delay = 1.01> <Core = "AddSub">   --->   Core 14 'AddSub' <Latency = 0> <II = 1> <Delay = 1.01> <FuncUnit> <Opcode : 'add' 'sub'> <InPorts = 2> <OutPorts = 1>
ST_5 : Operation 87 [1/1] (0.00ns)   --->   "br i1 %icmp_ln126, label %hls_label_9_end, label %hls_label_10" [conv_v1.cpp:126->conv_v1.cpp:207]   --->   Operation 87 'br' <Predicate = true> <Delay = 0.00>
ST_5 : Operation 88 [1/1] (1.83ns)   --->   "%tmp_18 = call float @_ssdm_op_Read.ap_fifo.volatile.floatP(float* %W_inter_3_3)" [conv_v1.cpp:128->conv_v1.cpp:207]   --->   Operation 88 'read' 'tmp_18' <Predicate = (!icmp_ln126)> <Delay = 1.83> <Core = "FIFO">   --->   Core 32 'FIFO' <Latency = 0> <II = 1> <Delay = 1.83> <Storage> <Opcode : 'read' 'write' 'nbread' 'nbwrite'> <Ports = 0> <Width = 32> <Depth = 2> <FIFO>
ST_5 : Operation 89 [1/1] (1.83ns)   --->   "%tmp = call float @_ssdm_op_Read.ap_fifo.volatile.floatP(float* %In_inter_3_3)" [conv_v1.cpp:129->conv_v1.cpp:207]   --->   Operation 89 'read' 'tmp' <Predicate = (!icmp_ln126)> <Delay = 1.83> <Core = "FIFO">   --->   Core 32 'FIFO' <Latency = 0> <II = 1> <Delay = 1.83> <Storage> <Opcode : 'read' 'write' 'nbread' 'nbwrite'> <Ports = 0> <Width = 32> <Depth = 2> <FIFO>
ST_5 : Operation 90 [1/1] (1.83ns)   --->   "call void @_ssdm_op_Write.ap_fifo.volatile.floatP(float* %In_inter_3_4, float %tmp)" [conv_v1.cpp:134->conv_v1.cpp:207]   --->   Operation 90 'write' <Predicate = (!icmp_ln126)> <Delay = 1.83> <Core = "FIFO">   --->   Core 32 'FIFO' <Latency = 0> <II = 1> <Delay = 1.83> <Storage> <Opcode : 'read' 'write' 'nbread' 'nbwrite'> <Ports = 0> <Width = 32> <Depth = 2> <FIFO>
ST_5 : Operation 91 [1/1] (1.83ns)   --->   "call void @_ssdm_op_Write.ap_fifo.volatile.floatP(float* %W_inter_4_3, float %tmp_18)" [conv_v1.cpp:135->conv_v1.cpp:207]   --->   Operation 91 'write' <Predicate = (!icmp_ln126)> <Delay = 1.83> <Core = "FIFO">   --->   Core 32 'FIFO' <Latency = 0> <II = 1> <Delay = 1.83> <Storage> <Opcode : 'read' 'write' 'nbread' 'nbwrite'> <Ports = 0> <Width = 32> <Depth = 2> <FIFO>
ST_5 : Operation 92 [1/1] (0.00ns)   --->   "%empty_222 = call i32 (...)* @_ssdm_op_SpecRegionEnd([12 x i8]* @p_str12, i32 %tmp_12_i_i_i)" [conv_v1.cpp:137->conv_v1.cpp:207]   --->   Operation 92 'specregionend' 'empty_222' <Predicate = (icmp_ln126)> <Delay = 0.00>
ST_5 : Operation 93 [1/1] (0.00ns)   --->   "br label %2" [conv_v1.cpp:124->conv_v1.cpp:207]   --->   Operation 93 'br' <Predicate = (icmp_ln126)> <Delay = 0.00>

State 6 <SV = 5> <Delay = 8.41>
ST_6 : Operation 94 [2/2] (8.41ns)   --->   "%tmp_4_i_i_i = fmul float %tmp, %tmp_18" [conv_v1.cpp:131->conv_v1.cpp:207]   --->   Operation 94 'fmul' 'tmp_4_i_i_i' <Predicate = (and_ln130)> <Delay = 8.41> <Core = "FMul">   --->   Core 106 'FMul' <Latency = 1> <II = 1> <Delay = 8.41> <FuncUnit> <Opcode : 'fmul'> <InPorts = 2> <OutPorts = 1>

State 7 <SV = 6> <Delay = 8.41>
ST_7 : Operation 95 [1/2] (8.41ns)   --->   "%tmp_4_i_i_i = fmul float %tmp, %tmp_18" [conv_v1.cpp:131->conv_v1.cpp:207]   --->   Operation 95 'fmul' 'tmp_4_i_i_i' <Predicate = (and_ln130)> <Delay = 8.41> <Core = "FMul">   --->   Core 106 'FMul' <Latency = 1> <II = 1> <Delay = 8.41> <FuncUnit> <Opcode : 'fmul'> <InPorts = 2> <OutPorts = 1>

State 8 <SV = 7> <Delay = 6.43>
ST_8 : Operation 96 [4/4] (6.43ns)   --->   "%O_temp = fadd float %p_0_2_i_i_i, %tmp_4_i_i_i" [conv_v1.cpp:131->conv_v1.cpp:207]   --->   Operation 96 'fadd' 'O_temp' <Predicate = (and_ln130)> <Delay = 6.43> <Core = "FAddSub">   --->   Core 105 'FAddSub' <Latency = 3> <II = 1> <Delay = 6.43> <FuncUnit> <Opcode : 'fadd' 'fsub'> <InPorts = 2> <OutPorts = 1>

State 9 <SV = 8> <Delay = 6.43>
ST_9 : Operation 97 [3/4] (6.43ns)   --->   "%O_temp = fadd float %p_0_2_i_i_i, %tmp_4_i_i_i" [conv_v1.cpp:131->conv_v1.cpp:207]   --->   Operation 97 'fadd' 'O_temp' <Predicate = (and_ln130)> <Delay = 6.43> <Core = "FAddSub">   --->   Core 105 'FAddSub' <Latency = 3> <II = 1> <Delay = 6.43> <FuncUnit> <Opcode : 'fadd' 'fsub'> <InPorts = 2> <OutPorts = 1>

State 10 <SV = 9> <Delay = 6.43>
ST_10 : Operation 98 [2/4] (6.43ns)   --->   "%O_temp = fadd float %p_0_2_i_i_i, %tmp_4_i_i_i" [conv_v1.cpp:131->conv_v1.cpp:207]   --->   Operation 98 'fadd' 'O_temp' <Predicate = (and_ln130)> <Delay = 6.43> <Core = "FAddSub">   --->   Core 105 'FAddSub' <Latency = 3> <II = 1> <Delay = 6.43> <FuncUnit> <Opcode : 'fadd' 'fsub'> <InPorts = 2> <OutPorts = 1>

State 11 <SV = 10> <Delay = 6.88>
ST_11 : Operation 99 [1/1] (0.00ns)   --->   "%tmp_13_i_i_i = call i32 (...)* @_ssdm_op_SpecRegionBegin([13 x i8]* @p_str13)" [conv_v1.cpp:126->conv_v1.cpp:207]   --->   Operation 99 'specregionbegin' 'tmp_13_i_i_i' <Predicate = true> <Delay = 0.00>
ST_11 : Operation 100 [1/1] (0.00ns)   --->   "call void (...)* @_ssdm_op_SpecLoopTripCount(i32 1, i32 10, i32 5, [1 x i8]* @p_str) nounwind" [conv_v1.cpp:127->conv_v1.cpp:207]   --->   Operation 100 'speclooptripcount' <Predicate = true> <Delay = 0.00>
ST_11 : Operation 101 [1/4] (6.43ns)   --->   "%O_temp = fadd float %p_0_2_i_i_i, %tmp_4_i_i_i" [conv_v1.cpp:131->conv_v1.cpp:207]   --->   Operation 101 'fadd' 'O_temp' <Predicate = (and_ln130)> <Delay = 6.43> <Core = "FAddSub">   --->   Core 105 'FAddSub' <Latency = 3> <II = 1> <Delay = 6.43> <FuncUnit> <Opcode : 'fadd' 'fsub'> <InPorts = 2> <OutPorts = 1>
ST_11 : Operation 102 [1/1] (0.44ns)   --->   "%O_temp_1 = select i1 %and_ln130, float %O_temp, float %p_0_2_i_i_i" [conv_v1.cpp:130->conv_v1.cpp:207]   --->   Operation 102 'select' 'O_temp_1' <Predicate = true> <Delay = 0.44> <Core = "Sel">   --->   Core 26 'Sel' <Latency = 0> <II = 1> <Delay = 0.44> <FuncUnit> <Opcode : 'select'> <InPorts = 3> <OutPorts = 1>
ST_11 : Operation 103 [1/1] (0.00ns)   --->   "%empty = call i32 (...)* @_ssdm_op_SpecRegionEnd([13 x i8]* @p_str13, i32 %tmp_13_i_i_i)" [conv_v1.cpp:136->conv_v1.cpp:207]   --->   Operation 103 'specregionend' 'empty' <Predicate = true> <Delay = 0.00>
ST_11 : Operation 104 [1/1] (0.00ns)   --->   "br label %3" [conv_v1.cpp:126->conv_v1.cpp:207]   --->   Operation 104 'br' <Predicate = true> <Delay = 0.00>


============================================================
+ Verbose Summary: Binding
============================================================
STG Binding: 
---------------- STG Properties BEGIN ----------------
- Is combinational: 0
- Is one-state seq: 0
- Is datapath-only: 0
- Is pipelined: 0
- Is top level: 0
Port [ Return ] is wired: 1; IO mode=ap_ctrl_hs:ce=0
Port [ W_inter_3_3]:  wired=1; compound=1; hidden=0; nouse=0; global=0; static=0; extern=0; dir=0; type=3; pingpong=0; private_global=0; IO mode=ap_fifo:ce=0
Port [ In_inter_3_3]:  wired=1; compound=1; hidden=0; nouse=0; global=0; static=0; extern=0; dir=0; type=3; pingpong=0; private_global=0; IO mode=ap_fifo:ce=0
Port [ W_inter_4_3]:  wired=1; compound=1; hidden=0; nouse=0; global=0; static=0; extern=0; dir=1; type=3; pingpong=0; private_global=0; IO mode=ap_fifo:ce=0
Port [ In_inter_3_4]:  wired=1; compound=1; hidden=0; nouse=0; global=0; static=0; extern=0; dir=1; type=3; pingpong=0; private_global=0; IO mode=ap_fifo:ce=0
Port [ add_ln207_5_loc]:  wired=1; compound=1; hidden=0; nouse=0; global=0; static=0; extern=0; dir=0; type=3; pingpong=0; private_global=0; IO mode=ap_fifo:ce=0
Port [ add_ln207_2_loc]:  wired=1; compound=1; hidden=0; nouse=0; global=0; static=0; extern=0; dir=0; type=3; pingpong=0; private_global=0; IO mode=ap_fifo:ce=0
Port [ O_inter_3_3]:  wired=1; compound=1; hidden=0; nouse=0; global=0; static=0; extern=0; dir=1; type=3; pingpong=0; private_global=0; IO mode=ap_fifo:ce=0
Port [ p_c_s]:  wired=1; compound=1; hidden=0; nouse=0; global=0; static=0; extern=0; dir=0; type=3; pingpong=0; private_global=0; IO mode=ap_fifo:ce=0
Port [ p_chin_s]:  wired=1; compound=1; hidden=0; nouse=0; global=0; static=0; extern=0; dir=0; type=3; pingpong=0; private_global=0; IO mode=ap_fifo:ce=0
Port [ p_chout_s]:  wired=1; compound=1; hidden=0; nouse=0; global=0; static=0; extern=0; dir=0; type=3; pingpong=0; private_global=0; IO mode=ap_fifo:ce=0
Port [ p_k_s]:  wired=1; compound=1; hidden=0; nouse=0; global=0; static=0; extern=0; dir=0; type=3; pingpong=0; private_global=0; IO mode=ap_fifo:ce=0
Port [ p_r_s]:  wired=1; compound=1; hidden=0; nouse=0; global=0; static=0; extern=0; dir=0; type=3; pingpong=0; private_global=0; IO mode=ap_fifo:ce=0
Port [ p_c_out]:  wired=1; compound=1; hidden=0; nouse=0; global=0; static=0; extern=0; dir=1; type=3; pingpong=0; private_global=0; IO mode=ap_fifo:ce=0
Port [ p_c_out1]:  wired=1; compound=1; hidden=0; nouse=0; global=0; static=0; extern=0; dir=1; type=3; pingpong=0; private_global=0; IO mode=ap_fifo:ce=0
Port [ p_c_out2]:  wired=1; compound=1; hidden=0; nouse=0; global=0; static=0; extern=0; dir=1; type=3; pingpong=0; private_global=0; IO mode=ap_fifo:ce=0
Port [ p_chin_out]:  wired=1; compound=1; hidden=0; nouse=0; global=0; static=0; extern=0; dir=1; type=3; pingpong=0; private_global=0; IO mode=ap_fifo:ce=0
Port [ p_chin_out3]:  wired=1; compound=1; hidden=0; nouse=0; global=0; static=0; extern=0; dir=1; type=3; pingpong=0; private_global=0; IO mode=ap_fifo:ce=0
Port [ p_chout_out]:  wired=1; compound=1; hidden=0; nouse=0; global=0; static=0; extern=0; dir=1; type=3; pingpong=0; private_global=0; IO mode=ap_fifo:ce=0
Port [ p_k_out]:  wired=1; compound=1; hidden=0; nouse=0; global=0; static=0; extern=0; dir=1; type=3; pingpong=0; private_global=0; IO mode=ap_fifo:ce=0
Port [ p_k_out4]:  wired=1; compound=1; hidden=0; nouse=0; global=0; static=0; extern=0; dir=1; type=3; pingpong=0; private_global=0; IO mode=ap_fifo:ce=0
---------------- STG Properties END ------------------

---------------- Datapath Model BEGIN ----------------

<LifeTime>
<method=bitvector/>
specinterface_ln0       (specinterface    ) [ 000000000000]
specinterface_ln0       (specinterface    ) [ 000000000000]
specinterface_ln0       (specinterface    ) [ 000000000000]
specinterface_ln0       (specinterface    ) [ 000000000000]
specinterface_ln0       (specinterface    ) [ 000000000000]
specinterface_ln0       (specinterface    ) [ 000000000000]
specinterface_ln0       (specinterface    ) [ 000000000000]
specinterface_ln0       (specinterface    ) [ 000000000000]
specinterface_ln0       (specinterface    ) [ 000000000000]
specinterface_ln0       (specinterface    ) [ 000000000000]
specinterface_ln0       (specinterface    ) [ 000000000000]
specinterface_ln0       (specinterface    ) [ 000000000000]
p_c_read                (read             ) [ 001111111111]
p_chin_read             (read             ) [ 001111111111]
p_chout_read            (read             ) [ 000000000000]
p_k_read                (read             ) [ 001111111111]
p_r_read                (read             ) [ 000000000000]
specinterface_ln0       (specinterface    ) [ 000000000000]
write_ln119             (write            ) [ 000000000000]
specinterface_ln0       (specinterface    ) [ 000000000000]
write_ln119             (write            ) [ 000000000000]
specinterface_ln0       (specinterface    ) [ 000000000000]
write_ln119             (write            ) [ 000000000000]
specinterface_ln0       (specinterface    ) [ 000000000000]
write_ln122             (write            ) [ 000000000000]
specinterface_ln0       (specinterface    ) [ 000000000000]
write_ln122             (write            ) [ 000000000000]
specinterface_ln0       (specinterface    ) [ 000000000000]
write_ln130             (write            ) [ 000000000000]
specinterface_ln0       (specinterface    ) [ 000000000000]
write_ln124             (write            ) [ 000000000000]
specinterface_ln0       (specinterface    ) [ 000000000000]
write_ln124             (write            ) [ 000000000000]
add_ln207_5_loc_read    (read             ) [ 000000000000]
add_ln207_2_loc_read    (read             ) [ 000000000000]
icmp_ln130              (icmp             ) [ 000000000000]
icmp_ln130_1            (icmp             ) [ 000000000000]
and_ln130               (and              ) [ 001111111111]
br_ln119                (br               ) [ 011111111111]
col_0_i_i_i             (phi              ) [ 001000000000]
zext_ln119              (zext             ) [ 000000000000]
icmp_ln119              (icmp             ) [ 001111111111]
col                     (add              ) [ 011111111111]
br_ln119                (br               ) [ 000000000000]
tmp_10_i_i_i            (specregionbegin  ) [ 000111111111]
speclooptripcount_ln120 (speclooptripcount) [ 000000000000]
br_ln122                (br               ) [ 001111111111]
ret_ln0                 (ret              ) [ 000000000000]
tmp_1                   (phi              ) [ 000111111111]
chi_0_i_i_i             (phi              ) [ 000100000000]
zext_ln122              (zext             ) [ 000000000000]
icmp_ln122              (icmp             ) [ 001111111111]
chi                     (add              ) [ 001111111111]
br_ln122                (br               ) [ 000000000000]
tmp_11_i_i_i            (specregionbegin  ) [ 000011111111]
speclooptripcount_ln123 (speclooptripcount) [ 000000000000]
br_ln124                (br               ) [ 001111111111]
write_ln139             (write            ) [ 000000000000]
empty_224               (specregionend    ) [ 000000000000]
br_ln119                (br               ) [ 011111111111]
p_0_1_i_i_i             (phi              ) [ 001111111111]
kr_0_i_i_i              (phi              ) [ 000010000000]
zext_ln124              (zext             ) [ 000000000000]
icmp_ln124              (icmp             ) [ 001111111111]
kr                      (add              ) [ 001111111111]
br_ln124                (br               ) [ 000000000000]
tmp_12_i_i_i            (specregionbegin  ) [ 000001111111]
speclooptripcount_ln125 (speclooptripcount) [ 000000000000]
br_ln126                (br               ) [ 001111111111]
empty_223               (specregionend    ) [ 000000000000]
br_ln122                (br               ) [ 001111111111]
p_0_2_i_i_i             (phi              ) [ 001111111111]
kc_0_i_i_i              (phi              ) [ 000001000000]
icmp_ln126              (icmp             ) [ 001111111111]
kc                      (add              ) [ 001111111111]
br_ln126                (br               ) [ 000000000000]
tmp_18                  (read             ) [ 000000110000]
tmp                     (read             ) [ 000000110000]
write_ln134             (write            ) [ 000000000000]
write_ln135             (write            ) [ 000000000000]
empty_222               (specregionend    ) [ 000000000000]
br_ln124                (br               ) [ 001111111111]
tmp_4_i_i_i             (fmul             ) [ 000000001111]
tmp_13_i_i_i            (specregionbegin  ) [ 000000000000]
speclooptripcount_ln127 (speclooptripcount) [ 000000000000]
O_temp                  (fadd             ) [ 000000000000]
O_temp_1                (select           ) [ 001111111111]
empty                   (specregionend    ) [ 000000000000]
br_ln126                (br               ) [ 001111111111]
</LifeTime>

<model>

<comp_list>
<comp id="0" class="1000" name="W_inter_3_3">
<pin_list>
<pin id="1" dir="1" index="0" bw="1" slack="0"/>
</pin_list>
<bind>
<StgValue><ssdm name="W_inter_3_3"/></StgValue>
</bind>
</comp>

<comp id="2" class="1000" name="In_inter_3_3">
<pin_list>
<pin id="3" dir="1" index="0" bw="1" slack="0"/>
</pin_list>
<bind>
<StgValue><ssdm name="In_inter_3_3"/></StgValue>
</bind>
</comp>

<comp id="4" class="1000" name="W_inter_4_3">
<pin_list>
<pin id="5" dir="1" index="0" bw="1" slack="0"/>
</pin_list>
<bind>
<StgValue><ssdm name="W_inter_4_3"/></StgValue>
</bind>
</comp>

<comp id="6" class="1000" name="In_inter_3_4">
<pin_list>
<pin id="7" dir="1" index="0" bw="1" slack="0"/>
</pin_list>
<bind>
<StgValue><ssdm name="In_inter_3_4"/></StgValue>
</bind>
</comp>

<comp id="8" class="1000" name="add_ln207_5_loc">
<pin_list>
<pin id="9" dir="1" index="0" bw="1" slack="0"/>
</pin_list>
<bind>
<StgValue><ssdm name="add_ln207_5_loc"/></StgValue>
</bind>
</comp>

<comp id="10" class="1000" name="add_ln207_2_loc">
<pin_list>
<pin id="11" dir="1" index="0" bw="1" slack="0"/>
</pin_list>
<bind>
<StgValue><ssdm name="add_ln207_2_loc"/></StgValue>
</bind>
</comp>

<comp id="12" class="1000" name="O_inter_3_3">
<pin_list>
<pin id="13" dir="1" index="0" bw="1" slack="0"/>
</pin_list>
<bind>
<StgValue><ssdm name="O_inter_3_3"/></StgValue>
</bind>
</comp>

<comp id="14" class="1000" name="p_c_s">
<pin_list>
<pin id="15" dir="1" index="0" bw="1" slack="0"/>
</pin_list>
<bind>
<StgValue><ssdm name="p_c_s"/></StgValue>
</bind>
</comp>

<comp id="16" class="1000" name="p_chin_s">
<pin_list>
<pin id="17" dir="1" index="0" bw="1" slack="0"/>
</pin_list>
<bind>
<StgValue><ssdm name="p_chin_s"/></StgValue>
</bind>
</comp>

<comp id="18" class="1000" name="p_chout_s">
<pin_list>
<pin id="19" dir="1" index="0" bw="1" slack="0"/>
</pin_list>
<bind>
<StgValue><ssdm name="p_chout_s"/></StgValue>
</bind>
</comp>

<comp id="20" class="1000" name="p_k_s">
<pin_list>
<pin id="21" dir="1" index="0" bw="1" slack="0"/>
</pin_list>
<bind>
<StgValue><ssdm name="p_k_s"/></StgValue>
</bind>
</comp>

<comp id="22" class="1000" name="p_r_s">
<pin_list>
<pin id="23" dir="1" index="0" bw="1" slack="0"/>
</pin_list>
<bind>
<StgValue><ssdm name="p_r_s"/></StgValue>
</bind>
</comp>

<comp id="24" class="1000" name="p_c_out">
<pin_list>
<pin id="25" dir="1" index="0" bw="1" slack="0"/>
</pin_list>
<bind>
<StgValue><ssdm name="p_c_out"/></StgValue>
</bind>
</comp>

<comp id="26" class="1000" name="p_c_out1">
<pin_list>
<pin id="27" dir="1" index="0" bw="1" slack="0"/>
</pin_list>
<bind>
<StgValue><ssdm name="p_c_out1"/></StgValue>
</bind>
</comp>

<comp id="28" class="1000" name="p_c_out2">
<pin_list>
<pin id="29" dir="1" index="0" bw="1" slack="0"/>
</pin_list>
<bind>
<StgValue><ssdm name="p_c_out2"/></StgValue>
</bind>
</comp>

<comp id="30" class="1000" name="p_chin_out">
<pin_list>
<pin id="31" dir="1" index="0" bw="1" slack="0"/>
</pin_list>
<bind>
<StgValue><ssdm name="p_chin_out"/></StgValue>
</bind>
</comp>

<comp id="32" class="1000" name="p_chin_out3">
<pin_list>
<pin id="33" dir="1" index="0" bw="1" slack="0"/>
</pin_list>
<bind>
<StgValue><ssdm name="p_chin_out3"/></StgValue>
</bind>
</comp>

<comp id="34" class="1000" name="p_chout_out">
<pin_list>
<pin id="35" dir="1" index="0" bw="1" slack="0"/>
</pin_list>
<bind>
<StgValue><ssdm name="p_chout_out"/></StgValue>
</bind>
</comp>

<comp id="36" class="1000" name="p_k_out">
<pin_list>
<pin id="37" dir="1" index="0" bw="1" slack="0"/>
</pin_list>
<bind>
<StgValue><ssdm name="p_k_out"/></StgValue>
</bind>
</comp>

<comp id="38" class="1000" name="p_k_out4">
<pin_list>
<pin id="39" dir="1" index="0" bw="1" slack="0"/>
</pin_list>
<bind>
<StgValue><ssdm name="p_k_out4"/></StgValue>
</bind>
</comp>

<comp id="40" class="1001" name="const_40">
<pin_list>
<pin id="41" dir="1" index="0" bw="1" slack="2147483647"/>
</pin_list>
<bind>
<StgValue><ssdm name="_ssdm_op_SpecInterface"/></StgValue>
</bind>
</comp>

<comp id="42" class="1001" name="const_42">
<pin_list>
<pin id="43" dir="1" index="0" bw="1" slack="2147483647"/>
</pin_list>
<bind>
<StgValue><ssdm name="ap_fifo_str"/></StgValue>
</bind>
</comp>

<comp id="44" class="1001" name="const_44">
<pin_list>
<pin id="45" dir="1" index="0" bw="1" slack="1"/>
</pin_list>
<bind>
<StgValue><ssdm name=""/></StgValue>
</bind>
</comp>

<comp id="46" class="1001" name="const_46">
<pin_list>
<pin id="47" dir="1" index="0" bw="1" slack="2147483647"/>
</pin_list>
<bind>
<StgValue><ssdm name="p_str"/></StgValue>
</bind>
</comp>

<comp id="48" class="1001" name="const_48">
<pin_list>
<pin id="49" dir="1" index="0" bw="1" slack="2147483647"/>
</pin_list>
<bind>
<StgValue><ssdm name=""/></StgValue>
</bind>
</comp>

<comp id="50" class="1001" name="const_50">
<pin_list>
<pin id="51" dir="1" index="0" bw="1" slack="2147483647"/>
</pin_list>
<bind>
<StgValue><ssdm name=""/></StgValue>
</bind>
</comp>

<comp id="52" class="1001" name="const_52">
<pin_list>
<pin id="53" dir="1" index="0" bw="1" slack="2147483647"/>
</pin_list>
<bind>
<StgValue><ssdm name="ScalarProp_str"/></StgValue>
</bind>
</comp>

<comp id="54" class="1001" name="const_54">
<pin_list>
<pin id="55" dir="1" index="0" bw="1" slack="0"/>
</pin_list>
<bind>
<StgValue><ssdm name="_ssdm_op_Read.ap_fifo.i32P"/></StgValue>
</bind>
</comp>

<comp id="56" class="1001" name="const_56">
<pin_list>
<pin id="57" dir="1" index="0" bw="1" slack="0"/>
</pin_list>
<bind>
<StgValue><ssdm name="_ssdm_op_Write.ap_fifo.i32P"/></StgValue>
</bind>
</comp>

<comp id="58" class="1001" name="const_58">
<pin_list>
<pin id="59" dir="1" index="0" bw="1" slack="1"/>
</pin_list>
<bind>
<StgValue><ssdm name=""/></StgValue>
</bind>
</comp>

<comp id="60" class="1001" name="const_60">
<pin_list>
<pin id="61" dir="1" index="0" bw="1" slack="0"/>
</pin_list>
<bind>
<StgValue><ssdm name=""/></StgValue>
</bind>
</comp>

<comp id="62" class="1001" name="const_62">
<pin_list>
<pin id="63" dir="1" index="0" bw="1" slack="2147483647"/>
</pin_list>
<bind>
<StgValue><ssdm name="_ssdm_op_SpecRegionBegin"/></StgValue>
</bind>
</comp>

<comp id="64" class="1001" name="const_64">
<pin_list>
<pin id="65" dir="1" index="0" bw="1" slack="2147483647"/>
</pin_list>
<bind>
<StgValue><ssdm name="p_str10"/></StgValue>
</bind>
</comp>

<comp id="66" class="1001" name="const_66">
<pin_list>
<pin id="67" dir="1" index="0" bw="1" slack="2147483647"/>
</pin_list>
<bind>
<StgValue><ssdm name="_ssdm_op_SpecLoopTripCount"/></StgValue>
</bind>
</comp>

<comp id="68" class="1001" name="const_68">
<pin_list>
<pin id="69" dir="1" index="0" bw="1" slack="0"/>
</pin_list>
<bind>
<StgValue><ssdm name=""/></StgValue>
</bind>
</comp>

<comp id="70" class="1001" name="const_70">
<pin_list>
<pin id="71" dir="1" index="0" bw="1" slack="2147483647"/>
</pin_list>
<bind>
<StgValue><ssdm name=""/></StgValue>
</bind>
</comp>

<comp id="72" class="1001" name="const_72">
<pin_list>
<pin id="73" dir="1" index="0" bw="1" slack="2147483647"/>
</pin_list>
<bind>
<StgValue><ssdm name=""/></StgValue>
</bind>
</comp>

<comp id="74" class="1001" name="const_74">
<pin_list>
<pin id="75" dir="1" index="0" bw="1" slack="1"/>
</pin_list>
<bind>
<StgValue><ssdm name=""/></StgValue>
</bind>
</comp>

<comp id="76" class="1001" name="const_76">
<pin_list>
<pin id="77" dir="1" index="0" bw="1" slack="2147483647"/>
</pin_list>
<bind>
<StgValue><ssdm name="p_str11"/></StgValue>
</bind>
</comp>

<comp id="78" class="1001" name="const_78">
<pin_list>
<pin id="79" dir="1" index="0" bw="1" slack="0"/>
</pin_list>
<bind>
<StgValue><ssdm name="_ssdm_op_Write.ap_fifo.volatile.floatP"/></StgValue>
</bind>
</comp>

<comp id="80" class="1001" name="const_80">
<pin_list>
<pin id="81" dir="1" index="0" bw="1" slack="2147483647"/>
</pin_list>
<bind>
<StgValue><ssdm name="_ssdm_op_SpecRegionEnd"/></StgValue>
</bind>
</comp>

<comp id="82" class="1001" name="const_82">
<pin_list>
<pin id="83" dir="1" index="0" bw="1" slack="2147483647"/>
</pin_list>
<bind>
<StgValue><ssdm name="p_str12"/></StgValue>
</bind>
</comp>

<comp id="84" class="1001" name="const_84">
<pin_list>
<pin id="85" dir="1" index="0" bw="1" slack="0"/>
</pin_list>
<bind>
<StgValue><ssdm name="_ssdm_op_Read.ap_fifo.volatile.floatP"/></StgValue>
</bind>
</comp>

<comp id="86" class="1001" name="const_86">
<pin_list>
<pin id="87" dir="1" index="0" bw="1" slack="2147483647"/>
</pin_list>
<bind>
<StgValue><ssdm name="p_str13"/></StgValue>
</bind>
</comp>

<comp id="88" class="1004" name="p_c_read_read_fu_88">
<pin_list>
<pin id="89" dir="0" index="0" bw="32" slack="0"/>
<pin id="90" dir="0" index="1" bw="32" slack="0"/>
<pin id="91" dir="1" index="2" bw="32" slack="0"/>
</pin_list>
<bind>
<opcode="read(1150) " fcode="read"/>
<opset="p_c_read/1 "/>
</bind>
</comp>

<comp id="94" class="1004" name="p_chin_read_read_fu_94">
<pin_list>
<pin id="95" dir="0" index="0" bw="32" slack="0"/>
<pin id="96" dir="0" index="1" bw="32" slack="0"/>
<pin id="97" dir="1" index="2" bw="32" slack="0"/>
</pin_list>
<bind>
<opcode="read(1150) " fcode="read"/>
<opset="p_chin_read/1 "/>
</bind>
</comp>

<comp id="100" class="1004" name="p_chout_read_read_fu_100">
<pin_list>
<pin id="101" dir="0" index="0" bw="32" slack="0"/>
<pin id="102" dir="0" index="1" bw="32" slack="0"/>
<pin id="103" dir="1" index="2" bw="32" slack="0"/>
</pin_list>
<bind>
<opcode="read(1150) " fcode="read"/>
<opset="p_chout_read/1 "/>
</bind>
</comp>

<comp id="106" class="1004" name="p_k_read_read_fu_106">
<pin_list>
<pin id="107" dir="0" index="0" bw="32" slack="0"/>
<pin id="108" dir="0" index="1" bw="32" slack="0"/>
<pin id="109" dir="1" index="2" bw="32" slack="0"/>
</pin_list>
<bind>
<opcode="read(1150) " fcode="read"/>
<opset="p_k_read/1 "/>
</bind>
</comp>

<comp id="112" class="1004" name="p_r_read_read_fu_112">
<pin_list>
<pin id="113" dir="0" index="0" bw="32" slack="0"/>
<pin id="114" dir="0" index="1" bw="32" slack="0"/>
<pin id="115" dir="1" index="2" bw="32" slack="0"/>
</pin_list>
<bind>
<opcode="read(1150) " fcode="read"/>
<opset="p_r_read/1 "/>
</bind>
</comp>

<comp id="118" class="1004" name="write_ln119_write_fu_118">
<pin_list>
<pin id="119" dir="0" index="0" bw="0" slack="0"/>
<pin id="120" dir="0" index="1" bw="32" slack="0"/>
<pin id="121" dir="0" index="2" bw="32" slack="0"/>
<pin id="122" dir="1" index="3" bw="0" slack="2147483647"/>
</pin_list>
<bind>
<opcode="write(1151) " fcode="write"/>
<opset="write_ln119/1 "/>
</bind>
</comp>

<comp id="126" class="1004" name="write_ln119_write_fu_126">
<pin_list>
<pin id="127" dir="0" index="0" bw="0" slack="0"/>
<pin id="128" dir="0" index="1" bw="32" slack="0"/>
<pin id="129" dir="0" index="2" bw="32" slack="0"/>
<pin id="130" dir="1" index="3" bw="0" slack="2147483647"/>
</pin_list>
<bind>
<opcode="write(1151) " fcode="write"/>
<opset="write_ln119/1 "/>
</bind>
</comp>

<comp id="134" class="1004" name="write_ln119_write_fu_134">
<pin_list>
<pin id="135" dir="0" index="0" bw="0" slack="0"/>
<pin id="136" dir="0" index="1" bw="32" slack="0"/>
<pin id="137" dir="0" index="2" bw="32" slack="0"/>
<pin id="138" dir="1" index="3" bw="0" slack="2147483647"/>
</pin_list>
<bind>
<opcode="write(1151) " fcode="write"/>
<opset="write_ln119/1 "/>
</bind>
</comp>

<comp id="142" class="1004" name="write_ln122_write_fu_142">
<pin_list>
<pin id="143" dir="0" index="0" bw="0" slack="0"/>
<pin id="144" dir="0" index="1" bw="32" slack="0"/>
<pin id="145" dir="0" index="2" bw="32" slack="0"/>
<pin id="146" dir="1" index="3" bw="0" slack="2147483647"/>
</pin_list>
<bind>
<opcode="write(1151) " fcode="write"/>
<opset="write_ln122/1 "/>
</bind>
</comp>

<comp id="150" class="1004" name="write_ln122_write_fu_150">
<pin_list>
<pin id="151" dir="0" index="0" bw="0" slack="0"/>
<pin id="152" dir="0" index="1" bw="32" slack="0"/>
<pin id="153" dir="0" index="2" bw="32" slack="0"/>
<pin id="154" dir="1" index="3" bw="0" slack="2147483647"/>
</pin_list>
<bind>
<opcode="write(1151) " fcode="write"/>
<opset="write_ln122/1 "/>
</bind>
</comp>

<comp id="158" class="1004" name="write_ln130_write_fu_158">
<pin_list>
<pin id="159" dir="0" index="0" bw="0" slack="0"/>
<pin id="160" dir="0" index="1" bw="32" slack="0"/>
<pin id="161" dir="0" index="2" bw="32" slack="0"/>
<pin id="162" dir="1" index="3" bw="0" slack="2147483647"/>
</pin_list>
<bind>
<opcode="write(1151) " fcode="write"/>
<opset="write_ln130/1 "/>
</bind>
</comp>

<comp id="166" class="1004" name="write_ln124_write_fu_166">
<pin_list>
<pin id="167" dir="0" index="0" bw="0" slack="0"/>
<pin id="168" dir="0" index="1" bw="32" slack="0"/>
<pin id="169" dir="0" index="2" bw="32" slack="0"/>
<pin id="170" dir="1" index="3" bw="0" slack="2147483647"/>
</pin_list>
<bind>
<opcode="write(1151) " fcode="write"/>
<opset="write_ln124/1 "/>
</bind>
</comp>

<comp id="174" class="1004" name="write_ln124_write_fu_174">
<pin_list>
<pin id="175" dir="0" index="0" bw="0" slack="0"/>
<pin id="176" dir="0" index="1" bw="32" slack="0"/>
<pin id="177" dir="0" index="2" bw="32" slack="0"/>
<pin id="178" dir="1" index="3" bw="0" slack="2147483647"/>
</pin_list>
<bind>
<opcode="write(1151) " fcode="write"/>
<opset="write_ln124/1 "/>
</bind>
</comp>

<comp id="182" class="1004" name="add_ln207_5_loc_read_read_fu_182">
<pin_list>
<pin id="183" dir="0" index="0" bw="32" slack="0"/>
<pin id="184" dir="0" index="1" bw="32" slack="0"/>
<pin id="185" dir="1" index="2" bw="32" slack="0"/>
</pin_list>
<bind>
<opcode="read(1150) " fcode="read"/>
<opset="add_ln207_5_loc_read/1 "/>
</bind>
</comp>

<comp id="188" class="1004" name="add_ln207_2_loc_read_read_fu_188">
<pin_list>
<pin id="189" dir="0" index="0" bw="32" slack="0"/>
<pin id="190" dir="0" index="1" bw="32" slack="0"/>
<pin id="191" dir="1" index="2" bw="32" slack="0"/>
</pin_list>
<bind>
<opcode="read(1150) " fcode="read"/>
<opset="add_ln207_2_loc_read/1 "/>
</bind>
</comp>

<comp id="194" class="1004" name="write_ln139_write_fu_194">
<pin_list>
<pin id="195" dir="0" index="0" bw="0" slack="0"/>
<pin id="196" dir="0" index="1" bw="32" slack="0"/>
<pin id="197" dir="0" index="2" bw="32" slack="0"/>
<pin id="198" dir="1" index="3" bw="0" slack="2147483647"/>
</pin_list>
<bind>
<opcode="write(1151) " fcode="write"/>
<opset="write_ln139/3 "/>
</bind>
</comp>

<comp id="201" class="1004" name="tmp_18_read_fu_201">
<pin_list>
<pin id="202" dir="0" index="0" bw="32" slack="0"/>
<pin id="203" dir="0" index="1" bw="32" slack="0"/>
<pin id="204" dir="1" index="2" bw="32" slack="0"/>
</pin_list>
<bind>
<opcode="read(1150) " fcode="read"/>
<opset="tmp_18/5 "/>
</bind>
</comp>

<comp id="207" class="1004" name="tmp_read_fu_207">
<pin_list>
<pin id="208" dir="0" index="0" bw="32" slack="0"/>
<pin id="209" dir="0" index="1" bw="32" slack="0"/>
<pin id="210" dir="1" index="2" bw="32" slack="0"/>
</pin_list>
<bind>
<opcode="read(1150) " fcode="read"/>
<opset="tmp/5 "/>
</bind>
</comp>

<comp id="213" class="1004" name="write_ln134_write_fu_213">
<pin_list>
<pin id="214" dir="0" index="0" bw="0" slack="0"/>
<pin id="215" dir="0" index="1" bw="32" slack="0"/>
<pin id="216" dir="0" index="2" bw="32" slack="0"/>
<pin id="217" dir="1" index="3" bw="0" slack="2147483647"/>
</pin_list>
<bind>
<opcode="write(1151) " fcode="write"/>
<opset="write_ln134/5 "/>
</bind>
</comp>

<comp id="221" class="1004" name="write_ln135_write_fu_221">
<pin_list>
<pin id="222" dir="0" index="0" bw="0" slack="0"/>
<pin id="223" dir="0" index="1" bw="32" slack="0"/>
<pin id="224" dir="0" index="2" bw="32" slack="0"/>
<pin id="225" dir="1" index="3" bw="0" slack="2147483647"/>
</pin_list>
<bind>
<opcode="write(1151) " fcode="write"/>
<opset="write_ln135/5 "/>
</bind>
</comp>

<comp id="229" class="1005" name="col_0_i_i_i_reg_229">
<pin_list>
<pin id="230" dir="0" index="0" bw="31" slack="1"/>
<pin id="231" dir="1" index="1" bw="31" slack="1"/>
</pin_list>
<bind>
<opset="col_0_i_i_i (phireg) "/>
</bind>
</comp>

<comp id="233" class="1004" name="col_0_i_i_i_phi_fu_233">
<pin_list>
<pin id="234" dir="0" index="0" bw="1" slack="1"/>
<pin id="235" dir="0" index="1" bw="0" slack="2147483647"/>
<pin id="236" dir="0" index="2" bw="31" slack="0"/>
<pin id="237" dir="0" index="3" bw="0" slack="2147483647"/>
<pin id="238" dir="1" index="4" bw="31" slack="0"/>
</pin_list>
<bind>
<opcode="phi(47) " fcode="phi"/>
<opset="col_0_i_i_i/2 "/>
</bind>
</comp>

<comp id="240" class="1005" name="tmp_1_reg_240">
<pin_list>
<pin id="241" dir="0" index="0" bw="32" slack="1"/>
<pin id="242" dir="1" index="1" bw="32" slack="1"/>
</pin_list>
<bind>
<opset="tmp_1 (phireg) "/>
</bind>
</comp>

<comp id="244" class="1004" name="tmp_1_phi_fu_244">
<pin_list>
<pin id="245" dir="0" index="0" bw="32" slack="1"/>
<pin id="246" dir="0" index="1" bw="0" slack="2147483647"/>
<pin id="247" dir="0" index="2" bw="32" slack="1"/>
<pin id="248" dir="0" index="3" bw="0" slack="2147483647"/>
<pin id="249" dir="1" index="4" bw="32" slack="0"/>
</pin_list>
<bind>
<opcode="phi(47) " fcode="phi"/>
<opset="tmp_1/3 "/>
</bind>
</comp>

<comp id="253" class="1005" name="chi_0_i_i_i_reg_253">
<pin_list>
<pin id="254" dir="0" index="0" bw="31" slack="1"/>
<pin id="255" dir="1" index="1" bw="31" slack="1"/>
</pin_list>
<bind>
<opset="chi_0_i_i_i (phireg) "/>
</bind>
</comp>

<comp id="257" class="1004" name="chi_0_i_i_i_phi_fu_257">
<pin_list>
<pin id="258" dir="0" index="0" bw="1" slack="1"/>
<pin id="259" dir="0" index="1" bw="0" slack="2147483647"/>
<pin id="260" dir="0" index="2" bw="31" slack="0"/>
<pin id="261" dir="0" index="3" bw="0" slack="2147483647"/>
<pin id="262" dir="1" index="4" bw="31" slack="0"/>
</pin_list>
<bind>
<opcode="phi(47) " fcode="phi"/>
<opset="chi_0_i_i_i/3 "/>
</bind>
</comp>

<comp id="264" class="1005" name="p_0_1_i_i_i_reg_264">
<pin_list>
<pin id="265" dir="0" index="0" bw="32" slack="1"/>
<pin id="266" dir="1" index="1" bw="32" slack="1"/>
</pin_list>
<bind>
<opset="p_0_1_i_i_i (phireg) "/>
</bind>
</comp>

<comp id="268" class="1004" name="p_0_1_i_i_i_phi_fu_268">
<pin_list>
<pin id="269" dir="0" index="0" bw="32" slack="1"/>
<pin id="270" dir="0" index="1" bw="0" slack="2147483647"/>
<pin id="271" dir="0" index="2" bw="32" slack="1"/>
<pin id="272" dir="0" index="3" bw="0" slack="2147483647"/>
<pin id="273" dir="1" index="4" bw="32" slack="1"/>
</pin_list>
<bind>
<opcode="phi(47) " fcode="phi"/>
<opset="p_0_1_i_i_i/4 "/>
</bind>
</comp>

<comp id="276" class="1005" name="kr_0_i_i_i_reg_276">
<pin_list>
<pin id="277" dir="0" index="0" bw="31" slack="1"/>
<pin id="278" dir="1" index="1" bw="31" slack="1"/>
</pin_list>
<bind>
<opset="kr_0_i_i_i (phireg) "/>
</bind>
</comp>

<comp id="280" class="1004" name="kr_0_i_i_i_phi_fu_280">
<pin_list>
<pin id="281" dir="0" index="0" bw="1" slack="1"/>
<pin id="282" dir="0" index="1" bw="0" slack="2147483647"/>
<pin id="283" dir="0" index="2" bw="31" slack="0"/>
<pin id="284" dir="0" index="3" bw="0" slack="2147483647"/>
<pin id="285" dir="1" index="4" bw="31" slack="0"/>
</pin_list>
<bind>
<opcode="phi(47) " fcode="phi"/>
<opset="kr_0_i_i_i/4 "/>
</bind>
</comp>

<comp id="287" class="1005" name="p_0_2_i_i_i_reg_287">
<pin_list>
<pin id="288" dir="0" index="0" bw="32" slack="1"/>
<pin id="289" dir="1" index="1" bw="32" slack="1"/>
</pin_list>
<bind>
<opset="p_0_2_i_i_i (phireg) "/>
</bind>
</comp>

<comp id="291" class="1004" name="p_0_2_i_i_i_phi_fu_291">
<pin_list>
<pin id="292" dir="0" index="0" bw="32" slack="1"/>
<pin id="293" dir="0" index="1" bw="0" slack="2147483647"/>
<pin id="294" dir="0" index="2" bw="32" slack="1"/>
<pin id="295" dir="0" index="3" bw="0" slack="2147483647"/>
<pin id="296" dir="1" index="4" bw="32" slack="1"/>
</pin_list>
<bind>
<opcode="phi(47) " fcode="phi"/>
<opset="p_0_2_i_i_i/5 "/>
</bind>
</comp>

<comp id="299" class="1005" name="kc_0_i_i_i_reg_299">
<pin_list>
<pin id="300" dir="0" index="0" bw="32" slack="1"/>
<pin id="301" dir="1" index="1" bw="32" slack="1"/>
</pin_list>
<bind>
<opset="kc_0_i_i_i (phireg) "/>
</bind>
</comp>

<comp id="303" class="1004" name="kc_0_i_i_i_phi_fu_303">
<pin_list>
<pin id="304" dir="0" index="0" bw="1" slack="1"/>
<pin id="305" dir="0" index="1" bw="0" slack="2147483647"/>
<pin id="306" dir="0" index="2" bw="32" slack="0"/>
<pin id="307" dir="0" index="3" bw="0" slack="2147483647"/>
<pin id="308" dir="1" index="4" bw="32" slack="0"/>
</pin_list>
<bind>
<opcode="phi(47) " fcode="phi"/>
<opset="kc_0_i_i_i/5 "/>
</bind>
</comp>

<comp id="310" class="1004" name="grp_fu_310">
<pin_list>
<pin id="311" dir="0" index="0" bw="32" slack="3"/>
<pin id="312" dir="0" index="1" bw="32" slack="1"/>
<pin id="313" dir="1" index="2" bw="32" slack="0"/>
</pin_list>
<bind>
<opcode="fadd(9) " fcode="fadd"/>
<opset="O_temp/8 "/>
</bind>
</comp>

<comp id="315" class="1004" name="grp_fu_315">
<pin_list>
<pin id="316" dir="0" index="0" bw="32" slack="1"/>
<pin id="317" dir="0" index="1" bw="32" slack="1"/>
<pin id="318" dir="1" index="2" bw="32" slack="1"/>
</pin_list>
<bind>
<opcode="fmul(13) " fcode="fmul"/>
<opset="tmp_4_i_i_i/6 "/>
</bind>
</comp>

<comp id="319" class="1004" name="icmp_ln130_fu_319">
<pin_list>
<pin id="320" dir="0" index="0" bw="32" slack="0"/>
<pin id="321" dir="0" index="1" bw="32" slack="0"/>
<pin id="322" dir="1" index="2" bw="1" slack="0"/>
</pin_list>
<bind>
<opcode="icmp(45) " fcode="icmp"/>
<opset="icmp_ln130/1 "/>
</bind>
</comp>

<comp id="325" class="1004" name="icmp_ln130_1_fu_325">
<pin_list>
<pin id="326" dir="0" index="0" bw="32" slack="0"/>
<pin id="327" dir="0" index="1" bw="32" slack="0"/>
<pin id="328" dir="1" index="2" bw="1" slack="0"/>
</pin_list>
<bind>
<opcode="icmp(45) " fcode="icmp"/>
<opset="icmp_ln130_1/1 "/>
</bind>
</comp>

<comp id="331" class="1004" name="and_ln130_fu_331">
<pin_list>
<pin id="332" dir="0" index="0" bw="1" slack="0"/>
<pin id="333" dir="0" index="1" bw="1" slack="0"/>
<pin id="334" dir="1" index="2" bw="1" slack="5"/>
</pin_list>
<bind>
<opcode="and(23) " fcode="and"/>
<opset="and_ln130/1 "/>
</bind>
</comp>

<comp id="337" class="1004" name="zext_ln119_fu_337">
<pin_list>
<pin id="338" dir="0" index="0" bw="31" slack="0"/>
<pin id="339" dir="1" index="1" bw="32" slack="0"/>
</pin_list>
<bind>
<opcode="zext(34) " fcode="zext"/>
<opset="zext_ln119/2 "/>
</bind>
</comp>

<comp id="341" class="1004" name="icmp_ln119_fu_341">
<pin_list>
<pin id="342" dir="0" index="0" bw="31" slack="0"/>
<pin id="343" dir="0" index="1" bw="32" slack="1"/>
<pin id="344" dir="1" index="2" bw="1" slack="2147483647"/>
</pin_list>
<bind>
<opcode="icmp(45) " fcode="icmp"/>
<opset="icmp_ln119/2 "/>
</bind>
</comp>

<comp id="346" class="1004" name="col_fu_346">
<pin_list>
<pin id="347" dir="0" index="0" bw="31" slack="0"/>
<pin id="348" dir="0" index="1" bw="1" slack="0"/>
<pin id="349" dir="1" index="2" bw="31" slack="0"/>
</pin_list>
<bind>
<opcode="add(8) " fcode="add"/>
<opset="col/2 "/>
</bind>
</comp>

<comp id="352" class="1004" name="zext_ln122_fu_352">
<pin_list>
<pin id="353" dir="0" index="0" bw="31" slack="0"/>
<pin id="354" dir="1" index="1" bw="32" slack="0"/>
</pin_list>
<bind>
<opcode="zext(34) " fcode="zext"/>
<opset="zext_ln122/3 "/>
</bind>
</comp>

<comp id="356" class="1004" name="icmp_ln122_fu_356">
<pin_list>
<pin id="357" dir="0" index="0" bw="31" slack="0"/>
<pin id="358" dir="0" index="1" bw="32" slack="2"/>
<pin id="359" dir="1" index="2" bw="1" slack="2147483647"/>
</pin_list>
<bind>
<opcode="icmp(45) " fcode="icmp"/>
<opset="icmp_ln122/3 "/>
</bind>
</comp>

<comp id="361" class="1004" name="chi_fu_361">
<pin_list>
<pin id="362" dir="0" index="0" bw="31" slack="0"/>
<pin id="363" dir="0" index="1" bw="1" slack="0"/>
<pin id="364" dir="1" index="2" bw="31" slack="0"/>
</pin_list>
<bind>
<opcode="add(8) " fcode="add"/>
<opset="chi/3 "/>
</bind>
</comp>

<comp id="367" class="1004" name="zext_ln124_fu_367">
<pin_list>
<pin id="368" dir="0" index="0" bw="31" slack="0"/>
<pin id="369" dir="1" index="1" bw="32" slack="0"/>
</pin_list>
<bind>
<opcode="zext(34) " fcode="zext"/>
<opset="zext_ln124/4 "/>
</bind>
</comp>

<comp id="371" class="1004" name="icmp_ln124_fu_371">
<pin_list>
<pin id="372" dir="0" index="0" bw="31" slack="0"/>
<pin id="373" dir="0" index="1" bw="32" slack="3"/>
<pin id="374" dir="1" index="2" bw="1" slack="2147483647"/>
</pin_list>
<bind>
<opcode="icmp(45) " fcode="icmp"/>
<opset="icmp_ln124/4 "/>
</bind>
</comp>

<comp id="376" class="1004" name="kr_fu_376">
<pin_list>
<pin id="377" dir="0" index="0" bw="31" slack="0"/>
<pin id="378" dir="0" index="1" bw="1" slack="0"/>
<pin id="379" dir="1" index="2" bw="31" slack="0"/>
</pin_list>
<bind>
<opcode="add(8) " fcode="add"/>
<opset="kr/4 "/>
</bind>
</comp>

<comp id="382" class="1004" name="icmp_ln126_fu_382">
<pin_list>
<pin id="383" dir="0" index="0" bw="32" slack="0"/>
<pin id="384" dir="0" index="1" bw="32" slack="4"/>
<pin id="385" dir="1" index="2" bw="1" slack="2147483647"/>
</pin_list>
<bind>
<opcode="icmp(45) " fcode="icmp"/>
<opset="icmp_ln126/5 "/>
</bind>
</comp>

<comp id="387" class="1004" name="kc_fu_387">
<pin_list>
<pin id="388" dir="0" index="0" bw="32" slack="0"/>
<pin id="389" dir="0" index="1" bw="1" slack="0"/>
<pin id="390" dir="1" index="2" bw="32" slack="0"/>
</pin_list>
<bind>
<opcode="add(8) " fcode="add"/>
<opset="kc/5 "/>
</bind>
</comp>

<comp id="393" class="1004" name="O_temp_1_fu_393">
<pin_list>
<pin id="394" dir="0" index="0" bw="1" slack="10"/>
<pin id="395" dir="0" index="1" bw="32" slack="0"/>
<pin id="396" dir="0" index="2" bw="32" slack="6"/>
<pin id="397" dir="1" index="3" bw="32" slack="1"/>
</pin_list>
<bind>
<opcode="select(49) " fcode="select"/>
<opset="O_temp_1/11 "/>
</bind>
</comp>

<comp id="400" class="1005" name="p_c_read_reg_400">
<pin_list>
<pin id="401" dir="0" index="0" bw="32" slack="1"/>
<pin id="402" dir="1" index="1" bw="32" slack="1"/>
</pin_list>
<bind>
<opset="p_c_read "/>
</bind>
</comp>

<comp id="405" class="1005" name="p_chin_read_reg_405">
<pin_list>
<pin id="406" dir="0" index="0" bw="32" slack="2"/>
<pin id="407" dir="1" index="1" bw="32" slack="2"/>
</pin_list>
<bind>
<opset="p_chin_read "/>
</bind>
</comp>

<comp id="410" class="1005" name="p_k_read_reg_410">
<pin_list>
<pin id="411" dir="0" index="0" bw="32" slack="3"/>
<pin id="412" dir="1" index="1" bw="32" slack="3"/>
</pin_list>
<bind>
<opset="p_k_read "/>
</bind>
</comp>

<comp id="416" class="1005" name="and_ln130_reg_416">
<pin_list>
<pin id="417" dir="0" index="0" bw="1" slack="5"/>
<pin id="418" dir="1" index="1" bw="1" slack="10"/>
</pin_list>
<bind>
<opset="and_ln130 "/>
</bind>
</comp>

<comp id="424" class="1005" name="col_reg_424">
<pin_list>
<pin id="425" dir="0" index="0" bw="31" slack="0"/>
<pin id="426" dir="1" index="1" bw="31" slack="0"/>
</pin_list>
<bind>
<opset="col "/>
</bind>
</comp>

<comp id="432" class="1005" name="chi_reg_432">
<pin_list>
<pin id="433" dir="0" index="0" bw="31" slack="0"/>
<pin id="434" dir="1" index="1" bw="31" slack="0"/>
</pin_list>
<bind>
<opset="chi "/>
</bind>
</comp>

<comp id="440" class="1005" name="kr_reg_440">
<pin_list>
<pin id="441" dir="0" index="0" bw="31" slack="0"/>
<pin id="442" dir="1" index="1" bw="31" slack="0"/>
</pin_list>
<bind>
<opset="kr "/>
</bind>
</comp>

<comp id="448" class="1005" name="kc_reg_448">
<pin_list>
<pin id="449" dir="0" index="0" bw="32" slack="0"/>
<pin id="450" dir="1" index="1" bw="32" slack="0"/>
</pin_list>
<bind>
<opset="kc "/>
</bind>
</comp>

<comp id="453" class="1005" name="tmp_18_reg_453">
<pin_list>
<pin id="454" dir="0" index="0" bw="32" slack="1"/>
<pin id="455" dir="1" index="1" bw="32" slack="1"/>
</pin_list>
<bind>
<opset="tmp_18 "/>
</bind>
</comp>

<comp id="458" class="1005" name="tmp_reg_458">
<pin_list>
<pin id="459" dir="0" index="0" bw="32" slack="1"/>
<pin id="460" dir="1" index="1" bw="32" slack="1"/>
</pin_list>
<bind>
<opset="tmp "/>
</bind>
</comp>

<comp id="463" class="1005" name="tmp_4_i_i_i_reg_463">
<pin_list>
<pin id="464" dir="0" index="0" bw="32" slack="1"/>
<pin id="465" dir="1" index="1" bw="32" slack="1"/>
</pin_list>
<bind>
<opset="tmp_4_i_i_i "/>
</bind>
</comp>

<comp id="468" class="1005" name="O_temp_1_reg_468">
<pin_list>
<pin id="469" dir="0" index="0" bw="32" slack="1"/>
<pin id="470" dir="1" index="1" bw="32" slack="1"/>
</pin_list>
<bind>
<opset="O_temp_1 "/>
</bind>
</comp>

</comp_list>

<net_list>
<net id="92"><net_src comp="54" pin="0"/><net_sink comp="88" pin=0"/></net>

<net id="93"><net_src comp="14" pin="0"/><net_sink comp="88" pin=1"/></net>

<net id="98"><net_src comp="54" pin="0"/><net_sink comp="94" pin=0"/></net>

<net id="99"><net_src comp="16" pin="0"/><net_sink comp="94" pin=1"/></net>

<net id="104"><net_src comp="54" pin="0"/><net_sink comp="100" pin=0"/></net>

<net id="105"><net_src comp="18" pin="0"/><net_sink comp="100" pin=1"/></net>

<net id="110"><net_src comp="54" pin="0"/><net_sink comp="106" pin=0"/></net>

<net id="111"><net_src comp="20" pin="0"/><net_sink comp="106" pin=1"/></net>

<net id="116"><net_src comp="54" pin="0"/><net_sink comp="112" pin=0"/></net>

<net id="117"><net_src comp="22" pin="0"/><net_sink comp="112" pin=1"/></net>

<net id="123"><net_src comp="56" pin="0"/><net_sink comp="118" pin=0"/></net>

<net id="124"><net_src comp="24" pin="0"/><net_sink comp="118" pin=1"/></net>

<net id="125"><net_src comp="88" pin="2"/><net_sink comp="118" pin=2"/></net>

<net id="131"><net_src comp="56" pin="0"/><net_sink comp="126" pin=0"/></net>

<net id="132"><net_src comp="26" pin="0"/><net_sink comp="126" pin=1"/></net>

<net id="133"><net_src comp="88" pin="2"/><net_sink comp="126" pin=2"/></net>

<net id="139"><net_src comp="56" pin="0"/><net_sink comp="134" pin=0"/></net>

<net id="140"><net_src comp="28" pin="0"/><net_sink comp="134" pin=1"/></net>

<net id="141"><net_src comp="88" pin="2"/><net_sink comp="134" pin=2"/></net>

<net id="147"><net_src comp="56" pin="0"/><net_sink comp="142" pin=0"/></net>

<net id="148"><net_src comp="30" pin="0"/><net_sink comp="142" pin=1"/></net>

<net id="149"><net_src comp="94" pin="2"/><net_sink comp="142" pin=2"/></net>

<net id="155"><net_src comp="56" pin="0"/><net_sink comp="150" pin=0"/></net>

<net id="156"><net_src comp="32" pin="0"/><net_sink comp="150" pin=1"/></net>

<net id="157"><net_src comp="94" pin="2"/><net_sink comp="150" pin=2"/></net>

<net id="163"><net_src comp="56" pin="0"/><net_sink comp="158" pin=0"/></net>

<net id="164"><net_src comp="34" pin="0"/><net_sink comp="158" pin=1"/></net>

<net id="165"><net_src comp="100" pin="2"/><net_sink comp="158" pin=2"/></net>

<net id="171"><net_src comp="56" pin="0"/><net_sink comp="166" pin=0"/></net>

<net id="172"><net_src comp="36" pin="0"/><net_sink comp="166" pin=1"/></net>

<net id="173"><net_src comp="106" pin="2"/><net_sink comp="166" pin=2"/></net>

<net id="179"><net_src comp="56" pin="0"/><net_sink comp="174" pin=0"/></net>

<net id="180"><net_src comp="38" pin="0"/><net_sink comp="174" pin=1"/></net>

<net id="181"><net_src comp="106" pin="2"/><net_sink comp="174" pin=2"/></net>

<net id="186"><net_src comp="54" pin="0"/><net_sink comp="182" pin=0"/></net>

<net id="187"><net_src comp="8" pin="0"/><net_sink comp="182" pin=1"/></net>

<net id="192"><net_src comp="54" pin="0"/><net_sink comp="188" pin=0"/></net>

<net id="193"><net_src comp="10" pin="0"/><net_sink comp="188" pin=1"/></net>

<net id="199"><net_src comp="78" pin="0"/><net_sink comp="194" pin=0"/></net>

<net id="200"><net_src comp="12" pin="0"/><net_sink comp="194" pin=1"/></net>

<net id="205"><net_src comp="84" pin="0"/><net_sink comp="201" pin=0"/></net>

<net id="206"><net_src comp="0" pin="0"/><net_sink comp="201" pin=1"/></net>

<net id="211"><net_src comp="84" pin="0"/><net_sink comp="207" pin=0"/></net>

<net id="212"><net_src comp="2" pin="0"/><net_sink comp="207" pin=1"/></net>

<net id="218"><net_src comp="78" pin="0"/><net_sink comp="213" pin=0"/></net>

<net id="219"><net_src comp="6" pin="0"/><net_sink comp="213" pin=1"/></net>

<net id="220"><net_src comp="207" pin="2"/><net_sink comp="213" pin=2"/></net>

<net id="226"><net_src comp="78" pin="0"/><net_sink comp="221" pin=0"/></net>

<net id="227"><net_src comp="4" pin="0"/><net_sink comp="221" pin=1"/></net>

<net id="228"><net_src comp="201" pin="2"/><net_sink comp="221" pin=2"/></net>

<net id="232"><net_src comp="58" pin="0"/><net_sink comp="229" pin=0"/></net>

<net id="239"><net_src comp="229" pin="1"/><net_sink comp="233" pin=0"/></net>

<net id="243"><net_src comp="74" pin="0"/><net_sink comp="240" pin=0"/></net>

<net id="250"><net_src comp="240" pin="1"/><net_sink comp="244" pin=0"/></net>

<net id="251"><net_src comp="244" pin="4"/><net_sink comp="194" pin=2"/></net>

<net id="252"><net_src comp="244" pin="4"/><net_sink comp="240" pin=0"/></net>

<net id="256"><net_src comp="58" pin="0"/><net_sink comp="253" pin=0"/></net>

<net id="263"><net_src comp="253" pin="1"/><net_sink comp="257" pin=0"/></net>

<net id="267"><net_src comp="264" pin="1"/><net_sink comp="244" pin=2"/></net>

<net id="274"><net_src comp="240" pin="1"/><net_sink comp="268" pin=0"/></net>

<net id="275"><net_src comp="268" pin="4"/><net_sink comp="264" pin=0"/></net>

<net id="279"><net_src comp="58" pin="0"/><net_sink comp="276" pin=0"/></net>

<net id="286"><net_src comp="276" pin="1"/><net_sink comp="280" pin=0"/></net>

<net id="290"><net_src comp="287" pin="1"/><net_sink comp="268" pin=2"/></net>

<net id="297"><net_src comp="264" pin="1"/><net_sink comp="291" pin=0"/></net>

<net id="298"><net_src comp="291" pin="4"/><net_sink comp="287" pin=0"/></net>

<net id="302"><net_src comp="44" pin="0"/><net_sink comp="299" pin=0"/></net>

<net id="309"><net_src comp="299" pin="1"/><net_sink comp="303" pin=0"/></net>

<net id="314"><net_src comp="287" pin="1"/><net_sink comp="310" pin=0"/></net>

<net id="323"><net_src comp="112" pin="2"/><net_sink comp="319" pin=0"/></net>

<net id="324"><net_src comp="182" pin="2"/><net_sink comp="319" pin=1"/></net>

<net id="329"><net_src comp="100" pin="2"/><net_sink comp="325" pin=0"/></net>

<net id="330"><net_src comp="188" pin="2"/><net_sink comp="325" pin=1"/></net>

<net id="335"><net_src comp="319" pin="2"/><net_sink comp="331" pin=0"/></net>

<net id="336"><net_src comp="325" pin="2"/><net_sink comp="331" pin=1"/></net>

<net id="340"><net_src comp="233" pin="4"/><net_sink comp="337" pin=0"/></net>

<net id="345"><net_src comp="337" pin="1"/><net_sink comp="341" pin=0"/></net>

<net id="350"><net_src comp="233" pin="4"/><net_sink comp="346" pin=0"/></net>

<net id="351"><net_src comp="60" pin="0"/><net_sink comp="346" pin=1"/></net>

<net id="355"><net_src comp="257" pin="4"/><net_sink comp="352" pin=0"/></net>

<net id="360"><net_src comp="352" pin="1"/><net_sink comp="356" pin=0"/></net>

<net id="365"><net_src comp="257" pin="4"/><net_sink comp="361" pin=0"/></net>

<net id="366"><net_src comp="60" pin="0"/><net_sink comp="361" pin=1"/></net>

<net id="370"><net_src comp="280" pin="4"/><net_sink comp="367" pin=0"/></net>

<net id="375"><net_src comp="367" pin="1"/><net_sink comp="371" pin=0"/></net>

<net id="380"><net_src comp="280" pin="4"/><net_sink comp="376" pin=0"/></net>

<net id="381"><net_src comp="60" pin="0"/><net_sink comp="376" pin=1"/></net>

<net id="386"><net_src comp="303" pin="4"/><net_sink comp="382" pin=0"/></net>

<net id="391"><net_src comp="303" pin="4"/><net_sink comp="387" pin=0"/></net>

<net id="392"><net_src comp="68" pin="0"/><net_sink comp="387" pin=1"/></net>

<net id="398"><net_src comp="310" pin="2"/><net_sink comp="393" pin=1"/></net>

<net id="399"><net_src comp="287" pin="1"/><net_sink comp="393" pin=2"/></net>

<net id="403"><net_src comp="88" pin="2"/><net_sink comp="400" pin=0"/></net>

<net id="404"><net_src comp="400" pin="1"/><net_sink comp="341" pin=1"/></net>

<net id="408"><net_src comp="94" pin="2"/><net_sink comp="405" pin=0"/></net>

<net id="409"><net_src comp="405" pin="1"/><net_sink comp="356" pin=1"/></net>

<net id="413"><net_src comp="106" pin="2"/><net_sink comp="410" pin=0"/></net>

<net id="414"><net_src comp="410" pin="1"/><net_sink comp="371" pin=1"/></net>

<net id="415"><net_src comp="410" pin="1"/><net_sink comp="382" pin=1"/></net>

<net id="419"><net_src comp="331" pin="2"/><net_sink comp="416" pin=0"/></net>

<net id="420"><net_src comp="416" pin="1"/><net_sink comp="393" pin=0"/></net>

<net id="427"><net_src comp="346" pin="2"/><net_sink comp="424" pin=0"/></net>

<net id="428"><net_src comp="424" pin="1"/><net_sink comp="233" pin=2"/></net>

<net id="435"><net_src comp="361" pin="2"/><net_sink comp="432" pin=0"/></net>

<net id="436"><net_src comp="432" pin="1"/><net_sink comp="257" pin=2"/></net>

<net id="443"><net_src comp="376" pin="2"/><net_sink comp="440" pin=0"/></net>

<net id="444"><net_src comp="440" pin="1"/><net_sink comp="280" pin=2"/></net>

<net id="451"><net_src comp="387" pin="2"/><net_sink comp="448" pin=0"/></net>

<net id="452"><net_src comp="448" pin="1"/><net_sink comp="303" pin=2"/></net>

<net id="456"><net_src comp="201" pin="2"/><net_sink comp="453" pin=0"/></net>

<net id="457"><net_src comp="453" pin="1"/><net_sink comp="315" pin=1"/></net>

<net id="461"><net_src comp="207" pin="2"/><net_sink comp="458" pin=0"/></net>

<net id="462"><net_src comp="458" pin="1"/><net_sink comp="315" pin=0"/></net>

<net id="466"><net_src comp="315" pin="2"/><net_sink comp="463" pin=0"/></net>

<net id="467"><net_src comp="463" pin="1"/><net_sink comp="310" pin=1"/></net>

<net id="471"><net_src comp="393" pin="3"/><net_sink comp="468" pin=0"/></net>

<net id="472"><net_src comp="468" pin="1"/><net_sink comp="291" pin=2"/></net>

</net_list>

</model> 
---------------- Datapath Model END ------------------

* FSMD analyzer results:
  - Output states:
	Port: W_inter_4_3 | {5 }
	Port: In_inter_3_4 | {5 }
	Port: O_inter_3_3 | {3 }
	Port: p_c_out | {1 }
	Port: p_c_out1 | {1 }
	Port: p_c_out2 | {1 }
	Port: p_chin_out | {1 }
	Port: p_chin_out3 | {1 }
	Port: p_chout_out | {1 }
	Port: p_k_out | {1 }
	Port: p_k_out4 | {1 }
 - Input state : 
	Port: PE36 : W_inter_3_3 | {5 }
	Port: PE36 : In_inter_3_3 | {5 }
	Port: PE36 : add_ln207_5_loc | {1 }
	Port: PE36 : add_ln207_2_loc | {1 }
	Port: PE36 : p_c_s | {1 }
	Port: PE36 : p_chin_s | {1 }
	Port: PE36 : p_chout_s | {1 }
	Port: PE36 : p_k_s | {1 }
	Port: PE36 : p_r_s | {1 }
  - Chain level:
	State 1
		and_ln130 : 1
	State 2
		zext_ln119 : 1
		icmp_ln119 : 2
		col : 1
		br_ln119 : 3
	State 3
		zext_ln122 : 1
		icmp_ln122 : 2
		chi : 1
		br_ln122 : 3
		write_ln139 : 1
	State 4
		zext_ln124 : 1
		icmp_ln124 : 2
		kr : 1
		br_ln124 : 3
	State 5
		icmp_ln126 : 1
		kc : 1
		br_ln126 : 2
	State 6
	State 7
	State 8
	State 9
	State 10
	State 11
		O_temp_1 : 1
		empty : 1


============================================================
+ Verbose Summary: Datapath Resource usage 
============================================================

* Functional unit list:
|----------|----------------------------------|---------|---------|---------|
| Operation|          Functional Unit         |  DSP48E |    FF   |   LUT   |
|----------|----------------------------------|---------|---------|---------|
|   fadd   |            grp_fu_310            |    2    |   227   |   214   |
|----------|----------------------------------|---------|---------|---------|
|   fmul   |            grp_fu_315            |    3    |   128   |   135   |
|----------|----------------------------------|---------|---------|---------|
|          |            col_fu_346            |    0    |    0    |    38   |
|    add   |            chi_fu_361            |    0    |    0    |    38   |
|          |             kr_fu_376            |    0    |    0    |    38   |
|          |             kc_fu_387            |    0    |    0    |    39   |
|----------|----------------------------------|---------|---------|---------|
|          |         icmp_ln130_fu_319        |    0    |    0    |    20   |
|          |        icmp_ln130_1_fu_325       |    0    |    0    |    20   |
|   icmp   |         icmp_ln119_fu_341        |    0    |    0    |    20   |
|          |         icmp_ln122_fu_356        |    0    |    0    |    20   |
|          |         icmp_ln124_fu_371        |    0    |    0    |    20   |
|          |         icmp_ln126_fu_382        |    0    |    0    |    20   |
|----------|----------------------------------|---------|---------|---------|
|  select  |          O_temp_1_fu_393         |    0    |    0    |    32   |
|----------|----------------------------------|---------|---------|---------|
|    and   |         and_ln130_fu_331         |    0    |    0    |    2    |
|----------|----------------------------------|---------|---------|---------|
|          |        p_c_read_read_fu_88       |    0    |    0    |    0    |
|          |      p_chin_read_read_fu_94      |    0    |    0    |    0    |
|          |     p_chout_read_read_fu_100     |    0    |    0    |    0    |
|          |       p_k_read_read_fu_106       |    0    |    0    |    0    |
|   read   |       p_r_read_read_fu_112       |    0    |    0    |    0    |
|          | add_ln207_5_loc_read_read_fu_182 |    0    |    0    |    0    |
|          | add_ln207_2_loc_read_read_fu_188 |    0    |    0    |    0    |
|          |        tmp_18_read_fu_201        |    0    |    0    |    0    |
|          |          tmp_read_fu_207         |    0    |    0    |    0    |
|----------|----------------------------------|---------|---------|---------|
|          |     write_ln119_write_fu_118     |    0    |    0    |    0    |
|          |     write_ln119_write_fu_126     |    0    |    0    |    0    |
|          |     write_ln119_write_fu_134     |    0    |    0    |    0    |
|          |     write_ln122_write_fu_142     |    0    |    0    |    0    |
|          |     write_ln122_write_fu_150     |    0    |    0    |    0    |
|   write  |     write_ln130_write_fu_158     |    0    |    0    |    0    |
|          |     write_ln124_write_fu_166     |    0    |    0    |    0    |
|          |     write_ln124_write_fu_174     |    0    |    0    |    0    |
|          |     write_ln139_write_fu_194     |    0    |    0    |    0    |
|          |     write_ln134_write_fu_213     |    0    |    0    |    0    |
|          |     write_ln135_write_fu_221     |    0    |    0    |    0    |
|----------|----------------------------------|---------|---------|---------|
|          |         zext_ln119_fu_337        |    0    |    0    |    0    |
|   zext   |         zext_ln122_fu_352        |    0    |    0    |    0    |
|          |         zext_ln124_fu_367        |    0    |    0    |    0    |
|----------|----------------------------------|---------|---------|---------|
|   Total  |                                  |    5    |   355   |   656   |
|----------|----------------------------------|---------|---------|---------|

Memories:
N/A

* Register list:
+-------------------+--------+
|                   |   FF   |
+-------------------+--------+
|  O_temp_1_reg_468 |   32   |
| and_ln130_reg_416 |    1   |
|chi_0_i_i_i_reg_253|   31   |
|    chi_reg_432    |   31   |
|col_0_i_i_i_reg_229|   31   |
|    col_reg_424    |   31   |
| kc_0_i_i_i_reg_299|   32   |
|     kc_reg_448    |   32   |
| kr_0_i_i_i_reg_276|   31   |
|     kr_reg_440    |   31   |
|p_0_1_i_i_i_reg_264|   32   |
|p_0_2_i_i_i_reg_287|   32   |
|  p_c_read_reg_400 |   32   |
|p_chin_read_reg_405|   32   |
|  p_k_read_reg_410 |   32   |
|   tmp_18_reg_453  |   32   |
|   tmp_1_reg_240   |   32   |
|tmp_4_i_i_i_reg_463|   32   |
|    tmp_reg_458    |   32   |
+-------------------+--------+
|       Total       |   571  |
+-------------------+--------+

* Multiplexer (MUX) list: 
|---------------|------|------|------|--------||---------||---------|
|      Comp     |  Pin | Size |  BW  | S x BW ||  Delay  ||   LUT   |
|---------------|------|------|------|--------||---------||---------|
| tmp_1_reg_240 |  p0  |   2  |  32  |   64   ||    9    |
|---------------|------|------|------|--------||---------||---------|
|     Total     |      |      |      |   64   ||  0.656  ||    9    |
|---------------|------|------|------|--------||---------||---------|



* Summary:
+-----------+--------+--------+--------+--------+
|           | DSP48E |  Delay |   FF   |   LUT  |
+-----------+--------+--------+--------+--------+
|  Function |    5   |    -   |   355  |   656  |
|   Memory  |    -   |    -   |    -   |    -   |
|Multiplexer|    -   |    0   |    -   |    9   |
|  Register |    -   |    -   |   571  |    -   |
+-----------+--------+--------+--------+--------+
|   Total   |    5   |    0   |   926  |   665  |
+-----------+--------+--------+--------+--------+
